<?xml version="1.0" encoding="UTF-8"?>
<testsuite xmlns:xsi="http://www.w3.org/2001/XMLSchema-instance" xsi:schemaLocation="https://maven.apache.org/surefire/maven-surefire-plugin/xsd/surefire-test-report.xsd" name="org.bukkit.PerMaterialTest" time="0.275" tests="4664" errors="0" skipped="0" failures="0">
  <properties>
    <property name="idea.version" value="2016.2.5"/>
    <property name="java.runtime.name" value="Java(TM) SE Runtime Environment"/>
    <property name="sun.boot.library.path" value="/Library/Java/JavaVirtualMachines/jdk1.8.0_40.jdk/Contents/Home/jre/lib"/>
    <property name="java.vm.version" value="25.40-b25"/>
    <property name="user.country.format" value="NZ"/>
    <property name="gopherProxySet" value="false"/>
    <property name="java.vm.vendor" value="Oracle Corporation"/>
    <property name="java.vendor.url" value="http://java.oracle.com/"/>
    <property name="path.separator" value=":"/>
    <property name="guice.disable.misplaced.annotation.check" value="true"/>
    <property name="java.vm.name" value="Java HotSpot(TM) 64-Bit Server VM"/>
    <property name="file.encoding.pkg" value="sun.io"/>
    <property name="idea.launcher.port" value="7532"/>
    <property name="user.country" value="US"/>
    <property name="sun.java.launcher" value="SUN_STANDARD"/>
    <property name="sun.os.patch.level" value="unknown"/>
    <property name="java.vm.specification.name" value="Java Virtual Machine Specification"/>
    <property name="user.dir" value="/Users/zhiyuanqi/Documents/Github/Java/Minecraft/Tribula Everything/Tribula/TribulaServerParent/TribulaServer"/>
    <property name="java.runtime.version" value="1.8.0_40-b27"/>
    <property name="java.awt.graphicsenv" value="sun.awt.CGraphicsEnvironment"/>
    <property name="java.endorsed.dirs" value="/Library/Java/JavaVirtualMachines/jdk1.8.0_40.jdk/Contents/Home/jre/lib/endorsed"/>
    <property name="os.arch" value="x86_64"/>
    <property name="java.io.tmpdir" value="/var/folders/m1/9y08_z153td2s0mqp0yxw0mr0000gn/T/"/>
    <property name="line.separator" value="&#10;"/>
    <property name="java.vm.specification.vendor" value="Oracle Corporation"/>
    <property name="os.name" value="Mac OS X"/>
    <property name="classworlds.conf" value="/Applications/IntelliJ IDEA.app/Contents/plugins/maven/lib/maven3/bin/m2.conf"/>
    <property name="sun.jnu.encoding" value="UTF-8"/>
    <property name="java.library.path" value="/Users/zhiyuanqi/Library/Java/Extensions:/Library/Java/Extensions:/Network/Library/Java/Extensions:/System/Library/Java/Extensions:/usr/lib/java:."/>
    <property name="java.specification.name" value="Java Platform API Specification"/>
    <property name="java.class.version" value="52.0"/>
    <property name="sun.management.compiler" value="HotSpot 64-Bit Tiered Compilers"/>
    <property name="os.version" value="10.12"/>
    <property name="http.nonProxyHosts" value="local|*.local|169.254/16|*.169.254/16"/>
    <property name="user.home" value="/Users/zhiyuanqi"/>
    <property name="user.timezone" value="Pacific/Auckland"/>
    <property name="java.awt.printerjob" value="sun.lwawt.macosx.CPrinterJob"/>
    <property name="java.specification.version" value="1.8"/>
    <property name="idea.launcher.bin.path" value="/Applications/IntelliJ IDEA.app/Contents/bin"/>
    <property name="file.encoding" value="UTF-8"/>
    <property name="user.name" value="zhiyuanqi"/>
    <property name="java.class.path" value="/Applications/IntelliJ IDEA.app/Contents/plugins/maven/lib/maven3/boot/plexus-classworlds-2.4.jar:/Applications/IntelliJ IDEA.app/Contents/lib/idea_rt.jar"/>
    <property name="java.vm.specification.version" value="1.8"/>
    <property name="sun.arch.data.model" value="64"/>
    <property name="java.home" value="/Library/Java/JavaVirtualMachines/jdk1.8.0_40.jdk/Contents/Home/jre"/>
    <property name="sun.java.command" value="com.intellij.rt.execution.application.AppMain org.codehaus.classworlds.Launcher -Didea.version=2016.2.5 install"/>
    <property name="java.specification.vendor" value="Oracle Corporation"/>
    <property name="user.language" value="en"/>
    <property name="awt.toolkit" value="sun.lwawt.macosx.LWCToolkit"/>
    <property name="java.vm.info" value="mixed mode"/>
    <property name="java.version" value="1.8.0_40"/>
    <property name="java.ext.dirs" value="/Users/zhiyuanqi/Library/Java/Extensions:/Library/Java/JavaVirtualMachines/jdk1.8.0_40.jdk/Contents/Home/jre/lib/ext:/Library/Java/Extensions:/Network/Library/Java/Extensions:/System/Library/Java/Extensions:/usr/lib/java"/>
    <property name="sun.boot.class.path" value="/Library/Java/JavaVirtualMachines/jdk1.8.0_40.jdk/Contents/Home/jre/lib/resources.jar:/Library/Java/JavaVirtualMachines/jdk1.8.0_40.jdk/Contents/Home/jre/lib/rt.jar:/Library/Java/JavaVirtualMachines/jdk1.8.0_40.jdk/Contents/Home/jre/lib/sunrsasign.jar:/Library/Java/JavaVirtualMachines/jdk1.8.0_40.jdk/Contents/Home/jre/lib/jsse.jar:/Library/Java/JavaVirtualMachines/jdk1.8.0_40.jdk/Contents/Home/jre/lib/jce.jar:/Library/Java/JavaVirtualMachines/jdk1.8.0_40.jdk/Contents/Home/jre/lib/charsets.jar:/Library/Java/JavaVirtualMachines/jdk1.8.0_40.jdk/Contents/Home/jre/lib/jfr.jar:/Library/Java/JavaVirtualMachines/jdk1.8.0_40.jdk/Contents/Home/jre/classes"/>
    <property name="java.vendor" value="Oracle Corporation"/>
    <property name="maven.home" value="/Applications/IntelliJ IDEA.app/Contents/plugins/maven/lib/maven3"/>
    <property name="file.separator" value="/"/>
    <property name="java.vendor.url.bug" value="http://bugreport.sun.com/bugreport/"/>
    <property name="sun.cpu.endian" value="little"/>
    <property name="sun.io.unicode.encoding" value="UnicodeBig"/>
    <property name="socksNonProxyHosts" value="local|*.local|169.254/16|*.169.254/16"/>
    <property name="ftp.nonProxyHosts" value="local|*.local|169.254/16|*.169.254/16"/>
    <property name="sun.cpu.isalist" value=""/>
  </properties>
  <testcase name="hasGravity[0: AIR]" classname="org.bukkit.PerMaterialTest" time="0.004"/>
  <testcase name="isBurnable[0: AIR]" classname="org.bukkit.PerMaterialTest" time="0"/>
  <testcase name="isEdible[0: AIR]" classname="org.bukkit.PerMaterialTest" time="0"/>
  <testcase name="maxDurability[0: AIR]" classname="org.bukkit.PerMaterialTest" time="0.001"/>
  <testcase name="usesDurability[0: AIR]" classname="org.bukkit.PerMaterialTest" time="0.006"/>
  <testcase name="isOccluding[0: AIR]" classname="org.bukkit.PerMaterialTest" time="0"/>
  <testcase name="isRecord[0: AIR]" classname="org.bukkit.PerMaterialTest" time="0"/>
  <testcase name="isFlammable[0: AIR]" classname="org.bukkit.PerMaterialTest" time="0"/>
  <testcase name="maxStackSize[0: AIR]" classname="org.bukkit.PerMaterialTest" time="0"/>
  <testcase name="isTransparent[0: AIR]" classname="org.bukkit.PerMaterialTest" time="0"/>
  <testcase name="isSolid[0: AIR]" classname="org.bukkit.PerMaterialTest" time="0"/>
  <testcase name="hasGravity[1: STONE]" classname="org.bukkit.PerMaterialTest" time="0"/>
  <testcase name="isBurnable[1: STONE]" classname="org.bukkit.PerMaterialTest" time="0"/>
  <testcase name="isEdible[1: STONE]" classname="org.bukkit.PerMaterialTest" time="0"/>
  <testcase name="maxDurability[1: STONE]" classname="org.bukkit.PerMaterialTest" time="0"/>
  <testcase name="usesDurability[1: STONE]" classname="org.bukkit.PerMaterialTest" time="0"/>
  <testcase name="isOccluding[1: STONE]" classname="org.bukkit.PerMaterialTest" time="0"/>
  <testcase name="isRecord[1: STONE]" classname="org.bukkit.PerMaterialTest" time="0"/>
  <testcase name="isFlammable[1: STONE]" classname="org.bukkit.PerMaterialTest" time="0"/>
  <testcase name="maxStackSize[1: STONE]" classname="org.bukkit.PerMaterialTest" time="0"/>
  <testcase name="isTransparent[1: STONE]" classname="org.bukkit.PerMaterialTest" time="0"/>
  <testcase name="isSolid[1: STONE]" classname="org.bukkit.PerMaterialTest" time="0"/>
  <testcase name="hasGravity[2: GRASS]" classname="org.bukkit.PerMaterialTest" time="0"/>
  <testcase name="isBurnable[2: GRASS]" classname="org.bukkit.PerMaterialTest" time="0"/>
  <testcase name="isEdible[2: GRASS]" classname="org.bukkit.PerMaterialTest" time="0"/>
  <testcase name="maxDurability[2: GRASS]" classname="org.bukkit.PerMaterialTest" time="0"/>
  <testcase name="usesDurability[2: GRASS]" classname="org.bukkit.PerMaterialTest" time="0"/>
  <testcase name="isOccluding[2: GRASS]" classname="org.bukkit.PerMaterialTest" time="0"/>
  <testcase name="isRecord[2: GRASS]" classname="org.bukkit.PerMaterialTest" time="0"/>
  <testcase name="isFlammable[2: GRASS]" classname="org.bukkit.PerMaterialTest" time="0"/>
  <testcase name="maxStackSize[2: GRASS]" classname="org.bukkit.PerMaterialTest" time="0"/>
  <testcase name="isTransparent[2: GRASS]" classname="org.bukkit.PerMaterialTest" time="0"/>
  <testcase name="isSolid[2: GRASS]" classname="org.bukkit.PerMaterialTest" time="0"/>
  <testcase name="hasGravity[3: DIRT]" classname="org.bukkit.PerMaterialTest" time="0"/>
  <testcase name="isBurnable[3: DIRT]" classname="org.bukkit.PerMaterialTest" time="0"/>
  <testcase name="isEdible[3: DIRT]" classname="org.bukkit.PerMaterialTest" time="0"/>
  <testcase name="maxDurability[3: DIRT]" classname="org.bukkit.PerMaterialTest" time="0.001"/>
  <testcase name="usesDurability[3: DIRT]" classname="org.bukkit.PerMaterialTest" time="0"/>
  <testcase name="isOccluding[3: DIRT]" classname="org.bukkit.PerMaterialTest" time="0"/>
  <testcase name="isRecord[3: DIRT]" classname="org.bukkit.PerMaterialTest" time="0"/>
  <testcase name="isFlammable[3: DIRT]" classname="org.bukkit.PerMaterialTest" time="0"/>
  <testcase name="maxStackSize[3: DIRT]" classname="org.bukkit.PerMaterialTest" time="0"/>
  <testcase name="isTransparent[3: DIRT]" classname="org.bukkit.PerMaterialTest" time="0"/>
  <testcase name="isSolid[3: DIRT]" classname="org.bukkit.PerMaterialTest" time="0"/>
  <testcase name="hasGravity[4: COBBLESTONE]" classname="org.bukkit.PerMaterialTest" time="0"/>
  <testcase name="isBurnable[4: COBBLESTONE]" classname="org.bukkit.PerMaterialTest" time="0"/>
  <testcase name="isEdible[4: COBBLESTONE]" classname="org.bukkit.PerMaterialTest" time="0"/>
  <testcase name="maxDurability[4: COBBLESTONE]" classname="org.bukkit.PerMaterialTest" time="0"/>
  <testcase name="usesDurability[4: COBBLESTONE]" classname="org.bukkit.PerMaterialTest" time="0"/>
  <testcase name="isOccluding[4: COBBLESTONE]" classname="org.bukkit.PerMaterialTest" time="0"/>
  <testcase name="isRecord[4: COBBLESTONE]" classname="org.bukkit.PerMaterialTest" time="0"/>
  <testcase name="isFlammable[4: COBBLESTONE]" classname="org.bukkit.PerMaterialTest" time="0"/>
  <testcase name="maxStackSize[4: COBBLESTONE]" classname="org.bukkit.PerMaterialTest" time="0.001"/>
  <testcase name="isTransparent[4: COBBLESTONE]" classname="org.bukkit.PerMaterialTest" time="0"/>
  <testcase name="isSolid[4: COBBLESTONE]" classname="org.bukkit.PerMaterialTest" time="0"/>
  <testcase name="hasGravity[5: WOOD]" classname="org.bukkit.PerMaterialTest" time="0"/>
  <testcase name="isBurnable[5: WOOD]" classname="org.bukkit.PerMaterialTest" time="0"/>
  <testcase name="isEdible[5: WOOD]" classname="org.bukkit.PerMaterialTest" time="0"/>
  <testcase name="maxDurability[5: WOOD]" classname="org.bukkit.PerMaterialTest" time="0"/>
  <testcase name="usesDurability[5: WOOD]" classname="org.bukkit.PerMaterialTest" time="0"/>
  <testcase name="isOccluding[5: WOOD]" classname="org.bukkit.PerMaterialTest" time="0"/>
  <testcase name="isRecord[5: WOOD]" classname="org.bukkit.PerMaterialTest" time="0"/>
  <testcase name="isFlammable[5: WOOD]" classname="org.bukkit.PerMaterialTest" time="0"/>
  <testcase name="maxStackSize[5: WOOD]" classname="org.bukkit.PerMaterialTest" time="0"/>
  <testcase name="isTransparent[5: WOOD]" classname="org.bukkit.PerMaterialTest" time="0"/>
  <testcase name="isSolid[5: WOOD]" classname="org.bukkit.PerMaterialTest" time="0"/>
  <testcase name="hasGravity[6: SAPLING]" classname="org.bukkit.PerMaterialTest" time="0"/>
  <testcase name="isBurnable[6: SAPLING]" classname="org.bukkit.PerMaterialTest" time="0"/>
  <testcase name="isEdible[6: SAPLING]" classname="org.bukkit.PerMaterialTest" time="0"/>
  <testcase name="maxDurability[6: SAPLING]" classname="org.bukkit.PerMaterialTest" time="0"/>
  <testcase name="usesDurability[6: SAPLING]" classname="org.bukkit.PerMaterialTest" time="0"/>
  <testcase name="isOccluding[6: SAPLING]" classname="org.bukkit.PerMaterialTest" time="0"/>
  <testcase name="isRecord[6: SAPLING]" classname="org.bukkit.PerMaterialTest" time="0"/>
  <testcase name="isFlammable[6: SAPLING]" classname="org.bukkit.PerMaterialTest" time="0"/>
  <testcase name="maxStackSize[6: SAPLING]" classname="org.bukkit.PerMaterialTest" time="0"/>
  <testcase name="isTransparent[6: SAPLING]" classname="org.bukkit.PerMaterialTest" time="0"/>
  <testcase name="isSolid[6: SAPLING]" classname="org.bukkit.PerMaterialTest" time="0.001"/>
  <testcase name="hasGravity[7: BEDROCK]" classname="org.bukkit.PerMaterialTest" time="0"/>
  <testcase name="isBurnable[7: BEDROCK]" classname="org.bukkit.PerMaterialTest" time="0"/>
  <testcase name="isEdible[7: BEDROCK]" classname="org.bukkit.PerMaterialTest" time="0"/>
  <testcase name="maxDurability[7: BEDROCK]" classname="org.bukkit.PerMaterialTest" time="0"/>
  <testcase name="usesDurability[7: BEDROCK]" classname="org.bukkit.PerMaterialTest" time="0"/>
  <testcase name="isOccluding[7: BEDROCK]" classname="org.bukkit.PerMaterialTest" time="0"/>
  <testcase name="isRecord[7: BEDROCK]" classname="org.bukkit.PerMaterialTest" time="0"/>
  <testcase name="isFlammable[7: BEDROCK]" classname="org.bukkit.PerMaterialTest" time="0"/>
  <testcase name="maxStackSize[7: BEDROCK]" classname="org.bukkit.PerMaterialTest" time="0"/>
  <testcase name="isTransparent[7: BEDROCK]" classname="org.bukkit.PerMaterialTest" time="0"/>
  <testcase name="isSolid[7: BEDROCK]" classname="org.bukkit.PerMaterialTest" time="0"/>
  <testcase name="hasGravity[8: WATER]" classname="org.bukkit.PerMaterialTest" time="0"/>
  <testcase name="isBurnable[8: WATER]" classname="org.bukkit.PerMaterialTest" time="0"/>
  <testcase name="isEdible[8: WATER]" classname="org.bukkit.PerMaterialTest" time="0"/>
  <testcase name="maxDurability[8: WATER]" classname="org.bukkit.PerMaterialTest" time="0"/>
  <testcase name="usesDurability[8: WATER]" classname="org.bukkit.PerMaterialTest" time="0"/>
  <testcase name="isOccluding[8: WATER]" classname="org.bukkit.PerMaterialTest" time="0"/>
  <testcase name="isRecord[8: WATER]" classname="org.bukkit.PerMaterialTest" time="0"/>
  <testcase name="isFlammable[8: WATER]" classname="org.bukkit.PerMaterialTest" time="0"/>
  <testcase name="maxStackSize[8: WATER]" classname="org.bukkit.PerMaterialTest" time="0"/>
  <testcase name="isTransparent[8: WATER]" classname="org.bukkit.PerMaterialTest" time="0"/>
  <testcase name="isSolid[8: WATER]" classname="org.bukkit.PerMaterialTest" time="0"/>
  <testcase name="hasGravity[9: STATIONARY_WATER]" classname="org.bukkit.PerMaterialTest" time="0"/>
  <testcase name="isBurnable[9: STATIONARY_WATER]" classname="org.bukkit.PerMaterialTest" time="0"/>
  <testcase name="isEdible[9: STATIONARY_WATER]" classname="org.bukkit.PerMaterialTest" time="0"/>
  <testcase name="maxDurability[9: STATIONARY_WATER]" classname="org.bukkit.PerMaterialTest" time="0"/>
  <testcase name="usesDurability[9: STATIONARY_WATER]" classname="org.bukkit.PerMaterialTest" time="0"/>
  <testcase name="isOccluding[9: STATIONARY_WATER]" classname="org.bukkit.PerMaterialTest" time="0"/>
  <testcase name="isRecord[9: STATIONARY_WATER]" classname="org.bukkit.PerMaterialTest" time="0"/>
  <testcase name="isFlammable[9: STATIONARY_WATER]" classname="org.bukkit.PerMaterialTest" time="0"/>
  <testcase name="maxStackSize[9: STATIONARY_WATER]" classname="org.bukkit.PerMaterialTest" time="0"/>
  <testcase name="isTransparent[9: STATIONARY_WATER]" classname="org.bukkit.PerMaterialTest" time="0"/>
  <testcase name="isSolid[9: STATIONARY_WATER]" classname="org.bukkit.PerMaterialTest" time="0"/>
  <testcase name="hasGravity[10: LAVA]" classname="org.bukkit.PerMaterialTest" time="0"/>
  <testcase name="isBurnable[10: LAVA]" classname="org.bukkit.PerMaterialTest" time="0"/>
  <testcase name="isEdible[10: LAVA]" classname="org.bukkit.PerMaterialTest" time="0"/>
  <testcase name="maxDurability[10: LAVA]" classname="org.bukkit.PerMaterialTest" time="0"/>
  <testcase name="usesDurability[10: LAVA]" classname="org.bukkit.PerMaterialTest" time="0"/>
  <testcase name="isOccluding[10: LAVA]" classname="org.bukkit.PerMaterialTest" time="0"/>
  <testcase name="isRecord[10: LAVA]" classname="org.bukkit.PerMaterialTest" time="0"/>
  <testcase name="isFlammable[10: LAVA]" classname="org.bukkit.PerMaterialTest" time="0"/>
  <testcase name="maxStackSize[10: LAVA]" classname="org.bukkit.PerMaterialTest" time="0"/>
  <testcase name="isTransparent[10: LAVA]" classname="org.bukkit.PerMaterialTest" time="0"/>
  <testcase name="isSolid[10: LAVA]" classname="org.bukkit.PerMaterialTest" time="0"/>
  <testcase name="hasGravity[11: STATIONARY_LAVA]" classname="org.bukkit.PerMaterialTest" time="0"/>
  <testcase name="isBurnable[11: STATIONARY_LAVA]" classname="org.bukkit.PerMaterialTest" time="0"/>
  <testcase name="isEdible[11: STATIONARY_LAVA]" classname="org.bukkit.PerMaterialTest" time="0"/>
  <testcase name="maxDurability[11: STATIONARY_LAVA]" classname="org.bukkit.PerMaterialTest" time="0"/>
  <testcase name="usesDurability[11: STATIONARY_LAVA]" classname="org.bukkit.PerMaterialTest" time="0"/>
  <testcase name="isOccluding[11: STATIONARY_LAVA]" classname="org.bukkit.PerMaterialTest" time="0"/>
  <testcase name="isRecord[11: STATIONARY_LAVA]" classname="org.bukkit.PerMaterialTest" time="0"/>
  <testcase name="isFlammable[11: STATIONARY_LAVA]" classname="org.bukkit.PerMaterialTest" time="0"/>
  <testcase name="maxStackSize[11: STATIONARY_LAVA]" classname="org.bukkit.PerMaterialTest" time="0"/>
  <testcase name="isTransparent[11: STATIONARY_LAVA]" classname="org.bukkit.PerMaterialTest" time="0"/>
  <testcase name="isSolid[11: STATIONARY_LAVA]" classname="org.bukkit.PerMaterialTest" time="0"/>
  <testcase name="hasGravity[12: SAND]" classname="org.bukkit.PerMaterialTest" time="0.001"/>
  <testcase name="isBurnable[12: SAND]" classname="org.bukkit.PerMaterialTest" time="0"/>
  <testcase name="isEdible[12: SAND]" classname="org.bukkit.PerMaterialTest" time="0"/>
  <testcase name="maxDurability[12: SAND]" classname="org.bukkit.PerMaterialTest" time="0"/>
  <testcase name="usesDurability[12: SAND]" classname="org.bukkit.PerMaterialTest" time="0"/>
  <testcase name="isOccluding[12: SAND]" classname="org.bukkit.PerMaterialTest" time="0"/>
  <testcase name="isRecord[12: SAND]" classname="org.bukkit.PerMaterialTest" time="0"/>
  <testcase name="isFlammable[12: SAND]" classname="org.bukkit.PerMaterialTest" time="0"/>
  <testcase name="maxStackSize[12: SAND]" classname="org.bukkit.PerMaterialTest" time="0"/>
  <testcase name="isTransparent[12: SAND]" classname="org.bukkit.PerMaterialTest" time="0"/>
  <testcase name="isSolid[12: SAND]" classname="org.bukkit.PerMaterialTest" time="0"/>
  <testcase name="hasGravity[13: GRAVEL]" classname="org.bukkit.PerMaterialTest" time="0"/>
  <testcase name="isBurnable[13: GRAVEL]" classname="org.bukkit.PerMaterialTest" time="0"/>
  <testcase name="isEdible[13: GRAVEL]" classname="org.bukkit.PerMaterialTest" time="0"/>
  <testcase name="maxDurability[13: GRAVEL]" classname="org.bukkit.PerMaterialTest" time="0"/>
  <testcase name="usesDurability[13: GRAVEL]" classname="org.bukkit.PerMaterialTest" time="0"/>
  <testcase name="isOccluding[13: GRAVEL]" classname="org.bukkit.PerMaterialTest" time="0"/>
  <testcase name="isRecord[13: GRAVEL]" classname="org.bukkit.PerMaterialTest" time="0"/>
  <testcase name="isFlammable[13: GRAVEL]" classname="org.bukkit.PerMaterialTest" time="0"/>
  <testcase name="maxStackSize[13: GRAVEL]" classname="org.bukkit.PerMaterialTest" time="0"/>
  <testcase name="isTransparent[13: GRAVEL]" classname="org.bukkit.PerMaterialTest" time="0"/>
  <testcase name="isSolid[13: GRAVEL]" classname="org.bukkit.PerMaterialTest" time="0"/>
  <testcase name="hasGravity[14: GOLD_ORE]" classname="org.bukkit.PerMaterialTest" time="0"/>
  <testcase name="isBurnable[14: GOLD_ORE]" classname="org.bukkit.PerMaterialTest" time="0"/>
  <testcase name="isEdible[14: GOLD_ORE]" classname="org.bukkit.PerMaterialTest" time="0"/>
  <testcase name="maxDurability[14: GOLD_ORE]" classname="org.bukkit.PerMaterialTest" time="0"/>
  <testcase name="usesDurability[14: GOLD_ORE]" classname="org.bukkit.PerMaterialTest" time="0.001"/>
  <testcase name="isOccluding[14: GOLD_ORE]" classname="org.bukkit.PerMaterialTest" time="0"/>
  <testcase name="isRecord[14: GOLD_ORE]" classname="org.bukkit.PerMaterialTest" time="0"/>
  <testcase name="isFlammable[14: GOLD_ORE]" classname="org.bukkit.PerMaterialTest" time="0"/>
  <testcase name="maxStackSize[14: GOLD_ORE]" classname="org.bukkit.PerMaterialTest" time="0"/>
  <testcase name="isTransparent[14: GOLD_ORE]" classname="org.bukkit.PerMaterialTest" time="0"/>
  <testcase name="isSolid[14: GOLD_ORE]" classname="org.bukkit.PerMaterialTest" time="0"/>
  <testcase name="hasGravity[15: IRON_ORE]" classname="org.bukkit.PerMaterialTest" time="0"/>
  <testcase name="isBurnable[15: IRON_ORE]" classname="org.bukkit.PerMaterialTest" time="0"/>
  <testcase name="isEdible[15: IRON_ORE]" classname="org.bukkit.PerMaterialTest" time="0.002"/>
  <testcase name="maxDurability[15: IRON_ORE]" classname="org.bukkit.PerMaterialTest" time="0"/>
  <testcase name="usesDurability[15: IRON_ORE]" classname="org.bukkit.PerMaterialTest" time="0"/>
  <testcase name="isOccluding[15: IRON_ORE]" classname="org.bukkit.PerMaterialTest" time="0"/>
  <testcase name="isRecord[15: IRON_ORE]" classname="org.bukkit.PerMaterialTest" time="0.001"/>
  <testcase name="isFlammable[15: IRON_ORE]" classname="org.bukkit.PerMaterialTest" time="0"/>
  <testcase name="maxStackSize[15: IRON_ORE]" classname="org.bukkit.PerMaterialTest" time="0"/>
  <testcase name="isTransparent[15: IRON_ORE]" classname="org.bukkit.PerMaterialTest" time="0"/>
  <testcase name="isSolid[15: IRON_ORE]" classname="org.bukkit.PerMaterialTest" time="0.001"/>
  <testcase name="hasGravity[16: COAL_ORE]" classname="org.bukkit.PerMaterialTest" time="0"/>
  <testcase name="isBurnable[16: COAL_ORE]" classname="org.bukkit.PerMaterialTest" time="0"/>
  <testcase name="isEdible[16: COAL_ORE]" classname="org.bukkit.PerMaterialTest" time="0"/>
  <testcase name="maxDurability[16: COAL_ORE]" classname="org.bukkit.PerMaterialTest" time="0"/>
  <testcase name="usesDurability[16: COAL_ORE]" classname="org.bukkit.PerMaterialTest" time="0"/>
  <testcase name="isOccluding[16: COAL_ORE]" classname="org.bukkit.PerMaterialTest" time="0"/>
  <testcase name="isRecord[16: COAL_ORE]" classname="org.bukkit.PerMaterialTest" time="0"/>
  <testcase name="isFlammable[16: COAL_ORE]" classname="org.bukkit.PerMaterialTest" time="0"/>
  <testcase name="maxStackSize[16: COAL_ORE]" classname="org.bukkit.PerMaterialTest" time="0"/>
  <testcase name="isTransparent[16: COAL_ORE]" classname="org.bukkit.PerMaterialTest" time="0"/>
  <testcase name="isSolid[16: COAL_ORE]" classname="org.bukkit.PerMaterialTest" time="0"/>
  <testcase name="hasGravity[17: LOG]" classname="org.bukkit.PerMaterialTest" time="0"/>
  <testcase name="isBurnable[17: LOG]" classname="org.bukkit.PerMaterialTest" time="0"/>
  <testcase name="isEdible[17: LOG]" classname="org.bukkit.PerMaterialTest" time="0"/>
  <testcase name="maxDurability[17: LOG]" classname="org.bukkit.PerMaterialTest" time="0"/>
  <testcase name="usesDurability[17: LOG]" classname="org.bukkit.PerMaterialTest" time="0"/>
  <testcase name="isOccluding[17: LOG]" classname="org.bukkit.PerMaterialTest" time="0"/>
  <testcase name="isRecord[17: LOG]" classname="org.bukkit.PerMaterialTest" time="0"/>
  <testcase name="isFlammable[17: LOG]" classname="org.bukkit.PerMaterialTest" time="0"/>
  <testcase name="maxStackSize[17: LOG]" classname="org.bukkit.PerMaterialTest" time="0"/>
  <testcase name="isTransparent[17: LOG]" classname="org.bukkit.PerMaterialTest" time="0"/>
  <testcase name="isSolid[17: LOG]" classname="org.bukkit.PerMaterialTest" time="0"/>
  <testcase name="hasGravity[18: LEAVES]" classname="org.bukkit.PerMaterialTest" time="0"/>
  <testcase name="isBurnable[18: LEAVES]" classname="org.bukkit.PerMaterialTest" time="0"/>
  <testcase name="isEdible[18: LEAVES]" classname="org.bukkit.PerMaterialTest" time="0"/>
  <testcase name="maxDurability[18: LEAVES]" classname="org.bukkit.PerMaterialTest" time="0"/>
  <testcase name="usesDurability[18: LEAVES]" classname="org.bukkit.PerMaterialTest" time="0"/>
  <testcase name="isOccluding[18: LEAVES]" classname="org.bukkit.PerMaterialTest" time="0"/>
  <testcase name="isRecord[18: LEAVES]" classname="org.bukkit.PerMaterialTest" time="0.001"/>
  <testcase name="isFlammable[18: LEAVES]" classname="org.bukkit.PerMaterialTest" time="0"/>
  <testcase name="maxStackSize[18: LEAVES]" classname="org.bukkit.PerMaterialTest" time="0"/>
  <testcase name="isTransparent[18: LEAVES]" classname="org.bukkit.PerMaterialTest" time="0"/>
  <testcase name="isSolid[18: LEAVES]" classname="org.bukkit.PerMaterialTest" time="0"/>
  <testcase name="hasGravity[19: SPONGE]" classname="org.bukkit.PerMaterialTest" time="0"/>
  <testcase name="isBurnable[19: SPONGE]" classname="org.bukkit.PerMaterialTest" time="0"/>
  <testcase name="isEdible[19: SPONGE]" classname="org.bukkit.PerMaterialTest" time="0"/>
  <testcase name="maxDurability[19: SPONGE]" classname="org.bukkit.PerMaterialTest" time="0"/>
  <testcase name="usesDurability[19: SPONGE]" classname="org.bukkit.PerMaterialTest" time="0"/>
  <testcase name="isOccluding[19: SPONGE]" classname="org.bukkit.PerMaterialTest" time="0"/>
  <testcase name="isRecord[19: SPONGE]" classname="org.bukkit.PerMaterialTest" time="0"/>
  <testcase name="isFlammable[19: SPONGE]" classname="org.bukkit.PerMaterialTest" time="0"/>
  <testcase name="maxStackSize[19: SPONGE]" classname="org.bukkit.PerMaterialTest" time="0"/>
  <testcase name="isTransparent[19: SPONGE]" classname="org.bukkit.PerMaterialTest" time="0"/>
  <testcase name="isSolid[19: SPONGE]" classname="org.bukkit.PerMaterialTest" time="0"/>
  <testcase name="hasGravity[20: GLASS]" classname="org.bukkit.PerMaterialTest" time="0"/>
  <testcase name="isBurnable[20: GLASS]" classname="org.bukkit.PerMaterialTest" time="0"/>
  <testcase name="isEdible[20: GLASS]" classname="org.bukkit.PerMaterialTest" time="0"/>
  <testcase name="maxDurability[20: GLASS]" classname="org.bukkit.PerMaterialTest" time="0"/>
  <testcase name="usesDurability[20: GLASS]" classname="org.bukkit.PerMaterialTest" time="0"/>
  <testcase name="isOccluding[20: GLASS]" classname="org.bukkit.PerMaterialTest" time="0"/>
  <testcase name="isRecord[20: GLASS]" classname="org.bukkit.PerMaterialTest" time="0"/>
  <testcase name="isFlammable[20: GLASS]" classname="org.bukkit.PerMaterialTest" time="0"/>
  <testcase name="maxStackSize[20: GLASS]" classname="org.bukkit.PerMaterialTest" time="0"/>
  <testcase name="isTransparent[20: GLASS]" classname="org.bukkit.PerMaterialTest" time="0"/>
  <testcase name="isSolid[20: GLASS]" classname="org.bukkit.PerMaterialTest" time="0"/>
  <testcase name="hasGravity[21: LAPIS_ORE]" classname="org.bukkit.PerMaterialTest" time="0"/>
  <testcase name="isBurnable[21: LAPIS_ORE]" classname="org.bukkit.PerMaterialTest" time="0"/>
  <testcase name="isEdible[21: LAPIS_ORE]" classname="org.bukkit.PerMaterialTest" time="0"/>
  <testcase name="maxDurability[21: LAPIS_ORE]" classname="org.bukkit.PerMaterialTest" time="0"/>
  <testcase name="usesDurability[21: LAPIS_ORE]" classname="org.bukkit.PerMaterialTest" time="0"/>
  <testcase name="isOccluding[21: LAPIS_ORE]" classname="org.bukkit.PerMaterialTest" time="0"/>
  <testcase name="isRecord[21: LAPIS_ORE]" classname="org.bukkit.PerMaterialTest" time="0"/>
  <testcase name="isFlammable[21: LAPIS_ORE]" classname="org.bukkit.PerMaterialTest" time="0"/>
  <testcase name="maxStackSize[21: LAPIS_ORE]" classname="org.bukkit.PerMaterialTest" time="0"/>
  <testcase name="isTransparent[21: LAPIS_ORE]" classname="org.bukkit.PerMaterialTest" time="0"/>
  <testcase name="isSolid[21: LAPIS_ORE]" classname="org.bukkit.PerMaterialTest" time="0"/>
  <testcase name="hasGravity[22: LAPIS_BLOCK]" classname="org.bukkit.PerMaterialTest" time="0"/>
  <testcase name="isBurnable[22: LAPIS_BLOCK]" classname="org.bukkit.PerMaterialTest" time="0"/>
  <testcase name="isEdible[22: LAPIS_BLOCK]" classname="org.bukkit.PerMaterialTest" time="0"/>
  <testcase name="maxDurability[22: LAPIS_BLOCK]" classname="org.bukkit.PerMaterialTest" time="0"/>
  <testcase name="usesDurability[22: LAPIS_BLOCK]" classname="org.bukkit.PerMaterialTest" time="0"/>
  <testcase name="isOccluding[22: LAPIS_BLOCK]" classname="org.bukkit.PerMaterialTest" time="0"/>
  <testcase name="isRecord[22: LAPIS_BLOCK]" classname="org.bukkit.PerMaterialTest" time="0"/>
  <testcase name="isFlammable[22: LAPIS_BLOCK]" classname="org.bukkit.PerMaterialTest" time="0"/>
  <testcase name="maxStackSize[22: LAPIS_BLOCK]" classname="org.bukkit.PerMaterialTest" time="0"/>
  <testcase name="isTransparent[22: LAPIS_BLOCK]" classname="org.bukkit.PerMaterialTest" time="0"/>
  <testcase name="isSolid[22: LAPIS_BLOCK]" classname="org.bukkit.PerMaterialTest" time="0"/>
  <testcase name="hasGravity[23: DISPENSER]" classname="org.bukkit.PerMaterialTest" time="0"/>
  <testcase name="isBurnable[23: DISPENSER]" classname="org.bukkit.PerMaterialTest" time="0"/>
  <testcase name="isEdible[23: DISPENSER]" classname="org.bukkit.PerMaterialTest" time="0"/>
  <testcase name="maxDurability[23: DISPENSER]" classname="org.bukkit.PerMaterialTest" time="0"/>
  <testcase name="usesDurability[23: DISPENSER]" classname="org.bukkit.PerMaterialTest" time="0"/>
  <testcase name="isOccluding[23: DISPENSER]" classname="org.bukkit.PerMaterialTest" time="0"/>
  <testcase name="isRecord[23: DISPENSER]" classname="org.bukkit.PerMaterialTest" time="0"/>
  <testcase name="isFlammable[23: DISPENSER]" classname="org.bukkit.PerMaterialTest" time="0"/>
  <testcase name="maxStackSize[23: DISPENSER]" classname="org.bukkit.PerMaterialTest" time="0"/>
  <testcase name="isTransparent[23: DISPENSER]" classname="org.bukkit.PerMaterialTest" time="0"/>
  <testcase name="isSolid[23: DISPENSER]" classname="org.bukkit.PerMaterialTest" time="0"/>
  <testcase name="hasGravity[24: SANDSTONE]" classname="org.bukkit.PerMaterialTest" time="0"/>
  <testcase name="isBurnable[24: SANDSTONE]" classname="org.bukkit.PerMaterialTest" time="0"/>
  <testcase name="isEdible[24: SANDSTONE]" classname="org.bukkit.PerMaterialTest" time="0"/>
  <testcase name="maxDurability[24: SANDSTONE]" classname="org.bukkit.PerMaterialTest" time="0"/>
  <testcase name="usesDurability[24: SANDSTONE]" classname="org.bukkit.PerMaterialTest" time="0"/>
  <testcase name="isOccluding[24: SANDSTONE]" classname="org.bukkit.PerMaterialTest" time="0"/>
  <testcase name="isRecord[24: SANDSTONE]" classname="org.bukkit.PerMaterialTest" time="0"/>
  <testcase name="isFlammable[24: SANDSTONE]" classname="org.bukkit.PerMaterialTest" time="0"/>
  <testcase name="maxStackSize[24: SANDSTONE]" classname="org.bukkit.PerMaterialTest" time="0"/>
  <testcase name="isTransparent[24: SANDSTONE]" classname="org.bukkit.PerMaterialTest" time="0"/>
  <testcase name="isSolid[24: SANDSTONE]" classname="org.bukkit.PerMaterialTest" time="0"/>
  <testcase name="hasGravity[25: NOTE_BLOCK]" classname="org.bukkit.PerMaterialTest" time="0"/>
  <testcase name="isBurnable[25: NOTE_BLOCK]" classname="org.bukkit.PerMaterialTest" time="0"/>
  <testcase name="isEdible[25: NOTE_BLOCK]" classname="org.bukkit.PerMaterialTest" time="0"/>
  <testcase name="maxDurability[25: NOTE_BLOCK]" classname="org.bukkit.PerMaterialTest" time="0"/>
  <testcase name="usesDurability[25: NOTE_BLOCK]" classname="org.bukkit.PerMaterialTest" time="0"/>
  <testcase name="isOccluding[25: NOTE_BLOCK]" classname="org.bukkit.PerMaterialTest" time="0"/>
  <testcase name="isRecord[25: NOTE_BLOCK]" classname="org.bukkit.PerMaterialTest" time="0"/>
  <testcase name="isFlammable[25: NOTE_BLOCK]" classname="org.bukkit.PerMaterialTest" time="0"/>
  <testcase name="maxStackSize[25: NOTE_BLOCK]" classname="org.bukkit.PerMaterialTest" time="0"/>
  <testcase name="isTransparent[25: NOTE_BLOCK]" classname="org.bukkit.PerMaterialTest" time="0"/>
  <testcase name="isSolid[25: NOTE_BLOCK]" classname="org.bukkit.PerMaterialTest" time="0"/>
  <testcase name="hasGravity[26: BED_BLOCK]" classname="org.bukkit.PerMaterialTest" time="0"/>
  <testcase name="isBurnable[26: BED_BLOCK]" classname="org.bukkit.PerMaterialTest" time="0"/>
  <testcase name="isEdible[26: BED_BLOCK]" classname="org.bukkit.PerMaterialTest" time="0"/>
  <testcase name="maxDurability[26: BED_BLOCK]" classname="org.bukkit.PerMaterialTest" time="0"/>
  <testcase name="usesDurability[26: BED_BLOCK]" classname="org.bukkit.PerMaterialTest" time="0"/>
  <testcase name="isOccluding[26: BED_BLOCK]" classname="org.bukkit.PerMaterialTest" time="0"/>
  <testcase name="isRecord[26: BED_BLOCK]" classname="org.bukkit.PerMaterialTest" time="0"/>
  <testcase name="isFlammable[26: BED_BLOCK]" classname="org.bukkit.PerMaterialTest" time="0"/>
  <testcase name="maxStackSize[26: BED_BLOCK]" classname="org.bukkit.PerMaterialTest" time="0"/>
  <testcase name="isTransparent[26: BED_BLOCK]" classname="org.bukkit.PerMaterialTest" time="0.001"/>
  <testcase name="isSolid[26: BED_BLOCK]" classname="org.bukkit.PerMaterialTest" time="0"/>
  <testcase name="hasGravity[27: POWERED_RAIL]" classname="org.bukkit.PerMaterialTest" time="0"/>
  <testcase name="isBurnable[27: POWERED_RAIL]" classname="org.bukkit.PerMaterialTest" time="0"/>
  <testcase name="isEdible[27: POWERED_RAIL]" classname="org.bukkit.PerMaterialTest" time="0"/>
  <testcase name="maxDurability[27: POWERED_RAIL]" classname="org.bukkit.PerMaterialTest" time="0"/>
  <testcase name="usesDurability[27: POWERED_RAIL]" classname="org.bukkit.PerMaterialTest" time="0"/>
  <testcase name="isOccluding[27: POWERED_RAIL]" classname="org.bukkit.PerMaterialTest" time="0"/>
  <testcase name="isRecord[27: POWERED_RAIL]" classname="org.bukkit.PerMaterialTest" time="0"/>
  <testcase name="isFlammable[27: POWERED_RAIL]" classname="org.bukkit.PerMaterialTest" time="0"/>
  <testcase name="maxStackSize[27: POWERED_RAIL]" classname="org.bukkit.PerMaterialTest" time="0"/>
  <testcase name="isTransparent[27: POWERED_RAIL]" classname="org.bukkit.PerMaterialTest" time="0"/>
  <testcase name="isSolid[27: POWERED_RAIL]" classname="org.bukkit.PerMaterialTest" time="0"/>
  <testcase name="hasGravity[28: DETECTOR_RAIL]" classname="org.bukkit.PerMaterialTest" time="0"/>
  <testcase name="isBurnable[28: DETECTOR_RAIL]" classname="org.bukkit.PerMaterialTest" time="0"/>
  <testcase name="isEdible[28: DETECTOR_RAIL]" classname="org.bukkit.PerMaterialTest" time="0"/>
  <testcase name="maxDurability[28: DETECTOR_RAIL]" classname="org.bukkit.PerMaterialTest" time="0"/>
  <testcase name="usesDurability[28: DETECTOR_RAIL]" classname="org.bukkit.PerMaterialTest" time="0"/>
  <testcase name="isOccluding[28: DETECTOR_RAIL]" classname="org.bukkit.PerMaterialTest" time="0"/>
  <testcase name="isRecord[28: DETECTOR_RAIL]" classname="org.bukkit.PerMaterialTest" time="0"/>
  <testcase name="isFlammable[28: DETECTOR_RAIL]" classname="org.bukkit.PerMaterialTest" time="0"/>
  <testcase name="maxStackSize[28: DETECTOR_RAIL]" classname="org.bukkit.PerMaterialTest" time="0"/>
  <testcase name="isTransparent[28: DETECTOR_RAIL]" classname="org.bukkit.PerMaterialTest" time="0"/>
  <testcase name="isSolid[28: DETECTOR_RAIL]" classname="org.bukkit.PerMaterialTest" time="0"/>
  <testcase name="hasGravity[29: PISTON_STICKY_BASE]" classname="org.bukkit.PerMaterialTest" time="0"/>
  <testcase name="isBurnable[29: PISTON_STICKY_BASE]" classname="org.bukkit.PerMaterialTest" time="0"/>
  <testcase name="isEdible[29: PISTON_STICKY_BASE]" classname="org.bukkit.PerMaterialTest" time="0"/>
  <testcase name="maxDurability[29: PISTON_STICKY_BASE]" classname="org.bukkit.PerMaterialTest" time="0"/>
  <testcase name="usesDurability[29: PISTON_STICKY_BASE]" classname="org.bukkit.PerMaterialTest" time="0"/>
  <testcase name="isOccluding[29: PISTON_STICKY_BASE]" classname="org.bukkit.PerMaterialTest" time="0"/>
  <testcase name="isRecord[29: PISTON_STICKY_BASE]" classname="org.bukkit.PerMaterialTest" time="0"/>
  <testcase name="isFlammable[29: PISTON_STICKY_BASE]" classname="org.bukkit.PerMaterialTest" time="0"/>
  <testcase name="maxStackSize[29: PISTON_STICKY_BASE]" classname="org.bukkit.PerMaterialTest" time="0"/>
  <testcase name="isTransparent[29: PISTON_STICKY_BASE]" classname="org.bukkit.PerMaterialTest" time="0"/>
  <testcase name="isSolid[29: PISTON_STICKY_BASE]" classname="org.bukkit.PerMaterialTest" time="0"/>
  <testcase name="hasGravity[30: WEB]" classname="org.bukkit.PerMaterialTest" time="0"/>
  <testcase name="isBurnable[30: WEB]" classname="org.bukkit.PerMaterialTest" time="0"/>
  <testcase name="isEdible[30: WEB]" classname="org.bukkit.PerMaterialTest" time="0"/>
  <testcase name="maxDurability[30: WEB]" classname="org.bukkit.PerMaterialTest" time="0"/>
  <testcase name="usesDurability[30: WEB]" classname="org.bukkit.PerMaterialTest" time="0"/>
  <testcase name="isOccluding[30: WEB]" classname="org.bukkit.PerMaterialTest" time="0"/>
  <testcase name="isRecord[30: WEB]" classname="org.bukkit.PerMaterialTest" time="0"/>
  <testcase name="isFlammable[30: WEB]" classname="org.bukkit.PerMaterialTest" time="0"/>
  <testcase name="maxStackSize[30: WEB]" classname="org.bukkit.PerMaterialTest" time="0"/>
  <testcase name="isTransparent[30: WEB]" classname="org.bukkit.PerMaterialTest" time="0"/>
  <testcase name="isSolid[30: WEB]" classname="org.bukkit.PerMaterialTest" time="0"/>
  <testcase name="hasGravity[31: LONG_GRASS]" classname="org.bukkit.PerMaterialTest" time="0"/>
  <testcase name="isBurnable[31: LONG_GRASS]" classname="org.bukkit.PerMaterialTest" time="0"/>
  <testcase name="isEdible[31: LONG_GRASS]" classname="org.bukkit.PerMaterialTest" time="0"/>
  <testcase name="maxDurability[31: LONG_GRASS]" classname="org.bukkit.PerMaterialTest" time="0"/>
  <testcase name="usesDurability[31: LONG_GRASS]" classname="org.bukkit.PerMaterialTest" time="0"/>
  <testcase name="isOccluding[31: LONG_GRASS]" classname="org.bukkit.PerMaterialTest" time="0"/>
  <testcase name="isRecord[31: LONG_GRASS]" classname="org.bukkit.PerMaterialTest" time="0"/>
  <testcase name="isFlammable[31: LONG_GRASS]" classname="org.bukkit.PerMaterialTest" time="0"/>
  <testcase name="maxStackSize[31: LONG_GRASS]" classname="org.bukkit.PerMaterialTest" time="0"/>
  <testcase name="isTransparent[31: LONG_GRASS]" classname="org.bukkit.PerMaterialTest" time="0"/>
  <testcase name="isSolid[31: LONG_GRASS]" classname="org.bukkit.PerMaterialTest" time="0"/>
  <testcase name="hasGravity[32: DEAD_BUSH]" classname="org.bukkit.PerMaterialTest" time="0"/>
  <testcase name="isBurnable[32: DEAD_BUSH]" classname="org.bukkit.PerMaterialTest" time="0"/>
  <testcase name="isEdible[32: DEAD_BUSH]" classname="org.bukkit.PerMaterialTest" time="0"/>
  <testcase name="maxDurability[32: DEAD_BUSH]" classname="org.bukkit.PerMaterialTest" time="0"/>
  <testcase name="usesDurability[32: DEAD_BUSH]" classname="org.bukkit.PerMaterialTest" time="0"/>
  <testcase name="isOccluding[32: DEAD_BUSH]" classname="org.bukkit.PerMaterialTest" time="0"/>
  <testcase name="isRecord[32: DEAD_BUSH]" classname="org.bukkit.PerMaterialTest" time="0"/>
  <testcase name="isFlammable[32: DEAD_BUSH]" classname="org.bukkit.PerMaterialTest" time="0"/>
  <testcase name="maxStackSize[32: DEAD_BUSH]" classname="org.bukkit.PerMaterialTest" time="0"/>
  <testcase name="isTransparent[32: DEAD_BUSH]" classname="org.bukkit.PerMaterialTest" time="0"/>
  <testcase name="isSolid[32: DEAD_BUSH]" classname="org.bukkit.PerMaterialTest" time="0"/>
  <testcase name="hasGravity[33: PISTON_BASE]" classname="org.bukkit.PerMaterialTest" time="0"/>
  <testcase name="isBurnable[33: PISTON_BASE]" classname="org.bukkit.PerMaterialTest" time="0"/>
  <testcase name="isEdible[33: PISTON_BASE]" classname="org.bukkit.PerMaterialTest" time="0"/>
  <testcase name="maxDurability[33: PISTON_BASE]" classname="org.bukkit.PerMaterialTest" time="0"/>
  <testcase name="usesDurability[33: PISTON_BASE]" classname="org.bukkit.PerMaterialTest" time="0"/>
  <testcase name="isOccluding[33: PISTON_BASE]" classname="org.bukkit.PerMaterialTest" time="0"/>
  <testcase name="isRecord[33: PISTON_BASE]" classname="org.bukkit.PerMaterialTest" time="0"/>
  <testcase name="isFlammable[33: PISTON_BASE]" classname="org.bukkit.PerMaterialTest" time="0"/>
  <testcase name="maxStackSize[33: PISTON_BASE]" classname="org.bukkit.PerMaterialTest" time="0"/>
  <testcase name="isTransparent[33: PISTON_BASE]" classname="org.bukkit.PerMaterialTest" time="0"/>
  <testcase name="isSolid[33: PISTON_BASE]" classname="org.bukkit.PerMaterialTest" time="0"/>
  <testcase name="hasGravity[34: PISTON_EXTENSION]" classname="org.bukkit.PerMaterialTest" time="0"/>
  <testcase name="isBurnable[34: PISTON_EXTENSION]" classname="org.bukkit.PerMaterialTest" time="0"/>
  <testcase name="isEdible[34: PISTON_EXTENSION]" classname="org.bukkit.PerMaterialTest" time="0"/>
  <testcase name="maxDurability[34: PISTON_EXTENSION]" classname="org.bukkit.PerMaterialTest" time="0"/>
  <testcase name="usesDurability[34: PISTON_EXTENSION]" classname="org.bukkit.PerMaterialTest" time="0"/>
  <testcase name="isOccluding[34: PISTON_EXTENSION]" classname="org.bukkit.PerMaterialTest" time="0"/>
  <testcase name="isRecord[34: PISTON_EXTENSION]" classname="org.bukkit.PerMaterialTest" time="0"/>
  <testcase name="isFlammable[34: PISTON_EXTENSION]" classname="org.bukkit.PerMaterialTest" time="0"/>
  <testcase name="maxStackSize[34: PISTON_EXTENSION]" classname="org.bukkit.PerMaterialTest" time="0"/>
  <testcase name="isTransparent[34: PISTON_EXTENSION]" classname="org.bukkit.PerMaterialTest" time="0"/>
  <testcase name="isSolid[34: PISTON_EXTENSION]" classname="org.bukkit.PerMaterialTest" time="0"/>
  <testcase name="hasGravity[35: WOOL]" classname="org.bukkit.PerMaterialTest" time="0"/>
  <testcase name="isBurnable[35: WOOL]" classname="org.bukkit.PerMaterialTest" time="0"/>
  <testcase name="isEdible[35: WOOL]" classname="org.bukkit.PerMaterialTest" time="0"/>
  <testcase name="maxDurability[35: WOOL]" classname="org.bukkit.PerMaterialTest" time="0"/>
  <testcase name="usesDurability[35: WOOL]" classname="org.bukkit.PerMaterialTest" time="0"/>
  <testcase name="isOccluding[35: WOOL]" classname="org.bukkit.PerMaterialTest" time="0"/>
  <testcase name="isRecord[35: WOOL]" classname="org.bukkit.PerMaterialTest" time="0"/>
  <testcase name="isFlammable[35: WOOL]" classname="org.bukkit.PerMaterialTest" time="0"/>
  <testcase name="maxStackSize[35: WOOL]" classname="org.bukkit.PerMaterialTest" time="0"/>
  <testcase name="isTransparent[35: WOOL]" classname="org.bukkit.PerMaterialTest" time="0"/>
  <testcase name="isSolid[35: WOOL]" classname="org.bukkit.PerMaterialTest" time="0"/>
  <testcase name="hasGravity[36: PISTON_MOVING_PIECE]" classname="org.bukkit.PerMaterialTest" time="0"/>
  <testcase name="isBurnable[36: PISTON_MOVING_PIECE]" classname="org.bukkit.PerMaterialTest" time="0"/>
  <testcase name="isEdible[36: PISTON_MOVING_PIECE]" classname="org.bukkit.PerMaterialTest" time="0"/>
  <testcase name="maxDurability[36: PISTON_MOVING_PIECE]" classname="org.bukkit.PerMaterialTest" time="0"/>
  <testcase name="usesDurability[36: PISTON_MOVING_PIECE]" classname="org.bukkit.PerMaterialTest" time="0"/>
  <testcase name="isOccluding[36: PISTON_MOVING_PIECE]" classname="org.bukkit.PerMaterialTest" time="0"/>
  <testcase name="isRecord[36: PISTON_MOVING_PIECE]" classname="org.bukkit.PerMaterialTest" time="0"/>
  <testcase name="isFlammable[36: PISTON_MOVING_PIECE]" classname="org.bukkit.PerMaterialTest" time="0"/>
  <testcase name="maxStackSize[36: PISTON_MOVING_PIECE]" classname="org.bukkit.PerMaterialTest" time="0"/>
  <testcase name="isTransparent[36: PISTON_MOVING_PIECE]" classname="org.bukkit.PerMaterialTest" time="0"/>
  <testcase name="isSolid[36: PISTON_MOVING_PIECE]" classname="org.bukkit.PerMaterialTest" time="0"/>
  <testcase name="hasGravity[37: YELLOW_FLOWER]" classname="org.bukkit.PerMaterialTest" time="0"/>
  <testcase name="isBurnable[37: YELLOW_FLOWER]" classname="org.bukkit.PerMaterialTest" time="0"/>
  <testcase name="isEdible[37: YELLOW_FLOWER]" classname="org.bukkit.PerMaterialTest" time="0"/>
  <testcase name="maxDurability[37: YELLOW_FLOWER]" classname="org.bukkit.PerMaterialTest" time="0"/>
  <testcase name="usesDurability[37: YELLOW_FLOWER]" classname="org.bukkit.PerMaterialTest" time="0"/>
  <testcase name="isOccluding[37: YELLOW_FLOWER]" classname="org.bukkit.PerMaterialTest" time="0"/>
  <testcase name="isRecord[37: YELLOW_FLOWER]" classname="org.bukkit.PerMaterialTest" time="0"/>
  <testcase name="isFlammable[37: YELLOW_FLOWER]" classname="org.bukkit.PerMaterialTest" time="0"/>
  <testcase name="maxStackSize[37: YELLOW_FLOWER]" classname="org.bukkit.PerMaterialTest" time="0"/>
  <testcase name="isTransparent[37: YELLOW_FLOWER]" classname="org.bukkit.PerMaterialTest" time="0"/>
  <testcase name="isSolid[37: YELLOW_FLOWER]" classname="org.bukkit.PerMaterialTest" time="0"/>
  <testcase name="hasGravity[38: RED_ROSE]" classname="org.bukkit.PerMaterialTest" time="0"/>
  <testcase name="isBurnable[38: RED_ROSE]" classname="org.bukkit.PerMaterialTest" time="0"/>
  <testcase name="isEdible[38: RED_ROSE]" classname="org.bukkit.PerMaterialTest" time="0"/>
  <testcase name="maxDurability[38: RED_ROSE]" classname="org.bukkit.PerMaterialTest" time="0"/>
  <testcase name="usesDurability[38: RED_ROSE]" classname="org.bukkit.PerMaterialTest" time="0"/>
  <testcase name="isOccluding[38: RED_ROSE]" classname="org.bukkit.PerMaterialTest" time="0"/>
  <testcase name="isRecord[38: RED_ROSE]" classname="org.bukkit.PerMaterialTest" time="0"/>
  <testcase name="isFlammable[38: RED_ROSE]" classname="org.bukkit.PerMaterialTest" time="0"/>
  <testcase name="maxStackSize[38: RED_ROSE]" classname="org.bukkit.PerMaterialTest" time="0"/>
  <testcase name="isTransparent[38: RED_ROSE]" classname="org.bukkit.PerMaterialTest" time="0"/>
  <testcase name="isSolid[38: RED_ROSE]" classname="org.bukkit.PerMaterialTest" time="0"/>
  <testcase name="hasGravity[39: BROWN_MUSHROOM]" classname="org.bukkit.PerMaterialTest" time="0"/>
  <testcase name="isBurnable[39: BROWN_MUSHROOM]" classname="org.bukkit.PerMaterialTest" time="0"/>
  <testcase name="isEdible[39: BROWN_MUSHROOM]" classname="org.bukkit.PerMaterialTest" time="0"/>
  <testcase name="maxDurability[39: BROWN_MUSHROOM]" classname="org.bukkit.PerMaterialTest" time="0"/>
  <testcase name="usesDurability[39: BROWN_MUSHROOM]" classname="org.bukkit.PerMaterialTest" time="0"/>
  <testcase name="isOccluding[39: BROWN_MUSHROOM]" classname="org.bukkit.PerMaterialTest" time="0"/>
  <testcase name="isRecord[39: BROWN_MUSHROOM]" classname="org.bukkit.PerMaterialTest" time="0"/>
  <testcase name="isFlammable[39: BROWN_MUSHROOM]" classname="org.bukkit.PerMaterialTest" time="0"/>
  <testcase name="maxStackSize[39: BROWN_MUSHROOM]" classname="org.bukkit.PerMaterialTest" time="0"/>
  <testcase name="isTransparent[39: BROWN_MUSHROOM]" classname="org.bukkit.PerMaterialTest" time="0"/>
  <testcase name="isSolid[39: BROWN_MUSHROOM]" classname="org.bukkit.PerMaterialTest" time="0"/>
  <testcase name="hasGravity[40: RED_MUSHROOM]" classname="org.bukkit.PerMaterialTest" time="0"/>
  <testcase name="isBurnable[40: RED_MUSHROOM]" classname="org.bukkit.PerMaterialTest" time="0"/>
  <testcase name="isEdible[40: RED_MUSHROOM]" classname="org.bukkit.PerMaterialTest" time="0"/>
  <testcase name="maxDurability[40: RED_MUSHROOM]" classname="org.bukkit.PerMaterialTest" time="0"/>
  <testcase name="usesDurability[40: RED_MUSHROOM]" classname="org.bukkit.PerMaterialTest" time="0"/>
  <testcase name="isOccluding[40: RED_MUSHROOM]" classname="org.bukkit.PerMaterialTest" time="0"/>
  <testcase name="isRecord[40: RED_MUSHROOM]" classname="org.bukkit.PerMaterialTest" time="0"/>
  <testcase name="isFlammable[40: RED_MUSHROOM]" classname="org.bukkit.PerMaterialTest" time="0"/>
  <testcase name="maxStackSize[40: RED_MUSHROOM]" classname="org.bukkit.PerMaterialTest" time="0"/>
  <testcase name="isTransparent[40: RED_MUSHROOM]" classname="org.bukkit.PerMaterialTest" time="0"/>
  <testcase name="isSolid[40: RED_MUSHROOM]" classname="org.bukkit.PerMaterialTest" time="0"/>
  <testcase name="hasGravity[41: GOLD_BLOCK]" classname="org.bukkit.PerMaterialTest" time="0"/>
  <testcase name="isBurnable[41: GOLD_BLOCK]" classname="org.bukkit.PerMaterialTest" time="0"/>
  <testcase name="isEdible[41: GOLD_BLOCK]" classname="org.bukkit.PerMaterialTest" time="0"/>
  <testcase name="maxDurability[41: GOLD_BLOCK]" classname="org.bukkit.PerMaterialTest" time="0"/>
  <testcase name="usesDurability[41: GOLD_BLOCK]" classname="org.bukkit.PerMaterialTest" time="0"/>
  <testcase name="isOccluding[41: GOLD_BLOCK]" classname="org.bukkit.PerMaterialTest" time="0"/>
  <testcase name="isRecord[41: GOLD_BLOCK]" classname="org.bukkit.PerMaterialTest" time="0"/>
  <testcase name="isFlammable[41: GOLD_BLOCK]" classname="org.bukkit.PerMaterialTest" time="0"/>
  <testcase name="maxStackSize[41: GOLD_BLOCK]" classname="org.bukkit.PerMaterialTest" time="0"/>
  <testcase name="isTransparent[41: GOLD_BLOCK]" classname="org.bukkit.PerMaterialTest" time="0"/>
  <testcase name="isSolid[41: GOLD_BLOCK]" classname="org.bukkit.PerMaterialTest" time="0"/>
  <testcase name="hasGravity[42: IRON_BLOCK]" classname="org.bukkit.PerMaterialTest" time="0"/>
  <testcase name="isBurnable[42: IRON_BLOCK]" classname="org.bukkit.PerMaterialTest" time="0"/>
  <testcase name="isEdible[42: IRON_BLOCK]" classname="org.bukkit.PerMaterialTest" time="0"/>
  <testcase name="maxDurability[42: IRON_BLOCK]" classname="org.bukkit.PerMaterialTest" time="0"/>
  <testcase name="usesDurability[42: IRON_BLOCK]" classname="org.bukkit.PerMaterialTest" time="0"/>
  <testcase name="isOccluding[42: IRON_BLOCK]" classname="org.bukkit.PerMaterialTest" time="0"/>
  <testcase name="isRecord[42: IRON_BLOCK]" classname="org.bukkit.PerMaterialTest" time="0"/>
  <testcase name="isFlammable[42: IRON_BLOCK]" classname="org.bukkit.PerMaterialTest" time="0"/>
  <testcase name="maxStackSize[42: IRON_BLOCK]" classname="org.bukkit.PerMaterialTest" time="0"/>
  <testcase name="isTransparent[42: IRON_BLOCK]" classname="org.bukkit.PerMaterialTest" time="0"/>
  <testcase name="isSolid[42: IRON_BLOCK]" classname="org.bukkit.PerMaterialTest" time="0"/>
  <testcase name="hasGravity[43: DOUBLE_STEP]" classname="org.bukkit.PerMaterialTest" time="0"/>
  <testcase name="isBurnable[43: DOUBLE_STEP]" classname="org.bukkit.PerMaterialTest" time="0"/>
  <testcase name="isEdible[43: DOUBLE_STEP]" classname="org.bukkit.PerMaterialTest" time="0"/>
  <testcase name="maxDurability[43: DOUBLE_STEP]" classname="org.bukkit.PerMaterialTest" time="0"/>
  <testcase name="usesDurability[43: DOUBLE_STEP]" classname="org.bukkit.PerMaterialTest" time="0"/>
  <testcase name="isOccluding[43: DOUBLE_STEP]" classname="org.bukkit.PerMaterialTest" time="0"/>
  <testcase name="isRecord[43: DOUBLE_STEP]" classname="org.bukkit.PerMaterialTest" time="0"/>
  <testcase name="isFlammable[43: DOUBLE_STEP]" classname="org.bukkit.PerMaterialTest" time="0"/>
  <testcase name="maxStackSize[43: DOUBLE_STEP]" classname="org.bukkit.PerMaterialTest" time="0"/>
  <testcase name="isTransparent[43: DOUBLE_STEP]" classname="org.bukkit.PerMaterialTest" time="0"/>
  <testcase name="isSolid[43: DOUBLE_STEP]" classname="org.bukkit.PerMaterialTest" time="0"/>
  <testcase name="hasGravity[44: STEP]" classname="org.bukkit.PerMaterialTest" time="0"/>
  <testcase name="isBurnable[44: STEP]" classname="org.bukkit.PerMaterialTest" time="0"/>
  <testcase name="isEdible[44: STEP]" classname="org.bukkit.PerMaterialTest" time="0"/>
  <testcase name="maxDurability[44: STEP]" classname="org.bukkit.PerMaterialTest" time="0"/>
  <testcase name="usesDurability[44: STEP]" classname="org.bukkit.PerMaterialTest" time="0"/>
  <testcase name="isOccluding[44: STEP]" classname="org.bukkit.PerMaterialTest" time="0"/>
  <testcase name="isRecord[44: STEP]" classname="org.bukkit.PerMaterialTest" time="0"/>
  <testcase name="isFlammable[44: STEP]" classname="org.bukkit.PerMaterialTest" time="0"/>
  <testcase name="maxStackSize[44: STEP]" classname="org.bukkit.PerMaterialTest" time="0"/>
  <testcase name="isTransparent[44: STEP]" classname="org.bukkit.PerMaterialTest" time="0"/>
  <testcase name="isSolid[44: STEP]" classname="org.bukkit.PerMaterialTest" time="0"/>
  <testcase name="hasGravity[45: BRICK]" classname="org.bukkit.PerMaterialTest" time="0"/>
  <testcase name="isBurnable[45: BRICK]" classname="org.bukkit.PerMaterialTest" time="0"/>
  <testcase name="isEdible[45: BRICK]" classname="org.bukkit.PerMaterialTest" time="0"/>
  <testcase name="maxDurability[45: BRICK]" classname="org.bukkit.PerMaterialTest" time="0.001"/>
  <testcase name="usesDurability[45: BRICK]" classname="org.bukkit.PerMaterialTest" time="0"/>
  <testcase name="isOccluding[45: BRICK]" classname="org.bukkit.PerMaterialTest" time="0"/>
  <testcase name="isRecord[45: BRICK]" classname="org.bukkit.PerMaterialTest" time="0"/>
  <testcase name="isFlammable[45: BRICK]" classname="org.bukkit.PerMaterialTest" time="0"/>
  <testcase name="maxStackSize[45: BRICK]" classname="org.bukkit.PerMaterialTest" time="0"/>
  <testcase name="isTransparent[45: BRICK]" classname="org.bukkit.PerMaterialTest" time="0"/>
  <testcase name="isSolid[45: BRICK]" classname="org.bukkit.PerMaterialTest" time="0"/>
  <testcase name="hasGravity[46: TNT]" classname="org.bukkit.PerMaterialTest" time="0"/>
  <testcase name="isBurnable[46: TNT]" classname="org.bukkit.PerMaterialTest" time="0"/>
  <testcase name="isEdible[46: TNT]" classname="org.bukkit.PerMaterialTest" time="0"/>
  <testcase name="maxDurability[46: TNT]" classname="org.bukkit.PerMaterialTest" time="0"/>
  <testcase name="usesDurability[46: TNT]" classname="org.bukkit.PerMaterialTest" time="0"/>
  <testcase name="isOccluding[46: TNT]" classname="org.bukkit.PerMaterialTest" time="0"/>
  <testcase name="isRecord[46: TNT]" classname="org.bukkit.PerMaterialTest" time="0"/>
  <testcase name="isFlammable[46: TNT]" classname="org.bukkit.PerMaterialTest" time="0"/>
  <testcase name="maxStackSize[46: TNT]" classname="org.bukkit.PerMaterialTest" time="0"/>
  <testcase name="isTransparent[46: TNT]" classname="org.bukkit.PerMaterialTest" time="0"/>
  <testcase name="isSolid[46: TNT]" classname="org.bukkit.PerMaterialTest" time="0"/>
  <testcase name="hasGravity[47: BOOKSHELF]" classname="org.bukkit.PerMaterialTest" time="0.008"/>
  <testcase name="isBurnable[47: BOOKSHELF]" classname="org.bukkit.PerMaterialTest" time="0"/>
  <testcase name="isEdible[47: BOOKSHELF]" classname="org.bukkit.PerMaterialTest" time="0"/>
  <testcase name="maxDurability[47: BOOKSHELF]" classname="org.bukkit.PerMaterialTest" time="0"/>
  <testcase name="usesDurability[47: BOOKSHELF]" classname="org.bukkit.PerMaterialTest" time="0"/>
  <testcase name="isOccluding[47: BOOKSHELF]" classname="org.bukkit.PerMaterialTest" time="0"/>
  <testcase name="isRecord[47: BOOKSHELF]" classname="org.bukkit.PerMaterialTest" time="0"/>
  <testcase name="isFlammable[47: BOOKSHELF]" classname="org.bukkit.PerMaterialTest" time="0"/>
  <testcase name="maxStackSize[47: BOOKSHELF]" classname="org.bukkit.PerMaterialTest" time="0"/>
  <testcase name="isTransparent[47: BOOKSHELF]" classname="org.bukkit.PerMaterialTest" time="0"/>
  <testcase name="isSolid[47: BOOKSHELF]" classname="org.bukkit.PerMaterialTest" time="0"/>
  <testcase name="hasGravity[48: MOSSY_COBBLESTONE]" classname="org.bukkit.PerMaterialTest" time="0"/>
  <testcase name="isBurnable[48: MOSSY_COBBLESTONE]" classname="org.bukkit.PerMaterialTest" time="0"/>
  <testcase name="isEdible[48: MOSSY_COBBLESTONE]" classname="org.bukkit.PerMaterialTest" time="0"/>
  <testcase name="maxDurability[48: MOSSY_COBBLESTONE]" classname="org.bukkit.PerMaterialTest" time="0"/>
  <testcase name="usesDurability[48: MOSSY_COBBLESTONE]" classname="org.bukkit.PerMaterialTest" time="0"/>
  <testcase name="isOccluding[48: MOSSY_COBBLESTONE]" classname="org.bukkit.PerMaterialTest" time="0"/>
  <testcase name="isRecord[48: MOSSY_COBBLESTONE]" classname="org.bukkit.PerMaterialTest" time="0"/>
  <testcase name="isFlammable[48: MOSSY_COBBLESTONE]" classname="org.bukkit.PerMaterialTest" time="0"/>
  <testcase name="maxStackSize[48: MOSSY_COBBLESTONE]" classname="org.bukkit.PerMaterialTest" time="0"/>
  <testcase name="isTransparent[48: MOSSY_COBBLESTONE]" classname="org.bukkit.PerMaterialTest" time="0"/>
  <testcase name="isSolid[48: MOSSY_COBBLESTONE]" classname="org.bukkit.PerMaterialTest" time="0"/>
  <testcase name="hasGravity[49: OBSIDIAN]" classname="org.bukkit.PerMaterialTest" time="0"/>
  <testcase name="isBurnable[49: OBSIDIAN]" classname="org.bukkit.PerMaterialTest" time="0"/>
  <testcase name="isEdible[49: OBSIDIAN]" classname="org.bukkit.PerMaterialTest" time="0"/>
  <testcase name="maxDurability[49: OBSIDIAN]" classname="org.bukkit.PerMaterialTest" time="0"/>
  <testcase name="usesDurability[49: OBSIDIAN]" classname="org.bukkit.PerMaterialTest" time="0"/>
  <testcase name="isOccluding[49: OBSIDIAN]" classname="org.bukkit.PerMaterialTest" time="0"/>
  <testcase name="isRecord[49: OBSIDIAN]" classname="org.bukkit.PerMaterialTest" time="0"/>
  <testcase name="isFlammable[49: OBSIDIAN]" classname="org.bukkit.PerMaterialTest" time="0"/>
  <testcase name="maxStackSize[49: OBSIDIAN]" classname="org.bukkit.PerMaterialTest" time="0"/>
  <testcase name="isTransparent[49: OBSIDIAN]" classname="org.bukkit.PerMaterialTest" time="0"/>
  <testcase name="isSolid[49: OBSIDIAN]" classname="org.bukkit.PerMaterialTest" time="0"/>
  <testcase name="hasGravity[50: TORCH]" classname="org.bukkit.PerMaterialTest" time="0"/>
  <testcase name="isBurnable[50: TORCH]" classname="org.bukkit.PerMaterialTest" time="0"/>
  <testcase name="isEdible[50: TORCH]" classname="org.bukkit.PerMaterialTest" time="0"/>
  <testcase name="maxDurability[50: TORCH]" classname="org.bukkit.PerMaterialTest" time="0"/>
  <testcase name="usesDurability[50: TORCH]" classname="org.bukkit.PerMaterialTest" time="0"/>
  <testcase name="isOccluding[50: TORCH]" classname="org.bukkit.PerMaterialTest" time="0"/>
  <testcase name="isRecord[50: TORCH]" classname="org.bukkit.PerMaterialTest" time="0"/>
  <testcase name="isFlammable[50: TORCH]" classname="org.bukkit.PerMaterialTest" time="0"/>
  <testcase name="maxStackSize[50: TORCH]" classname="org.bukkit.PerMaterialTest" time="0"/>
  <testcase name="isTransparent[50: TORCH]" classname="org.bukkit.PerMaterialTest" time="0"/>
  <testcase name="isSolid[50: TORCH]" classname="org.bukkit.PerMaterialTest" time="0"/>
  <testcase name="hasGravity[51: FIRE]" classname="org.bukkit.PerMaterialTest" time="0"/>
  <testcase name="isBurnable[51: FIRE]" classname="org.bukkit.PerMaterialTest" time="0"/>
  <testcase name="isEdible[51: FIRE]" classname="org.bukkit.PerMaterialTest" time="0"/>
  <testcase name="maxDurability[51: FIRE]" classname="org.bukkit.PerMaterialTest" time="0"/>
  <testcase name="usesDurability[51: FIRE]" classname="org.bukkit.PerMaterialTest" time="0"/>
  <testcase name="isOccluding[51: FIRE]" classname="org.bukkit.PerMaterialTest" time="0"/>
  <testcase name="isRecord[51: FIRE]" classname="org.bukkit.PerMaterialTest" time="0"/>
  <testcase name="isFlammable[51: FIRE]" classname="org.bukkit.PerMaterialTest" time="0"/>
  <testcase name="maxStackSize[51: FIRE]" classname="org.bukkit.PerMaterialTest" time="0"/>
  <testcase name="isTransparent[51: FIRE]" classname="org.bukkit.PerMaterialTest" time="0"/>
  <testcase name="isSolid[51: FIRE]" classname="org.bukkit.PerMaterialTest" time="0"/>
  <testcase name="hasGravity[52: MOB_SPAWNER]" classname="org.bukkit.PerMaterialTest" time="0"/>
  <testcase name="isBurnable[52: MOB_SPAWNER]" classname="org.bukkit.PerMaterialTest" time="0"/>
  <testcase name="isEdible[52: MOB_SPAWNER]" classname="org.bukkit.PerMaterialTest" time="0"/>
  <testcase name="maxDurability[52: MOB_SPAWNER]" classname="org.bukkit.PerMaterialTest" time="0"/>
  <testcase name="usesDurability[52: MOB_SPAWNER]" classname="org.bukkit.PerMaterialTest" time="0"/>
  <testcase name="isOccluding[52: MOB_SPAWNER]" classname="org.bukkit.PerMaterialTest" time="0"/>
  <testcase name="isRecord[52: MOB_SPAWNER]" classname="org.bukkit.PerMaterialTest" time="0"/>
  <testcase name="isFlammable[52: MOB_SPAWNER]" classname="org.bukkit.PerMaterialTest" time="0"/>
  <testcase name="maxStackSize[52: MOB_SPAWNER]" classname="org.bukkit.PerMaterialTest" time="0"/>
  <testcase name="isTransparent[52: MOB_SPAWNER]" classname="org.bukkit.PerMaterialTest" time="0"/>
  <testcase name="isSolid[52: MOB_SPAWNER]" classname="org.bukkit.PerMaterialTest" time="0"/>
  <testcase name="hasGravity[53: WOOD_STAIRS]" classname="org.bukkit.PerMaterialTest" time="0"/>
  <testcase name="isBurnable[53: WOOD_STAIRS]" classname="org.bukkit.PerMaterialTest" time="0"/>
  <testcase name="isEdible[53: WOOD_STAIRS]" classname="org.bukkit.PerMaterialTest" time="0"/>
  <testcase name="maxDurability[53: WOOD_STAIRS]" classname="org.bukkit.PerMaterialTest" time="0"/>
  <testcase name="usesDurability[53: WOOD_STAIRS]" classname="org.bukkit.PerMaterialTest" time="0"/>
  <testcase name="isOccluding[53: WOOD_STAIRS]" classname="org.bukkit.PerMaterialTest" time="0"/>
  <testcase name="isRecord[53: WOOD_STAIRS]" classname="org.bukkit.PerMaterialTest" time="0"/>
  <testcase name="isFlammable[53: WOOD_STAIRS]" classname="org.bukkit.PerMaterialTest" time="0"/>
  <testcase name="maxStackSize[53: WOOD_STAIRS]" classname="org.bukkit.PerMaterialTest" time="0"/>
  <testcase name="isTransparent[53: WOOD_STAIRS]" classname="org.bukkit.PerMaterialTest" time="0"/>
  <testcase name="isSolid[53: WOOD_STAIRS]" classname="org.bukkit.PerMaterialTest" time="0"/>
  <testcase name="hasGravity[54: CHEST]" classname="org.bukkit.PerMaterialTest" time="0"/>
  <testcase name="isBurnable[54: CHEST]" classname="org.bukkit.PerMaterialTest" time="0"/>
  <testcase name="isEdible[54: CHEST]" classname="org.bukkit.PerMaterialTest" time="0"/>
  <testcase name="maxDurability[54: CHEST]" classname="org.bukkit.PerMaterialTest" time="0"/>
  <testcase name="usesDurability[54: CHEST]" classname="org.bukkit.PerMaterialTest" time="0"/>
  <testcase name="isOccluding[54: CHEST]" classname="org.bukkit.PerMaterialTest" time="0"/>
  <testcase name="isRecord[54: CHEST]" classname="org.bukkit.PerMaterialTest" time="0"/>
  <testcase name="isFlammable[54: CHEST]" classname="org.bukkit.PerMaterialTest" time="0"/>
  <testcase name="maxStackSize[54: CHEST]" classname="org.bukkit.PerMaterialTest" time="0"/>
  <testcase name="isTransparent[54: CHEST]" classname="org.bukkit.PerMaterialTest" time="0"/>
  <testcase name="isSolid[54: CHEST]" classname="org.bukkit.PerMaterialTest" time="0"/>
  <testcase name="hasGravity[55: REDSTONE_WIRE]" classname="org.bukkit.PerMaterialTest" time="0"/>
  <testcase name="isBurnable[55: REDSTONE_WIRE]" classname="org.bukkit.PerMaterialTest" time="0"/>
  <testcase name="isEdible[55: REDSTONE_WIRE]" classname="org.bukkit.PerMaterialTest" time="0"/>
  <testcase name="maxDurability[55: REDSTONE_WIRE]" classname="org.bukkit.PerMaterialTest" time="0"/>
  <testcase name="usesDurability[55: REDSTONE_WIRE]" classname="org.bukkit.PerMaterialTest" time="0"/>
  <testcase name="isOccluding[55: REDSTONE_WIRE]" classname="org.bukkit.PerMaterialTest" time="0"/>
  <testcase name="isRecord[55: REDSTONE_WIRE]" classname="org.bukkit.PerMaterialTest" time="0"/>
  <testcase name="isFlammable[55: REDSTONE_WIRE]" classname="org.bukkit.PerMaterialTest" time="0"/>
  <testcase name="maxStackSize[55: REDSTONE_WIRE]" classname="org.bukkit.PerMaterialTest" time="0"/>
  <testcase name="isTransparent[55: REDSTONE_WIRE]" classname="org.bukkit.PerMaterialTest" time="0"/>
  <testcase name="isSolid[55: REDSTONE_WIRE]" classname="org.bukkit.PerMaterialTest" time="0"/>
  <testcase name="hasGravity[56: DIAMOND_ORE]" classname="org.bukkit.PerMaterialTest" time="0"/>
  <testcase name="isBurnable[56: DIAMOND_ORE]" classname="org.bukkit.PerMaterialTest" time="0"/>
  <testcase name="isEdible[56: DIAMOND_ORE]" classname="org.bukkit.PerMaterialTest" time="0"/>
  <testcase name="maxDurability[56: DIAMOND_ORE]" classname="org.bukkit.PerMaterialTest" time="0"/>
  <testcase name="usesDurability[56: DIAMOND_ORE]" classname="org.bukkit.PerMaterialTest" time="0"/>
  <testcase name="isOccluding[56: DIAMOND_ORE]" classname="org.bukkit.PerMaterialTest" time="0"/>
  <testcase name="isRecord[56: DIAMOND_ORE]" classname="org.bukkit.PerMaterialTest" time="0"/>
  <testcase name="isFlammable[56: DIAMOND_ORE]" classname="org.bukkit.PerMaterialTest" time="0"/>
  <testcase name="maxStackSize[56: DIAMOND_ORE]" classname="org.bukkit.PerMaterialTest" time="0"/>
  <testcase name="isTransparent[56: DIAMOND_ORE]" classname="org.bukkit.PerMaterialTest" time="0"/>
  <testcase name="isSolid[56: DIAMOND_ORE]" classname="org.bukkit.PerMaterialTest" time="0"/>
  <testcase name="hasGravity[57: DIAMOND_BLOCK]" classname="org.bukkit.PerMaterialTest" time="0"/>
  <testcase name="isBurnable[57: DIAMOND_BLOCK]" classname="org.bukkit.PerMaterialTest" time="0"/>
  <testcase name="isEdible[57: DIAMOND_BLOCK]" classname="org.bukkit.PerMaterialTest" time="0"/>
  <testcase name="maxDurability[57: DIAMOND_BLOCK]" classname="org.bukkit.PerMaterialTest" time="0"/>
  <testcase name="usesDurability[57: DIAMOND_BLOCK]" classname="org.bukkit.PerMaterialTest" time="0"/>
  <testcase name="isOccluding[57: DIAMOND_BLOCK]" classname="org.bukkit.PerMaterialTest" time="0"/>
  <testcase name="isRecord[57: DIAMOND_BLOCK]" classname="org.bukkit.PerMaterialTest" time="0"/>
  <testcase name="isFlammable[57: DIAMOND_BLOCK]" classname="org.bukkit.PerMaterialTest" time="0"/>
  <testcase name="maxStackSize[57: DIAMOND_BLOCK]" classname="org.bukkit.PerMaterialTest" time="0"/>
  <testcase name="isTransparent[57: DIAMOND_BLOCK]" classname="org.bukkit.PerMaterialTest" time="0"/>
  <testcase name="isSolid[57: DIAMOND_BLOCK]" classname="org.bukkit.PerMaterialTest" time="0"/>
  <testcase name="hasGravity[58: WORKBENCH]" classname="org.bukkit.PerMaterialTest" time="0"/>
  <testcase name="isBurnable[58: WORKBENCH]" classname="org.bukkit.PerMaterialTest" time="0"/>
  <testcase name="isEdible[58: WORKBENCH]" classname="org.bukkit.PerMaterialTest" time="0"/>
  <testcase name="maxDurability[58: WORKBENCH]" classname="org.bukkit.PerMaterialTest" time="0"/>
  <testcase name="usesDurability[58: WORKBENCH]" classname="org.bukkit.PerMaterialTest" time="0"/>
  <testcase name="isOccluding[58: WORKBENCH]" classname="org.bukkit.PerMaterialTest" time="0"/>
  <testcase name="isRecord[58: WORKBENCH]" classname="org.bukkit.PerMaterialTest" time="0"/>
  <testcase name="isFlammable[58: WORKBENCH]" classname="org.bukkit.PerMaterialTest" time="0"/>
  <testcase name="maxStackSize[58: WORKBENCH]" classname="org.bukkit.PerMaterialTest" time="0"/>
  <testcase name="isTransparent[58: WORKBENCH]" classname="org.bukkit.PerMaterialTest" time="0"/>
  <testcase name="isSolid[58: WORKBENCH]" classname="org.bukkit.PerMaterialTest" time="0"/>
  <testcase name="hasGravity[59: CROPS]" classname="org.bukkit.PerMaterialTest" time="0"/>
  <testcase name="isBurnable[59: CROPS]" classname="org.bukkit.PerMaterialTest" time="0"/>
  <testcase name="isEdible[59: CROPS]" classname="org.bukkit.PerMaterialTest" time="0"/>
  <testcase name="maxDurability[59: CROPS]" classname="org.bukkit.PerMaterialTest" time="0"/>
  <testcase name="usesDurability[59: CROPS]" classname="org.bukkit.PerMaterialTest" time="0"/>
  <testcase name="isOccluding[59: CROPS]" classname="org.bukkit.PerMaterialTest" time="0"/>
  <testcase name="isRecord[59: CROPS]" classname="org.bukkit.PerMaterialTest" time="0"/>
  <testcase name="isFlammable[59: CROPS]" classname="org.bukkit.PerMaterialTest" time="0"/>
  <testcase name="maxStackSize[59: CROPS]" classname="org.bukkit.PerMaterialTest" time="0"/>
  <testcase name="isTransparent[59: CROPS]" classname="org.bukkit.PerMaterialTest" time="0"/>
  <testcase name="isSolid[59: CROPS]" classname="org.bukkit.PerMaterialTest" time="0"/>
  <testcase name="hasGravity[60: SOIL]" classname="org.bukkit.PerMaterialTest" time="0"/>
  <testcase name="isBurnable[60: SOIL]" classname="org.bukkit.PerMaterialTest" time="0"/>
  <testcase name="isEdible[60: SOIL]" classname="org.bukkit.PerMaterialTest" time="0"/>
  <testcase name="maxDurability[60: SOIL]" classname="org.bukkit.PerMaterialTest" time="0"/>
  <testcase name="usesDurability[60: SOIL]" classname="org.bukkit.PerMaterialTest" time="0"/>
  <testcase name="isOccluding[60: SOIL]" classname="org.bukkit.PerMaterialTest" time="0"/>
  <testcase name="isRecord[60: SOIL]" classname="org.bukkit.PerMaterialTest" time="0"/>
  <testcase name="isFlammable[60: SOIL]" classname="org.bukkit.PerMaterialTest" time="0"/>
  <testcase name="maxStackSize[60: SOIL]" classname="org.bukkit.PerMaterialTest" time="0"/>
  <testcase name="isTransparent[60: SOIL]" classname="org.bukkit.PerMaterialTest" time="0"/>
  <testcase name="isSolid[60: SOIL]" classname="org.bukkit.PerMaterialTest" time="0"/>
  <testcase name="hasGravity[61: FURNACE]" classname="org.bukkit.PerMaterialTest" time="0"/>
  <testcase name="isBurnable[61: FURNACE]" classname="org.bukkit.PerMaterialTest" time="0"/>
  <testcase name="isEdible[61: FURNACE]" classname="org.bukkit.PerMaterialTest" time="0"/>
  <testcase name="maxDurability[61: FURNACE]" classname="org.bukkit.PerMaterialTest" time="0"/>
  <testcase name="usesDurability[61: FURNACE]" classname="org.bukkit.PerMaterialTest" time="0"/>
  <testcase name="isOccluding[61: FURNACE]" classname="org.bukkit.PerMaterialTest" time="0"/>
  <testcase name="isRecord[61: FURNACE]" classname="org.bukkit.PerMaterialTest" time="0"/>
  <testcase name="isFlammable[61: FURNACE]" classname="org.bukkit.PerMaterialTest" time="0"/>
  <testcase name="maxStackSize[61: FURNACE]" classname="org.bukkit.PerMaterialTest" time="0"/>
  <testcase name="isTransparent[61: FURNACE]" classname="org.bukkit.PerMaterialTest" time="0"/>
  <testcase name="isSolid[61: FURNACE]" classname="org.bukkit.PerMaterialTest" time="0"/>
  <testcase name="hasGravity[62: BURNING_FURNACE]" classname="org.bukkit.PerMaterialTest" time="0"/>
  <testcase name="isBurnable[62: BURNING_FURNACE]" classname="org.bukkit.PerMaterialTest" time="0"/>
  <testcase name="isEdible[62: BURNING_FURNACE]" classname="org.bukkit.PerMaterialTest" time="0"/>
  <testcase name="maxDurability[62: BURNING_FURNACE]" classname="org.bukkit.PerMaterialTest" time="0"/>
  <testcase name="usesDurability[62: BURNING_FURNACE]" classname="org.bukkit.PerMaterialTest" time="0"/>
  <testcase name="isOccluding[62: BURNING_FURNACE]" classname="org.bukkit.PerMaterialTest" time="0"/>
  <testcase name="isRecord[62: BURNING_FURNACE]" classname="org.bukkit.PerMaterialTest" time="0"/>
  <testcase name="isFlammable[62: BURNING_FURNACE]" classname="org.bukkit.PerMaterialTest" time="0"/>
  <testcase name="maxStackSize[62: BURNING_FURNACE]" classname="org.bukkit.PerMaterialTest" time="0"/>
  <testcase name="isTransparent[62: BURNING_FURNACE]" classname="org.bukkit.PerMaterialTest" time="0"/>
  <testcase name="isSolid[62: BURNING_FURNACE]" classname="org.bukkit.PerMaterialTest" time="0"/>
  <testcase name="hasGravity[63: SIGN_POST]" classname="org.bukkit.PerMaterialTest" time="0"/>
  <testcase name="isBurnable[63: SIGN_POST]" classname="org.bukkit.PerMaterialTest" time="0"/>
  <testcase name="isEdible[63: SIGN_POST]" classname="org.bukkit.PerMaterialTest" time="0"/>
  <testcase name="maxDurability[63: SIGN_POST]" classname="org.bukkit.PerMaterialTest" time="0"/>
  <testcase name="usesDurability[63: SIGN_POST]" classname="org.bukkit.PerMaterialTest" time="0"/>
  <testcase name="isOccluding[63: SIGN_POST]" classname="org.bukkit.PerMaterialTest" time="0"/>
  <testcase name="isRecord[63: SIGN_POST]" classname="org.bukkit.PerMaterialTest" time="0"/>
  <testcase name="isFlammable[63: SIGN_POST]" classname="org.bukkit.PerMaterialTest" time="0"/>
  <testcase name="maxStackSize[63: SIGN_POST]" classname="org.bukkit.PerMaterialTest" time="0"/>
  <testcase name="isTransparent[63: SIGN_POST]" classname="org.bukkit.PerMaterialTest" time="0"/>
  <testcase name="isSolid[63: SIGN_POST]" classname="org.bukkit.PerMaterialTest" time="0"/>
  <testcase name="hasGravity[64: WOODEN_DOOR]" classname="org.bukkit.PerMaterialTest" time="0"/>
  <testcase name="isBurnable[64: WOODEN_DOOR]" classname="org.bukkit.PerMaterialTest" time="0"/>
  <testcase name="isEdible[64: WOODEN_DOOR]" classname="org.bukkit.PerMaterialTest" time="0"/>
  <testcase name="maxDurability[64: WOODEN_DOOR]" classname="org.bukkit.PerMaterialTest" time="0"/>
  <testcase name="usesDurability[64: WOODEN_DOOR]" classname="org.bukkit.PerMaterialTest" time="0"/>
  <testcase name="isOccluding[64: WOODEN_DOOR]" classname="org.bukkit.PerMaterialTest" time="0"/>
  <testcase name="isRecord[64: WOODEN_DOOR]" classname="org.bukkit.PerMaterialTest" time="0"/>
  <testcase name="isFlammable[64: WOODEN_DOOR]" classname="org.bukkit.PerMaterialTest" time="0"/>
  <testcase name="maxStackSize[64: WOODEN_DOOR]" classname="org.bukkit.PerMaterialTest" time="0"/>
  <testcase name="isTransparent[64: WOODEN_DOOR]" classname="org.bukkit.PerMaterialTest" time="0"/>
  <testcase name="isSolid[64: WOODEN_DOOR]" classname="org.bukkit.PerMaterialTest" time="0"/>
  <testcase name="hasGravity[65: LADDER]" classname="org.bukkit.PerMaterialTest" time="0"/>
  <testcase name="isBurnable[65: LADDER]" classname="org.bukkit.PerMaterialTest" time="0"/>
  <testcase name="isEdible[65: LADDER]" classname="org.bukkit.PerMaterialTest" time="0"/>
  <testcase name="maxDurability[65: LADDER]" classname="org.bukkit.PerMaterialTest" time="0"/>
  <testcase name="usesDurability[65: LADDER]" classname="org.bukkit.PerMaterialTest" time="0"/>
  <testcase name="isOccluding[65: LADDER]" classname="org.bukkit.PerMaterialTest" time="0"/>
  <testcase name="isRecord[65: LADDER]" classname="org.bukkit.PerMaterialTest" time="0"/>
  <testcase name="isFlammable[65: LADDER]" classname="org.bukkit.PerMaterialTest" time="0"/>
  <testcase name="maxStackSize[65: LADDER]" classname="org.bukkit.PerMaterialTest" time="0"/>
  <testcase name="isTransparent[65: LADDER]" classname="org.bukkit.PerMaterialTest" time="0"/>
  <testcase name="isSolid[65: LADDER]" classname="org.bukkit.PerMaterialTest" time="0"/>
  <testcase name="hasGravity[66: RAILS]" classname="org.bukkit.PerMaterialTest" time="0"/>
  <testcase name="isBurnable[66: RAILS]" classname="org.bukkit.PerMaterialTest" time="0"/>
  <testcase name="isEdible[66: RAILS]" classname="org.bukkit.PerMaterialTest" time="0"/>
  <testcase name="maxDurability[66: RAILS]" classname="org.bukkit.PerMaterialTest" time="0"/>
  <testcase name="usesDurability[66: RAILS]" classname="org.bukkit.PerMaterialTest" time="0"/>
  <testcase name="isOccluding[66: RAILS]" classname="org.bukkit.PerMaterialTest" time="0"/>
  <testcase name="isRecord[66: RAILS]" classname="org.bukkit.PerMaterialTest" time="0"/>
  <testcase name="isFlammable[66: RAILS]" classname="org.bukkit.PerMaterialTest" time="0"/>
  <testcase name="maxStackSize[66: RAILS]" classname="org.bukkit.PerMaterialTest" time="0"/>
  <testcase name="isTransparent[66: RAILS]" classname="org.bukkit.PerMaterialTest" time="0"/>
  <testcase name="isSolid[66: RAILS]" classname="org.bukkit.PerMaterialTest" time="0"/>
  <testcase name="hasGravity[67: COBBLESTONE_STAIRS]" classname="org.bukkit.PerMaterialTest" time="0"/>
  <testcase name="isBurnable[67: COBBLESTONE_STAIRS]" classname="org.bukkit.PerMaterialTest" time="0"/>
  <testcase name="isEdible[67: COBBLESTONE_STAIRS]" classname="org.bukkit.PerMaterialTest" time="0"/>
  <testcase name="maxDurability[67: COBBLESTONE_STAIRS]" classname="org.bukkit.PerMaterialTest" time="0"/>
  <testcase name="usesDurability[67: COBBLESTONE_STAIRS]" classname="org.bukkit.PerMaterialTest" time="0"/>
  <testcase name="isOccluding[67: COBBLESTONE_STAIRS]" classname="org.bukkit.PerMaterialTest" time="0"/>
  <testcase name="isRecord[67: COBBLESTONE_STAIRS]" classname="org.bukkit.PerMaterialTest" time="0"/>
  <testcase name="isFlammable[67: COBBLESTONE_STAIRS]" classname="org.bukkit.PerMaterialTest" time="0"/>
  <testcase name="maxStackSize[67: COBBLESTONE_STAIRS]" classname="org.bukkit.PerMaterialTest" time="0"/>
  <testcase name="isTransparent[67: COBBLESTONE_STAIRS]" classname="org.bukkit.PerMaterialTest" time="0"/>
  <testcase name="isSolid[67: COBBLESTONE_STAIRS]" classname="org.bukkit.PerMaterialTest" time="0"/>
  <testcase name="hasGravity[68: WALL_SIGN]" classname="org.bukkit.PerMaterialTest" time="0"/>
  <testcase name="isBurnable[68: WALL_SIGN]" classname="org.bukkit.PerMaterialTest" time="0"/>
  <testcase name="isEdible[68: WALL_SIGN]" classname="org.bukkit.PerMaterialTest" time="0"/>
  <testcase name="maxDurability[68: WALL_SIGN]" classname="org.bukkit.PerMaterialTest" time="0"/>
  <testcase name="usesDurability[68: WALL_SIGN]" classname="org.bukkit.PerMaterialTest" time="0"/>
  <testcase name="isOccluding[68: WALL_SIGN]" classname="org.bukkit.PerMaterialTest" time="0"/>
  <testcase name="isRecord[68: WALL_SIGN]" classname="org.bukkit.PerMaterialTest" time="0"/>
  <testcase name="isFlammable[68: WALL_SIGN]" classname="org.bukkit.PerMaterialTest" time="0"/>
  <testcase name="maxStackSize[68: WALL_SIGN]" classname="org.bukkit.PerMaterialTest" time="0"/>
  <testcase name="isTransparent[68: WALL_SIGN]" classname="org.bukkit.PerMaterialTest" time="0"/>
  <testcase name="isSolid[68: WALL_SIGN]" classname="org.bukkit.PerMaterialTest" time="0"/>
  <testcase name="hasGravity[69: LEVER]" classname="org.bukkit.PerMaterialTest" time="0"/>
  <testcase name="isBurnable[69: LEVER]" classname="org.bukkit.PerMaterialTest" time="0"/>
  <testcase name="isEdible[69: LEVER]" classname="org.bukkit.PerMaterialTest" time="0"/>
  <testcase name="maxDurability[69: LEVER]" classname="org.bukkit.PerMaterialTest" time="0"/>
  <testcase name="usesDurability[69: LEVER]" classname="org.bukkit.PerMaterialTest" time="0"/>
  <testcase name="isOccluding[69: LEVER]" classname="org.bukkit.PerMaterialTest" time="0"/>
  <testcase name="isRecord[69: LEVER]" classname="org.bukkit.PerMaterialTest" time="0"/>
  <testcase name="isFlammable[69: LEVER]" classname="org.bukkit.PerMaterialTest" time="0"/>
  <testcase name="maxStackSize[69: LEVER]" classname="org.bukkit.PerMaterialTest" time="0"/>
  <testcase name="isTransparent[69: LEVER]" classname="org.bukkit.PerMaterialTest" time="0"/>
  <testcase name="isSolid[69: LEVER]" classname="org.bukkit.PerMaterialTest" time="0"/>
  <testcase name="hasGravity[70: STONE_PLATE]" classname="org.bukkit.PerMaterialTest" time="0"/>
  <testcase name="isBurnable[70: STONE_PLATE]" classname="org.bukkit.PerMaterialTest" time="0"/>
  <testcase name="isEdible[70: STONE_PLATE]" classname="org.bukkit.PerMaterialTest" time="0"/>
  <testcase name="maxDurability[70: STONE_PLATE]" classname="org.bukkit.PerMaterialTest" time="0"/>
  <testcase name="usesDurability[70: STONE_PLATE]" classname="org.bukkit.PerMaterialTest" time="0"/>
  <testcase name="isOccluding[70: STONE_PLATE]" classname="org.bukkit.PerMaterialTest" time="0"/>
  <testcase name="isRecord[70: STONE_PLATE]" classname="org.bukkit.PerMaterialTest" time="0"/>
  <testcase name="isFlammable[70: STONE_PLATE]" classname="org.bukkit.PerMaterialTest" time="0"/>
  <testcase name="maxStackSize[70: STONE_PLATE]" classname="org.bukkit.PerMaterialTest" time="0"/>
  <testcase name="isTransparent[70: STONE_PLATE]" classname="org.bukkit.PerMaterialTest" time="0"/>
  <testcase name="isSolid[70: STONE_PLATE]" classname="org.bukkit.PerMaterialTest" time="0"/>
  <testcase name="hasGravity[71: IRON_DOOR_BLOCK]" classname="org.bukkit.PerMaterialTest" time="0"/>
  <testcase name="isBurnable[71: IRON_DOOR_BLOCK]" classname="org.bukkit.PerMaterialTest" time="0"/>
  <testcase name="isEdible[71: IRON_DOOR_BLOCK]" classname="org.bukkit.PerMaterialTest" time="0"/>
  <testcase name="maxDurability[71: IRON_DOOR_BLOCK]" classname="org.bukkit.PerMaterialTest" time="0"/>
  <testcase name="usesDurability[71: IRON_DOOR_BLOCK]" classname="org.bukkit.PerMaterialTest" time="0"/>
  <testcase name="isOccluding[71: IRON_DOOR_BLOCK]" classname="org.bukkit.PerMaterialTest" time="0"/>
  <testcase name="isRecord[71: IRON_DOOR_BLOCK]" classname="org.bukkit.PerMaterialTest" time="0"/>
  <testcase name="isFlammable[71: IRON_DOOR_BLOCK]" classname="org.bukkit.PerMaterialTest" time="0"/>
  <testcase name="maxStackSize[71: IRON_DOOR_BLOCK]" classname="org.bukkit.PerMaterialTest" time="0"/>
  <testcase name="isTransparent[71: IRON_DOOR_BLOCK]" classname="org.bukkit.PerMaterialTest" time="0"/>
  <testcase name="isSolid[71: IRON_DOOR_BLOCK]" classname="org.bukkit.PerMaterialTest" time="0"/>
  <testcase name="hasGravity[72: WOOD_PLATE]" classname="org.bukkit.PerMaterialTest" time="0"/>
  <testcase name="isBurnable[72: WOOD_PLATE]" classname="org.bukkit.PerMaterialTest" time="0"/>
  <testcase name="isEdible[72: WOOD_PLATE]" classname="org.bukkit.PerMaterialTest" time="0"/>
  <testcase name="maxDurability[72: WOOD_PLATE]" classname="org.bukkit.PerMaterialTest" time="0"/>
  <testcase name="usesDurability[72: WOOD_PLATE]" classname="org.bukkit.PerMaterialTest" time="0"/>
  <testcase name="isOccluding[72: WOOD_PLATE]" classname="org.bukkit.PerMaterialTest" time="0"/>
  <testcase name="isRecord[72: WOOD_PLATE]" classname="org.bukkit.PerMaterialTest" time="0"/>
  <testcase name="isFlammable[72: WOOD_PLATE]" classname="org.bukkit.PerMaterialTest" time="0"/>
  <testcase name="maxStackSize[72: WOOD_PLATE]" classname="org.bukkit.PerMaterialTest" time="0"/>
  <testcase name="isTransparent[72: WOOD_PLATE]" classname="org.bukkit.PerMaterialTest" time="0"/>
  <testcase name="isSolid[72: WOOD_PLATE]" classname="org.bukkit.PerMaterialTest" time="0"/>
  <testcase name="hasGravity[73: REDSTONE_ORE]" classname="org.bukkit.PerMaterialTest" time="0"/>
  <testcase name="isBurnable[73: REDSTONE_ORE]" classname="org.bukkit.PerMaterialTest" time="0"/>
  <testcase name="isEdible[73: REDSTONE_ORE]" classname="org.bukkit.PerMaterialTest" time="0"/>
  <testcase name="maxDurability[73: REDSTONE_ORE]" classname="org.bukkit.PerMaterialTest" time="0"/>
  <testcase name="usesDurability[73: REDSTONE_ORE]" classname="org.bukkit.PerMaterialTest" time="0"/>
  <testcase name="isOccluding[73: REDSTONE_ORE]" classname="org.bukkit.PerMaterialTest" time="0"/>
  <testcase name="isRecord[73: REDSTONE_ORE]" classname="org.bukkit.PerMaterialTest" time="0"/>
  <testcase name="isFlammable[73: REDSTONE_ORE]" classname="org.bukkit.PerMaterialTest" time="0"/>
  <testcase name="maxStackSize[73: REDSTONE_ORE]" classname="org.bukkit.PerMaterialTest" time="0"/>
  <testcase name="isTransparent[73: REDSTONE_ORE]" classname="org.bukkit.PerMaterialTest" time="0"/>
  <testcase name="isSolid[73: REDSTONE_ORE]" classname="org.bukkit.PerMaterialTest" time="0"/>
  <testcase name="hasGravity[74: GLOWING_REDSTONE_ORE]" classname="org.bukkit.PerMaterialTest" time="0"/>
  <testcase name="isBurnable[74: GLOWING_REDSTONE_ORE]" classname="org.bukkit.PerMaterialTest" time="0"/>
  <testcase name="isEdible[74: GLOWING_REDSTONE_ORE]" classname="org.bukkit.PerMaterialTest" time="0"/>
  <testcase name="maxDurability[74: GLOWING_REDSTONE_ORE]" classname="org.bukkit.PerMaterialTest" time="0"/>
  <testcase name="usesDurability[74: GLOWING_REDSTONE_ORE]" classname="org.bukkit.PerMaterialTest" time="0"/>
  <testcase name="isOccluding[74: GLOWING_REDSTONE_ORE]" classname="org.bukkit.PerMaterialTest" time="0"/>
  <testcase name="isRecord[74: GLOWING_REDSTONE_ORE]" classname="org.bukkit.PerMaterialTest" time="0"/>
  <testcase name="isFlammable[74: GLOWING_REDSTONE_ORE]" classname="org.bukkit.PerMaterialTest" time="0"/>
  <testcase name="maxStackSize[74: GLOWING_REDSTONE_ORE]" classname="org.bukkit.PerMaterialTest" time="0"/>
  <testcase name="isTransparent[74: GLOWING_REDSTONE_ORE]" classname="org.bukkit.PerMaterialTest" time="0"/>
  <testcase name="isSolid[74: GLOWING_REDSTONE_ORE]" classname="org.bukkit.PerMaterialTest" time="0"/>
  <testcase name="hasGravity[75: REDSTONE_TORCH_OFF]" classname="org.bukkit.PerMaterialTest" time="0"/>
  <testcase name="isBurnable[75: REDSTONE_TORCH_OFF]" classname="org.bukkit.PerMaterialTest" time="0"/>
  <testcase name="isEdible[75: REDSTONE_TORCH_OFF]" classname="org.bukkit.PerMaterialTest" time="0"/>
  <testcase name="maxDurability[75: REDSTONE_TORCH_OFF]" classname="org.bukkit.PerMaterialTest" time="0"/>
  <testcase name="usesDurability[75: REDSTONE_TORCH_OFF]" classname="org.bukkit.PerMaterialTest" time="0"/>
  <testcase name="isOccluding[75: REDSTONE_TORCH_OFF]" classname="org.bukkit.PerMaterialTest" time="0"/>
  <testcase name="isRecord[75: REDSTONE_TORCH_OFF]" classname="org.bukkit.PerMaterialTest" time="0"/>
  <testcase name="isFlammable[75: REDSTONE_TORCH_OFF]" classname="org.bukkit.PerMaterialTest" time="0"/>
  <testcase name="maxStackSize[75: REDSTONE_TORCH_OFF]" classname="org.bukkit.PerMaterialTest" time="0"/>
  <testcase name="isTransparent[75: REDSTONE_TORCH_OFF]" classname="org.bukkit.PerMaterialTest" time="0"/>
  <testcase name="isSolid[75: REDSTONE_TORCH_OFF]" classname="org.bukkit.PerMaterialTest" time="0"/>
  <testcase name="hasGravity[76: REDSTONE_TORCH_ON]" classname="org.bukkit.PerMaterialTest" time="0"/>
  <testcase name="isBurnable[76: REDSTONE_TORCH_ON]" classname="org.bukkit.PerMaterialTest" time="0"/>
  <testcase name="isEdible[76: REDSTONE_TORCH_ON]" classname="org.bukkit.PerMaterialTest" time="0"/>
  <testcase name="maxDurability[76: REDSTONE_TORCH_ON]" classname="org.bukkit.PerMaterialTest" time="0"/>
  <testcase name="usesDurability[76: REDSTONE_TORCH_ON]" classname="org.bukkit.PerMaterialTest" time="0"/>
  <testcase name="isOccluding[76: REDSTONE_TORCH_ON]" classname="org.bukkit.PerMaterialTest" time="0"/>
  <testcase name="isRecord[76: REDSTONE_TORCH_ON]" classname="org.bukkit.PerMaterialTest" time="0"/>
  <testcase name="isFlammable[76: REDSTONE_TORCH_ON]" classname="org.bukkit.PerMaterialTest" time="0"/>
  <testcase name="maxStackSize[76: REDSTONE_TORCH_ON]" classname="org.bukkit.PerMaterialTest" time="0"/>
  <testcase name="isTransparent[76: REDSTONE_TORCH_ON]" classname="org.bukkit.PerMaterialTest" time="0"/>
  <testcase name="isSolid[76: REDSTONE_TORCH_ON]" classname="org.bukkit.PerMaterialTest" time="0"/>
  <testcase name="hasGravity[77: STONE_BUTTON]" classname="org.bukkit.PerMaterialTest" time="0"/>
  <testcase name="isBurnable[77: STONE_BUTTON]" classname="org.bukkit.PerMaterialTest" time="0"/>
  <testcase name="isEdible[77: STONE_BUTTON]" classname="org.bukkit.PerMaterialTest" time="0"/>
  <testcase name="maxDurability[77: STONE_BUTTON]" classname="org.bukkit.PerMaterialTest" time="0"/>
  <testcase name="usesDurability[77: STONE_BUTTON]" classname="org.bukkit.PerMaterialTest" time="0"/>
  <testcase name="isOccluding[77: STONE_BUTTON]" classname="org.bukkit.PerMaterialTest" time="0"/>
  <testcase name="isRecord[77: STONE_BUTTON]" classname="org.bukkit.PerMaterialTest" time="0"/>
  <testcase name="isFlammable[77: STONE_BUTTON]" classname="org.bukkit.PerMaterialTest" time="0"/>
  <testcase name="maxStackSize[77: STONE_BUTTON]" classname="org.bukkit.PerMaterialTest" time="0"/>
  <testcase name="isTransparent[77: STONE_BUTTON]" classname="org.bukkit.PerMaterialTest" time="0"/>
  <testcase name="isSolid[77: STONE_BUTTON]" classname="org.bukkit.PerMaterialTest" time="0"/>
  <testcase name="hasGravity[78: SNOW]" classname="org.bukkit.PerMaterialTest" time="0"/>
  <testcase name="isBurnable[78: SNOW]" classname="org.bukkit.PerMaterialTest" time="0"/>
  <testcase name="isEdible[78: SNOW]" classname="org.bukkit.PerMaterialTest" time="0"/>
  <testcase name="maxDurability[78: SNOW]" classname="org.bukkit.PerMaterialTest" time="0"/>
  <testcase name="usesDurability[78: SNOW]" classname="org.bukkit.PerMaterialTest" time="0"/>
  <testcase name="isOccluding[78: SNOW]" classname="org.bukkit.PerMaterialTest" time="0"/>
  <testcase name="isRecord[78: SNOW]" classname="org.bukkit.PerMaterialTest" time="0"/>
  <testcase name="isFlammable[78: SNOW]" classname="org.bukkit.PerMaterialTest" time="0"/>
  <testcase name="maxStackSize[78: SNOW]" classname="org.bukkit.PerMaterialTest" time="0"/>
  <testcase name="isTransparent[78: SNOW]" classname="org.bukkit.PerMaterialTest" time="0"/>
  <testcase name="isSolid[78: SNOW]" classname="org.bukkit.PerMaterialTest" time="0"/>
  <testcase name="hasGravity[79: ICE]" classname="org.bukkit.PerMaterialTest" time="0"/>
  <testcase name="isBurnable[79: ICE]" classname="org.bukkit.PerMaterialTest" time="0"/>
  <testcase name="isEdible[79: ICE]" classname="org.bukkit.PerMaterialTest" time="0"/>
  <testcase name="maxDurability[79: ICE]" classname="org.bukkit.PerMaterialTest" time="0"/>
  <testcase name="usesDurability[79: ICE]" classname="org.bukkit.PerMaterialTest" time="0"/>
  <testcase name="isOccluding[79: ICE]" classname="org.bukkit.PerMaterialTest" time="0"/>
  <testcase name="isRecord[79: ICE]" classname="org.bukkit.PerMaterialTest" time="0"/>
  <testcase name="isFlammable[79: ICE]" classname="org.bukkit.PerMaterialTest" time="0"/>
  <testcase name="maxStackSize[79: ICE]" classname="org.bukkit.PerMaterialTest" time="0"/>
  <testcase name="isTransparent[79: ICE]" classname="org.bukkit.PerMaterialTest" time="0"/>
  <testcase name="isSolid[79: ICE]" classname="org.bukkit.PerMaterialTest" time="0"/>
  <testcase name="hasGravity[80: SNOW_BLOCK]" classname="org.bukkit.PerMaterialTest" time="0"/>
  <testcase name="isBurnable[80: SNOW_BLOCK]" classname="org.bukkit.PerMaterialTest" time="0"/>
  <testcase name="isEdible[80: SNOW_BLOCK]" classname="org.bukkit.PerMaterialTest" time="0"/>
  <testcase name="maxDurability[80: SNOW_BLOCK]" classname="org.bukkit.PerMaterialTest" time="0"/>
  <testcase name="usesDurability[80: SNOW_BLOCK]" classname="org.bukkit.PerMaterialTest" time="0"/>
  <testcase name="isOccluding[80: SNOW_BLOCK]" classname="org.bukkit.PerMaterialTest" time="0"/>
  <testcase name="isRecord[80: SNOW_BLOCK]" classname="org.bukkit.PerMaterialTest" time="0"/>
  <testcase name="isFlammable[80: SNOW_BLOCK]" classname="org.bukkit.PerMaterialTest" time="0"/>
  <testcase name="maxStackSize[80: SNOW_BLOCK]" classname="org.bukkit.PerMaterialTest" time="0"/>
  <testcase name="isTransparent[80: SNOW_BLOCK]" classname="org.bukkit.PerMaterialTest" time="0"/>
  <testcase name="isSolid[80: SNOW_BLOCK]" classname="org.bukkit.PerMaterialTest" time="0"/>
  <testcase name="hasGravity[81: CACTUS]" classname="org.bukkit.PerMaterialTest" time="0"/>
  <testcase name="isBurnable[81: CACTUS]" classname="org.bukkit.PerMaterialTest" time="0"/>
  <testcase name="isEdible[81: CACTUS]" classname="org.bukkit.PerMaterialTest" time="0"/>
  <testcase name="maxDurability[81: CACTUS]" classname="org.bukkit.PerMaterialTest" time="0"/>
  <testcase name="usesDurability[81: CACTUS]" classname="org.bukkit.PerMaterialTest" time="0"/>
  <testcase name="isOccluding[81: CACTUS]" classname="org.bukkit.PerMaterialTest" time="0"/>
  <testcase name="isRecord[81: CACTUS]" classname="org.bukkit.PerMaterialTest" time="0"/>
  <testcase name="isFlammable[81: CACTUS]" classname="org.bukkit.PerMaterialTest" time="0"/>
  <testcase name="maxStackSize[81: CACTUS]" classname="org.bukkit.PerMaterialTest" time="0"/>
  <testcase name="isTransparent[81: CACTUS]" classname="org.bukkit.PerMaterialTest" time="0"/>
  <testcase name="isSolid[81: CACTUS]" classname="org.bukkit.PerMaterialTest" time="0"/>
  <testcase name="hasGravity[82: CLAY]" classname="org.bukkit.PerMaterialTest" time="0"/>
  <testcase name="isBurnable[82: CLAY]" classname="org.bukkit.PerMaterialTest" time="0"/>
  <testcase name="isEdible[82: CLAY]" classname="org.bukkit.PerMaterialTest" time="0"/>
  <testcase name="maxDurability[82: CLAY]" classname="org.bukkit.PerMaterialTest" time="0"/>
  <testcase name="usesDurability[82: CLAY]" classname="org.bukkit.PerMaterialTest" time="0"/>
  <testcase name="isOccluding[82: CLAY]" classname="org.bukkit.PerMaterialTest" time="0"/>
  <testcase name="isRecord[82: CLAY]" classname="org.bukkit.PerMaterialTest" time="0"/>
  <testcase name="isFlammable[82: CLAY]" classname="org.bukkit.PerMaterialTest" time="0"/>
  <testcase name="maxStackSize[82: CLAY]" classname="org.bukkit.PerMaterialTest" time="0"/>
  <testcase name="isTransparent[82: CLAY]" classname="org.bukkit.PerMaterialTest" time="0"/>
  <testcase name="isSolid[82: CLAY]" classname="org.bukkit.PerMaterialTest" time="0"/>
  <testcase name="hasGravity[83: SUGAR_CANE_BLOCK]" classname="org.bukkit.PerMaterialTest" time="0"/>
  <testcase name="isBurnable[83: SUGAR_CANE_BLOCK]" classname="org.bukkit.PerMaterialTest" time="0"/>
  <testcase name="isEdible[83: SUGAR_CANE_BLOCK]" classname="org.bukkit.PerMaterialTest" time="0"/>
  <testcase name="maxDurability[83: SUGAR_CANE_BLOCK]" classname="org.bukkit.PerMaterialTest" time="0"/>
  <testcase name="usesDurability[83: SUGAR_CANE_BLOCK]" classname="org.bukkit.PerMaterialTest" time="0"/>
  <testcase name="isOccluding[83: SUGAR_CANE_BLOCK]" classname="org.bukkit.PerMaterialTest" time="0"/>
  <testcase name="isRecord[83: SUGAR_CANE_BLOCK]" classname="org.bukkit.PerMaterialTest" time="0"/>
  <testcase name="isFlammable[83: SUGAR_CANE_BLOCK]" classname="org.bukkit.PerMaterialTest" time="0"/>
  <testcase name="maxStackSize[83: SUGAR_CANE_BLOCK]" classname="org.bukkit.PerMaterialTest" time="0"/>
  <testcase name="isTransparent[83: SUGAR_CANE_BLOCK]" classname="org.bukkit.PerMaterialTest" time="0"/>
  <testcase name="isSolid[83: SUGAR_CANE_BLOCK]" classname="org.bukkit.PerMaterialTest" time="0"/>
  <testcase name="hasGravity[84: JUKEBOX]" classname="org.bukkit.PerMaterialTest" time="0"/>
  <testcase name="isBurnable[84: JUKEBOX]" classname="org.bukkit.PerMaterialTest" time="0"/>
  <testcase name="isEdible[84: JUKEBOX]" classname="org.bukkit.PerMaterialTest" time="0"/>
  <testcase name="maxDurability[84: JUKEBOX]" classname="org.bukkit.PerMaterialTest" time="0"/>
  <testcase name="usesDurability[84: JUKEBOX]" classname="org.bukkit.PerMaterialTest" time="0"/>
  <testcase name="isOccluding[84: JUKEBOX]" classname="org.bukkit.PerMaterialTest" time="0"/>
  <testcase name="isRecord[84: JUKEBOX]" classname="org.bukkit.PerMaterialTest" time="0"/>
  <testcase name="isFlammable[84: JUKEBOX]" classname="org.bukkit.PerMaterialTest" time="0"/>
  <testcase name="maxStackSize[84: JUKEBOX]" classname="org.bukkit.PerMaterialTest" time="0"/>
  <testcase name="isTransparent[84: JUKEBOX]" classname="org.bukkit.PerMaterialTest" time="0"/>
  <testcase name="isSolid[84: JUKEBOX]" classname="org.bukkit.PerMaterialTest" time="0"/>
  <testcase name="hasGravity[85: FENCE]" classname="org.bukkit.PerMaterialTest" time="0"/>
  <testcase name="isBurnable[85: FENCE]" classname="org.bukkit.PerMaterialTest" time="0"/>
  <testcase name="isEdible[85: FENCE]" classname="org.bukkit.PerMaterialTest" time="0"/>
  <testcase name="maxDurability[85: FENCE]" classname="org.bukkit.PerMaterialTest" time="0"/>
  <testcase name="usesDurability[85: FENCE]" classname="org.bukkit.PerMaterialTest" time="0"/>
  <testcase name="isOccluding[85: FENCE]" classname="org.bukkit.PerMaterialTest" time="0"/>
  <testcase name="isRecord[85: FENCE]" classname="org.bukkit.PerMaterialTest" time="0"/>
  <testcase name="isFlammable[85: FENCE]" classname="org.bukkit.PerMaterialTest" time="0"/>
  <testcase name="maxStackSize[85: FENCE]" classname="org.bukkit.PerMaterialTest" time="0"/>
  <testcase name="isTransparent[85: FENCE]" classname="org.bukkit.PerMaterialTest" time="0"/>
  <testcase name="isSolid[85: FENCE]" classname="org.bukkit.PerMaterialTest" time="0"/>
  <testcase name="hasGravity[86: PUMPKIN]" classname="org.bukkit.PerMaterialTest" time="0"/>
  <testcase name="isBurnable[86: PUMPKIN]" classname="org.bukkit.PerMaterialTest" time="0"/>
  <testcase name="isEdible[86: PUMPKIN]" classname="org.bukkit.PerMaterialTest" time="0"/>
  <testcase name="maxDurability[86: PUMPKIN]" classname="org.bukkit.PerMaterialTest" time="0"/>
  <testcase name="usesDurability[86: PUMPKIN]" classname="org.bukkit.PerMaterialTest" time="0"/>
  <testcase name="isOccluding[86: PUMPKIN]" classname="org.bukkit.PerMaterialTest" time="0"/>
  <testcase name="isRecord[86: PUMPKIN]" classname="org.bukkit.PerMaterialTest" time="0"/>
  <testcase name="isFlammable[86: PUMPKIN]" classname="org.bukkit.PerMaterialTest" time="0"/>
  <testcase name="maxStackSize[86: PUMPKIN]" classname="org.bukkit.PerMaterialTest" time="0"/>
  <testcase name="isTransparent[86: PUMPKIN]" classname="org.bukkit.PerMaterialTest" time="0"/>
  <testcase name="isSolid[86: PUMPKIN]" classname="org.bukkit.PerMaterialTest" time="0"/>
  <testcase name="hasGravity[87: NETHERRACK]" classname="org.bukkit.PerMaterialTest" time="0"/>
  <testcase name="isBurnable[87: NETHERRACK]" classname="org.bukkit.PerMaterialTest" time="0"/>
  <testcase name="isEdible[87: NETHERRACK]" classname="org.bukkit.PerMaterialTest" time="0"/>
  <testcase name="maxDurability[87: NETHERRACK]" classname="org.bukkit.PerMaterialTest" time="0"/>
  <testcase name="usesDurability[87: NETHERRACK]" classname="org.bukkit.PerMaterialTest" time="0"/>
  <testcase name="isOccluding[87: NETHERRACK]" classname="org.bukkit.PerMaterialTest" time="0"/>
  <testcase name="isRecord[87: NETHERRACK]" classname="org.bukkit.PerMaterialTest" time="0"/>
  <testcase name="isFlammable[87: NETHERRACK]" classname="org.bukkit.PerMaterialTest" time="0"/>
  <testcase name="maxStackSize[87: NETHERRACK]" classname="org.bukkit.PerMaterialTest" time="0"/>
  <testcase name="isTransparent[87: NETHERRACK]" classname="org.bukkit.PerMaterialTest" time="0"/>
  <testcase name="isSolid[87: NETHERRACK]" classname="org.bukkit.PerMaterialTest" time="0"/>
  <testcase name="hasGravity[88: SOUL_SAND]" classname="org.bukkit.PerMaterialTest" time="0"/>
  <testcase name="isBurnable[88: SOUL_SAND]" classname="org.bukkit.PerMaterialTest" time="0"/>
  <testcase name="isEdible[88: SOUL_SAND]" classname="org.bukkit.PerMaterialTest" time="0"/>
  <testcase name="maxDurability[88: SOUL_SAND]" classname="org.bukkit.PerMaterialTest" time="0"/>
  <testcase name="usesDurability[88: SOUL_SAND]" classname="org.bukkit.PerMaterialTest" time="0"/>
  <testcase name="isOccluding[88: SOUL_SAND]" classname="org.bukkit.PerMaterialTest" time="0"/>
  <testcase name="isRecord[88: SOUL_SAND]" classname="org.bukkit.PerMaterialTest" time="0"/>
  <testcase name="isFlammable[88: SOUL_SAND]" classname="org.bukkit.PerMaterialTest" time="0"/>
  <testcase name="maxStackSize[88: SOUL_SAND]" classname="org.bukkit.PerMaterialTest" time="0"/>
  <testcase name="isTransparent[88: SOUL_SAND]" classname="org.bukkit.PerMaterialTest" time="0"/>
  <testcase name="isSolid[88: SOUL_SAND]" classname="org.bukkit.PerMaterialTest" time="0"/>
  <testcase name="hasGravity[89: GLOWSTONE]" classname="org.bukkit.PerMaterialTest" time="0"/>
  <testcase name="isBurnable[89: GLOWSTONE]" classname="org.bukkit.PerMaterialTest" time="0"/>
  <testcase name="isEdible[89: GLOWSTONE]" classname="org.bukkit.PerMaterialTest" time="0"/>
  <testcase name="maxDurability[89: GLOWSTONE]" classname="org.bukkit.PerMaterialTest" time="0"/>
  <testcase name="usesDurability[89: GLOWSTONE]" classname="org.bukkit.PerMaterialTest" time="0"/>
  <testcase name="isOccluding[89: GLOWSTONE]" classname="org.bukkit.PerMaterialTest" time="0"/>
  <testcase name="isRecord[89: GLOWSTONE]" classname="org.bukkit.PerMaterialTest" time="0"/>
  <testcase name="isFlammable[89: GLOWSTONE]" classname="org.bukkit.PerMaterialTest" time="0"/>
  <testcase name="maxStackSize[89: GLOWSTONE]" classname="org.bukkit.PerMaterialTest" time="0"/>
  <testcase name="isTransparent[89: GLOWSTONE]" classname="org.bukkit.PerMaterialTest" time="0"/>
  <testcase name="isSolid[89: GLOWSTONE]" classname="org.bukkit.PerMaterialTest" time="0"/>
  <testcase name="hasGravity[90: PORTAL]" classname="org.bukkit.PerMaterialTest" time="0"/>
  <testcase name="isBurnable[90: PORTAL]" classname="org.bukkit.PerMaterialTest" time="0"/>
  <testcase name="isEdible[90: PORTAL]" classname="org.bukkit.PerMaterialTest" time="0"/>
  <testcase name="maxDurability[90: PORTAL]" classname="org.bukkit.PerMaterialTest" time="0"/>
  <testcase name="usesDurability[90: PORTAL]" classname="org.bukkit.PerMaterialTest" time="0"/>
  <testcase name="isOccluding[90: PORTAL]" classname="org.bukkit.PerMaterialTest" time="0"/>
  <testcase name="isRecord[90: PORTAL]" classname="org.bukkit.PerMaterialTest" time="0"/>
  <testcase name="isFlammable[90: PORTAL]" classname="org.bukkit.PerMaterialTest" time="0"/>
  <testcase name="maxStackSize[90: PORTAL]" classname="org.bukkit.PerMaterialTest" time="0"/>
  <testcase name="isTransparent[90: PORTAL]" classname="org.bukkit.PerMaterialTest" time="0"/>
  <testcase name="isSolid[90: PORTAL]" classname="org.bukkit.PerMaterialTest" time="0"/>
  <testcase name="hasGravity[91: JACK_O_LANTERN]" classname="org.bukkit.PerMaterialTest" time="0"/>
  <testcase name="isBurnable[91: JACK_O_LANTERN]" classname="org.bukkit.PerMaterialTest" time="0"/>
  <testcase name="isEdible[91: JACK_O_LANTERN]" classname="org.bukkit.PerMaterialTest" time="0"/>
  <testcase name="maxDurability[91: JACK_O_LANTERN]" classname="org.bukkit.PerMaterialTest" time="0"/>
  <testcase name="usesDurability[91: JACK_O_LANTERN]" classname="org.bukkit.PerMaterialTest" time="0"/>
  <testcase name="isOccluding[91: JACK_O_LANTERN]" classname="org.bukkit.PerMaterialTest" time="0"/>
  <testcase name="isRecord[91: JACK_O_LANTERN]" classname="org.bukkit.PerMaterialTest" time="0"/>
  <testcase name="isFlammable[91: JACK_O_LANTERN]" classname="org.bukkit.PerMaterialTest" time="0"/>
  <testcase name="maxStackSize[91: JACK_O_LANTERN]" classname="org.bukkit.PerMaterialTest" time="0"/>
  <testcase name="isTransparent[91: JACK_O_LANTERN]" classname="org.bukkit.PerMaterialTest" time="0"/>
  <testcase name="isSolid[91: JACK_O_LANTERN]" classname="org.bukkit.PerMaterialTest" time="0"/>
  <testcase name="hasGravity[92: CAKE_BLOCK]" classname="org.bukkit.PerMaterialTest" time="0"/>
  <testcase name="isBurnable[92: CAKE_BLOCK]" classname="org.bukkit.PerMaterialTest" time="0"/>
  <testcase name="isEdible[92: CAKE_BLOCK]" classname="org.bukkit.PerMaterialTest" time="0"/>
  <testcase name="maxDurability[92: CAKE_BLOCK]" classname="org.bukkit.PerMaterialTest" time="0"/>
  <testcase name="usesDurability[92: CAKE_BLOCK]" classname="org.bukkit.PerMaterialTest" time="0"/>
  <testcase name="isOccluding[92: CAKE_BLOCK]" classname="org.bukkit.PerMaterialTest" time="0"/>
  <testcase name="isRecord[92: CAKE_BLOCK]" classname="org.bukkit.PerMaterialTest" time="0.003"/>
  <testcase name="isFlammable[92: CAKE_BLOCK]" classname="org.bukkit.PerMaterialTest" time="0"/>
  <testcase name="maxStackSize[92: CAKE_BLOCK]" classname="org.bukkit.PerMaterialTest" time="0"/>
  <testcase name="isTransparent[92: CAKE_BLOCK]" classname="org.bukkit.PerMaterialTest" time="0"/>
  <testcase name="isSolid[92: CAKE_BLOCK]" classname="org.bukkit.PerMaterialTest" time="0"/>
  <testcase name="hasGravity[93: DIODE_BLOCK_OFF]" classname="org.bukkit.PerMaterialTest" time="0"/>
  <testcase name="isBurnable[93: DIODE_BLOCK_OFF]" classname="org.bukkit.PerMaterialTest" time="0"/>
  <testcase name="isEdible[93: DIODE_BLOCK_OFF]" classname="org.bukkit.PerMaterialTest" time="0"/>
  <testcase name="maxDurability[93: DIODE_BLOCK_OFF]" classname="org.bukkit.PerMaterialTest" time="0"/>
  <testcase name="usesDurability[93: DIODE_BLOCK_OFF]" classname="org.bukkit.PerMaterialTest" time="0"/>
  <testcase name="isOccluding[93: DIODE_BLOCK_OFF]" classname="org.bukkit.PerMaterialTest" time="0"/>
  <testcase name="isRecord[93: DIODE_BLOCK_OFF]" classname="org.bukkit.PerMaterialTest" time="0"/>
  <testcase name="isFlammable[93: DIODE_BLOCK_OFF]" classname="org.bukkit.PerMaterialTest" time="0"/>
  <testcase name="maxStackSize[93: DIODE_BLOCK_OFF]" classname="org.bukkit.PerMaterialTest" time="0"/>
  <testcase name="isTransparent[93: DIODE_BLOCK_OFF]" classname="org.bukkit.PerMaterialTest" time="0"/>
  <testcase name="isSolid[93: DIODE_BLOCK_OFF]" classname="org.bukkit.PerMaterialTest" time="0"/>
  <testcase name="hasGravity[94: DIODE_BLOCK_ON]" classname="org.bukkit.PerMaterialTest" time="0"/>
  <testcase name="isBurnable[94: DIODE_BLOCK_ON]" classname="org.bukkit.PerMaterialTest" time="0"/>
  <testcase name="isEdible[94: DIODE_BLOCK_ON]" classname="org.bukkit.PerMaterialTest" time="0"/>
  <testcase name="maxDurability[94: DIODE_BLOCK_ON]" classname="org.bukkit.PerMaterialTest" time="0"/>
  <testcase name="usesDurability[94: DIODE_BLOCK_ON]" classname="org.bukkit.PerMaterialTest" time="0"/>
  <testcase name="isOccluding[94: DIODE_BLOCK_ON]" classname="org.bukkit.PerMaterialTest" time="0"/>
  <testcase name="isRecord[94: DIODE_BLOCK_ON]" classname="org.bukkit.PerMaterialTest" time="0"/>
  <testcase name="isFlammable[94: DIODE_BLOCK_ON]" classname="org.bukkit.PerMaterialTest" time="0"/>
  <testcase name="maxStackSize[94: DIODE_BLOCK_ON]" classname="org.bukkit.PerMaterialTest" time="0"/>
  <testcase name="isTransparent[94: DIODE_BLOCK_ON]" classname="org.bukkit.PerMaterialTest" time="0"/>
  <testcase name="isSolid[94: DIODE_BLOCK_ON]" classname="org.bukkit.PerMaterialTest" time="0"/>
  <testcase name="hasGravity[95: STAINED_GLASS]" classname="org.bukkit.PerMaterialTest" time="0"/>
  <testcase name="isBurnable[95: STAINED_GLASS]" classname="org.bukkit.PerMaterialTest" time="0"/>
  <testcase name="isEdible[95: STAINED_GLASS]" classname="org.bukkit.PerMaterialTest" time="0"/>
  <testcase name="maxDurability[95: STAINED_GLASS]" classname="org.bukkit.PerMaterialTest" time="0"/>
  <testcase name="usesDurability[95: STAINED_GLASS]" classname="org.bukkit.PerMaterialTest" time="0"/>
  <testcase name="isOccluding[95: STAINED_GLASS]" classname="org.bukkit.PerMaterialTest" time="0"/>
  <testcase name="isRecord[95: STAINED_GLASS]" classname="org.bukkit.PerMaterialTest" time="0"/>
  <testcase name="isFlammable[95: STAINED_GLASS]" classname="org.bukkit.PerMaterialTest" time="0"/>
  <testcase name="maxStackSize[95: STAINED_GLASS]" classname="org.bukkit.PerMaterialTest" time="0"/>
  <testcase name="isTransparent[95: STAINED_GLASS]" classname="org.bukkit.PerMaterialTest" time="0"/>
  <testcase name="isSolid[95: STAINED_GLASS]" classname="org.bukkit.PerMaterialTest" time="0"/>
  <testcase name="hasGravity[96: TRAP_DOOR]" classname="org.bukkit.PerMaterialTest" time="0.001"/>
  <testcase name="isBurnable[96: TRAP_DOOR]" classname="org.bukkit.PerMaterialTest" time="0"/>
  <testcase name="isEdible[96: TRAP_DOOR]" classname="org.bukkit.PerMaterialTest" time="0"/>
  <testcase name="maxDurability[96: TRAP_DOOR]" classname="org.bukkit.PerMaterialTest" time="0"/>
  <testcase name="usesDurability[96: TRAP_DOOR]" classname="org.bukkit.PerMaterialTest" time="0"/>
  <testcase name="isOccluding[96: TRAP_DOOR]" classname="org.bukkit.PerMaterialTest" time="0.001"/>
  <testcase name="isRecord[96: TRAP_DOOR]" classname="org.bukkit.PerMaterialTest" time="0"/>
  <testcase name="isFlammable[96: TRAP_DOOR]" classname="org.bukkit.PerMaterialTest" time="0"/>
  <testcase name="maxStackSize[96: TRAP_DOOR]" classname="org.bukkit.PerMaterialTest" time="0"/>
  <testcase name="isTransparent[96: TRAP_DOOR]" classname="org.bukkit.PerMaterialTest" time="0"/>
  <testcase name="isSolid[96: TRAP_DOOR]" classname="org.bukkit.PerMaterialTest" time="0"/>
  <testcase name="hasGravity[97: MONSTER_EGGS]" classname="org.bukkit.PerMaterialTest" time="0"/>
  <testcase name="isBurnable[97: MONSTER_EGGS]" classname="org.bukkit.PerMaterialTest" time="0"/>
  <testcase name="isEdible[97: MONSTER_EGGS]" classname="org.bukkit.PerMaterialTest" time="0"/>
  <testcase name="maxDurability[97: MONSTER_EGGS]" classname="org.bukkit.PerMaterialTest" time="0"/>
  <testcase name="usesDurability[97: MONSTER_EGGS]" classname="org.bukkit.PerMaterialTest" time="0"/>
  <testcase name="isOccluding[97: MONSTER_EGGS]" classname="org.bukkit.PerMaterialTest" time="0"/>
  <testcase name="isRecord[97: MONSTER_EGGS]" classname="org.bukkit.PerMaterialTest" time="0"/>
  <testcase name="isFlammable[97: MONSTER_EGGS]" classname="org.bukkit.PerMaterialTest" time="0"/>
  <testcase name="maxStackSize[97: MONSTER_EGGS]" classname="org.bukkit.PerMaterialTest" time="0"/>
  <testcase name="isTransparent[97: MONSTER_EGGS]" classname="org.bukkit.PerMaterialTest" time="0"/>
  <testcase name="isSolid[97: MONSTER_EGGS]" classname="org.bukkit.PerMaterialTest" time="0"/>
  <testcase name="hasGravity[98: SMOOTH_BRICK]" classname="org.bukkit.PerMaterialTest" time="0"/>
  <testcase name="isBurnable[98: SMOOTH_BRICK]" classname="org.bukkit.PerMaterialTest" time="0"/>
  <testcase name="isEdible[98: SMOOTH_BRICK]" classname="org.bukkit.PerMaterialTest" time="0"/>
  <testcase name="maxDurability[98: SMOOTH_BRICK]" classname="org.bukkit.PerMaterialTest" time="0"/>
  <testcase name="usesDurability[98: SMOOTH_BRICK]" classname="org.bukkit.PerMaterialTest" time="0"/>
  <testcase name="isOccluding[98: SMOOTH_BRICK]" classname="org.bukkit.PerMaterialTest" time="0"/>
  <testcase name="isRecord[98: SMOOTH_BRICK]" classname="org.bukkit.PerMaterialTest" time="0"/>
  <testcase name="isFlammable[98: SMOOTH_BRICK]" classname="org.bukkit.PerMaterialTest" time="0"/>
  <testcase name="maxStackSize[98: SMOOTH_BRICK]" classname="org.bukkit.PerMaterialTest" time="0"/>
  <testcase name="isTransparent[98: SMOOTH_BRICK]" classname="org.bukkit.PerMaterialTest" time="0"/>
  <testcase name="isSolid[98: SMOOTH_BRICK]" classname="org.bukkit.PerMaterialTest" time="0"/>
  <testcase name="hasGravity[99: HUGE_MUSHROOM_1]" classname="org.bukkit.PerMaterialTest" time="0"/>
  <testcase name="isBurnable[99: HUGE_MUSHROOM_1]" classname="org.bukkit.PerMaterialTest" time="0"/>
  <testcase name="isEdible[99: HUGE_MUSHROOM_1]" classname="org.bukkit.PerMaterialTest" time="0"/>
  <testcase name="maxDurability[99: HUGE_MUSHROOM_1]" classname="org.bukkit.PerMaterialTest" time="0"/>
  <testcase name="usesDurability[99: HUGE_MUSHROOM_1]" classname="org.bukkit.PerMaterialTest" time="0"/>
  <testcase name="isOccluding[99: HUGE_MUSHROOM_1]" classname="org.bukkit.PerMaterialTest" time="0"/>
  <testcase name="isRecord[99: HUGE_MUSHROOM_1]" classname="org.bukkit.PerMaterialTest" time="0"/>
  <testcase name="isFlammable[99: HUGE_MUSHROOM_1]" classname="org.bukkit.PerMaterialTest" time="0"/>
  <testcase name="maxStackSize[99: HUGE_MUSHROOM_1]" classname="org.bukkit.PerMaterialTest" time="0"/>
  <testcase name="isTransparent[99: HUGE_MUSHROOM_1]" classname="org.bukkit.PerMaterialTest" time="0"/>
  <testcase name="isSolid[99: HUGE_MUSHROOM_1]" classname="org.bukkit.PerMaterialTest" time="0"/>
  <testcase name="hasGravity[100: HUGE_MUSHROOM_2]" classname="org.bukkit.PerMaterialTest" time="0"/>
  <testcase name="isBurnable[100: HUGE_MUSHROOM_2]" classname="org.bukkit.PerMaterialTest" time="0"/>
  <testcase name="isEdible[100: HUGE_MUSHROOM_2]" classname="org.bukkit.PerMaterialTest" time="0"/>
  <testcase name="maxDurability[100: HUGE_MUSHROOM_2]" classname="org.bukkit.PerMaterialTest" time="0.001"/>
  <testcase name="usesDurability[100: HUGE_MUSHROOM_2]" classname="org.bukkit.PerMaterialTest" time="0"/>
  <testcase name="isOccluding[100: HUGE_MUSHROOM_2]" classname="org.bukkit.PerMaterialTest" time="0"/>
  <testcase name="isRecord[100: HUGE_MUSHROOM_2]" classname="org.bukkit.PerMaterialTest" time="0"/>
  <testcase name="isFlammable[100: HUGE_MUSHROOM_2]" classname="org.bukkit.PerMaterialTest" time="0"/>
  <testcase name="maxStackSize[100: HUGE_MUSHROOM_2]" classname="org.bukkit.PerMaterialTest" time="0"/>
  <testcase name="isTransparent[100: HUGE_MUSHROOM_2]" classname="org.bukkit.PerMaterialTest" time="0"/>
  <testcase name="isSolid[100: HUGE_MUSHROOM_2]" classname="org.bukkit.PerMaterialTest" time="0"/>
  <testcase name="hasGravity[101: IRON_FENCE]" classname="org.bukkit.PerMaterialTest" time="0"/>
  <testcase name="isBurnable[101: IRON_FENCE]" classname="org.bukkit.PerMaterialTest" time="0"/>
  <testcase name="isEdible[101: IRON_FENCE]" classname="org.bukkit.PerMaterialTest" time="0"/>
  <testcase name="maxDurability[101: IRON_FENCE]" classname="org.bukkit.PerMaterialTest" time="0"/>
  <testcase name="usesDurability[101: IRON_FENCE]" classname="org.bukkit.PerMaterialTest" time="0"/>
  <testcase name="isOccluding[101: IRON_FENCE]" classname="org.bukkit.PerMaterialTest" time="0"/>
  <testcase name="isRecord[101: IRON_FENCE]" classname="org.bukkit.PerMaterialTest" time="0"/>
  <testcase name="isFlammable[101: IRON_FENCE]" classname="org.bukkit.PerMaterialTest" time="0"/>
  <testcase name="maxStackSize[101: IRON_FENCE]" classname="org.bukkit.PerMaterialTest" time="0"/>
  <testcase name="isTransparent[101: IRON_FENCE]" classname="org.bukkit.PerMaterialTest" time="0"/>
  <testcase name="isSolid[101: IRON_FENCE]" classname="org.bukkit.PerMaterialTest" time="0"/>
  <testcase name="hasGravity[102: THIN_GLASS]" classname="org.bukkit.PerMaterialTest" time="0"/>
  <testcase name="isBurnable[102: THIN_GLASS]" classname="org.bukkit.PerMaterialTest" time="0"/>
  <testcase name="isEdible[102: THIN_GLASS]" classname="org.bukkit.PerMaterialTest" time="0"/>
  <testcase name="maxDurability[102: THIN_GLASS]" classname="org.bukkit.PerMaterialTest" time="0"/>
  <testcase name="usesDurability[102: THIN_GLASS]" classname="org.bukkit.PerMaterialTest" time="0"/>
  <testcase name="isOccluding[102: THIN_GLASS]" classname="org.bukkit.PerMaterialTest" time="0"/>
  <testcase name="isRecord[102: THIN_GLASS]" classname="org.bukkit.PerMaterialTest" time="0"/>
  <testcase name="isFlammable[102: THIN_GLASS]" classname="org.bukkit.PerMaterialTest" time="0"/>
  <testcase name="maxStackSize[102: THIN_GLASS]" classname="org.bukkit.PerMaterialTest" time="0"/>
  <testcase name="isTransparent[102: THIN_GLASS]" classname="org.bukkit.PerMaterialTest" time="0"/>
  <testcase name="isSolid[102: THIN_GLASS]" classname="org.bukkit.PerMaterialTest" time="0"/>
  <testcase name="hasGravity[103: MELON_BLOCK]" classname="org.bukkit.PerMaterialTest" time="0"/>
  <testcase name="isBurnable[103: MELON_BLOCK]" classname="org.bukkit.PerMaterialTest" time="0"/>
  <testcase name="isEdible[103: MELON_BLOCK]" classname="org.bukkit.PerMaterialTest" time="0"/>
  <testcase name="maxDurability[103: MELON_BLOCK]" classname="org.bukkit.PerMaterialTest" time="0"/>
  <testcase name="usesDurability[103: MELON_BLOCK]" classname="org.bukkit.PerMaterialTest" time="0"/>
  <testcase name="isOccluding[103: MELON_BLOCK]" classname="org.bukkit.PerMaterialTest" time="0"/>
  <testcase name="isRecord[103: MELON_BLOCK]" classname="org.bukkit.PerMaterialTest" time="0"/>
  <testcase name="isFlammable[103: MELON_BLOCK]" classname="org.bukkit.PerMaterialTest" time="0"/>
  <testcase name="maxStackSize[103: MELON_BLOCK]" classname="org.bukkit.PerMaterialTest" time="0"/>
  <testcase name="isTransparent[103: MELON_BLOCK]" classname="org.bukkit.PerMaterialTest" time="0"/>
  <testcase name="isSolid[103: MELON_BLOCK]" classname="org.bukkit.PerMaterialTest" time="0"/>
  <testcase name="hasGravity[104: PUMPKIN_STEM]" classname="org.bukkit.PerMaterialTest" time="0"/>
  <testcase name="isBurnable[104: PUMPKIN_STEM]" classname="org.bukkit.PerMaterialTest" time="0"/>
  <testcase name="isEdible[104: PUMPKIN_STEM]" classname="org.bukkit.PerMaterialTest" time="0"/>
  <testcase name="maxDurability[104: PUMPKIN_STEM]" classname="org.bukkit.PerMaterialTest" time="0"/>
  <testcase name="usesDurability[104: PUMPKIN_STEM]" classname="org.bukkit.PerMaterialTest" time="0"/>
  <testcase name="isOccluding[104: PUMPKIN_STEM]" classname="org.bukkit.PerMaterialTest" time="0"/>
  <testcase name="isRecord[104: PUMPKIN_STEM]" classname="org.bukkit.PerMaterialTest" time="0"/>
  <testcase name="isFlammable[104: PUMPKIN_STEM]" classname="org.bukkit.PerMaterialTest" time="0"/>
  <testcase name="maxStackSize[104: PUMPKIN_STEM]" classname="org.bukkit.PerMaterialTest" time="0"/>
  <testcase name="isTransparent[104: PUMPKIN_STEM]" classname="org.bukkit.PerMaterialTest" time="0"/>
  <testcase name="isSolid[104: PUMPKIN_STEM]" classname="org.bukkit.PerMaterialTest" time="0"/>
  <testcase name="hasGravity[105: MELON_STEM]" classname="org.bukkit.PerMaterialTest" time="0"/>
  <testcase name="isBurnable[105: MELON_STEM]" classname="org.bukkit.PerMaterialTest" time="0"/>
  <testcase name="isEdible[105: MELON_STEM]" classname="org.bukkit.PerMaterialTest" time="0"/>
  <testcase name="maxDurability[105: MELON_STEM]" classname="org.bukkit.PerMaterialTest" time="0"/>
  <testcase name="usesDurability[105: MELON_STEM]" classname="org.bukkit.PerMaterialTest" time="0"/>
  <testcase name="isOccluding[105: MELON_STEM]" classname="org.bukkit.PerMaterialTest" time="0"/>
  <testcase name="isRecord[105: MELON_STEM]" classname="org.bukkit.PerMaterialTest" time="0"/>
  <testcase name="isFlammable[105: MELON_STEM]" classname="org.bukkit.PerMaterialTest" time="0"/>
  <testcase name="maxStackSize[105: MELON_STEM]" classname="org.bukkit.PerMaterialTest" time="0"/>
  <testcase name="isTransparent[105: MELON_STEM]" classname="org.bukkit.PerMaterialTest" time="0"/>
  <testcase name="isSolid[105: MELON_STEM]" classname="org.bukkit.PerMaterialTest" time="0"/>
  <testcase name="hasGravity[106: VINE]" classname="org.bukkit.PerMaterialTest" time="0"/>
  <testcase name="isBurnable[106: VINE]" classname="org.bukkit.PerMaterialTest" time="0"/>
  <testcase name="isEdible[106: VINE]" classname="org.bukkit.PerMaterialTest" time="0"/>
  <testcase name="maxDurability[106: VINE]" classname="org.bukkit.PerMaterialTest" time="0"/>
  <testcase name="usesDurability[106: VINE]" classname="org.bukkit.PerMaterialTest" time="0"/>
  <testcase name="isOccluding[106: VINE]" classname="org.bukkit.PerMaterialTest" time="0"/>
  <testcase name="isRecord[106: VINE]" classname="org.bukkit.PerMaterialTest" time="0.003"/>
  <testcase name="isFlammable[106: VINE]" classname="org.bukkit.PerMaterialTest" time="0"/>
  <testcase name="maxStackSize[106: VINE]" classname="org.bukkit.PerMaterialTest" time="0"/>
  <testcase name="isTransparent[106: VINE]" classname="org.bukkit.PerMaterialTest" time="0"/>
  <testcase name="isSolid[106: VINE]" classname="org.bukkit.PerMaterialTest" time="0"/>
  <testcase name="hasGravity[107: FENCE_GATE]" classname="org.bukkit.PerMaterialTest" time="0"/>
  <testcase name="isBurnable[107: FENCE_GATE]" classname="org.bukkit.PerMaterialTest" time="0"/>
  <testcase name="isEdible[107: FENCE_GATE]" classname="org.bukkit.PerMaterialTest" time="0"/>
  <testcase name="maxDurability[107: FENCE_GATE]" classname="org.bukkit.PerMaterialTest" time="0"/>
  <testcase name="usesDurability[107: FENCE_GATE]" classname="org.bukkit.PerMaterialTest" time="0"/>
  <testcase name="isOccluding[107: FENCE_GATE]" classname="org.bukkit.PerMaterialTest" time="0"/>
  <testcase name="isRecord[107: FENCE_GATE]" classname="org.bukkit.PerMaterialTest" time="0"/>
  <testcase name="isFlammable[107: FENCE_GATE]" classname="org.bukkit.PerMaterialTest" time="0"/>
  <testcase name="maxStackSize[107: FENCE_GATE]" classname="org.bukkit.PerMaterialTest" time="0"/>
  <testcase name="isTransparent[107: FENCE_GATE]" classname="org.bukkit.PerMaterialTest" time="0"/>
  <testcase name="isSolid[107: FENCE_GATE]" classname="org.bukkit.PerMaterialTest" time="0"/>
  <testcase name="hasGravity[108: BRICK_STAIRS]" classname="org.bukkit.PerMaterialTest" time="0"/>
  <testcase name="isBurnable[108: BRICK_STAIRS]" classname="org.bukkit.PerMaterialTest" time="0"/>
  <testcase name="isEdible[108: BRICK_STAIRS]" classname="org.bukkit.PerMaterialTest" time="0"/>
  <testcase name="maxDurability[108: BRICK_STAIRS]" classname="org.bukkit.PerMaterialTest" time="0"/>
  <testcase name="usesDurability[108: BRICK_STAIRS]" classname="org.bukkit.PerMaterialTest" time="0"/>
  <testcase name="isOccluding[108: BRICK_STAIRS]" classname="org.bukkit.PerMaterialTest" time="0"/>
  <testcase name="isRecord[108: BRICK_STAIRS]" classname="org.bukkit.PerMaterialTest" time="0"/>
  <testcase name="isFlammable[108: BRICK_STAIRS]" classname="org.bukkit.PerMaterialTest" time="0"/>
  <testcase name="maxStackSize[108: BRICK_STAIRS]" classname="org.bukkit.PerMaterialTest" time="0"/>
  <testcase name="isTransparent[108: BRICK_STAIRS]" classname="org.bukkit.PerMaterialTest" time="0"/>
  <testcase name="isSolid[108: BRICK_STAIRS]" classname="org.bukkit.PerMaterialTest" time="0"/>
  <testcase name="hasGravity[109: SMOOTH_STAIRS]" classname="org.bukkit.PerMaterialTest" time="0"/>
  <testcase name="isBurnable[109: SMOOTH_STAIRS]" classname="org.bukkit.PerMaterialTest" time="0"/>
  <testcase name="isEdible[109: SMOOTH_STAIRS]" classname="org.bukkit.PerMaterialTest" time="0"/>
  <testcase name="maxDurability[109: SMOOTH_STAIRS]" classname="org.bukkit.PerMaterialTest" time="0"/>
  <testcase name="usesDurability[109: SMOOTH_STAIRS]" classname="org.bukkit.PerMaterialTest" time="0"/>
  <testcase name="isOccluding[109: SMOOTH_STAIRS]" classname="org.bukkit.PerMaterialTest" time="0"/>
  <testcase name="isRecord[109: SMOOTH_STAIRS]" classname="org.bukkit.PerMaterialTest" time="0"/>
  <testcase name="isFlammable[109: SMOOTH_STAIRS]" classname="org.bukkit.PerMaterialTest" time="0"/>
  <testcase name="maxStackSize[109: SMOOTH_STAIRS]" classname="org.bukkit.PerMaterialTest" time="0"/>
  <testcase name="isTransparent[109: SMOOTH_STAIRS]" classname="org.bukkit.PerMaterialTest" time="0"/>
  <testcase name="isSolid[109: SMOOTH_STAIRS]" classname="org.bukkit.PerMaterialTest" time="0"/>
  <testcase name="hasGravity[110: MYCEL]" classname="org.bukkit.PerMaterialTest" time="0"/>
  <testcase name="isBurnable[110: MYCEL]" classname="org.bukkit.PerMaterialTest" time="0"/>
  <testcase name="isEdible[110: MYCEL]" classname="org.bukkit.PerMaterialTest" time="0"/>
  <testcase name="maxDurability[110: MYCEL]" classname="org.bukkit.PerMaterialTest" time="0"/>
  <testcase name="usesDurability[110: MYCEL]" classname="org.bukkit.PerMaterialTest" time="0"/>
  <testcase name="isOccluding[110: MYCEL]" classname="org.bukkit.PerMaterialTest" time="0"/>
  <testcase name="isRecord[110: MYCEL]" classname="org.bukkit.PerMaterialTest" time="0"/>
  <testcase name="isFlammable[110: MYCEL]" classname="org.bukkit.PerMaterialTest" time="0"/>
  <testcase name="maxStackSize[110: MYCEL]" classname="org.bukkit.PerMaterialTest" time="0"/>
  <testcase name="isTransparent[110: MYCEL]" classname="org.bukkit.PerMaterialTest" time="0"/>
  <testcase name="isSolid[110: MYCEL]" classname="org.bukkit.PerMaterialTest" time="0"/>
  <testcase name="hasGravity[111: WATER_LILY]" classname="org.bukkit.PerMaterialTest" time="0"/>
  <testcase name="isBurnable[111: WATER_LILY]" classname="org.bukkit.PerMaterialTest" time="0"/>
  <testcase name="isEdible[111: WATER_LILY]" classname="org.bukkit.PerMaterialTest" time="0"/>
  <testcase name="maxDurability[111: WATER_LILY]" classname="org.bukkit.PerMaterialTest" time="0"/>
  <testcase name="usesDurability[111: WATER_LILY]" classname="org.bukkit.PerMaterialTest" time="0"/>
  <testcase name="isOccluding[111: WATER_LILY]" classname="org.bukkit.PerMaterialTest" time="0"/>
  <testcase name="isRecord[111: WATER_LILY]" classname="org.bukkit.PerMaterialTest" time="0"/>
  <testcase name="isFlammable[111: WATER_LILY]" classname="org.bukkit.PerMaterialTest" time="0"/>
  <testcase name="maxStackSize[111: WATER_LILY]" classname="org.bukkit.PerMaterialTest" time="0"/>
  <testcase name="isTransparent[111: WATER_LILY]" classname="org.bukkit.PerMaterialTest" time="0"/>
  <testcase name="isSolid[111: WATER_LILY]" classname="org.bukkit.PerMaterialTest" time="0"/>
  <testcase name="hasGravity[112: NETHER_BRICK]" classname="org.bukkit.PerMaterialTest" time="0"/>
  <testcase name="isBurnable[112: NETHER_BRICK]" classname="org.bukkit.PerMaterialTest" time="0"/>
  <testcase name="isEdible[112: NETHER_BRICK]" classname="org.bukkit.PerMaterialTest" time="0"/>
  <testcase name="maxDurability[112: NETHER_BRICK]" classname="org.bukkit.PerMaterialTest" time="0"/>
  <testcase name="usesDurability[112: NETHER_BRICK]" classname="org.bukkit.PerMaterialTest" time="0"/>
  <testcase name="isOccluding[112: NETHER_BRICK]" classname="org.bukkit.PerMaterialTest" time="0"/>
  <testcase name="isRecord[112: NETHER_BRICK]" classname="org.bukkit.PerMaterialTest" time="0"/>
  <testcase name="isFlammable[112: NETHER_BRICK]" classname="org.bukkit.PerMaterialTest" time="0"/>
  <testcase name="maxStackSize[112: NETHER_BRICK]" classname="org.bukkit.PerMaterialTest" time="0"/>
  <testcase name="isTransparent[112: NETHER_BRICK]" classname="org.bukkit.PerMaterialTest" time="0"/>
  <testcase name="isSolid[112: NETHER_BRICK]" classname="org.bukkit.PerMaterialTest" time="0"/>
  <testcase name="hasGravity[113: NETHER_FENCE]" classname="org.bukkit.PerMaterialTest" time="0"/>
  <testcase name="isBurnable[113: NETHER_FENCE]" classname="org.bukkit.PerMaterialTest" time="0"/>
  <testcase name="isEdible[113: NETHER_FENCE]" classname="org.bukkit.PerMaterialTest" time="0"/>
  <testcase name="maxDurability[113: NETHER_FENCE]" classname="org.bukkit.PerMaterialTest" time="0"/>
  <testcase name="usesDurability[113: NETHER_FENCE]" classname="org.bukkit.PerMaterialTest" time="0"/>
  <testcase name="isOccluding[113: NETHER_FENCE]" classname="org.bukkit.PerMaterialTest" time="0"/>
  <testcase name="isRecord[113: NETHER_FENCE]" classname="org.bukkit.PerMaterialTest" time="0"/>
  <testcase name="isFlammable[113: NETHER_FENCE]" classname="org.bukkit.PerMaterialTest" time="0"/>
  <testcase name="maxStackSize[113: NETHER_FENCE]" classname="org.bukkit.PerMaterialTest" time="0"/>
  <testcase name="isTransparent[113: NETHER_FENCE]" classname="org.bukkit.PerMaterialTest" time="0"/>
  <testcase name="isSolid[113: NETHER_FENCE]" classname="org.bukkit.PerMaterialTest" time="0"/>
  <testcase name="hasGravity[114: NETHER_BRICK_STAIRS]" classname="org.bukkit.PerMaterialTest" time="0"/>
  <testcase name="isBurnable[114: NETHER_BRICK_STAIRS]" classname="org.bukkit.PerMaterialTest" time="0"/>
  <testcase name="isEdible[114: NETHER_BRICK_STAIRS]" classname="org.bukkit.PerMaterialTest" time="0"/>
  <testcase name="maxDurability[114: NETHER_BRICK_STAIRS]" classname="org.bukkit.PerMaterialTest" time="0"/>
  <testcase name="usesDurability[114: NETHER_BRICK_STAIRS]" classname="org.bukkit.PerMaterialTest" time="0"/>
  <testcase name="isOccluding[114: NETHER_BRICK_STAIRS]" classname="org.bukkit.PerMaterialTest" time="0"/>
  <testcase name="isRecord[114: NETHER_BRICK_STAIRS]" classname="org.bukkit.PerMaterialTest" time="0"/>
  <testcase name="isFlammable[114: NETHER_BRICK_STAIRS]" classname="org.bukkit.PerMaterialTest" time="0"/>
  <testcase name="maxStackSize[114: NETHER_BRICK_STAIRS]" classname="org.bukkit.PerMaterialTest" time="0"/>
  <testcase name="isTransparent[114: NETHER_BRICK_STAIRS]" classname="org.bukkit.PerMaterialTest" time="0"/>
  <testcase name="isSolid[114: NETHER_BRICK_STAIRS]" classname="org.bukkit.PerMaterialTest" time="0"/>
  <testcase name="hasGravity[115: NETHER_WARTS]" classname="org.bukkit.PerMaterialTest" time="0"/>
  <testcase name="isBurnable[115: NETHER_WARTS]" classname="org.bukkit.PerMaterialTest" time="0"/>
  <testcase name="isEdible[115: NETHER_WARTS]" classname="org.bukkit.PerMaterialTest" time="0"/>
  <testcase name="maxDurability[115: NETHER_WARTS]" classname="org.bukkit.PerMaterialTest" time="0"/>
  <testcase name="usesDurability[115: NETHER_WARTS]" classname="org.bukkit.PerMaterialTest" time="0"/>
  <testcase name="isOccluding[115: NETHER_WARTS]" classname="org.bukkit.PerMaterialTest" time="0"/>
  <testcase name="isRecord[115: NETHER_WARTS]" classname="org.bukkit.PerMaterialTest" time="0"/>
  <testcase name="isFlammable[115: NETHER_WARTS]" classname="org.bukkit.PerMaterialTest" time="0"/>
  <testcase name="maxStackSize[115: NETHER_WARTS]" classname="org.bukkit.PerMaterialTest" time="0"/>
  <testcase name="isTransparent[115: NETHER_WARTS]" classname="org.bukkit.PerMaterialTest" time="0"/>
  <testcase name="isSolid[115: NETHER_WARTS]" classname="org.bukkit.PerMaterialTest" time="0"/>
  <testcase name="hasGravity[116: ENCHANTMENT_TABLE]" classname="org.bukkit.PerMaterialTest" time="0"/>
  <testcase name="isBurnable[116: ENCHANTMENT_TABLE]" classname="org.bukkit.PerMaterialTest" time="0"/>
  <testcase name="isEdible[116: ENCHANTMENT_TABLE]" classname="org.bukkit.PerMaterialTest" time="0"/>
  <testcase name="maxDurability[116: ENCHANTMENT_TABLE]" classname="org.bukkit.PerMaterialTest" time="0"/>
  <testcase name="usesDurability[116: ENCHANTMENT_TABLE]" classname="org.bukkit.PerMaterialTest" time="0"/>
  <testcase name="isOccluding[116: ENCHANTMENT_TABLE]" classname="org.bukkit.PerMaterialTest" time="0"/>
  <testcase name="isRecord[116: ENCHANTMENT_TABLE]" classname="org.bukkit.PerMaterialTest" time="0"/>
  <testcase name="isFlammable[116: ENCHANTMENT_TABLE]" classname="org.bukkit.PerMaterialTest" time="0"/>
  <testcase name="maxStackSize[116: ENCHANTMENT_TABLE]" classname="org.bukkit.PerMaterialTest" time="0"/>
  <testcase name="isTransparent[116: ENCHANTMENT_TABLE]" classname="org.bukkit.PerMaterialTest" time="0"/>
  <testcase name="isSolid[116: ENCHANTMENT_TABLE]" classname="org.bukkit.PerMaterialTest" time="0"/>
  <testcase name="hasGravity[117: BREWING_STAND]" classname="org.bukkit.PerMaterialTest" time="0"/>
  <testcase name="isBurnable[117: BREWING_STAND]" classname="org.bukkit.PerMaterialTest" time="0"/>
  <testcase name="isEdible[117: BREWING_STAND]" classname="org.bukkit.PerMaterialTest" time="0"/>
  <testcase name="maxDurability[117: BREWING_STAND]" classname="org.bukkit.PerMaterialTest" time="0"/>
  <testcase name="usesDurability[117: BREWING_STAND]" classname="org.bukkit.PerMaterialTest" time="0"/>
  <testcase name="isOccluding[117: BREWING_STAND]" classname="org.bukkit.PerMaterialTest" time="0"/>
  <testcase name="isRecord[117: BREWING_STAND]" classname="org.bukkit.PerMaterialTest" time="0"/>
  <testcase name="isFlammable[117: BREWING_STAND]" classname="org.bukkit.PerMaterialTest" time="0"/>
  <testcase name="maxStackSize[117: BREWING_STAND]" classname="org.bukkit.PerMaterialTest" time="0"/>
  <testcase name="isTransparent[117: BREWING_STAND]" classname="org.bukkit.PerMaterialTest" time="0"/>
  <testcase name="isSolid[117: BREWING_STAND]" classname="org.bukkit.PerMaterialTest" time="0"/>
  <testcase name="hasGravity[118: CAULDRON]" classname="org.bukkit.PerMaterialTest" time="0"/>
  <testcase name="isBurnable[118: CAULDRON]" classname="org.bukkit.PerMaterialTest" time="0"/>
  <testcase name="isEdible[118: CAULDRON]" classname="org.bukkit.PerMaterialTest" time="0"/>
  <testcase name="maxDurability[118: CAULDRON]" classname="org.bukkit.PerMaterialTest" time="0"/>
  <testcase name="usesDurability[118: CAULDRON]" classname="org.bukkit.PerMaterialTest" time="0"/>
  <testcase name="isOccluding[118: CAULDRON]" classname="org.bukkit.PerMaterialTest" time="0"/>
  <testcase name="isRecord[118: CAULDRON]" classname="org.bukkit.PerMaterialTest" time="0"/>
  <testcase name="isFlammable[118: CAULDRON]" classname="org.bukkit.PerMaterialTest" time="0"/>
  <testcase name="maxStackSize[118: CAULDRON]" classname="org.bukkit.PerMaterialTest" time="0"/>
  <testcase name="isTransparent[118: CAULDRON]" classname="org.bukkit.PerMaterialTest" time="0"/>
  <testcase name="isSolid[118: CAULDRON]" classname="org.bukkit.PerMaterialTest" time="0"/>
  <testcase name="hasGravity[119: ENDER_PORTAL]" classname="org.bukkit.PerMaterialTest" time="0"/>
  <testcase name="isBurnable[119: ENDER_PORTAL]" classname="org.bukkit.PerMaterialTest" time="0"/>
  <testcase name="isEdible[119: ENDER_PORTAL]" classname="org.bukkit.PerMaterialTest" time="0"/>
  <testcase name="maxDurability[119: ENDER_PORTAL]" classname="org.bukkit.PerMaterialTest" time="0"/>
  <testcase name="usesDurability[119: ENDER_PORTAL]" classname="org.bukkit.PerMaterialTest" time="0"/>
  <testcase name="isOccluding[119: ENDER_PORTAL]" classname="org.bukkit.PerMaterialTest" time="0"/>
  <testcase name="isRecord[119: ENDER_PORTAL]" classname="org.bukkit.PerMaterialTest" time="0.001"/>
  <testcase name="isFlammable[119: ENDER_PORTAL]" classname="org.bukkit.PerMaterialTest" time="0"/>
  <testcase name="maxStackSize[119: ENDER_PORTAL]" classname="org.bukkit.PerMaterialTest" time="0"/>
  <testcase name="isTransparent[119: ENDER_PORTAL]" classname="org.bukkit.PerMaterialTest" time="0"/>
  <testcase name="isSolid[119: ENDER_PORTAL]" classname="org.bukkit.PerMaterialTest" time="0"/>
  <testcase name="hasGravity[120: ENDER_PORTAL_FRAME]" classname="org.bukkit.PerMaterialTest" time="0"/>
  <testcase name="isBurnable[120: ENDER_PORTAL_FRAME]" classname="org.bukkit.PerMaterialTest" time="0"/>
  <testcase name="isEdible[120: ENDER_PORTAL_FRAME]" classname="org.bukkit.PerMaterialTest" time="0"/>
  <testcase name="maxDurability[120: ENDER_PORTAL_FRAME]" classname="org.bukkit.PerMaterialTest" time="0"/>
  <testcase name="usesDurability[120: ENDER_PORTAL_FRAME]" classname="org.bukkit.PerMaterialTest" time="0"/>
  <testcase name="isOccluding[120: ENDER_PORTAL_FRAME]" classname="org.bukkit.PerMaterialTest" time="0"/>
  <testcase name="isRecord[120: ENDER_PORTAL_FRAME]" classname="org.bukkit.PerMaterialTest" time="0"/>
  <testcase name="isFlammable[120: ENDER_PORTAL_FRAME]" classname="org.bukkit.PerMaterialTest" time="0"/>
  <testcase name="maxStackSize[120: ENDER_PORTAL_FRAME]" classname="org.bukkit.PerMaterialTest" time="0"/>
  <testcase name="isTransparent[120: ENDER_PORTAL_FRAME]" classname="org.bukkit.PerMaterialTest" time="0"/>
  <testcase name="isSolid[120: ENDER_PORTAL_FRAME]" classname="org.bukkit.PerMaterialTest" time="0"/>
  <testcase name="hasGravity[121: ENDER_STONE]" classname="org.bukkit.PerMaterialTest" time="0"/>
  <testcase name="isBurnable[121: ENDER_STONE]" classname="org.bukkit.PerMaterialTest" time="0"/>
  <testcase name="isEdible[121: ENDER_STONE]" classname="org.bukkit.PerMaterialTest" time="0"/>
  <testcase name="maxDurability[121: ENDER_STONE]" classname="org.bukkit.PerMaterialTest" time="0"/>
  <testcase name="usesDurability[121: ENDER_STONE]" classname="org.bukkit.PerMaterialTest" time="0"/>
  <testcase name="isOccluding[121: ENDER_STONE]" classname="org.bukkit.PerMaterialTest" time="0"/>
  <testcase name="isRecord[121: ENDER_STONE]" classname="org.bukkit.PerMaterialTest" time="0"/>
  <testcase name="isFlammable[121: ENDER_STONE]" classname="org.bukkit.PerMaterialTest" time="0"/>
  <testcase name="maxStackSize[121: ENDER_STONE]" classname="org.bukkit.PerMaterialTest" time="0"/>
  <testcase name="isTransparent[121: ENDER_STONE]" classname="org.bukkit.PerMaterialTest" time="0"/>
  <testcase name="isSolid[121: ENDER_STONE]" classname="org.bukkit.PerMaterialTest" time="0"/>
  <testcase name="hasGravity[122: DRAGON_EGG]" classname="org.bukkit.PerMaterialTest" time="0"/>
  <testcase name="isBurnable[122: DRAGON_EGG]" classname="org.bukkit.PerMaterialTest" time="0"/>
  <testcase name="isEdible[122: DRAGON_EGG]" classname="org.bukkit.PerMaterialTest" time="0"/>
  <testcase name="maxDurability[122: DRAGON_EGG]" classname="org.bukkit.PerMaterialTest" time="0"/>
  <testcase name="usesDurability[122: DRAGON_EGG]" classname="org.bukkit.PerMaterialTest" time="0"/>
  <testcase name="isOccluding[122: DRAGON_EGG]" classname="org.bukkit.PerMaterialTest" time="0"/>
  <testcase name="isRecord[122: DRAGON_EGG]" classname="org.bukkit.PerMaterialTest" time="0"/>
  <testcase name="isFlammable[122: DRAGON_EGG]" classname="org.bukkit.PerMaterialTest" time="0"/>
  <testcase name="maxStackSize[122: DRAGON_EGG]" classname="org.bukkit.PerMaterialTest" time="0"/>
  <testcase name="isTransparent[122: DRAGON_EGG]" classname="org.bukkit.PerMaterialTest" time="0"/>
  <testcase name="isSolid[122: DRAGON_EGG]" classname="org.bukkit.PerMaterialTest" time="0"/>
  <testcase name="hasGravity[123: REDSTONE_LAMP_OFF]" classname="org.bukkit.PerMaterialTest" time="0"/>
  <testcase name="isBurnable[123: REDSTONE_LAMP_OFF]" classname="org.bukkit.PerMaterialTest" time="0"/>
  <testcase name="isEdible[123: REDSTONE_LAMP_OFF]" classname="org.bukkit.PerMaterialTest" time="0"/>
  <testcase name="maxDurability[123: REDSTONE_LAMP_OFF]" classname="org.bukkit.PerMaterialTest" time="0"/>
  <testcase name="usesDurability[123: REDSTONE_LAMP_OFF]" classname="org.bukkit.PerMaterialTest" time="0"/>
  <testcase name="isOccluding[123: REDSTONE_LAMP_OFF]" classname="org.bukkit.PerMaterialTest" time="0"/>
  <testcase name="isRecord[123: REDSTONE_LAMP_OFF]" classname="org.bukkit.PerMaterialTest" time="0"/>
  <testcase name="isFlammable[123: REDSTONE_LAMP_OFF]" classname="org.bukkit.PerMaterialTest" time="0"/>
  <testcase name="maxStackSize[123: REDSTONE_LAMP_OFF]" classname="org.bukkit.PerMaterialTest" time="0"/>
  <testcase name="isTransparent[123: REDSTONE_LAMP_OFF]" classname="org.bukkit.PerMaterialTest" time="0"/>
  <testcase name="isSolid[123: REDSTONE_LAMP_OFF]" classname="org.bukkit.PerMaterialTest" time="0"/>
  <testcase name="hasGravity[124: REDSTONE_LAMP_ON]" classname="org.bukkit.PerMaterialTest" time="0"/>
  <testcase name="isBurnable[124: REDSTONE_LAMP_ON]" classname="org.bukkit.PerMaterialTest" time="0"/>
  <testcase name="isEdible[124: REDSTONE_LAMP_ON]" classname="org.bukkit.PerMaterialTest" time="0"/>
  <testcase name="maxDurability[124: REDSTONE_LAMP_ON]" classname="org.bukkit.PerMaterialTest" time="0"/>
  <testcase name="usesDurability[124: REDSTONE_LAMP_ON]" classname="org.bukkit.PerMaterialTest" time="0"/>
  <testcase name="isOccluding[124: REDSTONE_LAMP_ON]" classname="org.bukkit.PerMaterialTest" time="0"/>
  <testcase name="isRecord[124: REDSTONE_LAMP_ON]" classname="org.bukkit.PerMaterialTest" time="0"/>
  <testcase name="isFlammable[124: REDSTONE_LAMP_ON]" classname="org.bukkit.PerMaterialTest" time="0"/>
  <testcase name="maxStackSize[124: REDSTONE_LAMP_ON]" classname="org.bukkit.PerMaterialTest" time="0"/>
  <testcase name="isTransparent[124: REDSTONE_LAMP_ON]" classname="org.bukkit.PerMaterialTest" time="0"/>
  <testcase name="isSolid[124: REDSTONE_LAMP_ON]" classname="org.bukkit.PerMaterialTest" time="0"/>
  <testcase name="hasGravity[125: WOOD_DOUBLE_STEP]" classname="org.bukkit.PerMaterialTest" time="0"/>
  <testcase name="isBurnable[125: WOOD_DOUBLE_STEP]" classname="org.bukkit.PerMaterialTest" time="0"/>
  <testcase name="isEdible[125: WOOD_DOUBLE_STEP]" classname="org.bukkit.PerMaterialTest" time="0"/>
  <testcase name="maxDurability[125: WOOD_DOUBLE_STEP]" classname="org.bukkit.PerMaterialTest" time="0"/>
  <testcase name="usesDurability[125: WOOD_DOUBLE_STEP]" classname="org.bukkit.PerMaterialTest" time="0"/>
  <testcase name="isOccluding[125: WOOD_DOUBLE_STEP]" classname="org.bukkit.PerMaterialTest" time="0"/>
  <testcase name="isRecord[125: WOOD_DOUBLE_STEP]" classname="org.bukkit.PerMaterialTest" time="0"/>
  <testcase name="isFlammable[125: WOOD_DOUBLE_STEP]" classname="org.bukkit.PerMaterialTest" time="0"/>
  <testcase name="maxStackSize[125: WOOD_DOUBLE_STEP]" classname="org.bukkit.PerMaterialTest" time="0"/>
  <testcase name="isTransparent[125: WOOD_DOUBLE_STEP]" classname="org.bukkit.PerMaterialTest" time="0"/>
  <testcase name="isSolid[125: WOOD_DOUBLE_STEP]" classname="org.bukkit.PerMaterialTest" time="0"/>
  <testcase name="hasGravity[126: WOOD_STEP]" classname="org.bukkit.PerMaterialTest" time="0"/>
  <testcase name="isBurnable[126: WOOD_STEP]" classname="org.bukkit.PerMaterialTest" time="0"/>
  <testcase name="isEdible[126: WOOD_STEP]" classname="org.bukkit.PerMaterialTest" time="0"/>
  <testcase name="maxDurability[126: WOOD_STEP]" classname="org.bukkit.PerMaterialTest" time="0"/>
  <testcase name="usesDurability[126: WOOD_STEP]" classname="org.bukkit.PerMaterialTest" time="0"/>
  <testcase name="isOccluding[126: WOOD_STEP]" classname="org.bukkit.PerMaterialTest" time="0"/>
  <testcase name="isRecord[126: WOOD_STEP]" classname="org.bukkit.PerMaterialTest" time="0"/>
  <testcase name="isFlammable[126: WOOD_STEP]" classname="org.bukkit.PerMaterialTest" time="0"/>
  <testcase name="maxStackSize[126: WOOD_STEP]" classname="org.bukkit.PerMaterialTest" time="0"/>
  <testcase name="isTransparent[126: WOOD_STEP]" classname="org.bukkit.PerMaterialTest" time="0"/>
  <testcase name="isSolid[126: WOOD_STEP]" classname="org.bukkit.PerMaterialTest" time="0"/>
  <testcase name="hasGravity[127: COCOA]" classname="org.bukkit.PerMaterialTest" time="0"/>
  <testcase name="isBurnable[127: COCOA]" classname="org.bukkit.PerMaterialTest" time="0"/>
  <testcase name="isEdible[127: COCOA]" classname="org.bukkit.PerMaterialTest" time="0"/>
  <testcase name="maxDurability[127: COCOA]" classname="org.bukkit.PerMaterialTest" time="0"/>
  <testcase name="usesDurability[127: COCOA]" classname="org.bukkit.PerMaterialTest" time="0"/>
  <testcase name="isOccluding[127: COCOA]" classname="org.bukkit.PerMaterialTest" time="0"/>
  <testcase name="isRecord[127: COCOA]" classname="org.bukkit.PerMaterialTest" time="0"/>
  <testcase name="isFlammable[127: COCOA]" classname="org.bukkit.PerMaterialTest" time="0"/>
  <testcase name="maxStackSize[127: COCOA]" classname="org.bukkit.PerMaterialTest" time="0"/>
  <testcase name="isTransparent[127: COCOA]" classname="org.bukkit.PerMaterialTest" time="0"/>
  <testcase name="isSolid[127: COCOA]" classname="org.bukkit.PerMaterialTest" time="0"/>
  <testcase name="hasGravity[128: SANDSTONE_STAIRS]" classname="org.bukkit.PerMaterialTest" time="0"/>
  <testcase name="isBurnable[128: SANDSTONE_STAIRS]" classname="org.bukkit.PerMaterialTest" time="0"/>
  <testcase name="isEdible[128: SANDSTONE_STAIRS]" classname="org.bukkit.PerMaterialTest" time="0"/>
  <testcase name="maxDurability[128: SANDSTONE_STAIRS]" classname="org.bukkit.PerMaterialTest" time="0"/>
  <testcase name="usesDurability[128: SANDSTONE_STAIRS]" classname="org.bukkit.PerMaterialTest" time="0"/>
  <testcase name="isOccluding[128: SANDSTONE_STAIRS]" classname="org.bukkit.PerMaterialTest" time="0"/>
  <testcase name="isRecord[128: SANDSTONE_STAIRS]" classname="org.bukkit.PerMaterialTest" time="0"/>
  <testcase name="isFlammable[128: SANDSTONE_STAIRS]" classname="org.bukkit.PerMaterialTest" time="0"/>
  <testcase name="maxStackSize[128: SANDSTONE_STAIRS]" classname="org.bukkit.PerMaterialTest" time="0"/>
  <testcase name="isTransparent[128: SANDSTONE_STAIRS]" classname="org.bukkit.PerMaterialTest" time="0"/>
  <testcase name="isSolid[128: SANDSTONE_STAIRS]" classname="org.bukkit.PerMaterialTest" time="0"/>
  <testcase name="hasGravity[129: EMERALD_ORE]" classname="org.bukkit.PerMaterialTest" time="0"/>
  <testcase name="isBurnable[129: EMERALD_ORE]" classname="org.bukkit.PerMaterialTest" time="0"/>
  <testcase name="isEdible[129: EMERALD_ORE]" classname="org.bukkit.PerMaterialTest" time="0"/>
  <testcase name="maxDurability[129: EMERALD_ORE]" classname="org.bukkit.PerMaterialTest" time="0"/>
  <testcase name="usesDurability[129: EMERALD_ORE]" classname="org.bukkit.PerMaterialTest" time="0"/>
  <testcase name="isOccluding[129: EMERALD_ORE]" classname="org.bukkit.PerMaterialTest" time="0"/>
  <testcase name="isRecord[129: EMERALD_ORE]" classname="org.bukkit.PerMaterialTest" time="0"/>
  <testcase name="isFlammable[129: EMERALD_ORE]" classname="org.bukkit.PerMaterialTest" time="0"/>
  <testcase name="maxStackSize[129: EMERALD_ORE]" classname="org.bukkit.PerMaterialTest" time="0"/>
  <testcase name="isTransparent[129: EMERALD_ORE]" classname="org.bukkit.PerMaterialTest" time="0"/>
  <testcase name="isSolid[129: EMERALD_ORE]" classname="org.bukkit.PerMaterialTest" time="0"/>
  <testcase name="hasGravity[130: ENDER_CHEST]" classname="org.bukkit.PerMaterialTest" time="0"/>
  <testcase name="isBurnable[130: ENDER_CHEST]" classname="org.bukkit.PerMaterialTest" time="0"/>
  <testcase name="isEdible[130: ENDER_CHEST]" classname="org.bukkit.PerMaterialTest" time="0.002"/>
  <testcase name="maxDurability[130: ENDER_CHEST]" classname="org.bukkit.PerMaterialTest" time="0"/>
  <testcase name="usesDurability[130: ENDER_CHEST]" classname="org.bukkit.PerMaterialTest" time="0"/>
  <testcase name="isOccluding[130: ENDER_CHEST]" classname="org.bukkit.PerMaterialTest" time="0"/>
  <testcase name="isRecord[130: ENDER_CHEST]" classname="org.bukkit.PerMaterialTest" time="0"/>
  <testcase name="isFlammable[130: ENDER_CHEST]" classname="org.bukkit.PerMaterialTest" time="0"/>
  <testcase name="maxStackSize[130: ENDER_CHEST]" classname="org.bukkit.PerMaterialTest" time="0"/>
  <testcase name="isTransparent[130: ENDER_CHEST]" classname="org.bukkit.PerMaterialTest" time="0"/>
  <testcase name="isSolid[130: ENDER_CHEST]" classname="org.bukkit.PerMaterialTest" time="0"/>
  <testcase name="hasGravity[131: TRIPWIRE_HOOK]" classname="org.bukkit.PerMaterialTest" time="0"/>
  <testcase name="isBurnable[131: TRIPWIRE_HOOK]" classname="org.bukkit.PerMaterialTest" time="0"/>
  <testcase name="isEdible[131: TRIPWIRE_HOOK]" classname="org.bukkit.PerMaterialTest" time="0"/>
  <testcase name="maxDurability[131: TRIPWIRE_HOOK]" classname="org.bukkit.PerMaterialTest" time="0"/>
  <testcase name="usesDurability[131: TRIPWIRE_HOOK]" classname="org.bukkit.PerMaterialTest" time="0"/>
  <testcase name="isOccluding[131: TRIPWIRE_HOOK]" classname="org.bukkit.PerMaterialTest" time="0"/>
  <testcase name="isRecord[131: TRIPWIRE_HOOK]" classname="org.bukkit.PerMaterialTest" time="0"/>
  <testcase name="isFlammable[131: TRIPWIRE_HOOK]" classname="org.bukkit.PerMaterialTest" time="0"/>
  <testcase name="maxStackSize[131: TRIPWIRE_HOOK]" classname="org.bukkit.PerMaterialTest" time="0"/>
  <testcase name="isTransparent[131: TRIPWIRE_HOOK]" classname="org.bukkit.PerMaterialTest" time="0"/>
  <testcase name="isSolid[131: TRIPWIRE_HOOK]" classname="org.bukkit.PerMaterialTest" time="0"/>
  <testcase name="hasGravity[132: TRIPWIRE]" classname="org.bukkit.PerMaterialTest" time="0"/>
  <testcase name="isBurnable[132: TRIPWIRE]" classname="org.bukkit.PerMaterialTest" time="0"/>
  <testcase name="isEdible[132: TRIPWIRE]" classname="org.bukkit.PerMaterialTest" time="0"/>
  <testcase name="maxDurability[132: TRIPWIRE]" classname="org.bukkit.PerMaterialTest" time="0"/>
  <testcase name="usesDurability[132: TRIPWIRE]" classname="org.bukkit.PerMaterialTest" time="0"/>
  <testcase name="isOccluding[132: TRIPWIRE]" classname="org.bukkit.PerMaterialTest" time="0"/>
  <testcase name="isRecord[132: TRIPWIRE]" classname="org.bukkit.PerMaterialTest" time="0"/>
  <testcase name="isFlammable[132: TRIPWIRE]" classname="org.bukkit.PerMaterialTest" time="0"/>
  <testcase name="maxStackSize[132: TRIPWIRE]" classname="org.bukkit.PerMaterialTest" time="0"/>
  <testcase name="isTransparent[132: TRIPWIRE]" classname="org.bukkit.PerMaterialTest" time="0"/>
  <testcase name="isSolid[132: TRIPWIRE]" classname="org.bukkit.PerMaterialTest" time="0"/>
  <testcase name="hasGravity[133: EMERALD_BLOCK]" classname="org.bukkit.PerMaterialTest" time="0"/>
  <testcase name="isBurnable[133: EMERALD_BLOCK]" classname="org.bukkit.PerMaterialTest" time="0"/>
  <testcase name="isEdible[133: EMERALD_BLOCK]" classname="org.bukkit.PerMaterialTest" time="0"/>
  <testcase name="maxDurability[133: EMERALD_BLOCK]" classname="org.bukkit.PerMaterialTest" time="0"/>
  <testcase name="usesDurability[133: EMERALD_BLOCK]" classname="org.bukkit.PerMaterialTest" time="0"/>
  <testcase name="isOccluding[133: EMERALD_BLOCK]" classname="org.bukkit.PerMaterialTest" time="0"/>
  <testcase name="isRecord[133: EMERALD_BLOCK]" classname="org.bukkit.PerMaterialTest" time="0"/>
  <testcase name="isFlammable[133: EMERALD_BLOCK]" classname="org.bukkit.PerMaterialTest" time="0"/>
  <testcase name="maxStackSize[133: EMERALD_BLOCK]" classname="org.bukkit.PerMaterialTest" time="0"/>
  <testcase name="isTransparent[133: EMERALD_BLOCK]" classname="org.bukkit.PerMaterialTest" time="0"/>
  <testcase name="isSolid[133: EMERALD_BLOCK]" classname="org.bukkit.PerMaterialTest" time="0"/>
  <testcase name="hasGravity[134: SPRUCE_WOOD_STAIRS]" classname="org.bukkit.PerMaterialTest" time="0"/>
  <testcase name="isBurnable[134: SPRUCE_WOOD_STAIRS]" classname="org.bukkit.PerMaterialTest" time="0"/>
  <testcase name="isEdible[134: SPRUCE_WOOD_STAIRS]" classname="org.bukkit.PerMaterialTest" time="0"/>
  <testcase name="maxDurability[134: SPRUCE_WOOD_STAIRS]" classname="org.bukkit.PerMaterialTest" time="0"/>
  <testcase name="usesDurability[134: SPRUCE_WOOD_STAIRS]" classname="org.bukkit.PerMaterialTest" time="0"/>
  <testcase name="isOccluding[134: SPRUCE_WOOD_STAIRS]" classname="org.bukkit.PerMaterialTest" time="0"/>
  <testcase name="isRecord[134: SPRUCE_WOOD_STAIRS]" classname="org.bukkit.PerMaterialTest" time="0"/>
  <testcase name="isFlammable[134: SPRUCE_WOOD_STAIRS]" classname="org.bukkit.PerMaterialTest" time="0"/>
  <testcase name="maxStackSize[134: SPRUCE_WOOD_STAIRS]" classname="org.bukkit.PerMaterialTest" time="0"/>
  <testcase name="isTransparent[134: SPRUCE_WOOD_STAIRS]" classname="org.bukkit.PerMaterialTest" time="0"/>
  <testcase name="isSolid[134: SPRUCE_WOOD_STAIRS]" classname="org.bukkit.PerMaterialTest" time="0"/>
  <testcase name="hasGravity[135: BIRCH_WOOD_STAIRS]" classname="org.bukkit.PerMaterialTest" time="0"/>
  <testcase name="isBurnable[135: BIRCH_WOOD_STAIRS]" classname="org.bukkit.PerMaterialTest" time="0"/>
  <testcase name="isEdible[135: BIRCH_WOOD_STAIRS]" classname="org.bukkit.PerMaterialTest" time="0"/>
  <testcase name="maxDurability[135: BIRCH_WOOD_STAIRS]" classname="org.bukkit.PerMaterialTest" time="0"/>
  <testcase name="usesDurability[135: BIRCH_WOOD_STAIRS]" classname="org.bukkit.PerMaterialTest" time="0"/>
  <testcase name="isOccluding[135: BIRCH_WOOD_STAIRS]" classname="org.bukkit.PerMaterialTest" time="0"/>
  <testcase name="isRecord[135: BIRCH_WOOD_STAIRS]" classname="org.bukkit.PerMaterialTest" time="0"/>
  <testcase name="isFlammable[135: BIRCH_WOOD_STAIRS]" classname="org.bukkit.PerMaterialTest" time="0"/>
  <testcase name="maxStackSize[135: BIRCH_WOOD_STAIRS]" classname="org.bukkit.PerMaterialTest" time="0"/>
  <testcase name="isTransparent[135: BIRCH_WOOD_STAIRS]" classname="org.bukkit.PerMaterialTest" time="0"/>
  <testcase name="isSolid[135: BIRCH_WOOD_STAIRS]" classname="org.bukkit.PerMaterialTest" time="0"/>
  <testcase name="hasGravity[136: JUNGLE_WOOD_STAIRS]" classname="org.bukkit.PerMaterialTest" time="0.001"/>
  <testcase name="isBurnable[136: JUNGLE_WOOD_STAIRS]" classname="org.bukkit.PerMaterialTest" time="0"/>
  <testcase name="isEdible[136: JUNGLE_WOOD_STAIRS]" classname="org.bukkit.PerMaterialTest" time="0"/>
  <testcase name="maxDurability[136: JUNGLE_WOOD_STAIRS]" classname="org.bukkit.PerMaterialTest" time="0"/>
  <testcase name="usesDurability[136: JUNGLE_WOOD_STAIRS]" classname="org.bukkit.PerMaterialTest" time="0"/>
  <testcase name="isOccluding[136: JUNGLE_WOOD_STAIRS]" classname="org.bukkit.PerMaterialTest" time="0"/>
  <testcase name="isRecord[136: JUNGLE_WOOD_STAIRS]" classname="org.bukkit.PerMaterialTest" time="0"/>
  <testcase name="isFlammable[136: JUNGLE_WOOD_STAIRS]" classname="org.bukkit.PerMaterialTest" time="0"/>
  <testcase name="maxStackSize[136: JUNGLE_WOOD_STAIRS]" classname="org.bukkit.PerMaterialTest" time="0"/>
  <testcase name="isTransparent[136: JUNGLE_WOOD_STAIRS]" classname="org.bukkit.PerMaterialTest" time="0"/>
  <testcase name="isSolid[136: JUNGLE_WOOD_STAIRS]" classname="org.bukkit.PerMaterialTest" time="0"/>
  <testcase name="hasGravity[137: COMMAND]" classname="org.bukkit.PerMaterialTest" time="0"/>
  <testcase name="isBurnable[137: COMMAND]" classname="org.bukkit.PerMaterialTest" time="0"/>
  <testcase name="isEdible[137: COMMAND]" classname="org.bukkit.PerMaterialTest" time="0"/>
  <testcase name="maxDurability[137: COMMAND]" classname="org.bukkit.PerMaterialTest" time="0"/>
  <testcase name="usesDurability[137: COMMAND]" classname="org.bukkit.PerMaterialTest" time="0"/>
  <testcase name="isOccluding[137: COMMAND]" classname="org.bukkit.PerMaterialTest" time="0"/>
  <testcase name="isRecord[137: COMMAND]" classname="org.bukkit.PerMaterialTest" time="0"/>
  <testcase name="isFlammable[137: COMMAND]" classname="org.bukkit.PerMaterialTest" time="0"/>
  <testcase name="maxStackSize[137: COMMAND]" classname="org.bukkit.PerMaterialTest" time="0"/>
  <testcase name="isTransparent[137: COMMAND]" classname="org.bukkit.PerMaterialTest" time="0"/>
  <testcase name="isSolid[137: COMMAND]" classname="org.bukkit.PerMaterialTest" time="0"/>
  <testcase name="hasGravity[138: BEACON]" classname="org.bukkit.PerMaterialTest" time="0"/>
  <testcase name="isBurnable[138: BEACON]" classname="org.bukkit.PerMaterialTest" time="0"/>
  <testcase name="isEdible[138: BEACON]" classname="org.bukkit.PerMaterialTest" time="0"/>
  <testcase name="maxDurability[138: BEACON]" classname="org.bukkit.PerMaterialTest" time="0"/>
  <testcase name="usesDurability[138: BEACON]" classname="org.bukkit.PerMaterialTest" time="0"/>
  <testcase name="isOccluding[138: BEACON]" classname="org.bukkit.PerMaterialTest" time="0"/>
  <testcase name="isRecord[138: BEACON]" classname="org.bukkit.PerMaterialTest" time="0"/>
  <testcase name="isFlammable[138: BEACON]" classname="org.bukkit.PerMaterialTest" time="0"/>
  <testcase name="maxStackSize[138: BEACON]" classname="org.bukkit.PerMaterialTest" time="0"/>
  <testcase name="isTransparent[138: BEACON]" classname="org.bukkit.PerMaterialTest" time="0"/>
  <testcase name="isSolid[138: BEACON]" classname="org.bukkit.PerMaterialTest" time="0"/>
  <testcase name="hasGravity[139: COBBLE_WALL]" classname="org.bukkit.PerMaterialTest" time="0"/>
  <testcase name="isBurnable[139: COBBLE_WALL]" classname="org.bukkit.PerMaterialTest" time="0"/>
  <testcase name="isEdible[139: COBBLE_WALL]" classname="org.bukkit.PerMaterialTest" time="0"/>
  <testcase name="maxDurability[139: COBBLE_WALL]" classname="org.bukkit.PerMaterialTest" time="0"/>
  <testcase name="usesDurability[139: COBBLE_WALL]" classname="org.bukkit.PerMaterialTest" time="0"/>
  <testcase name="isOccluding[139: COBBLE_WALL]" classname="org.bukkit.PerMaterialTest" time="0"/>
  <testcase name="isRecord[139: COBBLE_WALL]" classname="org.bukkit.PerMaterialTest" time="0"/>
  <testcase name="isFlammable[139: COBBLE_WALL]" classname="org.bukkit.PerMaterialTest" time="0"/>
  <testcase name="maxStackSize[139: COBBLE_WALL]" classname="org.bukkit.PerMaterialTest" time="0"/>
  <testcase name="isTransparent[139: COBBLE_WALL]" classname="org.bukkit.PerMaterialTest" time="0"/>
  <testcase name="isSolid[139: COBBLE_WALL]" classname="org.bukkit.PerMaterialTest" time="0"/>
  <testcase name="hasGravity[140: FLOWER_POT]" classname="org.bukkit.PerMaterialTest" time="0"/>
  <testcase name="isBurnable[140: FLOWER_POT]" classname="org.bukkit.PerMaterialTest" time="0"/>
  <testcase name="isEdible[140: FLOWER_POT]" classname="org.bukkit.PerMaterialTest" time="0"/>
  <testcase name="maxDurability[140: FLOWER_POT]" classname="org.bukkit.PerMaterialTest" time="0"/>
  <testcase name="usesDurability[140: FLOWER_POT]" classname="org.bukkit.PerMaterialTest" time="0"/>
  <testcase name="isOccluding[140: FLOWER_POT]" classname="org.bukkit.PerMaterialTest" time="0"/>
  <testcase name="isRecord[140: FLOWER_POT]" classname="org.bukkit.PerMaterialTest" time="0"/>
  <testcase name="isFlammable[140: FLOWER_POT]" classname="org.bukkit.PerMaterialTest" time="0"/>
  <testcase name="maxStackSize[140: FLOWER_POT]" classname="org.bukkit.PerMaterialTest" time="0"/>
  <testcase name="isTransparent[140: FLOWER_POT]" classname="org.bukkit.PerMaterialTest" time="0"/>
  <testcase name="isSolid[140: FLOWER_POT]" classname="org.bukkit.PerMaterialTest" time="0"/>
  <testcase name="hasGravity[141: CARROT]" classname="org.bukkit.PerMaterialTest" time="0"/>
  <testcase name="isBurnable[141: CARROT]" classname="org.bukkit.PerMaterialTest" time="0"/>
  <testcase name="isEdible[141: CARROT]" classname="org.bukkit.PerMaterialTest" time="0"/>
  <testcase name="maxDurability[141: CARROT]" classname="org.bukkit.PerMaterialTest" time="0"/>
  <testcase name="usesDurability[141: CARROT]" classname="org.bukkit.PerMaterialTest" time="0.001"/>
  <testcase name="isOccluding[141: CARROT]" classname="org.bukkit.PerMaterialTest" time="0"/>
  <testcase name="isRecord[141: CARROT]" classname="org.bukkit.PerMaterialTest" time="0"/>
  <testcase name="isFlammable[141: CARROT]" classname="org.bukkit.PerMaterialTest" time="0"/>
  <testcase name="maxStackSize[141: CARROT]" classname="org.bukkit.PerMaterialTest" time="0"/>
  <testcase name="isTransparent[141: CARROT]" classname="org.bukkit.PerMaterialTest" time="0"/>
  <testcase name="isSolid[141: CARROT]" classname="org.bukkit.PerMaterialTest" time="0"/>
  <testcase name="hasGravity[142: POTATO]" classname="org.bukkit.PerMaterialTest" time="0"/>
  <testcase name="isBurnable[142: POTATO]" classname="org.bukkit.PerMaterialTest" time="0"/>
  <testcase name="isEdible[142: POTATO]" classname="org.bukkit.PerMaterialTest" time="0"/>
  <testcase name="maxDurability[142: POTATO]" classname="org.bukkit.PerMaterialTest" time="0"/>
  <testcase name="usesDurability[142: POTATO]" classname="org.bukkit.PerMaterialTest" time="0"/>
  <testcase name="isOccluding[142: POTATO]" classname="org.bukkit.PerMaterialTest" time="0"/>
  <testcase name="isRecord[142: POTATO]" classname="org.bukkit.PerMaterialTest" time="0"/>
  <testcase name="isFlammable[142: POTATO]" classname="org.bukkit.PerMaterialTest" time="0"/>
  <testcase name="maxStackSize[142: POTATO]" classname="org.bukkit.PerMaterialTest" time="0"/>
  <testcase name="isTransparent[142: POTATO]" classname="org.bukkit.PerMaterialTest" time="0"/>
  <testcase name="isSolid[142: POTATO]" classname="org.bukkit.PerMaterialTest" time="0"/>
  <testcase name="hasGravity[143: WOOD_BUTTON]" classname="org.bukkit.PerMaterialTest" time="0"/>
  <testcase name="isBurnable[143: WOOD_BUTTON]" classname="org.bukkit.PerMaterialTest" time="0"/>
  <testcase name="isEdible[143: WOOD_BUTTON]" classname="org.bukkit.PerMaterialTest" time="0"/>
  <testcase name="maxDurability[143: WOOD_BUTTON]" classname="org.bukkit.PerMaterialTest" time="0"/>
  <testcase name="usesDurability[143: WOOD_BUTTON]" classname="org.bukkit.PerMaterialTest" time="0"/>
  <testcase name="isOccluding[143: WOOD_BUTTON]" classname="org.bukkit.PerMaterialTest" time="0"/>
  <testcase name="isRecord[143: WOOD_BUTTON]" classname="org.bukkit.PerMaterialTest" time="0"/>
  <testcase name="isFlammable[143: WOOD_BUTTON]" classname="org.bukkit.PerMaterialTest" time="0"/>
  <testcase name="maxStackSize[143: WOOD_BUTTON]" classname="org.bukkit.PerMaterialTest" time="0"/>
  <testcase name="isTransparent[143: WOOD_BUTTON]" classname="org.bukkit.PerMaterialTest" time="0"/>
  <testcase name="isSolid[143: WOOD_BUTTON]" classname="org.bukkit.PerMaterialTest" time="0"/>
  <testcase name="hasGravity[144: SKULL]" classname="org.bukkit.PerMaterialTest" time="0"/>
  <testcase name="isBurnable[144: SKULL]" classname="org.bukkit.PerMaterialTest" time="0"/>
  <testcase name="isEdible[144: SKULL]" classname="org.bukkit.PerMaterialTest" time="0"/>
  <testcase name="maxDurability[144: SKULL]" classname="org.bukkit.PerMaterialTest" time="0"/>
  <testcase name="usesDurability[144: SKULL]" classname="org.bukkit.PerMaterialTest" time="0"/>
  <testcase name="isOccluding[144: SKULL]" classname="org.bukkit.PerMaterialTest" time="0"/>
  <testcase name="isRecord[144: SKULL]" classname="org.bukkit.PerMaterialTest" time="0"/>
  <testcase name="isFlammable[144: SKULL]" classname="org.bukkit.PerMaterialTest" time="0"/>
  <testcase name="maxStackSize[144: SKULL]" classname="org.bukkit.PerMaterialTest" time="0"/>
  <testcase name="isTransparent[144: SKULL]" classname="org.bukkit.PerMaterialTest" time="0"/>
  <testcase name="isSolid[144: SKULL]" classname="org.bukkit.PerMaterialTest" time="0"/>
  <testcase name="hasGravity[145: ANVIL]" classname="org.bukkit.PerMaterialTest" time="0"/>
  <testcase name="isBurnable[145: ANVIL]" classname="org.bukkit.PerMaterialTest" time="0.001"/>
  <testcase name="isEdible[145: ANVIL]" classname="org.bukkit.PerMaterialTest" time="0"/>
  <testcase name="maxDurability[145: ANVIL]" classname="org.bukkit.PerMaterialTest" time="0"/>
  <testcase name="usesDurability[145: ANVIL]" classname="org.bukkit.PerMaterialTest" time="0"/>
  <testcase name="isOccluding[145: ANVIL]" classname="org.bukkit.PerMaterialTest" time="0"/>
  <testcase name="isRecord[145: ANVIL]" classname="org.bukkit.PerMaterialTest" time="0"/>
  <testcase name="isFlammable[145: ANVIL]" classname="org.bukkit.PerMaterialTest" time="0"/>
  <testcase name="maxStackSize[145: ANVIL]" classname="org.bukkit.PerMaterialTest" time="0"/>
  <testcase name="isTransparent[145: ANVIL]" classname="org.bukkit.PerMaterialTest" time="0"/>
  <testcase name="isSolid[145: ANVIL]" classname="org.bukkit.PerMaterialTest" time="0"/>
  <testcase name="hasGravity[146: TRAPPED_CHEST]" classname="org.bukkit.PerMaterialTest" time="0"/>
  <testcase name="isBurnable[146: TRAPPED_CHEST]" classname="org.bukkit.PerMaterialTest" time="0"/>
  <testcase name="isEdible[146: TRAPPED_CHEST]" classname="org.bukkit.PerMaterialTest" time="0"/>
  <testcase name="maxDurability[146: TRAPPED_CHEST]" classname="org.bukkit.PerMaterialTest" time="0"/>
  <testcase name="usesDurability[146: TRAPPED_CHEST]" classname="org.bukkit.PerMaterialTest" time="0"/>
  <testcase name="isOccluding[146: TRAPPED_CHEST]" classname="org.bukkit.PerMaterialTest" time="0"/>
  <testcase name="isRecord[146: TRAPPED_CHEST]" classname="org.bukkit.PerMaterialTest" time="0"/>
  <testcase name="isFlammable[146: TRAPPED_CHEST]" classname="org.bukkit.PerMaterialTest" time="0"/>
  <testcase name="maxStackSize[146: TRAPPED_CHEST]" classname="org.bukkit.PerMaterialTest" time="0"/>
  <testcase name="isTransparent[146: TRAPPED_CHEST]" classname="org.bukkit.PerMaterialTest" time="0"/>
  <testcase name="isSolid[146: TRAPPED_CHEST]" classname="org.bukkit.PerMaterialTest" time="0"/>
  <testcase name="hasGravity[147: GOLD_PLATE]" classname="org.bukkit.PerMaterialTest" time="0"/>
  <testcase name="isBurnable[147: GOLD_PLATE]" classname="org.bukkit.PerMaterialTest" time="0"/>
  <testcase name="isEdible[147: GOLD_PLATE]" classname="org.bukkit.PerMaterialTest" time="0"/>
  <testcase name="maxDurability[147: GOLD_PLATE]" classname="org.bukkit.PerMaterialTest" time="0"/>
  <testcase name="usesDurability[147: GOLD_PLATE]" classname="org.bukkit.PerMaterialTest" time="0"/>
  <testcase name="isOccluding[147: GOLD_PLATE]" classname="org.bukkit.PerMaterialTest" time="0"/>
  <testcase name="isRecord[147: GOLD_PLATE]" classname="org.bukkit.PerMaterialTest" time="0"/>
  <testcase name="isFlammable[147: GOLD_PLATE]" classname="org.bukkit.PerMaterialTest" time="0"/>
  <testcase name="maxStackSize[147: GOLD_PLATE]" classname="org.bukkit.PerMaterialTest" time="0"/>
  <testcase name="isTransparent[147: GOLD_PLATE]" classname="org.bukkit.PerMaterialTest" time="0"/>
  <testcase name="isSolid[147: GOLD_PLATE]" classname="org.bukkit.PerMaterialTest" time="0"/>
  <testcase name="hasGravity[148: IRON_PLATE]" classname="org.bukkit.PerMaterialTest" time="0"/>
  <testcase name="isBurnable[148: IRON_PLATE]" classname="org.bukkit.PerMaterialTest" time="0"/>
  <testcase name="isEdible[148: IRON_PLATE]" classname="org.bukkit.PerMaterialTest" time="0"/>
  <testcase name="maxDurability[148: IRON_PLATE]" classname="org.bukkit.PerMaterialTest" time="0"/>
  <testcase name="usesDurability[148: IRON_PLATE]" classname="org.bukkit.PerMaterialTest" time="0"/>
  <testcase name="isOccluding[148: IRON_PLATE]" classname="org.bukkit.PerMaterialTest" time="0"/>
  <testcase name="isRecord[148: IRON_PLATE]" classname="org.bukkit.PerMaterialTest" time="0"/>
  <testcase name="isFlammable[148: IRON_PLATE]" classname="org.bukkit.PerMaterialTest" time="0"/>
  <testcase name="maxStackSize[148: IRON_PLATE]" classname="org.bukkit.PerMaterialTest" time="0"/>
  <testcase name="isTransparent[148: IRON_PLATE]" classname="org.bukkit.PerMaterialTest" time="0"/>
  <testcase name="isSolid[148: IRON_PLATE]" classname="org.bukkit.PerMaterialTest" time="0.001"/>
  <testcase name="hasGravity[149: REDSTONE_COMPARATOR_OFF]" classname="org.bukkit.PerMaterialTest" time="0"/>
  <testcase name="isBurnable[149: REDSTONE_COMPARATOR_OFF]" classname="org.bukkit.PerMaterialTest" time="0"/>
  <testcase name="isEdible[149: REDSTONE_COMPARATOR_OFF]" classname="org.bukkit.PerMaterialTest" time="0"/>
  <testcase name="maxDurability[149: REDSTONE_COMPARATOR_OFF]" classname="org.bukkit.PerMaterialTest" time="0"/>
  <testcase name="usesDurability[149: REDSTONE_COMPARATOR_OFF]" classname="org.bukkit.PerMaterialTest" time="0"/>
  <testcase name="isOccluding[149: REDSTONE_COMPARATOR_OFF]" classname="org.bukkit.PerMaterialTest" time="0"/>
  <testcase name="isRecord[149: REDSTONE_COMPARATOR_OFF]" classname="org.bukkit.PerMaterialTest" time="0"/>
  <testcase name="isFlammable[149: REDSTONE_COMPARATOR_OFF]" classname="org.bukkit.PerMaterialTest" time="0"/>
  <testcase name="maxStackSize[149: REDSTONE_COMPARATOR_OFF]" classname="org.bukkit.PerMaterialTest" time="0"/>
  <testcase name="isTransparent[149: REDSTONE_COMPARATOR_OFF]" classname="org.bukkit.PerMaterialTest" time="0"/>
  <testcase name="isSolid[149: REDSTONE_COMPARATOR_OFF]" classname="org.bukkit.PerMaterialTest" time="0"/>
  <testcase name="hasGravity[150: REDSTONE_COMPARATOR_ON]" classname="org.bukkit.PerMaterialTest" time="0"/>
  <testcase name="isBurnable[150: REDSTONE_COMPARATOR_ON]" classname="org.bukkit.PerMaterialTest" time="0"/>
  <testcase name="isEdible[150: REDSTONE_COMPARATOR_ON]" classname="org.bukkit.PerMaterialTest" time="0"/>
  <testcase name="maxDurability[150: REDSTONE_COMPARATOR_ON]" classname="org.bukkit.PerMaterialTest" time="0"/>
  <testcase name="usesDurability[150: REDSTONE_COMPARATOR_ON]" classname="org.bukkit.PerMaterialTest" time="0"/>
  <testcase name="isOccluding[150: REDSTONE_COMPARATOR_ON]" classname="org.bukkit.PerMaterialTest" time="0"/>
  <testcase name="isRecord[150: REDSTONE_COMPARATOR_ON]" classname="org.bukkit.PerMaterialTest" time="0"/>
  <testcase name="isFlammable[150: REDSTONE_COMPARATOR_ON]" classname="org.bukkit.PerMaterialTest" time="0"/>
  <testcase name="maxStackSize[150: REDSTONE_COMPARATOR_ON]" classname="org.bukkit.PerMaterialTest" time="0"/>
  <testcase name="isTransparent[150: REDSTONE_COMPARATOR_ON]" classname="org.bukkit.PerMaterialTest" time="0"/>
  <testcase name="isSolid[150: REDSTONE_COMPARATOR_ON]" classname="org.bukkit.PerMaterialTest" time="0"/>
  <testcase name="hasGravity[151: DAYLIGHT_DETECTOR]" classname="org.bukkit.PerMaterialTest" time="0"/>
  <testcase name="isBurnable[151: DAYLIGHT_DETECTOR]" classname="org.bukkit.PerMaterialTest" time="0"/>
  <testcase name="isEdible[151: DAYLIGHT_DETECTOR]" classname="org.bukkit.PerMaterialTest" time="0"/>
  <testcase name="maxDurability[151: DAYLIGHT_DETECTOR]" classname="org.bukkit.PerMaterialTest" time="0"/>
  <testcase name="usesDurability[151: DAYLIGHT_DETECTOR]" classname="org.bukkit.PerMaterialTest" time="0"/>
  <testcase name="isOccluding[151: DAYLIGHT_DETECTOR]" classname="org.bukkit.PerMaterialTest" time="0"/>
  <testcase name="isRecord[151: DAYLIGHT_DETECTOR]" classname="org.bukkit.PerMaterialTest" time="0"/>
  <testcase name="isFlammable[151: DAYLIGHT_DETECTOR]" classname="org.bukkit.PerMaterialTest" time="0"/>
  <testcase name="maxStackSize[151: DAYLIGHT_DETECTOR]" classname="org.bukkit.PerMaterialTest" time="0"/>
  <testcase name="isTransparent[151: DAYLIGHT_DETECTOR]" classname="org.bukkit.PerMaterialTest" time="0"/>
  <testcase name="isSolid[151: DAYLIGHT_DETECTOR]" classname="org.bukkit.PerMaterialTest" time="0"/>
  <testcase name="hasGravity[152: REDSTONE_BLOCK]" classname="org.bukkit.PerMaterialTest" time="0"/>
  <testcase name="isBurnable[152: REDSTONE_BLOCK]" classname="org.bukkit.PerMaterialTest" time="0"/>
  <testcase name="isEdible[152: REDSTONE_BLOCK]" classname="org.bukkit.PerMaterialTest" time="0"/>
  <testcase name="maxDurability[152: REDSTONE_BLOCK]" classname="org.bukkit.PerMaterialTest" time="0"/>
  <testcase name="usesDurability[152: REDSTONE_BLOCK]" classname="org.bukkit.PerMaterialTest" time="0"/>
  <testcase name="isOccluding[152: REDSTONE_BLOCK]" classname="org.bukkit.PerMaterialTest" time="0"/>
  <testcase name="isRecord[152: REDSTONE_BLOCK]" classname="org.bukkit.PerMaterialTest" time="0"/>
  <testcase name="isFlammable[152: REDSTONE_BLOCK]" classname="org.bukkit.PerMaterialTest" time="0"/>
  <testcase name="maxStackSize[152: REDSTONE_BLOCK]" classname="org.bukkit.PerMaterialTest" time="0"/>
  <testcase name="isTransparent[152: REDSTONE_BLOCK]" classname="org.bukkit.PerMaterialTest" time="0"/>
  <testcase name="isSolid[152: REDSTONE_BLOCK]" classname="org.bukkit.PerMaterialTest" time="0"/>
  <testcase name="hasGravity[153: QUARTZ_ORE]" classname="org.bukkit.PerMaterialTest" time="0"/>
  <testcase name="isBurnable[153: QUARTZ_ORE]" classname="org.bukkit.PerMaterialTest" time="0"/>
  <testcase name="isEdible[153: QUARTZ_ORE]" classname="org.bukkit.PerMaterialTest" time="0"/>
  <testcase name="maxDurability[153: QUARTZ_ORE]" classname="org.bukkit.PerMaterialTest" time="0"/>
  <testcase name="usesDurability[153: QUARTZ_ORE]" classname="org.bukkit.PerMaterialTest" time="0"/>
  <testcase name="isOccluding[153: QUARTZ_ORE]" classname="org.bukkit.PerMaterialTest" time="0"/>
  <testcase name="isRecord[153: QUARTZ_ORE]" classname="org.bukkit.PerMaterialTest" time="0"/>
  <testcase name="isFlammable[153: QUARTZ_ORE]" classname="org.bukkit.PerMaterialTest" time="0"/>
  <testcase name="maxStackSize[153: QUARTZ_ORE]" classname="org.bukkit.PerMaterialTest" time="0"/>
  <testcase name="isTransparent[153: QUARTZ_ORE]" classname="org.bukkit.PerMaterialTest" time="0"/>
  <testcase name="isSolid[153: QUARTZ_ORE]" classname="org.bukkit.PerMaterialTest" time="0"/>
  <testcase name="hasGravity[154: HOPPER]" classname="org.bukkit.PerMaterialTest" time="0"/>
  <testcase name="isBurnable[154: HOPPER]" classname="org.bukkit.PerMaterialTest" time="0"/>
  <testcase name="isEdible[154: HOPPER]" classname="org.bukkit.PerMaterialTest" time="0"/>
  <testcase name="maxDurability[154: HOPPER]" classname="org.bukkit.PerMaterialTest" time="0"/>
  <testcase name="usesDurability[154: HOPPER]" classname="org.bukkit.PerMaterialTest" time="0"/>
  <testcase name="isOccluding[154: HOPPER]" classname="org.bukkit.PerMaterialTest" time="0"/>
  <testcase name="isRecord[154: HOPPER]" classname="org.bukkit.PerMaterialTest" time="0"/>
  <testcase name="isFlammable[154: HOPPER]" classname="org.bukkit.PerMaterialTest" time="0"/>
  <testcase name="maxStackSize[154: HOPPER]" classname="org.bukkit.PerMaterialTest" time="0"/>
  <testcase name="isTransparent[154: HOPPER]" classname="org.bukkit.PerMaterialTest" time="0"/>
  <testcase name="isSolid[154: HOPPER]" classname="org.bukkit.PerMaterialTest" time="0"/>
  <testcase name="hasGravity[155: QUARTZ_BLOCK]" classname="org.bukkit.PerMaterialTest" time="0"/>
  <testcase name="isBurnable[155: QUARTZ_BLOCK]" classname="org.bukkit.PerMaterialTest" time="0"/>
  <testcase name="isEdible[155: QUARTZ_BLOCK]" classname="org.bukkit.PerMaterialTest" time="0"/>
  <testcase name="maxDurability[155: QUARTZ_BLOCK]" classname="org.bukkit.PerMaterialTest" time="0"/>
  <testcase name="usesDurability[155: QUARTZ_BLOCK]" classname="org.bukkit.PerMaterialTest" time="0"/>
  <testcase name="isOccluding[155: QUARTZ_BLOCK]" classname="org.bukkit.PerMaterialTest" time="0"/>
  <testcase name="isRecord[155: QUARTZ_BLOCK]" classname="org.bukkit.PerMaterialTest" time="0"/>
  <testcase name="isFlammable[155: QUARTZ_BLOCK]" classname="org.bukkit.PerMaterialTest" time="0"/>
  <testcase name="maxStackSize[155: QUARTZ_BLOCK]" classname="org.bukkit.PerMaterialTest" time="0"/>
  <testcase name="isTransparent[155: QUARTZ_BLOCK]" classname="org.bukkit.PerMaterialTest" time="0"/>
  <testcase name="isSolid[155: QUARTZ_BLOCK]" classname="org.bukkit.PerMaterialTest" time="0"/>
  <testcase name="hasGravity[156: QUARTZ_STAIRS]" classname="org.bukkit.PerMaterialTest" time="0"/>
  <testcase name="isBurnable[156: QUARTZ_STAIRS]" classname="org.bukkit.PerMaterialTest" time="0"/>
  <testcase name="isEdible[156: QUARTZ_STAIRS]" classname="org.bukkit.PerMaterialTest" time="0"/>
  <testcase name="maxDurability[156: QUARTZ_STAIRS]" classname="org.bukkit.PerMaterialTest" time="0"/>
  <testcase name="usesDurability[156: QUARTZ_STAIRS]" classname="org.bukkit.PerMaterialTest" time="0"/>
  <testcase name="isOccluding[156: QUARTZ_STAIRS]" classname="org.bukkit.PerMaterialTest" time="0"/>
  <testcase name="isRecord[156: QUARTZ_STAIRS]" classname="org.bukkit.PerMaterialTest" time="0"/>
  <testcase name="isFlammable[156: QUARTZ_STAIRS]" classname="org.bukkit.PerMaterialTest" time="0"/>
  <testcase name="maxStackSize[156: QUARTZ_STAIRS]" classname="org.bukkit.PerMaterialTest" time="0"/>
  <testcase name="isTransparent[156: QUARTZ_STAIRS]" classname="org.bukkit.PerMaterialTest" time="0"/>
  <testcase name="isSolid[156: QUARTZ_STAIRS]" classname="org.bukkit.PerMaterialTest" time="0"/>
  <testcase name="hasGravity[157: ACTIVATOR_RAIL]" classname="org.bukkit.PerMaterialTest" time="0"/>
  <testcase name="isBurnable[157: ACTIVATOR_RAIL]" classname="org.bukkit.PerMaterialTest" time="0"/>
  <testcase name="isEdible[157: ACTIVATOR_RAIL]" classname="org.bukkit.PerMaterialTest" time="0"/>
  <testcase name="maxDurability[157: ACTIVATOR_RAIL]" classname="org.bukkit.PerMaterialTest" time="0"/>
  <testcase name="usesDurability[157: ACTIVATOR_RAIL]" classname="org.bukkit.PerMaterialTest" time="0"/>
  <testcase name="isOccluding[157: ACTIVATOR_RAIL]" classname="org.bukkit.PerMaterialTest" time="0"/>
  <testcase name="isRecord[157: ACTIVATOR_RAIL]" classname="org.bukkit.PerMaterialTest" time="0"/>
  <testcase name="isFlammable[157: ACTIVATOR_RAIL]" classname="org.bukkit.PerMaterialTest" time="0"/>
  <testcase name="maxStackSize[157: ACTIVATOR_RAIL]" classname="org.bukkit.PerMaterialTest" time="0"/>
  <testcase name="isTransparent[157: ACTIVATOR_RAIL]" classname="org.bukkit.PerMaterialTest" time="0"/>
  <testcase name="isSolid[157: ACTIVATOR_RAIL]" classname="org.bukkit.PerMaterialTest" time="0"/>
  <testcase name="hasGravity[158: DROPPER]" classname="org.bukkit.PerMaterialTest" time="0"/>
  <testcase name="isBurnable[158: DROPPER]" classname="org.bukkit.PerMaterialTest" time="0"/>
  <testcase name="isEdible[158: DROPPER]" classname="org.bukkit.PerMaterialTest" time="0"/>
  <testcase name="maxDurability[158: DROPPER]" classname="org.bukkit.PerMaterialTest" time="0"/>
  <testcase name="usesDurability[158: DROPPER]" classname="org.bukkit.PerMaterialTest" time="0"/>
  <testcase name="isOccluding[158: DROPPER]" classname="org.bukkit.PerMaterialTest" time="0"/>
  <testcase name="isRecord[158: DROPPER]" classname="org.bukkit.PerMaterialTest" time="0"/>
  <testcase name="isFlammable[158: DROPPER]" classname="org.bukkit.PerMaterialTest" time="0"/>
  <testcase name="maxStackSize[158: DROPPER]" classname="org.bukkit.PerMaterialTest" time="0"/>
  <testcase name="isTransparent[158: DROPPER]" classname="org.bukkit.PerMaterialTest" time="0"/>
  <testcase name="isSolid[158: DROPPER]" classname="org.bukkit.PerMaterialTest" time="0"/>
  <testcase name="hasGravity[159: STAINED_CLAY]" classname="org.bukkit.PerMaterialTest" time="0"/>
  <testcase name="isBurnable[159: STAINED_CLAY]" classname="org.bukkit.PerMaterialTest" time="0"/>
  <testcase name="isEdible[159: STAINED_CLAY]" classname="org.bukkit.PerMaterialTest" time="0"/>
  <testcase name="maxDurability[159: STAINED_CLAY]" classname="org.bukkit.PerMaterialTest" time="0"/>
  <testcase name="usesDurability[159: STAINED_CLAY]" classname="org.bukkit.PerMaterialTest" time="0"/>
  <testcase name="isOccluding[159: STAINED_CLAY]" classname="org.bukkit.PerMaterialTest" time="0"/>
  <testcase name="isRecord[159: STAINED_CLAY]" classname="org.bukkit.PerMaterialTest" time="0"/>
  <testcase name="isFlammable[159: STAINED_CLAY]" classname="org.bukkit.PerMaterialTest" time="0"/>
  <testcase name="maxStackSize[159: STAINED_CLAY]" classname="org.bukkit.PerMaterialTest" time="0"/>
  <testcase name="isTransparent[159: STAINED_CLAY]" classname="org.bukkit.PerMaterialTest" time="0"/>
  <testcase name="isSolid[159: STAINED_CLAY]" classname="org.bukkit.PerMaterialTest" time="0"/>
  <testcase name="hasGravity[160: STAINED_GLASS_PANE]" classname="org.bukkit.PerMaterialTest" time="0"/>
  <testcase name="isBurnable[160: STAINED_GLASS_PANE]" classname="org.bukkit.PerMaterialTest" time="0"/>
  <testcase name="isEdible[160: STAINED_GLASS_PANE]" classname="org.bukkit.PerMaterialTest" time="0"/>
  <testcase name="maxDurability[160: STAINED_GLASS_PANE]" classname="org.bukkit.PerMaterialTest" time="0"/>
  <testcase name="usesDurability[160: STAINED_GLASS_PANE]" classname="org.bukkit.PerMaterialTest" time="0"/>
  <testcase name="isOccluding[160: STAINED_GLASS_PANE]" classname="org.bukkit.PerMaterialTest" time="0"/>
  <testcase name="isRecord[160: STAINED_GLASS_PANE]" classname="org.bukkit.PerMaterialTest" time="0"/>
  <testcase name="isFlammable[160: STAINED_GLASS_PANE]" classname="org.bukkit.PerMaterialTest" time="0"/>
  <testcase name="maxStackSize[160: STAINED_GLASS_PANE]" classname="org.bukkit.PerMaterialTest" time="0"/>
  <testcase name="isTransparent[160: STAINED_GLASS_PANE]" classname="org.bukkit.PerMaterialTest" time="0"/>
  <testcase name="isSolid[160: STAINED_GLASS_PANE]" classname="org.bukkit.PerMaterialTest" time="0"/>
  <testcase name="hasGravity[161: LEAVES_2]" classname="org.bukkit.PerMaterialTest" time="0"/>
  <testcase name="isBurnable[161: LEAVES_2]" classname="org.bukkit.PerMaterialTest" time="0"/>
  <testcase name="isEdible[161: LEAVES_2]" classname="org.bukkit.PerMaterialTest" time="0"/>
  <testcase name="maxDurability[161: LEAVES_2]" classname="org.bukkit.PerMaterialTest" time="0"/>
  <testcase name="usesDurability[161: LEAVES_2]" classname="org.bukkit.PerMaterialTest" time="0"/>
  <testcase name="isOccluding[161: LEAVES_2]" classname="org.bukkit.PerMaterialTest" time="0"/>
  <testcase name="isRecord[161: LEAVES_2]" classname="org.bukkit.PerMaterialTest" time="0"/>
  <testcase name="isFlammable[161: LEAVES_2]" classname="org.bukkit.PerMaterialTest" time="0"/>
  <testcase name="maxStackSize[161: LEAVES_2]" classname="org.bukkit.PerMaterialTest" time="0"/>
  <testcase name="isTransparent[161: LEAVES_2]" classname="org.bukkit.PerMaterialTest" time="0"/>
  <testcase name="isSolid[161: LEAVES_2]" classname="org.bukkit.PerMaterialTest" time="0"/>
  <testcase name="hasGravity[162: LOG_2]" classname="org.bukkit.PerMaterialTest" time="0"/>
  <testcase name="isBurnable[162: LOG_2]" classname="org.bukkit.PerMaterialTest" time="0"/>
  <testcase name="isEdible[162: LOG_2]" classname="org.bukkit.PerMaterialTest" time="0"/>
  <testcase name="maxDurability[162: LOG_2]" classname="org.bukkit.PerMaterialTest" time="0"/>
  <testcase name="usesDurability[162: LOG_2]" classname="org.bukkit.PerMaterialTest" time="0"/>
  <testcase name="isOccluding[162: LOG_2]" classname="org.bukkit.PerMaterialTest" time="0"/>
  <testcase name="isRecord[162: LOG_2]" classname="org.bukkit.PerMaterialTest" time="0"/>
  <testcase name="isFlammable[162: LOG_2]" classname="org.bukkit.PerMaterialTest" time="0"/>
  <testcase name="maxStackSize[162: LOG_2]" classname="org.bukkit.PerMaterialTest" time="0"/>
  <testcase name="isTransparent[162: LOG_2]" classname="org.bukkit.PerMaterialTest" time="0"/>
  <testcase name="isSolid[162: LOG_2]" classname="org.bukkit.PerMaterialTest" time="0"/>
  <testcase name="hasGravity[163: ACACIA_STAIRS]" classname="org.bukkit.PerMaterialTest" time="0"/>
  <testcase name="isBurnable[163: ACACIA_STAIRS]" classname="org.bukkit.PerMaterialTest" time="0"/>
  <testcase name="isEdible[163: ACACIA_STAIRS]" classname="org.bukkit.PerMaterialTest" time="0"/>
  <testcase name="maxDurability[163: ACACIA_STAIRS]" classname="org.bukkit.PerMaterialTest" time="0"/>
  <testcase name="usesDurability[163: ACACIA_STAIRS]" classname="org.bukkit.PerMaterialTest" time="0"/>
  <testcase name="isOccluding[163: ACACIA_STAIRS]" classname="org.bukkit.PerMaterialTest" time="0"/>
  <testcase name="isRecord[163: ACACIA_STAIRS]" classname="org.bukkit.PerMaterialTest" time="0"/>
  <testcase name="isFlammable[163: ACACIA_STAIRS]" classname="org.bukkit.PerMaterialTest" time="0"/>
  <testcase name="maxStackSize[163: ACACIA_STAIRS]" classname="org.bukkit.PerMaterialTest" time="0"/>
  <testcase name="isTransparent[163: ACACIA_STAIRS]" classname="org.bukkit.PerMaterialTest" time="0"/>
  <testcase name="isSolid[163: ACACIA_STAIRS]" classname="org.bukkit.PerMaterialTest" time="0"/>
  <testcase name="hasGravity[164: DARK_OAK_STAIRS]" classname="org.bukkit.PerMaterialTest" time="0"/>
  <testcase name="isBurnable[164: DARK_OAK_STAIRS]" classname="org.bukkit.PerMaterialTest" time="0"/>
  <testcase name="isEdible[164: DARK_OAK_STAIRS]" classname="org.bukkit.PerMaterialTest" time="0"/>
  <testcase name="maxDurability[164: DARK_OAK_STAIRS]" classname="org.bukkit.PerMaterialTest" time="0"/>
  <testcase name="usesDurability[164: DARK_OAK_STAIRS]" classname="org.bukkit.PerMaterialTest" time="0"/>
  <testcase name="isOccluding[164: DARK_OAK_STAIRS]" classname="org.bukkit.PerMaterialTest" time="0"/>
  <testcase name="isRecord[164: DARK_OAK_STAIRS]" classname="org.bukkit.PerMaterialTest" time="0"/>
  <testcase name="isFlammable[164: DARK_OAK_STAIRS]" classname="org.bukkit.PerMaterialTest" time="0"/>
  <testcase name="maxStackSize[164: DARK_OAK_STAIRS]" classname="org.bukkit.PerMaterialTest" time="0"/>
  <testcase name="isTransparent[164: DARK_OAK_STAIRS]" classname="org.bukkit.PerMaterialTest" time="0"/>
  <testcase name="isSolid[164: DARK_OAK_STAIRS]" classname="org.bukkit.PerMaterialTest" time="0"/>
  <testcase name="hasGravity[165: SLIME_BLOCK]" classname="org.bukkit.PerMaterialTest" time="0"/>
  <testcase name="isBurnable[165: SLIME_BLOCK]" classname="org.bukkit.PerMaterialTest" time="0"/>
  <testcase name="isEdible[165: SLIME_BLOCK]" classname="org.bukkit.PerMaterialTest" time="0"/>
  <testcase name="maxDurability[165: SLIME_BLOCK]" classname="org.bukkit.PerMaterialTest" time="0"/>
  <testcase name="usesDurability[165: SLIME_BLOCK]" classname="org.bukkit.PerMaterialTest" time="0"/>
  <testcase name="isOccluding[165: SLIME_BLOCK]" classname="org.bukkit.PerMaterialTest" time="0.001"/>
  <testcase name="isRecord[165: SLIME_BLOCK]" classname="org.bukkit.PerMaterialTest" time="0"/>
  <testcase name="isFlammable[165: SLIME_BLOCK]" classname="org.bukkit.PerMaterialTest" time="0"/>
  <testcase name="maxStackSize[165: SLIME_BLOCK]" classname="org.bukkit.PerMaterialTest" time="0"/>
  <testcase name="isTransparent[165: SLIME_BLOCK]" classname="org.bukkit.PerMaterialTest" time="0"/>
  <testcase name="isSolid[165: SLIME_BLOCK]" classname="org.bukkit.PerMaterialTest" time="0"/>
  <testcase name="hasGravity[166: BARRIER]" classname="org.bukkit.PerMaterialTest" time="0"/>
  <testcase name="isBurnable[166: BARRIER]" classname="org.bukkit.PerMaterialTest" time="0"/>
  <testcase name="isEdible[166: BARRIER]" classname="org.bukkit.PerMaterialTest" time="0"/>
  <testcase name="maxDurability[166: BARRIER]" classname="org.bukkit.PerMaterialTest" time="0"/>
  <testcase name="usesDurability[166: BARRIER]" classname="org.bukkit.PerMaterialTest" time="0"/>
  <testcase name="isOccluding[166: BARRIER]" classname="org.bukkit.PerMaterialTest" time="0"/>
  <testcase name="isRecord[166: BARRIER]" classname="org.bukkit.PerMaterialTest" time="0"/>
  <testcase name="isFlammable[166: BARRIER]" classname="org.bukkit.PerMaterialTest" time="0"/>
  <testcase name="maxStackSize[166: BARRIER]" classname="org.bukkit.PerMaterialTest" time="0"/>
  <testcase name="isTransparent[166: BARRIER]" classname="org.bukkit.PerMaterialTest" time="0"/>
  <testcase name="isSolid[166: BARRIER]" classname="org.bukkit.PerMaterialTest" time="0"/>
  <testcase name="hasGravity[167: IRON_TRAPDOOR]" classname="org.bukkit.PerMaterialTest" time="0"/>
  <testcase name="isBurnable[167: IRON_TRAPDOOR]" classname="org.bukkit.PerMaterialTest" time="0"/>
  <testcase name="isEdible[167: IRON_TRAPDOOR]" classname="org.bukkit.PerMaterialTest" time="0"/>
  <testcase name="maxDurability[167: IRON_TRAPDOOR]" classname="org.bukkit.PerMaterialTest" time="0"/>
  <testcase name="usesDurability[167: IRON_TRAPDOOR]" classname="org.bukkit.PerMaterialTest" time="0"/>
  <testcase name="isOccluding[167: IRON_TRAPDOOR]" classname="org.bukkit.PerMaterialTest" time="0"/>
  <testcase name="isRecord[167: IRON_TRAPDOOR]" classname="org.bukkit.PerMaterialTest" time="0"/>
  <testcase name="isFlammable[167: IRON_TRAPDOOR]" classname="org.bukkit.PerMaterialTest" time="0"/>
  <testcase name="maxStackSize[167: IRON_TRAPDOOR]" classname="org.bukkit.PerMaterialTest" time="0"/>
  <testcase name="isTransparent[167: IRON_TRAPDOOR]" classname="org.bukkit.PerMaterialTest" time="0"/>
  <testcase name="isSolid[167: IRON_TRAPDOOR]" classname="org.bukkit.PerMaterialTest" time="0.001"/>
  <testcase name="hasGravity[168: PRISMARINE]" classname="org.bukkit.PerMaterialTest" time="0"/>
  <testcase name="isBurnable[168: PRISMARINE]" classname="org.bukkit.PerMaterialTest" time="0"/>
  <testcase name="isEdible[168: PRISMARINE]" classname="org.bukkit.PerMaterialTest" time="0"/>
  <testcase name="maxDurability[168: PRISMARINE]" classname="org.bukkit.PerMaterialTest" time="0"/>
  <testcase name="usesDurability[168: PRISMARINE]" classname="org.bukkit.PerMaterialTest" time="0"/>
  <testcase name="isOccluding[168: PRISMARINE]" classname="org.bukkit.PerMaterialTest" time="0"/>
  <testcase name="isRecord[168: PRISMARINE]" classname="org.bukkit.PerMaterialTest" time="0"/>
  <testcase name="isFlammable[168: PRISMARINE]" classname="org.bukkit.PerMaterialTest" time="0"/>
  <testcase name="maxStackSize[168: PRISMARINE]" classname="org.bukkit.PerMaterialTest" time="0"/>
  <testcase name="isTransparent[168: PRISMARINE]" classname="org.bukkit.PerMaterialTest" time="0"/>
  <testcase name="isSolid[168: PRISMARINE]" classname="org.bukkit.PerMaterialTest" time="0"/>
  <testcase name="hasGravity[169: SEA_LANTERN]" classname="org.bukkit.PerMaterialTest" time="0"/>
  <testcase name="isBurnable[169: SEA_LANTERN]" classname="org.bukkit.PerMaterialTest" time="0"/>
  <testcase name="isEdible[169: SEA_LANTERN]" classname="org.bukkit.PerMaterialTest" time="0"/>
  <testcase name="maxDurability[169: SEA_LANTERN]" classname="org.bukkit.PerMaterialTest" time="0"/>
  <testcase name="usesDurability[169: SEA_LANTERN]" classname="org.bukkit.PerMaterialTest" time="0"/>
  <testcase name="isOccluding[169: SEA_LANTERN]" classname="org.bukkit.PerMaterialTest" time="0"/>
  <testcase name="isRecord[169: SEA_LANTERN]" classname="org.bukkit.PerMaterialTest" time="0"/>
  <testcase name="isFlammable[169: SEA_LANTERN]" classname="org.bukkit.PerMaterialTest" time="0"/>
  <testcase name="maxStackSize[169: SEA_LANTERN]" classname="org.bukkit.PerMaterialTest" time="0"/>
  <testcase name="isTransparent[169: SEA_LANTERN]" classname="org.bukkit.PerMaterialTest" time="0"/>
  <testcase name="isSolid[169: SEA_LANTERN]" classname="org.bukkit.PerMaterialTest" time="0"/>
  <testcase name="hasGravity[170: HAY_BLOCK]" classname="org.bukkit.PerMaterialTest" time="0"/>
  <testcase name="isBurnable[170: HAY_BLOCK]" classname="org.bukkit.PerMaterialTest" time="0"/>
  <testcase name="isEdible[170: HAY_BLOCK]" classname="org.bukkit.PerMaterialTest" time="0"/>
  <testcase name="maxDurability[170: HAY_BLOCK]" classname="org.bukkit.PerMaterialTest" time="0"/>
  <testcase name="usesDurability[170: HAY_BLOCK]" classname="org.bukkit.PerMaterialTest" time="0.001"/>
  <testcase name="isOccluding[170: HAY_BLOCK]" classname="org.bukkit.PerMaterialTest" time="0"/>
  <testcase name="isRecord[170: HAY_BLOCK]" classname="org.bukkit.PerMaterialTest" time="0"/>
  <testcase name="isFlammable[170: HAY_BLOCK]" classname="org.bukkit.PerMaterialTest" time="0"/>
  <testcase name="maxStackSize[170: HAY_BLOCK]" classname="org.bukkit.PerMaterialTest" time="0"/>
  <testcase name="isTransparent[170: HAY_BLOCK]" classname="org.bukkit.PerMaterialTest" time="0"/>
  <testcase name="isSolid[170: HAY_BLOCK]" classname="org.bukkit.PerMaterialTest" time="0"/>
  <testcase name="hasGravity[171: CARPET]" classname="org.bukkit.PerMaterialTest" time="0"/>
  <testcase name="isBurnable[171: CARPET]" classname="org.bukkit.PerMaterialTest" time="0"/>
  <testcase name="isEdible[171: CARPET]" classname="org.bukkit.PerMaterialTest" time="0"/>
  <testcase name="maxDurability[171: CARPET]" classname="org.bukkit.PerMaterialTest" time="0"/>
  <testcase name="usesDurability[171: CARPET]" classname="org.bukkit.PerMaterialTest" time="0"/>
  <testcase name="isOccluding[171: CARPET]" classname="org.bukkit.PerMaterialTest" time="0"/>
  <testcase name="isRecord[171: CARPET]" classname="org.bukkit.PerMaterialTest" time="0"/>
  <testcase name="isFlammable[171: CARPET]" classname="org.bukkit.PerMaterialTest" time="0"/>
  <testcase name="maxStackSize[171: CARPET]" classname="org.bukkit.PerMaterialTest" time="0"/>
  <testcase name="isTransparent[171: CARPET]" classname="org.bukkit.PerMaterialTest" time="0"/>
  <testcase name="isSolid[171: CARPET]" classname="org.bukkit.PerMaterialTest" time="0.001"/>
  <testcase name="hasGravity[172: HARD_CLAY]" classname="org.bukkit.PerMaterialTest" time="0"/>
  <testcase name="isBurnable[172: HARD_CLAY]" classname="org.bukkit.PerMaterialTest" time="0"/>
  <testcase name="isEdible[172: HARD_CLAY]" classname="org.bukkit.PerMaterialTest" time="0"/>
  <testcase name="maxDurability[172: HARD_CLAY]" classname="org.bukkit.PerMaterialTest" time="0"/>
  <testcase name="usesDurability[172: HARD_CLAY]" classname="org.bukkit.PerMaterialTest" time="0"/>
  <testcase name="isOccluding[172: HARD_CLAY]" classname="org.bukkit.PerMaterialTest" time="0"/>
  <testcase name="isRecord[172: HARD_CLAY]" classname="org.bukkit.PerMaterialTest" time="0"/>
  <testcase name="isFlammable[172: HARD_CLAY]" classname="org.bukkit.PerMaterialTest" time="0"/>
  <testcase name="maxStackSize[172: HARD_CLAY]" classname="org.bukkit.PerMaterialTest" time="0"/>
  <testcase name="isTransparent[172: HARD_CLAY]" classname="org.bukkit.PerMaterialTest" time="0"/>
  <testcase name="isSolid[172: HARD_CLAY]" classname="org.bukkit.PerMaterialTest" time="0"/>
  <testcase name="hasGravity[173: COAL_BLOCK]" classname="org.bukkit.PerMaterialTest" time="0"/>
  <testcase name="isBurnable[173: COAL_BLOCK]" classname="org.bukkit.PerMaterialTest" time="0"/>
  <testcase name="isEdible[173: COAL_BLOCK]" classname="org.bukkit.PerMaterialTest" time="0"/>
  <testcase name="maxDurability[173: COAL_BLOCK]" classname="org.bukkit.PerMaterialTest" time="0"/>
  <testcase name="usesDurability[173: COAL_BLOCK]" classname="org.bukkit.PerMaterialTest" time="0"/>
  <testcase name="isOccluding[173: COAL_BLOCK]" classname="org.bukkit.PerMaterialTest" time="0"/>
  <testcase name="isRecord[173: COAL_BLOCK]" classname="org.bukkit.PerMaterialTest" time="0"/>
  <testcase name="isFlammable[173: COAL_BLOCK]" classname="org.bukkit.PerMaterialTest" time="0"/>
  <testcase name="maxStackSize[173: COAL_BLOCK]" classname="org.bukkit.PerMaterialTest" time="0"/>
  <testcase name="isTransparent[173: COAL_BLOCK]" classname="org.bukkit.PerMaterialTest" time="0"/>
  <testcase name="isSolid[173: COAL_BLOCK]" classname="org.bukkit.PerMaterialTest" time="0"/>
  <testcase name="hasGravity[174: PACKED_ICE]" classname="org.bukkit.PerMaterialTest" time="0"/>
  <testcase name="isBurnable[174: PACKED_ICE]" classname="org.bukkit.PerMaterialTest" time="0"/>
  <testcase name="isEdible[174: PACKED_ICE]" classname="org.bukkit.PerMaterialTest" time="0"/>
  <testcase name="maxDurability[174: PACKED_ICE]" classname="org.bukkit.PerMaterialTest" time="0"/>
  <testcase name="usesDurability[174: PACKED_ICE]" classname="org.bukkit.PerMaterialTest" time="0"/>
  <testcase name="isOccluding[174: PACKED_ICE]" classname="org.bukkit.PerMaterialTest" time="0"/>
  <testcase name="isRecord[174: PACKED_ICE]" classname="org.bukkit.PerMaterialTest" time="0"/>
  <testcase name="isFlammable[174: PACKED_ICE]" classname="org.bukkit.PerMaterialTest" time="0"/>
  <testcase name="maxStackSize[174: PACKED_ICE]" classname="org.bukkit.PerMaterialTest" time="0"/>
  <testcase name="isTransparent[174: PACKED_ICE]" classname="org.bukkit.PerMaterialTest" time="0"/>
  <testcase name="isSolid[174: PACKED_ICE]" classname="org.bukkit.PerMaterialTest" time="0"/>
  <testcase name="hasGravity[175: DOUBLE_PLANT]" classname="org.bukkit.PerMaterialTest" time="0"/>
  <testcase name="isBurnable[175: DOUBLE_PLANT]" classname="org.bukkit.PerMaterialTest" time="0"/>
  <testcase name="isEdible[175: DOUBLE_PLANT]" classname="org.bukkit.PerMaterialTest" time="0"/>
  <testcase name="maxDurability[175: DOUBLE_PLANT]" classname="org.bukkit.PerMaterialTest" time="0"/>
  <testcase name="usesDurability[175: DOUBLE_PLANT]" classname="org.bukkit.PerMaterialTest" time="0"/>
  <testcase name="isOccluding[175: DOUBLE_PLANT]" classname="org.bukkit.PerMaterialTest" time="0"/>
  <testcase name="isRecord[175: DOUBLE_PLANT]" classname="org.bukkit.PerMaterialTest" time="0"/>
  <testcase name="isFlammable[175: DOUBLE_PLANT]" classname="org.bukkit.PerMaterialTest" time="0"/>
  <testcase name="maxStackSize[175: DOUBLE_PLANT]" classname="org.bukkit.PerMaterialTest" time="0"/>
  <testcase name="isTransparent[175: DOUBLE_PLANT]" classname="org.bukkit.PerMaterialTest" time="0"/>
  <testcase name="isSolid[175: DOUBLE_PLANT]" classname="org.bukkit.PerMaterialTest" time="0"/>
  <testcase name="hasGravity[176: STANDING_BANNER]" classname="org.bukkit.PerMaterialTest" time="0"/>
  <testcase name="isBurnable[176: STANDING_BANNER]" classname="org.bukkit.PerMaterialTest" time="0"/>
  <testcase name="isEdible[176: STANDING_BANNER]" classname="org.bukkit.PerMaterialTest" time="0"/>
  <testcase name="maxDurability[176: STANDING_BANNER]" classname="org.bukkit.PerMaterialTest" time="0"/>
  <testcase name="usesDurability[176: STANDING_BANNER]" classname="org.bukkit.PerMaterialTest" time="0"/>
  <testcase name="isOccluding[176: STANDING_BANNER]" classname="org.bukkit.PerMaterialTest" time="0"/>
  <testcase name="isRecord[176: STANDING_BANNER]" classname="org.bukkit.PerMaterialTest" time="0"/>
  <testcase name="isFlammable[176: STANDING_BANNER]" classname="org.bukkit.PerMaterialTest" time="0"/>
  <testcase name="maxStackSize[176: STANDING_BANNER]" classname="org.bukkit.PerMaterialTest" time="0"/>
  <testcase name="isTransparent[176: STANDING_BANNER]" classname="org.bukkit.PerMaterialTest" time="0"/>
  <testcase name="isSolid[176: STANDING_BANNER]" classname="org.bukkit.PerMaterialTest" time="0"/>
  <testcase name="hasGravity[177: WALL_BANNER]" classname="org.bukkit.PerMaterialTest" time="0"/>
  <testcase name="isBurnable[177: WALL_BANNER]" classname="org.bukkit.PerMaterialTest" time="0"/>
  <testcase name="isEdible[177: WALL_BANNER]" classname="org.bukkit.PerMaterialTest" time="0"/>
  <testcase name="maxDurability[177: WALL_BANNER]" classname="org.bukkit.PerMaterialTest" time="0"/>
  <testcase name="usesDurability[177: WALL_BANNER]" classname="org.bukkit.PerMaterialTest" time="0"/>
  <testcase name="isOccluding[177: WALL_BANNER]" classname="org.bukkit.PerMaterialTest" time="0"/>
  <testcase name="isRecord[177: WALL_BANNER]" classname="org.bukkit.PerMaterialTest" time="0"/>
  <testcase name="isFlammable[177: WALL_BANNER]" classname="org.bukkit.PerMaterialTest" time="0"/>
  <testcase name="maxStackSize[177: WALL_BANNER]" classname="org.bukkit.PerMaterialTest" time="0"/>
  <testcase name="isTransparent[177: WALL_BANNER]" classname="org.bukkit.PerMaterialTest" time="0"/>
  <testcase name="isSolid[177: WALL_BANNER]" classname="org.bukkit.PerMaterialTest" time="0"/>
  <testcase name="hasGravity[178: DAYLIGHT_DETECTOR_INVERTED]" classname="org.bukkit.PerMaterialTest" time="0"/>
  <testcase name="isBurnable[178: DAYLIGHT_DETECTOR_INVERTED]" classname="org.bukkit.PerMaterialTest" time="0"/>
  <testcase name="isEdible[178: DAYLIGHT_DETECTOR_INVERTED]" classname="org.bukkit.PerMaterialTest" time="0"/>
  <testcase name="maxDurability[178: DAYLIGHT_DETECTOR_INVERTED]" classname="org.bukkit.PerMaterialTest" time="0"/>
  <testcase name="usesDurability[178: DAYLIGHT_DETECTOR_INVERTED]" classname="org.bukkit.PerMaterialTest" time="0"/>
  <testcase name="isOccluding[178: DAYLIGHT_DETECTOR_INVERTED]" classname="org.bukkit.PerMaterialTest" time="0"/>
  <testcase name="isRecord[178: DAYLIGHT_DETECTOR_INVERTED]" classname="org.bukkit.PerMaterialTest" time="0"/>
  <testcase name="isFlammable[178: DAYLIGHT_DETECTOR_INVERTED]" classname="org.bukkit.PerMaterialTest" time="0"/>
  <testcase name="maxStackSize[178: DAYLIGHT_DETECTOR_INVERTED]" classname="org.bukkit.PerMaterialTest" time="0"/>
  <testcase name="isTransparent[178: DAYLIGHT_DETECTOR_INVERTED]" classname="org.bukkit.PerMaterialTest" time="0"/>
  <testcase name="isSolid[178: DAYLIGHT_DETECTOR_INVERTED]" classname="org.bukkit.PerMaterialTest" time="0"/>
  <testcase name="hasGravity[179: RED_SANDSTONE]" classname="org.bukkit.PerMaterialTest" time="0"/>
  <testcase name="isBurnable[179: RED_SANDSTONE]" classname="org.bukkit.PerMaterialTest" time="0"/>
  <testcase name="isEdible[179: RED_SANDSTONE]" classname="org.bukkit.PerMaterialTest" time="0"/>
  <testcase name="maxDurability[179: RED_SANDSTONE]" classname="org.bukkit.PerMaterialTest" time="0"/>
  <testcase name="usesDurability[179: RED_SANDSTONE]" classname="org.bukkit.PerMaterialTest" time="0"/>
  <testcase name="isOccluding[179: RED_SANDSTONE]" classname="org.bukkit.PerMaterialTest" time="0"/>
  <testcase name="isRecord[179: RED_SANDSTONE]" classname="org.bukkit.PerMaterialTest" time="0"/>
  <testcase name="isFlammable[179: RED_SANDSTONE]" classname="org.bukkit.PerMaterialTest" time="0"/>
  <testcase name="maxStackSize[179: RED_SANDSTONE]" classname="org.bukkit.PerMaterialTest" time="0"/>
  <testcase name="isTransparent[179: RED_SANDSTONE]" classname="org.bukkit.PerMaterialTest" time="0"/>
  <testcase name="isSolid[179: RED_SANDSTONE]" classname="org.bukkit.PerMaterialTest" time="0"/>
  <testcase name="hasGravity[180: RED_SANDSTONE_STAIRS]" classname="org.bukkit.PerMaterialTest" time="0"/>
  <testcase name="isBurnable[180: RED_SANDSTONE_STAIRS]" classname="org.bukkit.PerMaterialTest" time="0"/>
  <testcase name="isEdible[180: RED_SANDSTONE_STAIRS]" classname="org.bukkit.PerMaterialTest" time="0"/>
  <testcase name="maxDurability[180: RED_SANDSTONE_STAIRS]" classname="org.bukkit.PerMaterialTest" time="0"/>
  <testcase name="usesDurability[180: RED_SANDSTONE_STAIRS]" classname="org.bukkit.PerMaterialTest" time="0"/>
  <testcase name="isOccluding[180: RED_SANDSTONE_STAIRS]" classname="org.bukkit.PerMaterialTest" time="0"/>
  <testcase name="isRecord[180: RED_SANDSTONE_STAIRS]" classname="org.bukkit.PerMaterialTest" time="0"/>
  <testcase name="isFlammable[180: RED_SANDSTONE_STAIRS]" classname="org.bukkit.PerMaterialTest" time="0"/>
  <testcase name="maxStackSize[180: RED_SANDSTONE_STAIRS]" classname="org.bukkit.PerMaterialTest" time="0"/>
  <testcase name="isTransparent[180: RED_SANDSTONE_STAIRS]" classname="org.bukkit.PerMaterialTest" time="0"/>
  <testcase name="isSolid[180: RED_SANDSTONE_STAIRS]" classname="org.bukkit.PerMaterialTest" time="0"/>
  <testcase name="hasGravity[181: DOUBLE_STONE_SLAB2]" classname="org.bukkit.PerMaterialTest" time="0"/>
  <testcase name="isBurnable[181: DOUBLE_STONE_SLAB2]" classname="org.bukkit.PerMaterialTest" time="0"/>
  <testcase name="isEdible[181: DOUBLE_STONE_SLAB2]" classname="org.bukkit.PerMaterialTest" time="0"/>
  <testcase name="maxDurability[181: DOUBLE_STONE_SLAB2]" classname="org.bukkit.PerMaterialTest" time="0"/>
  <testcase name="usesDurability[181: DOUBLE_STONE_SLAB2]" classname="org.bukkit.PerMaterialTest" time="0"/>
  <testcase name="isOccluding[181: DOUBLE_STONE_SLAB2]" classname="org.bukkit.PerMaterialTest" time="0"/>
  <testcase name="isRecord[181: DOUBLE_STONE_SLAB2]" classname="org.bukkit.PerMaterialTest" time="0"/>
  <testcase name="isFlammable[181: DOUBLE_STONE_SLAB2]" classname="org.bukkit.PerMaterialTest" time="0"/>
  <testcase name="maxStackSize[181: DOUBLE_STONE_SLAB2]" classname="org.bukkit.PerMaterialTest" time="0"/>
  <testcase name="isTransparent[181: DOUBLE_STONE_SLAB2]" classname="org.bukkit.PerMaterialTest" time="0"/>
  <testcase name="isSolid[181: DOUBLE_STONE_SLAB2]" classname="org.bukkit.PerMaterialTest" time="0"/>
  <testcase name="hasGravity[182: STONE_SLAB2]" classname="org.bukkit.PerMaterialTest" time="0"/>
  <testcase name="isBurnable[182: STONE_SLAB2]" classname="org.bukkit.PerMaterialTest" time="0"/>
  <testcase name="isEdible[182: STONE_SLAB2]" classname="org.bukkit.PerMaterialTest" time="0"/>
  <testcase name="maxDurability[182: STONE_SLAB2]" classname="org.bukkit.PerMaterialTest" time="0"/>
  <testcase name="usesDurability[182: STONE_SLAB2]" classname="org.bukkit.PerMaterialTest" time="0"/>
  <testcase name="isOccluding[182: STONE_SLAB2]" classname="org.bukkit.PerMaterialTest" time="0"/>
  <testcase name="isRecord[182: STONE_SLAB2]" classname="org.bukkit.PerMaterialTest" time="0"/>
  <testcase name="isFlammable[182: STONE_SLAB2]" classname="org.bukkit.PerMaterialTest" time="0"/>
  <testcase name="maxStackSize[182: STONE_SLAB2]" classname="org.bukkit.PerMaterialTest" time="0"/>
  <testcase name="isTransparent[182: STONE_SLAB2]" classname="org.bukkit.PerMaterialTest" time="0"/>
  <testcase name="isSolid[182: STONE_SLAB2]" classname="org.bukkit.PerMaterialTest" time="0"/>
  <testcase name="hasGravity[183: SPRUCE_FENCE_GATE]" classname="org.bukkit.PerMaterialTest" time="0"/>
  <testcase name="isBurnable[183: SPRUCE_FENCE_GATE]" classname="org.bukkit.PerMaterialTest" time="0"/>
  <testcase name="isEdible[183: SPRUCE_FENCE_GATE]" classname="org.bukkit.PerMaterialTest" time="0"/>
  <testcase name="maxDurability[183: SPRUCE_FENCE_GATE]" classname="org.bukkit.PerMaterialTest" time="0"/>
  <testcase name="usesDurability[183: SPRUCE_FENCE_GATE]" classname="org.bukkit.PerMaterialTest" time="0"/>
  <testcase name="isOccluding[183: SPRUCE_FENCE_GATE]" classname="org.bukkit.PerMaterialTest" time="0"/>
  <testcase name="isRecord[183: SPRUCE_FENCE_GATE]" classname="org.bukkit.PerMaterialTest" time="0"/>
  <testcase name="isFlammable[183: SPRUCE_FENCE_GATE]" classname="org.bukkit.PerMaterialTest" time="0"/>
  <testcase name="maxStackSize[183: SPRUCE_FENCE_GATE]" classname="org.bukkit.PerMaterialTest" time="0"/>
  <testcase name="isTransparent[183: SPRUCE_FENCE_GATE]" classname="org.bukkit.PerMaterialTest" time="0"/>
  <testcase name="isSolid[183: SPRUCE_FENCE_GATE]" classname="org.bukkit.PerMaterialTest" time="0"/>
  <testcase name="hasGravity[184: BIRCH_FENCE_GATE]" classname="org.bukkit.PerMaterialTest" time="0"/>
  <testcase name="isBurnable[184: BIRCH_FENCE_GATE]" classname="org.bukkit.PerMaterialTest" time="0"/>
  <testcase name="isEdible[184: BIRCH_FENCE_GATE]" classname="org.bukkit.PerMaterialTest" time="0"/>
  <testcase name="maxDurability[184: BIRCH_FENCE_GATE]" classname="org.bukkit.PerMaterialTest" time="0"/>
  <testcase name="usesDurability[184: BIRCH_FENCE_GATE]" classname="org.bukkit.PerMaterialTest" time="0"/>
  <testcase name="isOccluding[184: BIRCH_FENCE_GATE]" classname="org.bukkit.PerMaterialTest" time="0"/>
  <testcase name="isRecord[184: BIRCH_FENCE_GATE]" classname="org.bukkit.PerMaterialTest" time="0"/>
  <testcase name="isFlammable[184: BIRCH_FENCE_GATE]" classname="org.bukkit.PerMaterialTest" time="0"/>
  <testcase name="maxStackSize[184: BIRCH_FENCE_GATE]" classname="org.bukkit.PerMaterialTest" time="0"/>
  <testcase name="isTransparent[184: BIRCH_FENCE_GATE]" classname="org.bukkit.PerMaterialTest" time="0"/>
  <testcase name="isSolid[184: BIRCH_FENCE_GATE]" classname="org.bukkit.PerMaterialTest" time="0"/>
  <testcase name="hasGravity[185: JUNGLE_FENCE_GATE]" classname="org.bukkit.PerMaterialTest" time="0"/>
  <testcase name="isBurnable[185: JUNGLE_FENCE_GATE]" classname="org.bukkit.PerMaterialTest" time="0"/>
  <testcase name="isEdible[185: JUNGLE_FENCE_GATE]" classname="org.bukkit.PerMaterialTest" time="0"/>
  <testcase name="maxDurability[185: JUNGLE_FENCE_GATE]" classname="org.bukkit.PerMaterialTest" time="0"/>
  <testcase name="usesDurability[185: JUNGLE_FENCE_GATE]" classname="org.bukkit.PerMaterialTest" time="0"/>
  <testcase name="isOccluding[185: JUNGLE_FENCE_GATE]" classname="org.bukkit.PerMaterialTest" time="0"/>
  <testcase name="isRecord[185: JUNGLE_FENCE_GATE]" classname="org.bukkit.PerMaterialTest" time="0"/>
  <testcase name="isFlammable[185: JUNGLE_FENCE_GATE]" classname="org.bukkit.PerMaterialTest" time="0"/>
  <testcase name="maxStackSize[185: JUNGLE_FENCE_GATE]" classname="org.bukkit.PerMaterialTest" time="0"/>
  <testcase name="isTransparent[185: JUNGLE_FENCE_GATE]" classname="org.bukkit.PerMaterialTest" time="0"/>
  <testcase name="isSolid[185: JUNGLE_FENCE_GATE]" classname="org.bukkit.PerMaterialTest" time="0"/>
  <testcase name="hasGravity[186: DARK_OAK_FENCE_GATE]" classname="org.bukkit.PerMaterialTest" time="0"/>
  <testcase name="isBurnable[186: DARK_OAK_FENCE_GATE]" classname="org.bukkit.PerMaterialTest" time="0"/>
  <testcase name="isEdible[186: DARK_OAK_FENCE_GATE]" classname="org.bukkit.PerMaterialTest" time="0"/>
  <testcase name="maxDurability[186: DARK_OAK_FENCE_GATE]" classname="org.bukkit.PerMaterialTest" time="0"/>
  <testcase name="usesDurability[186: DARK_OAK_FENCE_GATE]" classname="org.bukkit.PerMaterialTest" time="0"/>
  <testcase name="isOccluding[186: DARK_OAK_FENCE_GATE]" classname="org.bukkit.PerMaterialTest" time="0"/>
  <testcase name="isRecord[186: DARK_OAK_FENCE_GATE]" classname="org.bukkit.PerMaterialTest" time="0"/>
  <testcase name="isFlammable[186: DARK_OAK_FENCE_GATE]" classname="org.bukkit.PerMaterialTest" time="0"/>
  <testcase name="maxStackSize[186: DARK_OAK_FENCE_GATE]" classname="org.bukkit.PerMaterialTest" time="0"/>
  <testcase name="isTransparent[186: DARK_OAK_FENCE_GATE]" classname="org.bukkit.PerMaterialTest" time="0"/>
  <testcase name="isSolid[186: DARK_OAK_FENCE_GATE]" classname="org.bukkit.PerMaterialTest" time="0"/>
  <testcase name="hasGravity[187: ACACIA_FENCE_GATE]" classname="org.bukkit.PerMaterialTest" time="0"/>
  <testcase name="isBurnable[187: ACACIA_FENCE_GATE]" classname="org.bukkit.PerMaterialTest" time="0"/>
  <testcase name="isEdible[187: ACACIA_FENCE_GATE]" classname="org.bukkit.PerMaterialTest" time="0"/>
  <testcase name="maxDurability[187: ACACIA_FENCE_GATE]" classname="org.bukkit.PerMaterialTest" time="0"/>
  <testcase name="usesDurability[187: ACACIA_FENCE_GATE]" classname="org.bukkit.PerMaterialTest" time="0"/>
  <testcase name="isOccluding[187: ACACIA_FENCE_GATE]" classname="org.bukkit.PerMaterialTest" time="0"/>
  <testcase name="isRecord[187: ACACIA_FENCE_GATE]" classname="org.bukkit.PerMaterialTest" time="0"/>
  <testcase name="isFlammable[187: ACACIA_FENCE_GATE]" classname="org.bukkit.PerMaterialTest" time="0"/>
  <testcase name="maxStackSize[187: ACACIA_FENCE_GATE]" classname="org.bukkit.PerMaterialTest" time="0"/>
  <testcase name="isTransparent[187: ACACIA_FENCE_GATE]" classname="org.bukkit.PerMaterialTest" time="0"/>
  <testcase name="isSolid[187: ACACIA_FENCE_GATE]" classname="org.bukkit.PerMaterialTest" time="0"/>
  <testcase name="hasGravity[188: SPRUCE_FENCE]" classname="org.bukkit.PerMaterialTest" time="0"/>
  <testcase name="isBurnable[188: SPRUCE_FENCE]" classname="org.bukkit.PerMaterialTest" time="0"/>
  <testcase name="isEdible[188: SPRUCE_FENCE]" classname="org.bukkit.PerMaterialTest" time="0"/>
  <testcase name="maxDurability[188: SPRUCE_FENCE]" classname="org.bukkit.PerMaterialTest" time="0"/>
  <testcase name="usesDurability[188: SPRUCE_FENCE]" classname="org.bukkit.PerMaterialTest" time="0"/>
  <testcase name="isOccluding[188: SPRUCE_FENCE]" classname="org.bukkit.PerMaterialTest" time="0"/>
  <testcase name="isRecord[188: SPRUCE_FENCE]" classname="org.bukkit.PerMaterialTest" time="0"/>
  <testcase name="isFlammable[188: SPRUCE_FENCE]" classname="org.bukkit.PerMaterialTest" time="0"/>
  <testcase name="maxStackSize[188: SPRUCE_FENCE]" classname="org.bukkit.PerMaterialTest" time="0"/>
  <testcase name="isTransparent[188: SPRUCE_FENCE]" classname="org.bukkit.PerMaterialTest" time="0"/>
  <testcase name="isSolid[188: SPRUCE_FENCE]" classname="org.bukkit.PerMaterialTest" time="0"/>
  <testcase name="hasGravity[189: BIRCH_FENCE]" classname="org.bukkit.PerMaterialTest" time="0"/>
  <testcase name="isBurnable[189: BIRCH_FENCE]" classname="org.bukkit.PerMaterialTest" time="0"/>
  <testcase name="isEdible[189: BIRCH_FENCE]" classname="org.bukkit.PerMaterialTest" time="0"/>
  <testcase name="maxDurability[189: BIRCH_FENCE]" classname="org.bukkit.PerMaterialTest" time="0"/>
  <testcase name="usesDurability[189: BIRCH_FENCE]" classname="org.bukkit.PerMaterialTest" time="0"/>
  <testcase name="isOccluding[189: BIRCH_FENCE]" classname="org.bukkit.PerMaterialTest" time="0"/>
  <testcase name="isRecord[189: BIRCH_FENCE]" classname="org.bukkit.PerMaterialTest" time="0"/>
  <testcase name="isFlammable[189: BIRCH_FENCE]" classname="org.bukkit.PerMaterialTest" time="0"/>
  <testcase name="maxStackSize[189: BIRCH_FENCE]" classname="org.bukkit.PerMaterialTest" time="0"/>
  <testcase name="isTransparent[189: BIRCH_FENCE]" classname="org.bukkit.PerMaterialTest" time="0"/>
  <testcase name="isSolid[189: BIRCH_FENCE]" classname="org.bukkit.PerMaterialTest" time="0"/>
  <testcase name="hasGravity[190: JUNGLE_FENCE]" classname="org.bukkit.PerMaterialTest" time="0"/>
  <testcase name="isBurnable[190: JUNGLE_FENCE]" classname="org.bukkit.PerMaterialTest" time="0"/>
  <testcase name="isEdible[190: JUNGLE_FENCE]" classname="org.bukkit.PerMaterialTest" time="0"/>
  <testcase name="maxDurability[190: JUNGLE_FENCE]" classname="org.bukkit.PerMaterialTest" time="0"/>
  <testcase name="usesDurability[190: JUNGLE_FENCE]" classname="org.bukkit.PerMaterialTest" time="0"/>
  <testcase name="isOccluding[190: JUNGLE_FENCE]" classname="org.bukkit.PerMaterialTest" time="0"/>
  <testcase name="isRecord[190: JUNGLE_FENCE]" classname="org.bukkit.PerMaterialTest" time="0"/>
  <testcase name="isFlammable[190: JUNGLE_FENCE]" classname="org.bukkit.PerMaterialTest" time="0"/>
  <testcase name="maxStackSize[190: JUNGLE_FENCE]" classname="org.bukkit.PerMaterialTest" time="0"/>
  <testcase name="isTransparent[190: JUNGLE_FENCE]" classname="org.bukkit.PerMaterialTest" time="0"/>
  <testcase name="isSolid[190: JUNGLE_FENCE]" classname="org.bukkit.PerMaterialTest" time="0"/>
  <testcase name="hasGravity[191: DARK_OAK_FENCE]" classname="org.bukkit.PerMaterialTest" time="0"/>
  <testcase name="isBurnable[191: DARK_OAK_FENCE]" classname="org.bukkit.PerMaterialTest" time="0"/>
  <testcase name="isEdible[191: DARK_OAK_FENCE]" classname="org.bukkit.PerMaterialTest" time="0"/>
  <testcase name="maxDurability[191: DARK_OAK_FENCE]" classname="org.bukkit.PerMaterialTest" time="0"/>
  <testcase name="usesDurability[191: DARK_OAK_FENCE]" classname="org.bukkit.PerMaterialTest" time="0"/>
  <testcase name="isOccluding[191: DARK_OAK_FENCE]" classname="org.bukkit.PerMaterialTest" time="0"/>
  <testcase name="isRecord[191: DARK_OAK_FENCE]" classname="org.bukkit.PerMaterialTest" time="0"/>
  <testcase name="isFlammable[191: DARK_OAK_FENCE]" classname="org.bukkit.PerMaterialTest" time="0"/>
  <testcase name="maxStackSize[191: DARK_OAK_FENCE]" classname="org.bukkit.PerMaterialTest" time="0"/>
  <testcase name="isTransparent[191: DARK_OAK_FENCE]" classname="org.bukkit.PerMaterialTest" time="0"/>
  <testcase name="isSolid[191: DARK_OAK_FENCE]" classname="org.bukkit.PerMaterialTest" time="0"/>
  <testcase name="hasGravity[192: ACACIA_FENCE]" classname="org.bukkit.PerMaterialTest" time="0"/>
  <testcase name="isBurnable[192: ACACIA_FENCE]" classname="org.bukkit.PerMaterialTest" time="0"/>
  <testcase name="isEdible[192: ACACIA_FENCE]" classname="org.bukkit.PerMaterialTest" time="0"/>
  <testcase name="maxDurability[192: ACACIA_FENCE]" classname="org.bukkit.PerMaterialTest" time="0"/>
  <testcase name="usesDurability[192: ACACIA_FENCE]" classname="org.bukkit.PerMaterialTest" time="0"/>
  <testcase name="isOccluding[192: ACACIA_FENCE]" classname="org.bukkit.PerMaterialTest" time="0"/>
  <testcase name="isRecord[192: ACACIA_FENCE]" classname="org.bukkit.PerMaterialTest" time="0"/>
  <testcase name="isFlammable[192: ACACIA_FENCE]" classname="org.bukkit.PerMaterialTest" time="0"/>
  <testcase name="maxStackSize[192: ACACIA_FENCE]" classname="org.bukkit.PerMaterialTest" time="0"/>
  <testcase name="isTransparent[192: ACACIA_FENCE]" classname="org.bukkit.PerMaterialTest" time="0"/>
  <testcase name="isSolid[192: ACACIA_FENCE]" classname="org.bukkit.PerMaterialTest" time="0"/>
  <testcase name="hasGravity[193: SPRUCE_DOOR]" classname="org.bukkit.PerMaterialTest" time="0"/>
  <testcase name="isBurnable[193: SPRUCE_DOOR]" classname="org.bukkit.PerMaterialTest" time="0"/>
  <testcase name="isEdible[193: SPRUCE_DOOR]" classname="org.bukkit.PerMaterialTest" time="0"/>
  <testcase name="maxDurability[193: SPRUCE_DOOR]" classname="org.bukkit.PerMaterialTest" time="0"/>
  <testcase name="usesDurability[193: SPRUCE_DOOR]" classname="org.bukkit.PerMaterialTest" time="0"/>
  <testcase name="isOccluding[193: SPRUCE_DOOR]" classname="org.bukkit.PerMaterialTest" time="0"/>
  <testcase name="isRecord[193: SPRUCE_DOOR]" classname="org.bukkit.PerMaterialTest" time="0"/>
  <testcase name="isFlammable[193: SPRUCE_DOOR]" classname="org.bukkit.PerMaterialTest" time="0"/>
  <testcase name="maxStackSize[193: SPRUCE_DOOR]" classname="org.bukkit.PerMaterialTest" time="0"/>
  <testcase name="isTransparent[193: SPRUCE_DOOR]" classname="org.bukkit.PerMaterialTest" time="0"/>
  <testcase name="isSolid[193: SPRUCE_DOOR]" classname="org.bukkit.PerMaterialTest" time="0"/>
  <testcase name="hasGravity[194: BIRCH_DOOR]" classname="org.bukkit.PerMaterialTest" time="0"/>
  <testcase name="isBurnable[194: BIRCH_DOOR]" classname="org.bukkit.PerMaterialTest" time="0"/>
  <testcase name="isEdible[194: BIRCH_DOOR]" classname="org.bukkit.PerMaterialTest" time="0"/>
  <testcase name="maxDurability[194: BIRCH_DOOR]" classname="org.bukkit.PerMaterialTest" time="0"/>
  <testcase name="usesDurability[194: BIRCH_DOOR]" classname="org.bukkit.PerMaterialTest" time="0"/>
  <testcase name="isOccluding[194: BIRCH_DOOR]" classname="org.bukkit.PerMaterialTest" time="0"/>
  <testcase name="isRecord[194: BIRCH_DOOR]" classname="org.bukkit.PerMaterialTest" time="0"/>
  <testcase name="isFlammable[194: BIRCH_DOOR]" classname="org.bukkit.PerMaterialTest" time="0"/>
  <testcase name="maxStackSize[194: BIRCH_DOOR]" classname="org.bukkit.PerMaterialTest" time="0"/>
  <testcase name="isTransparent[194: BIRCH_DOOR]" classname="org.bukkit.PerMaterialTest" time="0"/>
  <testcase name="isSolid[194: BIRCH_DOOR]" classname="org.bukkit.PerMaterialTest" time="0"/>
  <testcase name="hasGravity[195: JUNGLE_DOOR]" classname="org.bukkit.PerMaterialTest" time="0"/>
  <testcase name="isBurnable[195: JUNGLE_DOOR]" classname="org.bukkit.PerMaterialTest" time="0.001"/>
  <testcase name="isEdible[195: JUNGLE_DOOR]" classname="org.bukkit.PerMaterialTest" time="0"/>
  <testcase name="maxDurability[195: JUNGLE_DOOR]" classname="org.bukkit.PerMaterialTest" time="0"/>
  <testcase name="usesDurability[195: JUNGLE_DOOR]" classname="org.bukkit.PerMaterialTest" time="0"/>
  <testcase name="isOccluding[195: JUNGLE_DOOR]" classname="org.bukkit.PerMaterialTest" time="0"/>
  <testcase name="isRecord[195: JUNGLE_DOOR]" classname="org.bukkit.PerMaterialTest" time="0"/>
  <testcase name="isFlammable[195: JUNGLE_DOOR]" classname="org.bukkit.PerMaterialTest" time="0"/>
  <testcase name="maxStackSize[195: JUNGLE_DOOR]" classname="org.bukkit.PerMaterialTest" time="0"/>
  <testcase name="isTransparent[195: JUNGLE_DOOR]" classname="org.bukkit.PerMaterialTest" time="0"/>
  <testcase name="isSolid[195: JUNGLE_DOOR]" classname="org.bukkit.PerMaterialTest" time="0"/>
  <testcase name="hasGravity[196: ACACIA_DOOR]" classname="org.bukkit.PerMaterialTest" time="0"/>
  <testcase name="isBurnable[196: ACACIA_DOOR]" classname="org.bukkit.PerMaterialTest" time="0"/>
  <testcase name="isEdible[196: ACACIA_DOOR]" classname="org.bukkit.PerMaterialTest" time="0"/>
  <testcase name="maxDurability[196: ACACIA_DOOR]" classname="org.bukkit.PerMaterialTest" time="0"/>
  <testcase name="usesDurability[196: ACACIA_DOOR]" classname="org.bukkit.PerMaterialTest" time="0"/>
  <testcase name="isOccluding[196: ACACIA_DOOR]" classname="org.bukkit.PerMaterialTest" time="0"/>
  <testcase name="isRecord[196: ACACIA_DOOR]" classname="org.bukkit.PerMaterialTest" time="0"/>
  <testcase name="isFlammable[196: ACACIA_DOOR]" classname="org.bukkit.PerMaterialTest" time="0"/>
  <testcase name="maxStackSize[196: ACACIA_DOOR]" classname="org.bukkit.PerMaterialTest" time="0"/>
  <testcase name="isTransparent[196: ACACIA_DOOR]" classname="org.bukkit.PerMaterialTest" time="0"/>
  <testcase name="isSolid[196: ACACIA_DOOR]" classname="org.bukkit.PerMaterialTest" time="0"/>
  <testcase name="hasGravity[197: DARK_OAK_DOOR]" classname="org.bukkit.PerMaterialTest" time="0"/>
  <testcase name="isBurnable[197: DARK_OAK_DOOR]" classname="org.bukkit.PerMaterialTest" time="0"/>
  <testcase name="isEdible[197: DARK_OAK_DOOR]" classname="org.bukkit.PerMaterialTest" time="0"/>
  <testcase name="maxDurability[197: DARK_OAK_DOOR]" classname="org.bukkit.PerMaterialTest" time="0"/>
  <testcase name="usesDurability[197: DARK_OAK_DOOR]" classname="org.bukkit.PerMaterialTest" time="0"/>
  <testcase name="isOccluding[197: DARK_OAK_DOOR]" classname="org.bukkit.PerMaterialTest" time="0"/>
  <testcase name="isRecord[197: DARK_OAK_DOOR]" classname="org.bukkit.PerMaterialTest" time="0"/>
  <testcase name="isFlammable[197: DARK_OAK_DOOR]" classname="org.bukkit.PerMaterialTest" time="0"/>
  <testcase name="maxStackSize[197: DARK_OAK_DOOR]" classname="org.bukkit.PerMaterialTest" time="0"/>
  <testcase name="isTransparent[197: DARK_OAK_DOOR]" classname="org.bukkit.PerMaterialTest" time="0"/>
  <testcase name="isSolid[197: DARK_OAK_DOOR]" classname="org.bukkit.PerMaterialTest" time="0"/>
  <testcase name="hasGravity[198: END_ROD]" classname="org.bukkit.PerMaterialTest" time="0"/>
  <testcase name="isBurnable[198: END_ROD]" classname="org.bukkit.PerMaterialTest" time="0"/>
  <testcase name="isEdible[198: END_ROD]" classname="org.bukkit.PerMaterialTest" time="0"/>
  <testcase name="maxDurability[198: END_ROD]" classname="org.bukkit.PerMaterialTest" time="0"/>
  <testcase name="usesDurability[198: END_ROD]" classname="org.bukkit.PerMaterialTest" time="0"/>
  <testcase name="isOccluding[198: END_ROD]" classname="org.bukkit.PerMaterialTest" time="0"/>
  <testcase name="isRecord[198: END_ROD]" classname="org.bukkit.PerMaterialTest" time="0"/>
  <testcase name="isFlammable[198: END_ROD]" classname="org.bukkit.PerMaterialTest" time="0"/>
  <testcase name="maxStackSize[198: END_ROD]" classname="org.bukkit.PerMaterialTest" time="0"/>
  <testcase name="isTransparent[198: END_ROD]" classname="org.bukkit.PerMaterialTest" time="0"/>
  <testcase name="isSolid[198: END_ROD]" classname="org.bukkit.PerMaterialTest" time="0"/>
  <testcase name="hasGravity[199: CHORUS_PLANT]" classname="org.bukkit.PerMaterialTest" time="0"/>
  <testcase name="isBurnable[199: CHORUS_PLANT]" classname="org.bukkit.PerMaterialTest" time="0"/>
  <testcase name="isEdible[199: CHORUS_PLANT]" classname="org.bukkit.PerMaterialTest" time="0"/>
  <testcase name="maxDurability[199: CHORUS_PLANT]" classname="org.bukkit.PerMaterialTest" time="0"/>
  <testcase name="usesDurability[199: CHORUS_PLANT]" classname="org.bukkit.PerMaterialTest" time="0"/>
  <testcase name="isOccluding[199: CHORUS_PLANT]" classname="org.bukkit.PerMaterialTest" time="0"/>
  <testcase name="isRecord[199: CHORUS_PLANT]" classname="org.bukkit.PerMaterialTest" time="0"/>
  <testcase name="isFlammable[199: CHORUS_PLANT]" classname="org.bukkit.PerMaterialTest" time="0"/>
  <testcase name="maxStackSize[199: CHORUS_PLANT]" classname="org.bukkit.PerMaterialTest" time="0"/>
  <testcase name="isTransparent[199: CHORUS_PLANT]" classname="org.bukkit.PerMaterialTest" time="0"/>
  <testcase name="isSolid[199: CHORUS_PLANT]" classname="org.bukkit.PerMaterialTest" time="0"/>
  <testcase name="hasGravity[200: CHORUS_FLOWER]" classname="org.bukkit.PerMaterialTest" time="0"/>
  <testcase name="isBurnable[200: CHORUS_FLOWER]" classname="org.bukkit.PerMaterialTest" time="0"/>
  <testcase name="isEdible[200: CHORUS_FLOWER]" classname="org.bukkit.PerMaterialTest" time="0"/>
  <testcase name="maxDurability[200: CHORUS_FLOWER]" classname="org.bukkit.PerMaterialTest" time="0"/>
  <testcase name="usesDurability[200: CHORUS_FLOWER]" classname="org.bukkit.PerMaterialTest" time="0"/>
  <testcase name="isOccluding[200: CHORUS_FLOWER]" classname="org.bukkit.PerMaterialTest" time="0"/>
  <testcase name="isRecord[200: CHORUS_FLOWER]" classname="org.bukkit.PerMaterialTest" time="0"/>
  <testcase name="isFlammable[200: CHORUS_FLOWER]" classname="org.bukkit.PerMaterialTest" time="0"/>
  <testcase name="maxStackSize[200: CHORUS_FLOWER]" classname="org.bukkit.PerMaterialTest" time="0"/>
  <testcase name="isTransparent[200: CHORUS_FLOWER]" classname="org.bukkit.PerMaterialTest" time="0"/>
  <testcase name="isSolid[200: CHORUS_FLOWER]" classname="org.bukkit.PerMaterialTest" time="0"/>
  <testcase name="hasGravity[201: PURPUR_BLOCK]" classname="org.bukkit.PerMaterialTest" time="0"/>
  <testcase name="isBurnable[201: PURPUR_BLOCK]" classname="org.bukkit.PerMaterialTest" time="0"/>
  <testcase name="isEdible[201: PURPUR_BLOCK]" classname="org.bukkit.PerMaterialTest" time="0"/>
  <testcase name="maxDurability[201: PURPUR_BLOCK]" classname="org.bukkit.PerMaterialTest" time="0"/>
  <testcase name="usesDurability[201: PURPUR_BLOCK]" classname="org.bukkit.PerMaterialTest" time="0"/>
  <testcase name="isOccluding[201: PURPUR_BLOCK]" classname="org.bukkit.PerMaterialTest" time="0"/>
  <testcase name="isRecord[201: PURPUR_BLOCK]" classname="org.bukkit.PerMaterialTest" time="0"/>
  <testcase name="isFlammable[201: PURPUR_BLOCK]" classname="org.bukkit.PerMaterialTest" time="0"/>
  <testcase name="maxStackSize[201: PURPUR_BLOCK]" classname="org.bukkit.PerMaterialTest" time="0"/>
  <testcase name="isTransparent[201: PURPUR_BLOCK]" classname="org.bukkit.PerMaterialTest" time="0"/>
  <testcase name="isSolid[201: PURPUR_BLOCK]" classname="org.bukkit.PerMaterialTest" time="0"/>
  <testcase name="hasGravity[202: PURPUR_PILLAR]" classname="org.bukkit.PerMaterialTest" time="0"/>
  <testcase name="isBurnable[202: PURPUR_PILLAR]" classname="org.bukkit.PerMaterialTest" time="0"/>
  <testcase name="isEdible[202: PURPUR_PILLAR]" classname="org.bukkit.PerMaterialTest" time="0"/>
  <testcase name="maxDurability[202: PURPUR_PILLAR]" classname="org.bukkit.PerMaterialTest" time="0"/>
  <testcase name="usesDurability[202: PURPUR_PILLAR]" classname="org.bukkit.PerMaterialTest" time="0"/>
  <testcase name="isOccluding[202: PURPUR_PILLAR]" classname="org.bukkit.PerMaterialTest" time="0"/>
  <testcase name="isRecord[202: PURPUR_PILLAR]" classname="org.bukkit.PerMaterialTest" time="0"/>
  <testcase name="isFlammable[202: PURPUR_PILLAR]" classname="org.bukkit.PerMaterialTest" time="0"/>
  <testcase name="maxStackSize[202: PURPUR_PILLAR]" classname="org.bukkit.PerMaterialTest" time="0"/>
  <testcase name="isTransparent[202: PURPUR_PILLAR]" classname="org.bukkit.PerMaterialTest" time="0"/>
  <testcase name="isSolid[202: PURPUR_PILLAR]" classname="org.bukkit.PerMaterialTest" time="0"/>
  <testcase name="hasGravity[203: PURPUR_STAIRS]" classname="org.bukkit.PerMaterialTest" time="0"/>
  <testcase name="isBurnable[203: PURPUR_STAIRS]" classname="org.bukkit.PerMaterialTest" time="0"/>
  <testcase name="isEdible[203: PURPUR_STAIRS]" classname="org.bukkit.PerMaterialTest" time="0"/>
  <testcase name="maxDurability[203: PURPUR_STAIRS]" classname="org.bukkit.PerMaterialTest" time="0"/>
  <testcase name="usesDurability[203: PURPUR_STAIRS]" classname="org.bukkit.PerMaterialTest" time="0"/>
  <testcase name="isOccluding[203: PURPUR_STAIRS]" classname="org.bukkit.PerMaterialTest" time="0"/>
  <testcase name="isRecord[203: PURPUR_STAIRS]" classname="org.bukkit.PerMaterialTest" time="0"/>
  <testcase name="isFlammable[203: PURPUR_STAIRS]" classname="org.bukkit.PerMaterialTest" time="0"/>
  <testcase name="maxStackSize[203: PURPUR_STAIRS]" classname="org.bukkit.PerMaterialTest" time="0"/>
  <testcase name="isTransparent[203: PURPUR_STAIRS]" classname="org.bukkit.PerMaterialTest" time="0.001"/>
  <testcase name="isSolid[203: PURPUR_STAIRS]" classname="org.bukkit.PerMaterialTest" time="0"/>
  <testcase name="hasGravity[204: PURPUR_DOUBLE_SLAB]" classname="org.bukkit.PerMaterialTest" time="0"/>
  <testcase name="isBurnable[204: PURPUR_DOUBLE_SLAB]" classname="org.bukkit.PerMaterialTest" time="0"/>
  <testcase name="isEdible[204: PURPUR_DOUBLE_SLAB]" classname="org.bukkit.PerMaterialTest" time="0"/>
  <testcase name="maxDurability[204: PURPUR_DOUBLE_SLAB]" classname="org.bukkit.PerMaterialTest" time="0"/>
  <testcase name="usesDurability[204: PURPUR_DOUBLE_SLAB]" classname="org.bukkit.PerMaterialTest" time="0"/>
  <testcase name="isOccluding[204: PURPUR_DOUBLE_SLAB]" classname="org.bukkit.PerMaterialTest" time="0"/>
  <testcase name="isRecord[204: PURPUR_DOUBLE_SLAB]" classname="org.bukkit.PerMaterialTest" time="0"/>
  <testcase name="isFlammable[204: PURPUR_DOUBLE_SLAB]" classname="org.bukkit.PerMaterialTest" time="0"/>
  <testcase name="maxStackSize[204: PURPUR_DOUBLE_SLAB]" classname="org.bukkit.PerMaterialTest" time="0"/>
  <testcase name="isTransparent[204: PURPUR_DOUBLE_SLAB]" classname="org.bukkit.PerMaterialTest" time="0"/>
  <testcase name="isSolid[204: PURPUR_DOUBLE_SLAB]" classname="org.bukkit.PerMaterialTest" time="0"/>
  <testcase name="hasGravity[205: PURPUR_SLAB]" classname="org.bukkit.PerMaterialTest" time="0"/>
  <testcase name="isBurnable[205: PURPUR_SLAB]" classname="org.bukkit.PerMaterialTest" time="0"/>
  <testcase name="isEdible[205: PURPUR_SLAB]" classname="org.bukkit.PerMaterialTest" time="0"/>
  <testcase name="maxDurability[205: PURPUR_SLAB]" classname="org.bukkit.PerMaterialTest" time="0"/>
  <testcase name="usesDurability[205: PURPUR_SLAB]" classname="org.bukkit.PerMaterialTest" time="0.001"/>
  <testcase name="isOccluding[205: PURPUR_SLAB]" classname="org.bukkit.PerMaterialTest" time="0"/>
  <testcase name="isRecord[205: PURPUR_SLAB]" classname="org.bukkit.PerMaterialTest" time="0"/>
  <testcase name="isFlammable[205: PURPUR_SLAB]" classname="org.bukkit.PerMaterialTest" time="0"/>
  <testcase name="maxStackSize[205: PURPUR_SLAB]" classname="org.bukkit.PerMaterialTest" time="0"/>
  <testcase name="isTransparent[205: PURPUR_SLAB]" classname="org.bukkit.PerMaterialTest" time="0"/>
  <testcase name="isSolid[205: PURPUR_SLAB]" classname="org.bukkit.PerMaterialTest" time="0"/>
  <testcase name="hasGravity[206: END_BRICKS]" classname="org.bukkit.PerMaterialTest" time="0"/>
  <testcase name="isBurnable[206: END_BRICKS]" classname="org.bukkit.PerMaterialTest" time="0"/>
  <testcase name="isEdible[206: END_BRICKS]" classname="org.bukkit.PerMaterialTest" time="0"/>
  <testcase name="maxDurability[206: END_BRICKS]" classname="org.bukkit.PerMaterialTest" time="0"/>
  <testcase name="usesDurability[206: END_BRICKS]" classname="org.bukkit.PerMaterialTest" time="0"/>
  <testcase name="isOccluding[206: END_BRICKS]" classname="org.bukkit.PerMaterialTest" time="0"/>
  <testcase name="isRecord[206: END_BRICKS]" classname="org.bukkit.PerMaterialTest" time="0"/>
  <testcase name="isFlammable[206: END_BRICKS]" classname="org.bukkit.PerMaterialTest" time="0"/>
  <testcase name="maxStackSize[206: END_BRICKS]" classname="org.bukkit.PerMaterialTest" time="0"/>
  <testcase name="isTransparent[206: END_BRICKS]" classname="org.bukkit.PerMaterialTest" time="0"/>
  <testcase name="isSolid[206: END_BRICKS]" classname="org.bukkit.PerMaterialTest" time="0"/>
  <testcase name="hasGravity[207: BEETROOT_BLOCK]" classname="org.bukkit.PerMaterialTest" time="0"/>
  <testcase name="isBurnable[207: BEETROOT_BLOCK]" classname="org.bukkit.PerMaterialTest" time="0"/>
  <testcase name="isEdible[207: BEETROOT_BLOCK]" classname="org.bukkit.PerMaterialTest" time="0"/>
  <testcase name="maxDurability[207: BEETROOT_BLOCK]" classname="org.bukkit.PerMaterialTest" time="0"/>
  <testcase name="usesDurability[207: BEETROOT_BLOCK]" classname="org.bukkit.PerMaterialTest" time="0"/>
  <testcase name="isOccluding[207: BEETROOT_BLOCK]" classname="org.bukkit.PerMaterialTest" time="0"/>
  <testcase name="isRecord[207: BEETROOT_BLOCK]" classname="org.bukkit.PerMaterialTest" time="0"/>
  <testcase name="isFlammable[207: BEETROOT_BLOCK]" classname="org.bukkit.PerMaterialTest" time="0"/>
  <testcase name="maxStackSize[207: BEETROOT_BLOCK]" classname="org.bukkit.PerMaterialTest" time="0"/>
  <testcase name="isTransparent[207: BEETROOT_BLOCK]" classname="org.bukkit.PerMaterialTest" time="0"/>
  <testcase name="isSolid[207: BEETROOT_BLOCK]" classname="org.bukkit.PerMaterialTest" time="0"/>
  <testcase name="hasGravity[208: GRASS_PATH]" classname="org.bukkit.PerMaterialTest" time="0"/>
  <testcase name="isBurnable[208: GRASS_PATH]" classname="org.bukkit.PerMaterialTest" time="0"/>
  <testcase name="isEdible[208: GRASS_PATH]" classname="org.bukkit.PerMaterialTest" time="0"/>
  <testcase name="maxDurability[208: GRASS_PATH]" classname="org.bukkit.PerMaterialTest" time="0"/>
  <testcase name="usesDurability[208: GRASS_PATH]" classname="org.bukkit.PerMaterialTest" time="0"/>
  <testcase name="isOccluding[208: GRASS_PATH]" classname="org.bukkit.PerMaterialTest" time="0"/>
  <testcase name="isRecord[208: GRASS_PATH]" classname="org.bukkit.PerMaterialTest" time="0"/>
  <testcase name="isFlammable[208: GRASS_PATH]" classname="org.bukkit.PerMaterialTest" time="0"/>
  <testcase name="maxStackSize[208: GRASS_PATH]" classname="org.bukkit.PerMaterialTest" time="0"/>
  <testcase name="isTransparent[208: GRASS_PATH]" classname="org.bukkit.PerMaterialTest" time="0"/>
  <testcase name="isSolid[208: GRASS_PATH]" classname="org.bukkit.PerMaterialTest" time="0"/>
  <testcase name="hasGravity[209: END_GATEWAY]" classname="org.bukkit.PerMaterialTest" time="0"/>
  <testcase name="isBurnable[209: END_GATEWAY]" classname="org.bukkit.PerMaterialTest" time="0"/>
  <testcase name="isEdible[209: END_GATEWAY]" classname="org.bukkit.PerMaterialTest" time="0"/>
  <testcase name="maxDurability[209: END_GATEWAY]" classname="org.bukkit.PerMaterialTest" time="0"/>
  <testcase name="usesDurability[209: END_GATEWAY]" classname="org.bukkit.PerMaterialTest" time="0"/>
  <testcase name="isOccluding[209: END_GATEWAY]" classname="org.bukkit.PerMaterialTest" time="0"/>
  <testcase name="isRecord[209: END_GATEWAY]" classname="org.bukkit.PerMaterialTest" time="0"/>
  <testcase name="isFlammable[209: END_GATEWAY]" classname="org.bukkit.PerMaterialTest" time="0"/>
  <testcase name="maxStackSize[209: END_GATEWAY]" classname="org.bukkit.PerMaterialTest" time="0"/>
  <testcase name="isTransparent[209: END_GATEWAY]" classname="org.bukkit.PerMaterialTest" time="0"/>
  <testcase name="isSolid[209: END_GATEWAY]" classname="org.bukkit.PerMaterialTest" time="0"/>
  <testcase name="hasGravity[210: COMMAND_REPEATING]" classname="org.bukkit.PerMaterialTest" time="0"/>
  <testcase name="isBurnable[210: COMMAND_REPEATING]" classname="org.bukkit.PerMaterialTest" time="0"/>
  <testcase name="isEdible[210: COMMAND_REPEATING]" classname="org.bukkit.PerMaterialTest" time="0"/>
  <testcase name="maxDurability[210: COMMAND_REPEATING]" classname="org.bukkit.PerMaterialTest" time="0"/>
  <testcase name="usesDurability[210: COMMAND_REPEATING]" classname="org.bukkit.PerMaterialTest" time="0"/>
  <testcase name="isOccluding[210: COMMAND_REPEATING]" classname="org.bukkit.PerMaterialTest" time="0"/>
  <testcase name="isRecord[210: COMMAND_REPEATING]" classname="org.bukkit.PerMaterialTest" time="0"/>
  <testcase name="isFlammable[210: COMMAND_REPEATING]" classname="org.bukkit.PerMaterialTest" time="0"/>
  <testcase name="maxStackSize[210: COMMAND_REPEATING]" classname="org.bukkit.PerMaterialTest" time="0"/>
  <testcase name="isTransparent[210: COMMAND_REPEATING]" classname="org.bukkit.PerMaterialTest" time="0"/>
  <testcase name="isSolid[210: COMMAND_REPEATING]" classname="org.bukkit.PerMaterialTest" time="0"/>
  <testcase name="hasGravity[211: COMMAND_CHAIN]" classname="org.bukkit.PerMaterialTest" time="0"/>
  <testcase name="isBurnable[211: COMMAND_CHAIN]" classname="org.bukkit.PerMaterialTest" time="0"/>
  <testcase name="isEdible[211: COMMAND_CHAIN]" classname="org.bukkit.PerMaterialTest" time="0"/>
  <testcase name="maxDurability[211: COMMAND_CHAIN]" classname="org.bukkit.PerMaterialTest" time="0"/>
  <testcase name="usesDurability[211: COMMAND_CHAIN]" classname="org.bukkit.PerMaterialTest" time="0"/>
  <testcase name="isOccluding[211: COMMAND_CHAIN]" classname="org.bukkit.PerMaterialTest" time="0"/>
  <testcase name="isRecord[211: COMMAND_CHAIN]" classname="org.bukkit.PerMaterialTest" time="0"/>
  <testcase name="isFlammable[211: COMMAND_CHAIN]" classname="org.bukkit.PerMaterialTest" time="0"/>
  <testcase name="maxStackSize[211: COMMAND_CHAIN]" classname="org.bukkit.PerMaterialTest" time="0"/>
  <testcase name="isTransparent[211: COMMAND_CHAIN]" classname="org.bukkit.PerMaterialTest" time="0"/>
  <testcase name="isSolid[211: COMMAND_CHAIN]" classname="org.bukkit.PerMaterialTest" time="0"/>
  <testcase name="hasGravity[212: FROSTED_ICE]" classname="org.bukkit.PerMaterialTest" time="0"/>
  <testcase name="isBurnable[212: FROSTED_ICE]" classname="org.bukkit.PerMaterialTest" time="0"/>
  <testcase name="isEdible[212: FROSTED_ICE]" classname="org.bukkit.PerMaterialTest" time="0"/>
  <testcase name="maxDurability[212: FROSTED_ICE]" classname="org.bukkit.PerMaterialTest" time="0"/>
  <testcase name="usesDurability[212: FROSTED_ICE]" classname="org.bukkit.PerMaterialTest" time="0"/>
  <testcase name="isOccluding[212: FROSTED_ICE]" classname="org.bukkit.PerMaterialTest" time="0"/>
  <testcase name="isRecord[212: FROSTED_ICE]" classname="org.bukkit.PerMaterialTest" time="0"/>
  <testcase name="isFlammable[212: FROSTED_ICE]" classname="org.bukkit.PerMaterialTest" time="0"/>
  <testcase name="maxStackSize[212: FROSTED_ICE]" classname="org.bukkit.PerMaterialTest" time="0"/>
  <testcase name="isTransparent[212: FROSTED_ICE]" classname="org.bukkit.PerMaterialTest" time="0"/>
  <testcase name="isSolid[212: FROSTED_ICE]" classname="org.bukkit.PerMaterialTest" time="0"/>
  <testcase name="hasGravity[213: MAGMA]" classname="org.bukkit.PerMaterialTest" time="0"/>
  <testcase name="isBurnable[213: MAGMA]" classname="org.bukkit.PerMaterialTest" time="0"/>
  <testcase name="isEdible[213: MAGMA]" classname="org.bukkit.PerMaterialTest" time="0"/>
  <testcase name="maxDurability[213: MAGMA]" classname="org.bukkit.PerMaterialTest" time="0"/>
  <testcase name="usesDurability[213: MAGMA]" classname="org.bukkit.PerMaterialTest" time="0"/>
  <testcase name="isOccluding[213: MAGMA]" classname="org.bukkit.PerMaterialTest" time="0"/>
  <testcase name="isRecord[213: MAGMA]" classname="org.bukkit.PerMaterialTest" time="0"/>
  <testcase name="isFlammable[213: MAGMA]" classname="org.bukkit.PerMaterialTest" time="0"/>
  <testcase name="maxStackSize[213: MAGMA]" classname="org.bukkit.PerMaterialTest" time="0"/>
  <testcase name="isTransparent[213: MAGMA]" classname="org.bukkit.PerMaterialTest" time="0"/>
  <testcase name="isSolid[213: MAGMA]" classname="org.bukkit.PerMaterialTest" time="0"/>
  <testcase name="hasGravity[214: NETHER_WART_BLOCK]" classname="org.bukkit.PerMaterialTest" time="0"/>
  <testcase name="isBurnable[214: NETHER_WART_BLOCK]" classname="org.bukkit.PerMaterialTest" time="0"/>
  <testcase name="isEdible[214: NETHER_WART_BLOCK]" classname="org.bukkit.PerMaterialTest" time="0"/>
  <testcase name="maxDurability[214: NETHER_WART_BLOCK]" classname="org.bukkit.PerMaterialTest" time="0"/>
  <testcase name="usesDurability[214: NETHER_WART_BLOCK]" classname="org.bukkit.PerMaterialTest" time="0"/>
  <testcase name="isOccluding[214: NETHER_WART_BLOCK]" classname="org.bukkit.PerMaterialTest" time="0"/>
  <testcase name="isRecord[214: NETHER_WART_BLOCK]" classname="org.bukkit.PerMaterialTest" time="0"/>
  <testcase name="isFlammable[214: NETHER_WART_BLOCK]" classname="org.bukkit.PerMaterialTest" time="0"/>
  <testcase name="maxStackSize[214: NETHER_WART_BLOCK]" classname="org.bukkit.PerMaterialTest" time="0.001"/>
  <testcase name="isTransparent[214: NETHER_WART_BLOCK]" classname="org.bukkit.PerMaterialTest" time="0"/>
  <testcase name="isSolid[214: NETHER_WART_BLOCK]" classname="org.bukkit.PerMaterialTest" time="0"/>
  <testcase name="hasGravity[215: RED_NETHER_BRICK]" classname="org.bukkit.PerMaterialTest" time="0"/>
  <testcase name="isBurnable[215: RED_NETHER_BRICK]" classname="org.bukkit.PerMaterialTest" time="0"/>
  <testcase name="isEdible[215: RED_NETHER_BRICK]" classname="org.bukkit.PerMaterialTest" time="0"/>
  <testcase name="maxDurability[215: RED_NETHER_BRICK]" classname="org.bukkit.PerMaterialTest" time="0"/>
  <testcase name="usesDurability[215: RED_NETHER_BRICK]" classname="org.bukkit.PerMaterialTest" time="0"/>
  <testcase name="isOccluding[215: RED_NETHER_BRICK]" classname="org.bukkit.PerMaterialTest" time="0"/>
  <testcase name="isRecord[215: RED_NETHER_BRICK]" classname="org.bukkit.PerMaterialTest" time="0"/>
  <testcase name="isFlammable[215: RED_NETHER_BRICK]" classname="org.bukkit.PerMaterialTest" time="0"/>
  <testcase name="maxStackSize[215: RED_NETHER_BRICK]" classname="org.bukkit.PerMaterialTest" time="0"/>
  <testcase name="isTransparent[215: RED_NETHER_BRICK]" classname="org.bukkit.PerMaterialTest" time="0"/>
  <testcase name="isSolid[215: RED_NETHER_BRICK]" classname="org.bukkit.PerMaterialTest" time="0"/>
  <testcase name="hasGravity[216: BONE_BLOCK]" classname="org.bukkit.PerMaterialTest" time="0"/>
  <testcase name="isBurnable[216: BONE_BLOCK]" classname="org.bukkit.PerMaterialTest" time="0"/>
  <testcase name="isEdible[216: BONE_BLOCK]" classname="org.bukkit.PerMaterialTest" time="0"/>
  <testcase name="maxDurability[216: BONE_BLOCK]" classname="org.bukkit.PerMaterialTest" time="0"/>
  <testcase name="usesDurability[216: BONE_BLOCK]" classname="org.bukkit.PerMaterialTest" time="0"/>
  <testcase name="isOccluding[216: BONE_BLOCK]" classname="org.bukkit.PerMaterialTest" time="0"/>
  <testcase name="isRecord[216: BONE_BLOCK]" classname="org.bukkit.PerMaterialTest" time="0"/>
  <testcase name="isFlammable[216: BONE_BLOCK]" classname="org.bukkit.PerMaterialTest" time="0"/>
  <testcase name="maxStackSize[216: BONE_BLOCK]" classname="org.bukkit.PerMaterialTest" time="0"/>
  <testcase name="isTransparent[216: BONE_BLOCK]" classname="org.bukkit.PerMaterialTest" time="0"/>
  <testcase name="isSolid[216: BONE_BLOCK]" classname="org.bukkit.PerMaterialTest" time="0"/>
  <testcase name="hasGravity[217: STRUCTURE_VOID]" classname="org.bukkit.PerMaterialTest" time="0"/>
  <testcase name="isBurnable[217: STRUCTURE_VOID]" classname="org.bukkit.PerMaterialTest" time="0"/>
  <testcase name="isEdible[217: STRUCTURE_VOID]" classname="org.bukkit.PerMaterialTest" time="0"/>
  <testcase name="maxDurability[217: STRUCTURE_VOID]" classname="org.bukkit.PerMaterialTest" time="0"/>
  <testcase name="usesDurability[217: STRUCTURE_VOID]" classname="org.bukkit.PerMaterialTest" time="0"/>
  <testcase name="isOccluding[217: STRUCTURE_VOID]" classname="org.bukkit.PerMaterialTest" time="0"/>
  <testcase name="isRecord[217: STRUCTURE_VOID]" classname="org.bukkit.PerMaterialTest" time="0.001"/>
  <testcase name="isFlammable[217: STRUCTURE_VOID]" classname="org.bukkit.PerMaterialTest" time="0"/>
  <testcase name="maxStackSize[217: STRUCTURE_VOID]" classname="org.bukkit.PerMaterialTest" time="0"/>
  <testcase name="isTransparent[217: STRUCTURE_VOID]" classname="org.bukkit.PerMaterialTest" time="0"/>
  <testcase name="isSolid[217: STRUCTURE_VOID]" classname="org.bukkit.PerMaterialTest" time="0"/>
  <testcase name="hasGravity[218: STRUCTURE_BLOCK]" classname="org.bukkit.PerMaterialTest" time="0"/>
  <testcase name="isBurnable[218: STRUCTURE_BLOCK]" classname="org.bukkit.PerMaterialTest" time="0"/>
  <testcase name="isEdible[218: STRUCTURE_BLOCK]" classname="org.bukkit.PerMaterialTest" time="0"/>
  <testcase name="maxDurability[218: STRUCTURE_BLOCK]" classname="org.bukkit.PerMaterialTest" time="0"/>
  <testcase name="usesDurability[218: STRUCTURE_BLOCK]" classname="org.bukkit.PerMaterialTest" time="0"/>
  <testcase name="isOccluding[218: STRUCTURE_BLOCK]" classname="org.bukkit.PerMaterialTest" time="0"/>
  <testcase name="isRecord[218: STRUCTURE_BLOCK]" classname="org.bukkit.PerMaterialTest" time="0"/>
  <testcase name="isFlammable[218: STRUCTURE_BLOCK]" classname="org.bukkit.PerMaterialTest" time="0"/>
  <testcase name="maxStackSize[218: STRUCTURE_BLOCK]" classname="org.bukkit.PerMaterialTest" time="0"/>
  <testcase name="isTransparent[218: STRUCTURE_BLOCK]" classname="org.bukkit.PerMaterialTest" time="0"/>
  <testcase name="isSolid[218: STRUCTURE_BLOCK]" classname="org.bukkit.PerMaterialTest" time="0"/>
  <testcase name="hasGravity[219: IRON_SPADE]" classname="org.bukkit.PerMaterialTest" time="0"/>
  <testcase name="isBurnable[219: IRON_SPADE]" classname="org.bukkit.PerMaterialTest" time="0"/>
  <testcase name="isEdible[219: IRON_SPADE]" classname="org.bukkit.PerMaterialTest" time="0"/>
  <testcase name="maxDurability[219: IRON_SPADE]" classname="org.bukkit.PerMaterialTest" time="0"/>
  <testcase name="usesDurability[219: IRON_SPADE]" classname="org.bukkit.PerMaterialTest" time="0"/>
  <testcase name="isOccluding[219: IRON_SPADE]" classname="org.bukkit.PerMaterialTest" time="0"/>
  <testcase name="isRecord[219: IRON_SPADE]" classname="org.bukkit.PerMaterialTest" time="0"/>
  <testcase name="isFlammable[219: IRON_SPADE]" classname="org.bukkit.PerMaterialTest" time="0"/>
  <testcase name="maxStackSize[219: IRON_SPADE]" classname="org.bukkit.PerMaterialTest" time="0"/>
  <testcase name="isTransparent[219: IRON_SPADE]" classname="org.bukkit.PerMaterialTest" time="0"/>
  <testcase name="isSolid[219: IRON_SPADE]" classname="org.bukkit.PerMaterialTest" time="0"/>
  <testcase name="hasGravity[220: IRON_PICKAXE]" classname="org.bukkit.PerMaterialTest" time="0"/>
  <testcase name="isBurnable[220: IRON_PICKAXE]" classname="org.bukkit.PerMaterialTest" time="0"/>
  <testcase name="isEdible[220: IRON_PICKAXE]" classname="org.bukkit.PerMaterialTest" time="0"/>
  <testcase name="maxDurability[220: IRON_PICKAXE]" classname="org.bukkit.PerMaterialTest" time="0"/>
  <testcase name="usesDurability[220: IRON_PICKAXE]" classname="org.bukkit.PerMaterialTest" time="0"/>
  <testcase name="isOccluding[220: IRON_PICKAXE]" classname="org.bukkit.PerMaterialTest" time="0.001"/>
  <testcase name="isRecord[220: IRON_PICKAXE]" classname="org.bukkit.PerMaterialTest" time="0"/>
  <testcase name="isFlammable[220: IRON_PICKAXE]" classname="org.bukkit.PerMaterialTest" time="0"/>
  <testcase name="maxStackSize[220: IRON_PICKAXE]" classname="org.bukkit.PerMaterialTest" time="0"/>
  <testcase name="isTransparent[220: IRON_PICKAXE]" classname="org.bukkit.PerMaterialTest" time="0"/>
  <testcase name="isSolid[220: IRON_PICKAXE]" classname="org.bukkit.PerMaterialTest" time="0"/>
  <testcase name="hasGravity[221: IRON_AXE]" classname="org.bukkit.PerMaterialTest" time="0"/>
  <testcase name="isBurnable[221: IRON_AXE]" classname="org.bukkit.PerMaterialTest" time="0"/>
  <testcase name="isEdible[221: IRON_AXE]" classname="org.bukkit.PerMaterialTest" time="0"/>
  <testcase name="maxDurability[221: IRON_AXE]" classname="org.bukkit.PerMaterialTest" time="0"/>
  <testcase name="usesDurability[221: IRON_AXE]" classname="org.bukkit.PerMaterialTest" time="0"/>
  <testcase name="isOccluding[221: IRON_AXE]" classname="org.bukkit.PerMaterialTest" time="0"/>
  <testcase name="isRecord[221: IRON_AXE]" classname="org.bukkit.PerMaterialTest" time="0"/>
  <testcase name="isFlammable[221: IRON_AXE]" classname="org.bukkit.PerMaterialTest" time="0"/>
  <testcase name="maxStackSize[221: IRON_AXE]" classname="org.bukkit.PerMaterialTest" time="0"/>
  <testcase name="isTransparent[221: IRON_AXE]" classname="org.bukkit.PerMaterialTest" time="0"/>
  <testcase name="isSolid[221: IRON_AXE]" classname="org.bukkit.PerMaterialTest" time="0"/>
  <testcase name="hasGravity[222: FLINT_AND_STEEL]" classname="org.bukkit.PerMaterialTest" time="0"/>
  <testcase name="isBurnable[222: FLINT_AND_STEEL]" classname="org.bukkit.PerMaterialTest" time="0"/>
  <testcase name="isEdible[222: FLINT_AND_STEEL]" classname="org.bukkit.PerMaterialTest" time="0"/>
  <testcase name="maxDurability[222: FLINT_AND_STEEL]" classname="org.bukkit.PerMaterialTest" time="0"/>
  <testcase name="usesDurability[222: FLINT_AND_STEEL]" classname="org.bukkit.PerMaterialTest" time="0"/>
  <testcase name="isOccluding[222: FLINT_AND_STEEL]" classname="org.bukkit.PerMaterialTest" time="0"/>
  <testcase name="isRecord[222: FLINT_AND_STEEL]" classname="org.bukkit.PerMaterialTest" time="0"/>
  <testcase name="isFlammable[222: FLINT_AND_STEEL]" classname="org.bukkit.PerMaterialTest" time="0"/>
  <testcase name="maxStackSize[222: FLINT_AND_STEEL]" classname="org.bukkit.PerMaterialTest" time="0"/>
  <testcase name="isTransparent[222: FLINT_AND_STEEL]" classname="org.bukkit.PerMaterialTest" time="0"/>
  <testcase name="isSolid[222: FLINT_AND_STEEL]" classname="org.bukkit.PerMaterialTest" time="0"/>
  <testcase name="hasGravity[223: APPLE]" classname="org.bukkit.PerMaterialTest" time="0"/>
  <testcase name="isBurnable[223: APPLE]" classname="org.bukkit.PerMaterialTest" time="0"/>
  <testcase name="isEdible[223: APPLE]" classname="org.bukkit.PerMaterialTest" time="0"/>
  <testcase name="maxDurability[223: APPLE]" classname="org.bukkit.PerMaterialTest" time="0"/>
  <testcase name="usesDurability[223: APPLE]" classname="org.bukkit.PerMaterialTest" time="0"/>
  <testcase name="isOccluding[223: APPLE]" classname="org.bukkit.PerMaterialTest" time="0"/>
  <testcase name="isRecord[223: APPLE]" classname="org.bukkit.PerMaterialTest" time="0"/>
  <testcase name="isFlammable[223: APPLE]" classname="org.bukkit.PerMaterialTest" time="0"/>
  <testcase name="maxStackSize[223: APPLE]" classname="org.bukkit.PerMaterialTest" time="0"/>
  <testcase name="isTransparent[223: APPLE]" classname="org.bukkit.PerMaterialTest" time="0"/>
  <testcase name="isSolid[223: APPLE]" classname="org.bukkit.PerMaterialTest" time="0"/>
  <testcase name="hasGravity[224: BOW]" classname="org.bukkit.PerMaterialTest" time="0"/>
  <testcase name="isBurnable[224: BOW]" classname="org.bukkit.PerMaterialTest" time="0"/>
  <testcase name="isEdible[224: BOW]" classname="org.bukkit.PerMaterialTest" time="0"/>
  <testcase name="maxDurability[224: BOW]" classname="org.bukkit.PerMaterialTest" time="0"/>
  <testcase name="usesDurability[224: BOW]" classname="org.bukkit.PerMaterialTest" time="0"/>
  <testcase name="isOccluding[224: BOW]" classname="org.bukkit.PerMaterialTest" time="0"/>
  <testcase name="isRecord[224: BOW]" classname="org.bukkit.PerMaterialTest" time="0"/>
  <testcase name="isFlammable[224: BOW]" classname="org.bukkit.PerMaterialTest" time="0"/>
  <testcase name="maxStackSize[224: BOW]" classname="org.bukkit.PerMaterialTest" time="0.001"/>
  <testcase name="isTransparent[224: BOW]" classname="org.bukkit.PerMaterialTest" time="0"/>
  <testcase name="isSolid[224: BOW]" classname="org.bukkit.PerMaterialTest" time="0"/>
  <testcase name="hasGravity[225: ARROW]" classname="org.bukkit.PerMaterialTest" time="0"/>
  <testcase name="isBurnable[225: ARROW]" classname="org.bukkit.PerMaterialTest" time="0"/>
  <testcase name="isEdible[225: ARROW]" classname="org.bukkit.PerMaterialTest" time="0"/>
  <testcase name="maxDurability[225: ARROW]" classname="org.bukkit.PerMaterialTest" time="0"/>
  <testcase name="usesDurability[225: ARROW]" classname="org.bukkit.PerMaterialTest" time="0"/>
  <testcase name="isOccluding[225: ARROW]" classname="org.bukkit.PerMaterialTest" time="0"/>
  <testcase name="isRecord[225: ARROW]" classname="org.bukkit.PerMaterialTest" time="0"/>
  <testcase name="isFlammable[225: ARROW]" classname="org.bukkit.PerMaterialTest" time="0"/>
  <testcase name="maxStackSize[225: ARROW]" classname="org.bukkit.PerMaterialTest" time="0"/>
  <testcase name="isTransparent[225: ARROW]" classname="org.bukkit.PerMaterialTest" time="0"/>
  <testcase name="isSolid[225: ARROW]" classname="org.bukkit.PerMaterialTest" time="0"/>
  <testcase name="hasGravity[226: COAL]" classname="org.bukkit.PerMaterialTest" time="0"/>
  <testcase name="isBurnable[226: COAL]" classname="org.bukkit.PerMaterialTest" time="0"/>
  <testcase name="isEdible[226: COAL]" classname="org.bukkit.PerMaterialTest" time="0"/>
  <testcase name="maxDurability[226: COAL]" classname="org.bukkit.PerMaterialTest" time="0"/>
  <testcase name="usesDurability[226: COAL]" classname="org.bukkit.PerMaterialTest" time="0"/>
  <testcase name="isOccluding[226: COAL]" classname="org.bukkit.PerMaterialTest" time="0"/>
  <testcase name="isRecord[226: COAL]" classname="org.bukkit.PerMaterialTest" time="0"/>
  <testcase name="isFlammable[226: COAL]" classname="org.bukkit.PerMaterialTest" time="0"/>
  <testcase name="maxStackSize[226: COAL]" classname="org.bukkit.PerMaterialTest" time="0"/>
  <testcase name="isTransparent[226: COAL]" classname="org.bukkit.PerMaterialTest" time="0"/>
  <testcase name="isSolid[226: COAL]" classname="org.bukkit.PerMaterialTest" time="0"/>
  <testcase name="hasGravity[227: DIAMOND]" classname="org.bukkit.PerMaterialTest" time="0"/>
  <testcase name="isBurnable[227: DIAMOND]" classname="org.bukkit.PerMaterialTest" time="0"/>
  <testcase name="isEdible[227: DIAMOND]" classname="org.bukkit.PerMaterialTest" time="0"/>
  <testcase name="maxDurability[227: DIAMOND]" classname="org.bukkit.PerMaterialTest" time="0"/>
  <testcase name="usesDurability[227: DIAMOND]" classname="org.bukkit.PerMaterialTest" time="0"/>
  <testcase name="isOccluding[227: DIAMOND]" classname="org.bukkit.PerMaterialTest" time="0"/>
  <testcase name="isRecord[227: DIAMOND]" classname="org.bukkit.PerMaterialTest" time="0"/>
  <testcase name="isFlammable[227: DIAMOND]" classname="org.bukkit.PerMaterialTest" time="0"/>
  <testcase name="maxStackSize[227: DIAMOND]" classname="org.bukkit.PerMaterialTest" time="0"/>
  <testcase name="isTransparent[227: DIAMOND]" classname="org.bukkit.PerMaterialTest" time="0"/>
  <testcase name="isSolid[227: DIAMOND]" classname="org.bukkit.PerMaterialTest" time="0"/>
  <testcase name="hasGravity[228: IRON_INGOT]" classname="org.bukkit.PerMaterialTest" time="0"/>
  <testcase name="isBurnable[228: IRON_INGOT]" classname="org.bukkit.PerMaterialTest" time="0"/>
  <testcase name="isEdible[228: IRON_INGOT]" classname="org.bukkit.PerMaterialTest" time="0"/>
  <testcase name="maxDurability[228: IRON_INGOT]" classname="org.bukkit.PerMaterialTest" time="0"/>
  <testcase name="usesDurability[228: IRON_INGOT]" classname="org.bukkit.PerMaterialTest" time="0"/>
  <testcase name="isOccluding[228: IRON_INGOT]" classname="org.bukkit.PerMaterialTest" time="0"/>
  <testcase name="isRecord[228: IRON_INGOT]" classname="org.bukkit.PerMaterialTest" time="0"/>
  <testcase name="isFlammable[228: IRON_INGOT]" classname="org.bukkit.PerMaterialTest" time="0"/>
  <testcase name="maxStackSize[228: IRON_INGOT]" classname="org.bukkit.PerMaterialTest" time="0"/>
  <testcase name="isTransparent[228: IRON_INGOT]" classname="org.bukkit.PerMaterialTest" time="0"/>
  <testcase name="isSolid[228: IRON_INGOT]" classname="org.bukkit.PerMaterialTest" time="0"/>
  <testcase name="hasGravity[229: GOLD_INGOT]" classname="org.bukkit.PerMaterialTest" time="0"/>
  <testcase name="isBurnable[229: GOLD_INGOT]" classname="org.bukkit.PerMaterialTest" time="0"/>
  <testcase name="isEdible[229: GOLD_INGOT]" classname="org.bukkit.PerMaterialTest" time="0"/>
  <testcase name="maxDurability[229: GOLD_INGOT]" classname="org.bukkit.PerMaterialTest" time="0"/>
  <testcase name="usesDurability[229: GOLD_INGOT]" classname="org.bukkit.PerMaterialTest" time="0"/>
  <testcase name="isOccluding[229: GOLD_INGOT]" classname="org.bukkit.PerMaterialTest" time="0"/>
  <testcase name="isRecord[229: GOLD_INGOT]" classname="org.bukkit.PerMaterialTest" time="0"/>
  <testcase name="isFlammable[229: GOLD_INGOT]" classname="org.bukkit.PerMaterialTest" time="0"/>
  <testcase name="maxStackSize[229: GOLD_INGOT]" classname="org.bukkit.PerMaterialTest" time="0"/>
  <testcase name="isTransparent[229: GOLD_INGOT]" classname="org.bukkit.PerMaterialTest" time="0"/>
  <testcase name="isSolid[229: GOLD_INGOT]" classname="org.bukkit.PerMaterialTest" time="0"/>
  <testcase name="hasGravity[230: IRON_SWORD]" classname="org.bukkit.PerMaterialTest" time="0"/>
  <testcase name="isBurnable[230: IRON_SWORD]" classname="org.bukkit.PerMaterialTest" time="0"/>
  <testcase name="isEdible[230: IRON_SWORD]" classname="org.bukkit.PerMaterialTest" time="0"/>
  <testcase name="maxDurability[230: IRON_SWORD]" classname="org.bukkit.PerMaterialTest" time="0"/>
  <testcase name="usesDurability[230: IRON_SWORD]" classname="org.bukkit.PerMaterialTest" time="0"/>
  <testcase name="isOccluding[230: IRON_SWORD]" classname="org.bukkit.PerMaterialTest" time="0"/>
  <testcase name="isRecord[230: IRON_SWORD]" classname="org.bukkit.PerMaterialTest" time="0"/>
  <testcase name="isFlammable[230: IRON_SWORD]" classname="org.bukkit.PerMaterialTest" time="0"/>
  <testcase name="maxStackSize[230: IRON_SWORD]" classname="org.bukkit.PerMaterialTest" time="0.001"/>
  <testcase name="isTransparent[230: IRON_SWORD]" classname="org.bukkit.PerMaterialTest" time="0"/>
  <testcase name="isSolid[230: IRON_SWORD]" classname="org.bukkit.PerMaterialTest" time="0"/>
  <testcase name="hasGravity[231: WOOD_SWORD]" classname="org.bukkit.PerMaterialTest" time="0"/>
  <testcase name="isBurnable[231: WOOD_SWORD]" classname="org.bukkit.PerMaterialTest" time="0"/>
  <testcase name="isEdible[231: WOOD_SWORD]" classname="org.bukkit.PerMaterialTest" time="0"/>
  <testcase name="maxDurability[231: WOOD_SWORD]" classname="org.bukkit.PerMaterialTest" time="0"/>
  <testcase name="usesDurability[231: WOOD_SWORD]" classname="org.bukkit.PerMaterialTest" time="0"/>
  <testcase name="isOccluding[231: WOOD_SWORD]" classname="org.bukkit.PerMaterialTest" time="0"/>
  <testcase name="isRecord[231: WOOD_SWORD]" classname="org.bukkit.PerMaterialTest" time="0"/>
  <testcase name="isFlammable[231: WOOD_SWORD]" classname="org.bukkit.PerMaterialTest" time="0"/>
  <testcase name="maxStackSize[231: WOOD_SWORD]" classname="org.bukkit.PerMaterialTest" time="0"/>
  <testcase name="isTransparent[231: WOOD_SWORD]" classname="org.bukkit.PerMaterialTest" time="0"/>
  <testcase name="isSolid[231: WOOD_SWORD]" classname="org.bukkit.PerMaterialTest" time="0"/>
  <testcase name="hasGravity[232: WOOD_SPADE]" classname="org.bukkit.PerMaterialTest" time="0"/>
  <testcase name="isBurnable[232: WOOD_SPADE]" classname="org.bukkit.PerMaterialTest" time="0"/>
  <testcase name="isEdible[232: WOOD_SPADE]" classname="org.bukkit.PerMaterialTest" time="0"/>
  <testcase name="maxDurability[232: WOOD_SPADE]" classname="org.bukkit.PerMaterialTest" time="0"/>
  <testcase name="usesDurability[232: WOOD_SPADE]" classname="org.bukkit.PerMaterialTest" time="0"/>
  <testcase name="isOccluding[232: WOOD_SPADE]" classname="org.bukkit.PerMaterialTest" time="0"/>
  <testcase name="isRecord[232: WOOD_SPADE]" classname="org.bukkit.PerMaterialTest" time="0"/>
  <testcase name="isFlammable[232: WOOD_SPADE]" classname="org.bukkit.PerMaterialTest" time="0"/>
  <testcase name="maxStackSize[232: WOOD_SPADE]" classname="org.bukkit.PerMaterialTest" time="0"/>
  <testcase name="isTransparent[232: WOOD_SPADE]" classname="org.bukkit.PerMaterialTest" time="0"/>
  <testcase name="isSolid[232: WOOD_SPADE]" classname="org.bukkit.PerMaterialTest" time="0"/>
  <testcase name="hasGravity[233: WOOD_PICKAXE]" classname="org.bukkit.PerMaterialTest" time="0"/>
  <testcase name="isBurnable[233: WOOD_PICKAXE]" classname="org.bukkit.PerMaterialTest" time="0"/>
  <testcase name="isEdible[233: WOOD_PICKAXE]" classname="org.bukkit.PerMaterialTest" time="0"/>
  <testcase name="maxDurability[233: WOOD_PICKAXE]" classname="org.bukkit.PerMaterialTest" time="0"/>
  <testcase name="usesDurability[233: WOOD_PICKAXE]" classname="org.bukkit.PerMaterialTest" time="0"/>
  <testcase name="isOccluding[233: WOOD_PICKAXE]" classname="org.bukkit.PerMaterialTest" time="0"/>
  <testcase name="isRecord[233: WOOD_PICKAXE]" classname="org.bukkit.PerMaterialTest" time="0"/>
  <testcase name="isFlammable[233: WOOD_PICKAXE]" classname="org.bukkit.PerMaterialTest" time="0"/>
  <testcase name="maxStackSize[233: WOOD_PICKAXE]" classname="org.bukkit.PerMaterialTest" time="0"/>
  <testcase name="isTransparent[233: WOOD_PICKAXE]" classname="org.bukkit.PerMaterialTest" time="0"/>
  <testcase name="isSolid[233: WOOD_PICKAXE]" classname="org.bukkit.PerMaterialTest" time="0"/>
  <testcase name="hasGravity[234: WOOD_AXE]" classname="org.bukkit.PerMaterialTest" time="0"/>
  <testcase name="isBurnable[234: WOOD_AXE]" classname="org.bukkit.PerMaterialTest" time="0"/>
  <testcase name="isEdible[234: WOOD_AXE]" classname="org.bukkit.PerMaterialTest" time="0"/>
  <testcase name="maxDurability[234: WOOD_AXE]" classname="org.bukkit.PerMaterialTest" time="0"/>
  <testcase name="usesDurability[234: WOOD_AXE]" classname="org.bukkit.PerMaterialTest" time="0"/>
  <testcase name="isOccluding[234: WOOD_AXE]" classname="org.bukkit.PerMaterialTest" time="0"/>
  <testcase name="isRecord[234: WOOD_AXE]" classname="org.bukkit.PerMaterialTest" time="0"/>
  <testcase name="isFlammable[234: WOOD_AXE]" classname="org.bukkit.PerMaterialTest" time="0"/>
  <testcase name="maxStackSize[234: WOOD_AXE]" classname="org.bukkit.PerMaterialTest" time="0"/>
  <testcase name="isTransparent[234: WOOD_AXE]" classname="org.bukkit.PerMaterialTest" time="0"/>
  <testcase name="isSolid[234: WOOD_AXE]" classname="org.bukkit.PerMaterialTest" time="0"/>
  <testcase name="hasGravity[235: STONE_SWORD]" classname="org.bukkit.PerMaterialTest" time="0"/>
  <testcase name="isBurnable[235: STONE_SWORD]" classname="org.bukkit.PerMaterialTest" time="0"/>
  <testcase name="isEdible[235: STONE_SWORD]" classname="org.bukkit.PerMaterialTest" time="0"/>
  <testcase name="maxDurability[235: STONE_SWORD]" classname="org.bukkit.PerMaterialTest" time="0"/>
  <testcase name="usesDurability[235: STONE_SWORD]" classname="org.bukkit.PerMaterialTest" time="0"/>
  <testcase name="isOccluding[235: STONE_SWORD]" classname="org.bukkit.PerMaterialTest" time="0"/>
  <testcase name="isRecord[235: STONE_SWORD]" classname="org.bukkit.PerMaterialTest" time="0"/>
  <testcase name="isFlammable[235: STONE_SWORD]" classname="org.bukkit.PerMaterialTest" time="0"/>
  <testcase name="maxStackSize[235: STONE_SWORD]" classname="org.bukkit.PerMaterialTest" time="0"/>
  <testcase name="isTransparent[235: STONE_SWORD]" classname="org.bukkit.PerMaterialTest" time="0"/>
  <testcase name="isSolid[235: STONE_SWORD]" classname="org.bukkit.PerMaterialTest" time="0"/>
  <testcase name="hasGravity[236: STONE_SPADE]" classname="org.bukkit.PerMaterialTest" time="0"/>
  <testcase name="isBurnable[236: STONE_SPADE]" classname="org.bukkit.PerMaterialTest" time="0"/>
  <testcase name="isEdible[236: STONE_SPADE]" classname="org.bukkit.PerMaterialTest" time="0"/>
  <testcase name="maxDurability[236: STONE_SPADE]" classname="org.bukkit.PerMaterialTest" time="0"/>
  <testcase name="usesDurability[236: STONE_SPADE]" classname="org.bukkit.PerMaterialTest" time="0"/>
  <testcase name="isOccluding[236: STONE_SPADE]" classname="org.bukkit.PerMaterialTest" time="0"/>
  <testcase name="isRecord[236: STONE_SPADE]" classname="org.bukkit.PerMaterialTest" time="0"/>
  <testcase name="isFlammable[236: STONE_SPADE]" classname="org.bukkit.PerMaterialTest" time="0"/>
  <testcase name="maxStackSize[236: STONE_SPADE]" classname="org.bukkit.PerMaterialTest" time="0"/>
  <testcase name="isTransparent[236: STONE_SPADE]" classname="org.bukkit.PerMaterialTest" time="0"/>
  <testcase name="isSolid[236: STONE_SPADE]" classname="org.bukkit.PerMaterialTest" time="0"/>
  <testcase name="hasGravity[237: STONE_PICKAXE]" classname="org.bukkit.PerMaterialTest" time="0"/>
  <testcase name="isBurnable[237: STONE_PICKAXE]" classname="org.bukkit.PerMaterialTest" time="0"/>
  <testcase name="isEdible[237: STONE_PICKAXE]" classname="org.bukkit.PerMaterialTest" time="0"/>
  <testcase name="maxDurability[237: STONE_PICKAXE]" classname="org.bukkit.PerMaterialTest" time="0"/>
  <testcase name="usesDurability[237: STONE_PICKAXE]" classname="org.bukkit.PerMaterialTest" time="0"/>
  <testcase name="isOccluding[237: STONE_PICKAXE]" classname="org.bukkit.PerMaterialTest" time="0"/>
  <testcase name="isRecord[237: STONE_PICKAXE]" classname="org.bukkit.PerMaterialTest" time="0"/>
  <testcase name="isFlammable[237: STONE_PICKAXE]" classname="org.bukkit.PerMaterialTest" time="0"/>
  <testcase name="maxStackSize[237: STONE_PICKAXE]" classname="org.bukkit.PerMaterialTest" time="0"/>
  <testcase name="isTransparent[237: STONE_PICKAXE]" classname="org.bukkit.PerMaterialTest" time="0"/>
  <testcase name="isSolid[237: STONE_PICKAXE]" classname="org.bukkit.PerMaterialTest" time="0"/>
  <testcase name="hasGravity[238: STONE_AXE]" classname="org.bukkit.PerMaterialTest" time="0"/>
  <testcase name="isBurnable[238: STONE_AXE]" classname="org.bukkit.PerMaterialTest" time="0"/>
  <testcase name="isEdible[238: STONE_AXE]" classname="org.bukkit.PerMaterialTest" time="0"/>
  <testcase name="maxDurability[238: STONE_AXE]" classname="org.bukkit.PerMaterialTest" time="0"/>
  <testcase name="usesDurability[238: STONE_AXE]" classname="org.bukkit.PerMaterialTest" time="0"/>
  <testcase name="isOccluding[238: STONE_AXE]" classname="org.bukkit.PerMaterialTest" time="0"/>
  <testcase name="isRecord[238: STONE_AXE]" classname="org.bukkit.PerMaterialTest" time="0"/>
  <testcase name="isFlammable[238: STONE_AXE]" classname="org.bukkit.PerMaterialTest" time="0"/>
  <testcase name="maxStackSize[238: STONE_AXE]" classname="org.bukkit.PerMaterialTest" time="0"/>
  <testcase name="isTransparent[238: STONE_AXE]" classname="org.bukkit.PerMaterialTest" time="0"/>
  <testcase name="isSolid[238: STONE_AXE]" classname="org.bukkit.PerMaterialTest" time="0"/>
  <testcase name="hasGravity[239: DIAMOND_SWORD]" classname="org.bukkit.PerMaterialTest" time="0"/>
  <testcase name="isBurnable[239: DIAMOND_SWORD]" classname="org.bukkit.PerMaterialTest" time="0"/>
  <testcase name="isEdible[239: DIAMOND_SWORD]" classname="org.bukkit.PerMaterialTest" time="0"/>
  <testcase name="maxDurability[239: DIAMOND_SWORD]" classname="org.bukkit.PerMaterialTest" time="0"/>
  <testcase name="usesDurability[239: DIAMOND_SWORD]" classname="org.bukkit.PerMaterialTest" time="0"/>
  <testcase name="isOccluding[239: DIAMOND_SWORD]" classname="org.bukkit.PerMaterialTest" time="0"/>
  <testcase name="isRecord[239: DIAMOND_SWORD]" classname="org.bukkit.PerMaterialTest" time="0"/>
  <testcase name="isFlammable[239: DIAMOND_SWORD]" classname="org.bukkit.PerMaterialTest" time="0"/>
  <testcase name="maxStackSize[239: DIAMOND_SWORD]" classname="org.bukkit.PerMaterialTest" time="0"/>
  <testcase name="isTransparent[239: DIAMOND_SWORD]" classname="org.bukkit.PerMaterialTest" time="0"/>
  <testcase name="isSolid[239: DIAMOND_SWORD]" classname="org.bukkit.PerMaterialTest" time="0"/>
  <testcase name="hasGravity[240: DIAMOND_SPADE]" classname="org.bukkit.PerMaterialTest" time="0"/>
  <testcase name="isBurnable[240: DIAMOND_SPADE]" classname="org.bukkit.PerMaterialTest" time="0"/>
  <testcase name="isEdible[240: DIAMOND_SPADE]" classname="org.bukkit.PerMaterialTest" time="0"/>
  <testcase name="maxDurability[240: DIAMOND_SPADE]" classname="org.bukkit.PerMaterialTest" time="0"/>
  <testcase name="usesDurability[240: DIAMOND_SPADE]" classname="org.bukkit.PerMaterialTest" time="0"/>
  <testcase name="isOccluding[240: DIAMOND_SPADE]" classname="org.bukkit.PerMaterialTest" time="0"/>
  <testcase name="isRecord[240: DIAMOND_SPADE]" classname="org.bukkit.PerMaterialTest" time="0"/>
  <testcase name="isFlammable[240: DIAMOND_SPADE]" classname="org.bukkit.PerMaterialTest" time="0"/>
  <testcase name="maxStackSize[240: DIAMOND_SPADE]" classname="org.bukkit.PerMaterialTest" time="0"/>
  <testcase name="isTransparent[240: DIAMOND_SPADE]" classname="org.bukkit.PerMaterialTest" time="0"/>
  <testcase name="isSolid[240: DIAMOND_SPADE]" classname="org.bukkit.PerMaterialTest" time="0"/>
  <testcase name="hasGravity[241: DIAMOND_PICKAXE]" classname="org.bukkit.PerMaterialTest" time="0"/>
  <testcase name="isBurnable[241: DIAMOND_PICKAXE]" classname="org.bukkit.PerMaterialTest" time="0"/>
  <testcase name="isEdible[241: DIAMOND_PICKAXE]" classname="org.bukkit.PerMaterialTest" time="0"/>
  <testcase name="maxDurability[241: DIAMOND_PICKAXE]" classname="org.bukkit.PerMaterialTest" time="0"/>
  <testcase name="usesDurability[241: DIAMOND_PICKAXE]" classname="org.bukkit.PerMaterialTest" time="0"/>
  <testcase name="isOccluding[241: DIAMOND_PICKAXE]" classname="org.bukkit.PerMaterialTest" time="0"/>
  <testcase name="isRecord[241: DIAMOND_PICKAXE]" classname="org.bukkit.PerMaterialTest" time="0"/>
  <testcase name="isFlammable[241: DIAMOND_PICKAXE]" classname="org.bukkit.PerMaterialTest" time="0"/>
  <testcase name="maxStackSize[241: DIAMOND_PICKAXE]" classname="org.bukkit.PerMaterialTest" time="0"/>
  <testcase name="isTransparent[241: DIAMOND_PICKAXE]" classname="org.bukkit.PerMaterialTest" time="0"/>
  <testcase name="isSolid[241: DIAMOND_PICKAXE]" classname="org.bukkit.PerMaterialTest" time="0"/>
  <testcase name="hasGravity[242: DIAMOND_AXE]" classname="org.bukkit.PerMaterialTest" time="0"/>
  <testcase name="isBurnable[242: DIAMOND_AXE]" classname="org.bukkit.PerMaterialTest" time="0"/>
  <testcase name="isEdible[242: DIAMOND_AXE]" classname="org.bukkit.PerMaterialTest" time="0"/>
  <testcase name="maxDurability[242: DIAMOND_AXE]" classname="org.bukkit.PerMaterialTest" time="0"/>
  <testcase name="usesDurability[242: DIAMOND_AXE]" classname="org.bukkit.PerMaterialTest" time="0"/>
  <testcase name="isOccluding[242: DIAMOND_AXE]" classname="org.bukkit.PerMaterialTest" time="0"/>
  <testcase name="isRecord[242: DIAMOND_AXE]" classname="org.bukkit.PerMaterialTest" time="0"/>
  <testcase name="isFlammable[242: DIAMOND_AXE]" classname="org.bukkit.PerMaterialTest" time="0"/>
  <testcase name="maxStackSize[242: DIAMOND_AXE]" classname="org.bukkit.PerMaterialTest" time="0"/>
  <testcase name="isTransparent[242: DIAMOND_AXE]" classname="org.bukkit.PerMaterialTest" time="0"/>
  <testcase name="isSolid[242: DIAMOND_AXE]" classname="org.bukkit.PerMaterialTest" time="0"/>
  <testcase name="hasGravity[243: STICK]" classname="org.bukkit.PerMaterialTest" time="0"/>
  <testcase name="isBurnable[243: STICK]" classname="org.bukkit.PerMaterialTest" time="0"/>
  <testcase name="isEdible[243: STICK]" classname="org.bukkit.PerMaterialTest" time="0"/>
  <testcase name="maxDurability[243: STICK]" classname="org.bukkit.PerMaterialTest" time="0"/>
  <testcase name="usesDurability[243: STICK]" classname="org.bukkit.PerMaterialTest" time="0"/>
  <testcase name="isOccluding[243: STICK]" classname="org.bukkit.PerMaterialTest" time="0"/>
  <testcase name="isRecord[243: STICK]" classname="org.bukkit.PerMaterialTest" time="0"/>
  <testcase name="isFlammable[243: STICK]" classname="org.bukkit.PerMaterialTest" time="0"/>
  <testcase name="maxStackSize[243: STICK]" classname="org.bukkit.PerMaterialTest" time="0"/>
  <testcase name="isTransparent[243: STICK]" classname="org.bukkit.PerMaterialTest" time="0"/>
  <testcase name="isSolid[243: STICK]" classname="org.bukkit.PerMaterialTest" time="0"/>
  <testcase name="hasGravity[244: BOWL]" classname="org.bukkit.PerMaterialTest" time="0"/>
  <testcase name="isBurnable[244: BOWL]" classname="org.bukkit.PerMaterialTest" time="0.001"/>
  <testcase name="isEdible[244: BOWL]" classname="org.bukkit.PerMaterialTest" time="0"/>
  <testcase name="maxDurability[244: BOWL]" classname="org.bukkit.PerMaterialTest" time="0"/>
  <testcase name="usesDurability[244: BOWL]" classname="org.bukkit.PerMaterialTest" time="0"/>
  <testcase name="isOccluding[244: BOWL]" classname="org.bukkit.PerMaterialTest" time="0"/>
  <testcase name="isRecord[244: BOWL]" classname="org.bukkit.PerMaterialTest" time="0"/>
  <testcase name="isFlammable[244: BOWL]" classname="org.bukkit.PerMaterialTest" time="0"/>
  <testcase name="maxStackSize[244: BOWL]" classname="org.bukkit.PerMaterialTest" time="0"/>
  <testcase name="isTransparent[244: BOWL]" classname="org.bukkit.PerMaterialTest" time="0"/>
  <testcase name="isSolid[244: BOWL]" classname="org.bukkit.PerMaterialTest" time="0"/>
  <testcase name="hasGravity[245: MUSHROOM_SOUP]" classname="org.bukkit.PerMaterialTest" time="0"/>
  <testcase name="isBurnable[245: MUSHROOM_SOUP]" classname="org.bukkit.PerMaterialTest" time="0"/>
  <testcase name="isEdible[245: MUSHROOM_SOUP]" classname="org.bukkit.PerMaterialTest" time="0"/>
  <testcase name="maxDurability[245: MUSHROOM_SOUP]" classname="org.bukkit.PerMaterialTest" time="0"/>
  <testcase name="usesDurability[245: MUSHROOM_SOUP]" classname="org.bukkit.PerMaterialTest" time="0"/>
  <testcase name="isOccluding[245: MUSHROOM_SOUP]" classname="org.bukkit.PerMaterialTest" time="0"/>
  <testcase name="isRecord[245: MUSHROOM_SOUP]" classname="org.bukkit.PerMaterialTest" time="0"/>
  <testcase name="isFlammable[245: MUSHROOM_SOUP]" classname="org.bukkit.PerMaterialTest" time="0"/>
  <testcase name="maxStackSize[245: MUSHROOM_SOUP]" classname="org.bukkit.PerMaterialTest" time="0"/>
  <testcase name="isTransparent[245: MUSHROOM_SOUP]" classname="org.bukkit.PerMaterialTest" time="0"/>
  <testcase name="isSolid[245: MUSHROOM_SOUP]" classname="org.bukkit.PerMaterialTest" time="0"/>
  <testcase name="hasGravity[246: GOLD_SWORD]" classname="org.bukkit.PerMaterialTest" time="0"/>
  <testcase name="isBurnable[246: GOLD_SWORD]" classname="org.bukkit.PerMaterialTest" time="0"/>
  <testcase name="isEdible[246: GOLD_SWORD]" classname="org.bukkit.PerMaterialTest" time="0"/>
  <testcase name="maxDurability[246: GOLD_SWORD]" classname="org.bukkit.PerMaterialTest" time="0"/>
  <testcase name="usesDurability[246: GOLD_SWORD]" classname="org.bukkit.PerMaterialTest" time="0"/>
  <testcase name="isOccluding[246: GOLD_SWORD]" classname="org.bukkit.PerMaterialTest" time="0"/>
  <testcase name="isRecord[246: GOLD_SWORD]" classname="org.bukkit.PerMaterialTest" time="0"/>
  <testcase name="isFlammable[246: GOLD_SWORD]" classname="org.bukkit.PerMaterialTest" time="0"/>
  <testcase name="maxStackSize[246: GOLD_SWORD]" classname="org.bukkit.PerMaterialTest" time="0"/>
  <testcase name="isTransparent[246: GOLD_SWORD]" classname="org.bukkit.PerMaterialTest" time="0"/>
  <testcase name="isSolid[246: GOLD_SWORD]" classname="org.bukkit.PerMaterialTest" time="0"/>
  <testcase name="hasGravity[247: GOLD_SPADE]" classname="org.bukkit.PerMaterialTest" time="0"/>
  <testcase name="isBurnable[247: GOLD_SPADE]" classname="org.bukkit.PerMaterialTest" time="0"/>
  <testcase name="isEdible[247: GOLD_SPADE]" classname="org.bukkit.PerMaterialTest" time="0"/>
  <testcase name="maxDurability[247: GOLD_SPADE]" classname="org.bukkit.PerMaterialTest" time="0"/>
  <testcase name="usesDurability[247: GOLD_SPADE]" classname="org.bukkit.PerMaterialTest" time="0"/>
  <testcase name="isOccluding[247: GOLD_SPADE]" classname="org.bukkit.PerMaterialTest" time="0"/>
  <testcase name="isRecord[247: GOLD_SPADE]" classname="org.bukkit.PerMaterialTest" time="0.001"/>
  <testcase name="isFlammable[247: GOLD_SPADE]" classname="org.bukkit.PerMaterialTest" time="0"/>
  <testcase name="maxStackSize[247: GOLD_SPADE]" classname="org.bukkit.PerMaterialTest" time="0"/>
  <testcase name="isTransparent[247: GOLD_SPADE]" classname="org.bukkit.PerMaterialTest" time="0"/>
  <testcase name="isSolid[247: GOLD_SPADE]" classname="org.bukkit.PerMaterialTest" time="0"/>
  <testcase name="hasGravity[248: GOLD_PICKAXE]" classname="org.bukkit.PerMaterialTest" time="0"/>
  <testcase name="isBurnable[248: GOLD_PICKAXE]" classname="org.bukkit.PerMaterialTest" time="0"/>
  <testcase name="isEdible[248: GOLD_PICKAXE]" classname="org.bukkit.PerMaterialTest" time="0"/>
  <testcase name="maxDurability[248: GOLD_PICKAXE]" classname="org.bukkit.PerMaterialTest" time="0"/>
  <testcase name="usesDurability[248: GOLD_PICKAXE]" classname="org.bukkit.PerMaterialTest" time="0"/>
  <testcase name="isOccluding[248: GOLD_PICKAXE]" classname="org.bukkit.PerMaterialTest" time="0"/>
  <testcase name="isRecord[248: GOLD_PICKAXE]" classname="org.bukkit.PerMaterialTest" time="0"/>
  <testcase name="isFlammable[248: GOLD_PICKAXE]" classname="org.bukkit.PerMaterialTest" time="0"/>
  <testcase name="maxStackSize[248: GOLD_PICKAXE]" classname="org.bukkit.PerMaterialTest" time="0"/>
  <testcase name="isTransparent[248: GOLD_PICKAXE]" classname="org.bukkit.PerMaterialTest" time="0"/>
  <testcase name="isSolid[248: GOLD_PICKAXE]" classname="org.bukkit.PerMaterialTest" time="0"/>
  <testcase name="hasGravity[249: GOLD_AXE]" classname="org.bukkit.PerMaterialTest" time="0"/>
  <testcase name="isBurnable[249: GOLD_AXE]" classname="org.bukkit.PerMaterialTest" time="0"/>
  <testcase name="isEdible[249: GOLD_AXE]" classname="org.bukkit.PerMaterialTest" time="0"/>
  <testcase name="maxDurability[249: GOLD_AXE]" classname="org.bukkit.PerMaterialTest" time="0"/>
  <testcase name="usesDurability[249: GOLD_AXE]" classname="org.bukkit.PerMaterialTest" time="0"/>
  <testcase name="isOccluding[249: GOLD_AXE]" classname="org.bukkit.PerMaterialTest" time="0"/>
  <testcase name="isRecord[249: GOLD_AXE]" classname="org.bukkit.PerMaterialTest" time="0"/>
  <testcase name="isFlammable[249: GOLD_AXE]" classname="org.bukkit.PerMaterialTest" time="0"/>
  <testcase name="maxStackSize[249: GOLD_AXE]" classname="org.bukkit.PerMaterialTest" time="0"/>
  <testcase name="isTransparent[249: GOLD_AXE]" classname="org.bukkit.PerMaterialTest" time="0"/>
  <testcase name="isSolid[249: GOLD_AXE]" classname="org.bukkit.PerMaterialTest" time="0"/>
  <testcase name="hasGravity[250: STRING]" classname="org.bukkit.PerMaterialTest" time="0"/>
  <testcase name="isBurnable[250: STRING]" classname="org.bukkit.PerMaterialTest" time="0"/>
  <testcase name="isEdible[250: STRING]" classname="org.bukkit.PerMaterialTest" time="0"/>
  <testcase name="maxDurability[250: STRING]" classname="org.bukkit.PerMaterialTest" time="0"/>
  <testcase name="usesDurability[250: STRING]" classname="org.bukkit.PerMaterialTest" time="0"/>
  <testcase name="isOccluding[250: STRING]" classname="org.bukkit.PerMaterialTest" time="0"/>
  <testcase name="isRecord[250: STRING]" classname="org.bukkit.PerMaterialTest" time="0"/>
  <testcase name="isFlammable[250: STRING]" classname="org.bukkit.PerMaterialTest" time="0"/>
  <testcase name="maxStackSize[250: STRING]" classname="org.bukkit.PerMaterialTest" time="0"/>
  <testcase name="isTransparent[250: STRING]" classname="org.bukkit.PerMaterialTest" time="0"/>
  <testcase name="isSolid[250: STRING]" classname="org.bukkit.PerMaterialTest" time="0"/>
  <testcase name="hasGravity[251: FEATHER]" classname="org.bukkit.PerMaterialTest" time="0"/>
  <testcase name="isBurnable[251: FEATHER]" classname="org.bukkit.PerMaterialTest" time="0"/>
  <testcase name="isEdible[251: FEATHER]" classname="org.bukkit.PerMaterialTest" time="0"/>
  <testcase name="maxDurability[251: FEATHER]" classname="org.bukkit.PerMaterialTest" time="0"/>
  <testcase name="usesDurability[251: FEATHER]" classname="org.bukkit.PerMaterialTest" time="0"/>
  <testcase name="isOccluding[251: FEATHER]" classname="org.bukkit.PerMaterialTest" time="0"/>
  <testcase name="isRecord[251: FEATHER]" classname="org.bukkit.PerMaterialTest" time="0"/>
  <testcase name="isFlammable[251: FEATHER]" classname="org.bukkit.PerMaterialTest" time="0"/>
  <testcase name="maxStackSize[251: FEATHER]" classname="org.bukkit.PerMaterialTest" time="0"/>
  <testcase name="isTransparent[251: FEATHER]" classname="org.bukkit.PerMaterialTest" time="0"/>
  <testcase name="isSolid[251: FEATHER]" classname="org.bukkit.PerMaterialTest" time="0"/>
  <testcase name="hasGravity[252: SULPHUR]" classname="org.bukkit.PerMaterialTest" time="0"/>
  <testcase name="isBurnable[252: SULPHUR]" classname="org.bukkit.PerMaterialTest" time="0"/>
  <testcase name="isEdible[252: SULPHUR]" classname="org.bukkit.PerMaterialTest" time="0"/>
  <testcase name="maxDurability[252: SULPHUR]" classname="org.bukkit.PerMaterialTest" time="0"/>
  <testcase name="usesDurability[252: SULPHUR]" classname="org.bukkit.PerMaterialTest" time="0"/>
  <testcase name="isOccluding[252: SULPHUR]" classname="org.bukkit.PerMaterialTest" time="0"/>
  <testcase name="isRecord[252: SULPHUR]" classname="org.bukkit.PerMaterialTest" time="0"/>
  <testcase name="isFlammable[252: SULPHUR]" classname="org.bukkit.PerMaterialTest" time="0"/>
  <testcase name="maxStackSize[252: SULPHUR]" classname="org.bukkit.PerMaterialTest" time="0"/>
  <testcase name="isTransparent[252: SULPHUR]" classname="org.bukkit.PerMaterialTest" time="0"/>
  <testcase name="isSolid[252: SULPHUR]" classname="org.bukkit.PerMaterialTest" time="0"/>
  <testcase name="hasGravity[253: WOOD_HOE]" classname="org.bukkit.PerMaterialTest" time="0"/>
  <testcase name="isBurnable[253: WOOD_HOE]" classname="org.bukkit.PerMaterialTest" time="0"/>
  <testcase name="isEdible[253: WOOD_HOE]" classname="org.bukkit.PerMaterialTest" time="0"/>
  <testcase name="maxDurability[253: WOOD_HOE]" classname="org.bukkit.PerMaterialTest" time="0"/>
  <testcase name="usesDurability[253: WOOD_HOE]" classname="org.bukkit.PerMaterialTest" time="0"/>
  <testcase name="isOccluding[253: WOOD_HOE]" classname="org.bukkit.PerMaterialTest" time="0"/>
  <testcase name="isRecord[253: WOOD_HOE]" classname="org.bukkit.PerMaterialTest" time="0"/>
  <testcase name="isFlammable[253: WOOD_HOE]" classname="org.bukkit.PerMaterialTest" time="0"/>
  <testcase name="maxStackSize[253: WOOD_HOE]" classname="org.bukkit.PerMaterialTest" time="0"/>
  <testcase name="isTransparent[253: WOOD_HOE]" classname="org.bukkit.PerMaterialTest" time="0"/>
  <testcase name="isSolid[253: WOOD_HOE]" classname="org.bukkit.PerMaterialTest" time="0"/>
  <testcase name="hasGravity[254: STONE_HOE]" classname="org.bukkit.PerMaterialTest" time="0"/>
  <testcase name="isBurnable[254: STONE_HOE]" classname="org.bukkit.PerMaterialTest" time="0"/>
  <testcase name="isEdible[254: STONE_HOE]" classname="org.bukkit.PerMaterialTest" time="0"/>
  <testcase name="maxDurability[254: STONE_HOE]" classname="org.bukkit.PerMaterialTest" time="0"/>
  <testcase name="usesDurability[254: STONE_HOE]" classname="org.bukkit.PerMaterialTest" time="0"/>
  <testcase name="isOccluding[254: STONE_HOE]" classname="org.bukkit.PerMaterialTest" time="0"/>
  <testcase name="isRecord[254: STONE_HOE]" classname="org.bukkit.PerMaterialTest" time="0"/>
  <testcase name="isFlammable[254: STONE_HOE]" classname="org.bukkit.PerMaterialTest" time="0"/>
  <testcase name="maxStackSize[254: STONE_HOE]" classname="org.bukkit.PerMaterialTest" time="0"/>
  <testcase name="isTransparent[254: STONE_HOE]" classname="org.bukkit.PerMaterialTest" time="0"/>
  <testcase name="isSolid[254: STONE_HOE]" classname="org.bukkit.PerMaterialTest" time="0"/>
  <testcase name="hasGravity[255: IRON_HOE]" classname="org.bukkit.PerMaterialTest" time="0"/>
  <testcase name="isBurnable[255: IRON_HOE]" classname="org.bukkit.PerMaterialTest" time="0"/>
  <testcase name="isEdible[255: IRON_HOE]" classname="org.bukkit.PerMaterialTest" time="0"/>
  <testcase name="maxDurability[255: IRON_HOE]" classname="org.bukkit.PerMaterialTest" time="0"/>
  <testcase name="usesDurability[255: IRON_HOE]" classname="org.bukkit.PerMaterialTest" time="0"/>
  <testcase name="isOccluding[255: IRON_HOE]" classname="org.bukkit.PerMaterialTest" time="0"/>
  <testcase name="isRecord[255: IRON_HOE]" classname="org.bukkit.PerMaterialTest" time="0"/>
  <testcase name="isFlammable[255: IRON_HOE]" classname="org.bukkit.PerMaterialTest" time="0"/>
  <testcase name="maxStackSize[255: IRON_HOE]" classname="org.bukkit.PerMaterialTest" time="0"/>
  <testcase name="isTransparent[255: IRON_HOE]" classname="org.bukkit.PerMaterialTest" time="0"/>
  <testcase name="isSolid[255: IRON_HOE]" classname="org.bukkit.PerMaterialTest" time="0"/>
  <testcase name="hasGravity[256: DIAMOND_HOE]" classname="org.bukkit.PerMaterialTest" time="0"/>
  <testcase name="isBurnable[256: DIAMOND_HOE]" classname="org.bukkit.PerMaterialTest" time="0"/>
  <testcase name="isEdible[256: DIAMOND_HOE]" classname="org.bukkit.PerMaterialTest" time="0"/>
  <testcase name="maxDurability[256: DIAMOND_HOE]" classname="org.bukkit.PerMaterialTest" time="0"/>
  <testcase name="usesDurability[256: DIAMOND_HOE]" classname="org.bukkit.PerMaterialTest" time="0"/>
  <testcase name="isOccluding[256: DIAMOND_HOE]" classname="org.bukkit.PerMaterialTest" time="0"/>
  <testcase name="isRecord[256: DIAMOND_HOE]" classname="org.bukkit.PerMaterialTest" time="0"/>
  <testcase name="isFlammable[256: DIAMOND_HOE]" classname="org.bukkit.PerMaterialTest" time="0"/>
  <testcase name="maxStackSize[256: DIAMOND_HOE]" classname="org.bukkit.PerMaterialTest" time="0"/>
  <testcase name="isTransparent[256: DIAMOND_HOE]" classname="org.bukkit.PerMaterialTest" time="0"/>
  <testcase name="isSolid[256: DIAMOND_HOE]" classname="org.bukkit.PerMaterialTest" time="0"/>
  <testcase name="hasGravity[257: GOLD_HOE]" classname="org.bukkit.PerMaterialTest" time="0"/>
  <testcase name="isBurnable[257: GOLD_HOE]" classname="org.bukkit.PerMaterialTest" time="0"/>
  <testcase name="isEdible[257: GOLD_HOE]" classname="org.bukkit.PerMaterialTest" time="0"/>
  <testcase name="maxDurability[257: GOLD_HOE]" classname="org.bukkit.PerMaterialTest" time="0"/>
  <testcase name="usesDurability[257: GOLD_HOE]" classname="org.bukkit.PerMaterialTest" time="0"/>
  <testcase name="isOccluding[257: GOLD_HOE]" classname="org.bukkit.PerMaterialTest" time="0"/>
  <testcase name="isRecord[257: GOLD_HOE]" classname="org.bukkit.PerMaterialTest" time="0"/>
  <testcase name="isFlammable[257: GOLD_HOE]" classname="org.bukkit.PerMaterialTest" time="0"/>
  <testcase name="maxStackSize[257: GOLD_HOE]" classname="org.bukkit.PerMaterialTest" time="0"/>
  <testcase name="isTransparent[257: GOLD_HOE]" classname="org.bukkit.PerMaterialTest" time="0"/>
  <testcase name="isSolid[257: GOLD_HOE]" classname="org.bukkit.PerMaterialTest" time="0"/>
  <testcase name="hasGravity[258: SEEDS]" classname="org.bukkit.PerMaterialTest" time="0"/>
  <testcase name="isBurnable[258: SEEDS]" classname="org.bukkit.PerMaterialTest" time="0"/>
  <testcase name="isEdible[258: SEEDS]" classname="org.bukkit.PerMaterialTest" time="0"/>
  <testcase name="maxDurability[258: SEEDS]" classname="org.bukkit.PerMaterialTest" time="0"/>
  <testcase name="usesDurability[258: SEEDS]" classname="org.bukkit.PerMaterialTest" time="0"/>
  <testcase name="isOccluding[258: SEEDS]" classname="org.bukkit.PerMaterialTest" time="0"/>
  <testcase name="isRecord[258: SEEDS]" classname="org.bukkit.PerMaterialTest" time="0"/>
  <testcase name="isFlammable[258: SEEDS]" classname="org.bukkit.PerMaterialTest" time="0"/>
  <testcase name="maxStackSize[258: SEEDS]" classname="org.bukkit.PerMaterialTest" time="0"/>
  <testcase name="isTransparent[258: SEEDS]" classname="org.bukkit.PerMaterialTest" time="0"/>
  <testcase name="isSolid[258: SEEDS]" classname="org.bukkit.PerMaterialTest" time="0"/>
  <testcase name="hasGravity[259: WHEAT]" classname="org.bukkit.PerMaterialTest" time="0"/>
  <testcase name="isBurnable[259: WHEAT]" classname="org.bukkit.PerMaterialTest" time="0"/>
  <testcase name="isEdible[259: WHEAT]" classname="org.bukkit.PerMaterialTest" time="0"/>
  <testcase name="maxDurability[259: WHEAT]" classname="org.bukkit.PerMaterialTest" time="0"/>
  <testcase name="usesDurability[259: WHEAT]" classname="org.bukkit.PerMaterialTest" time="0"/>
  <testcase name="isOccluding[259: WHEAT]" classname="org.bukkit.PerMaterialTest" time="0"/>
  <testcase name="isRecord[259: WHEAT]" classname="org.bukkit.PerMaterialTest" time="0"/>
  <testcase name="isFlammable[259: WHEAT]" classname="org.bukkit.PerMaterialTest" time="0"/>
  <testcase name="maxStackSize[259: WHEAT]" classname="org.bukkit.PerMaterialTest" time="0"/>
  <testcase name="isTransparent[259: WHEAT]" classname="org.bukkit.PerMaterialTest" time="0"/>
  <testcase name="isSolid[259: WHEAT]" classname="org.bukkit.PerMaterialTest" time="0"/>
  <testcase name="hasGravity[260: BREAD]" classname="org.bukkit.PerMaterialTest" time="0"/>
  <testcase name="isBurnable[260: BREAD]" classname="org.bukkit.PerMaterialTest" time="0"/>
  <testcase name="isEdible[260: BREAD]" classname="org.bukkit.PerMaterialTest" time="0"/>
  <testcase name="maxDurability[260: BREAD]" classname="org.bukkit.PerMaterialTest" time="0"/>
  <testcase name="usesDurability[260: BREAD]" classname="org.bukkit.PerMaterialTest" time="0"/>
  <testcase name="isOccluding[260: BREAD]" classname="org.bukkit.PerMaterialTest" time="0"/>
  <testcase name="isRecord[260: BREAD]" classname="org.bukkit.PerMaterialTest" time="0"/>
  <testcase name="isFlammable[260: BREAD]" classname="org.bukkit.PerMaterialTest" time="0"/>
  <testcase name="maxStackSize[260: BREAD]" classname="org.bukkit.PerMaterialTest" time="0"/>
  <testcase name="isTransparent[260: BREAD]" classname="org.bukkit.PerMaterialTest" time="0"/>
  <testcase name="isSolid[260: BREAD]" classname="org.bukkit.PerMaterialTest" time="0"/>
  <testcase name="hasGravity[261: LEATHER_HELMET]" classname="org.bukkit.PerMaterialTest" time="0"/>
  <testcase name="isBurnable[261: LEATHER_HELMET]" classname="org.bukkit.PerMaterialTest" time="0"/>
  <testcase name="isEdible[261: LEATHER_HELMET]" classname="org.bukkit.PerMaterialTest" time="0"/>
  <testcase name="maxDurability[261: LEATHER_HELMET]" classname="org.bukkit.PerMaterialTest" time="0"/>
  <testcase name="usesDurability[261: LEATHER_HELMET]" classname="org.bukkit.PerMaterialTest" time="0"/>
  <testcase name="isOccluding[261: LEATHER_HELMET]" classname="org.bukkit.PerMaterialTest" time="0"/>
  <testcase name="isRecord[261: LEATHER_HELMET]" classname="org.bukkit.PerMaterialTest" time="0"/>
  <testcase name="isFlammable[261: LEATHER_HELMET]" classname="org.bukkit.PerMaterialTest" time="0"/>
  <testcase name="maxStackSize[261: LEATHER_HELMET]" classname="org.bukkit.PerMaterialTest" time="0"/>
  <testcase name="isTransparent[261: LEATHER_HELMET]" classname="org.bukkit.PerMaterialTest" time="0"/>
  <testcase name="isSolid[261: LEATHER_HELMET]" classname="org.bukkit.PerMaterialTest" time="0"/>
  <testcase name="hasGravity[262: LEATHER_CHESTPLATE]" classname="org.bukkit.PerMaterialTest" time="0"/>
  <testcase name="isBurnable[262: LEATHER_CHESTPLATE]" classname="org.bukkit.PerMaterialTest" time="0"/>
  <testcase name="isEdible[262: LEATHER_CHESTPLATE]" classname="org.bukkit.PerMaterialTest" time="0"/>
  <testcase name="maxDurability[262: LEATHER_CHESTPLATE]" classname="org.bukkit.PerMaterialTest" time="0"/>
  <testcase name="usesDurability[262: LEATHER_CHESTPLATE]" classname="org.bukkit.PerMaterialTest" time="0"/>
  <testcase name="isOccluding[262: LEATHER_CHESTPLATE]" classname="org.bukkit.PerMaterialTest" time="0"/>
  <testcase name="isRecord[262: LEATHER_CHESTPLATE]" classname="org.bukkit.PerMaterialTest" time="0"/>
  <testcase name="isFlammable[262: LEATHER_CHESTPLATE]" classname="org.bukkit.PerMaterialTest" time="0"/>
  <testcase name="maxStackSize[262: LEATHER_CHESTPLATE]" classname="org.bukkit.PerMaterialTest" time="0"/>
  <testcase name="isTransparent[262: LEATHER_CHESTPLATE]" classname="org.bukkit.PerMaterialTest" time="0"/>
  <testcase name="isSolid[262: LEATHER_CHESTPLATE]" classname="org.bukkit.PerMaterialTest" time="0"/>
  <testcase name="hasGravity[263: LEATHER_LEGGINGS]" classname="org.bukkit.PerMaterialTest" time="0"/>
  <testcase name="isBurnable[263: LEATHER_LEGGINGS]" classname="org.bukkit.PerMaterialTest" time="0"/>
  <testcase name="isEdible[263: LEATHER_LEGGINGS]" classname="org.bukkit.PerMaterialTest" time="0"/>
  <testcase name="maxDurability[263: LEATHER_LEGGINGS]" classname="org.bukkit.PerMaterialTest" time="0"/>
  <testcase name="usesDurability[263: LEATHER_LEGGINGS]" classname="org.bukkit.PerMaterialTest" time="0"/>
  <testcase name="isOccluding[263: LEATHER_LEGGINGS]" classname="org.bukkit.PerMaterialTest" time="0"/>
  <testcase name="isRecord[263: LEATHER_LEGGINGS]" classname="org.bukkit.PerMaterialTest" time="0"/>
  <testcase name="isFlammable[263: LEATHER_LEGGINGS]" classname="org.bukkit.PerMaterialTest" time="0"/>
  <testcase name="maxStackSize[263: LEATHER_LEGGINGS]" classname="org.bukkit.PerMaterialTest" time="0"/>
  <testcase name="isTransparent[263: LEATHER_LEGGINGS]" classname="org.bukkit.PerMaterialTest" time="0"/>
  <testcase name="isSolid[263: LEATHER_LEGGINGS]" classname="org.bukkit.PerMaterialTest" time="0"/>
  <testcase name="hasGravity[264: LEATHER_BOOTS]" classname="org.bukkit.PerMaterialTest" time="0"/>
  <testcase name="isBurnable[264: LEATHER_BOOTS]" classname="org.bukkit.PerMaterialTest" time="0"/>
  <testcase name="isEdible[264: LEATHER_BOOTS]" classname="org.bukkit.PerMaterialTest" time="0"/>
  <testcase name="maxDurability[264: LEATHER_BOOTS]" classname="org.bukkit.PerMaterialTest" time="0"/>
  <testcase name="usesDurability[264: LEATHER_BOOTS]" classname="org.bukkit.PerMaterialTest" time="0"/>
  <testcase name="isOccluding[264: LEATHER_BOOTS]" classname="org.bukkit.PerMaterialTest" time="0"/>
  <testcase name="isRecord[264: LEATHER_BOOTS]" classname="org.bukkit.PerMaterialTest" time="0"/>
  <testcase name="isFlammable[264: LEATHER_BOOTS]" classname="org.bukkit.PerMaterialTest" time="0"/>
  <testcase name="maxStackSize[264: LEATHER_BOOTS]" classname="org.bukkit.PerMaterialTest" time="0"/>
  <testcase name="isTransparent[264: LEATHER_BOOTS]" classname="org.bukkit.PerMaterialTest" time="0"/>
  <testcase name="isSolid[264: LEATHER_BOOTS]" classname="org.bukkit.PerMaterialTest" time="0"/>
  <testcase name="hasGravity[265: CHAINMAIL_HELMET]" classname="org.bukkit.PerMaterialTest" time="0"/>
  <testcase name="isBurnable[265: CHAINMAIL_HELMET]" classname="org.bukkit.PerMaterialTest" time="0"/>
  <testcase name="isEdible[265: CHAINMAIL_HELMET]" classname="org.bukkit.PerMaterialTest" time="0"/>
  <testcase name="maxDurability[265: CHAINMAIL_HELMET]" classname="org.bukkit.PerMaterialTest" time="0"/>
  <testcase name="usesDurability[265: CHAINMAIL_HELMET]" classname="org.bukkit.PerMaterialTest" time="0"/>
  <testcase name="isOccluding[265: CHAINMAIL_HELMET]" classname="org.bukkit.PerMaterialTest" time="0"/>
  <testcase name="isRecord[265: CHAINMAIL_HELMET]" classname="org.bukkit.PerMaterialTest" time="0"/>
  <testcase name="isFlammable[265: CHAINMAIL_HELMET]" classname="org.bukkit.PerMaterialTest" time="0"/>
  <testcase name="maxStackSize[265: CHAINMAIL_HELMET]" classname="org.bukkit.PerMaterialTest" time="0"/>
  <testcase name="isTransparent[265: CHAINMAIL_HELMET]" classname="org.bukkit.PerMaterialTest" time="0"/>
  <testcase name="isSolid[265: CHAINMAIL_HELMET]" classname="org.bukkit.PerMaterialTest" time="0"/>
  <testcase name="hasGravity[266: CHAINMAIL_CHESTPLATE]" classname="org.bukkit.PerMaterialTest" time="0"/>
  <testcase name="isBurnable[266: CHAINMAIL_CHESTPLATE]" classname="org.bukkit.PerMaterialTest" time="0"/>
  <testcase name="isEdible[266: CHAINMAIL_CHESTPLATE]" classname="org.bukkit.PerMaterialTest" time="0"/>
  <testcase name="maxDurability[266: CHAINMAIL_CHESTPLATE]" classname="org.bukkit.PerMaterialTest" time="0"/>
  <testcase name="usesDurability[266: CHAINMAIL_CHESTPLATE]" classname="org.bukkit.PerMaterialTest" time="0"/>
  <testcase name="isOccluding[266: CHAINMAIL_CHESTPLATE]" classname="org.bukkit.PerMaterialTest" time="0"/>
  <testcase name="isRecord[266: CHAINMAIL_CHESTPLATE]" classname="org.bukkit.PerMaterialTest" time="0"/>
  <testcase name="isFlammable[266: CHAINMAIL_CHESTPLATE]" classname="org.bukkit.PerMaterialTest" time="0"/>
  <testcase name="maxStackSize[266: CHAINMAIL_CHESTPLATE]" classname="org.bukkit.PerMaterialTest" time="0"/>
  <testcase name="isTransparent[266: CHAINMAIL_CHESTPLATE]" classname="org.bukkit.PerMaterialTest" time="0"/>
  <testcase name="isSolid[266: CHAINMAIL_CHESTPLATE]" classname="org.bukkit.PerMaterialTest" time="0"/>
  <testcase name="hasGravity[267: CHAINMAIL_LEGGINGS]" classname="org.bukkit.PerMaterialTest" time="0"/>
  <testcase name="isBurnable[267: CHAINMAIL_LEGGINGS]" classname="org.bukkit.PerMaterialTest" time="0"/>
  <testcase name="isEdible[267: CHAINMAIL_LEGGINGS]" classname="org.bukkit.PerMaterialTest" time="0"/>
  <testcase name="maxDurability[267: CHAINMAIL_LEGGINGS]" classname="org.bukkit.PerMaterialTest" time="0"/>
  <testcase name="usesDurability[267: CHAINMAIL_LEGGINGS]" classname="org.bukkit.PerMaterialTest" time="0"/>
  <testcase name="isOccluding[267: CHAINMAIL_LEGGINGS]" classname="org.bukkit.PerMaterialTest" time="0"/>
  <testcase name="isRecord[267: CHAINMAIL_LEGGINGS]" classname="org.bukkit.PerMaterialTest" time="0"/>
  <testcase name="isFlammable[267: CHAINMAIL_LEGGINGS]" classname="org.bukkit.PerMaterialTest" time="0"/>
  <testcase name="maxStackSize[267: CHAINMAIL_LEGGINGS]" classname="org.bukkit.PerMaterialTest" time="0"/>
  <testcase name="isTransparent[267: CHAINMAIL_LEGGINGS]" classname="org.bukkit.PerMaterialTest" time="0"/>
  <testcase name="isSolid[267: CHAINMAIL_LEGGINGS]" classname="org.bukkit.PerMaterialTest" time="0"/>
  <testcase name="hasGravity[268: CHAINMAIL_BOOTS]" classname="org.bukkit.PerMaterialTest" time="0"/>
  <testcase name="isBurnable[268: CHAINMAIL_BOOTS]" classname="org.bukkit.PerMaterialTest" time="0"/>
  <testcase name="isEdible[268: CHAINMAIL_BOOTS]" classname="org.bukkit.PerMaterialTest" time="0"/>
  <testcase name="maxDurability[268: CHAINMAIL_BOOTS]" classname="org.bukkit.PerMaterialTest" time="0"/>
  <testcase name="usesDurability[268: CHAINMAIL_BOOTS]" classname="org.bukkit.PerMaterialTest" time="0"/>
  <testcase name="isOccluding[268: CHAINMAIL_BOOTS]" classname="org.bukkit.PerMaterialTest" time="0"/>
  <testcase name="isRecord[268: CHAINMAIL_BOOTS]" classname="org.bukkit.PerMaterialTest" time="0"/>
  <testcase name="isFlammable[268: CHAINMAIL_BOOTS]" classname="org.bukkit.PerMaterialTest" time="0"/>
  <testcase name="maxStackSize[268: CHAINMAIL_BOOTS]" classname="org.bukkit.PerMaterialTest" time="0"/>
  <testcase name="isTransparent[268: CHAINMAIL_BOOTS]" classname="org.bukkit.PerMaterialTest" time="0"/>
  <testcase name="isSolid[268: CHAINMAIL_BOOTS]" classname="org.bukkit.PerMaterialTest" time="0"/>
  <testcase name="hasGravity[269: IRON_HELMET]" classname="org.bukkit.PerMaterialTest" time="0"/>
  <testcase name="isBurnable[269: IRON_HELMET]" classname="org.bukkit.PerMaterialTest" time="0"/>
  <testcase name="isEdible[269: IRON_HELMET]" classname="org.bukkit.PerMaterialTest" time="0"/>
  <testcase name="maxDurability[269: IRON_HELMET]" classname="org.bukkit.PerMaterialTest" time="0"/>
  <testcase name="usesDurability[269: IRON_HELMET]" classname="org.bukkit.PerMaterialTest" time="0"/>
  <testcase name="isOccluding[269: IRON_HELMET]" classname="org.bukkit.PerMaterialTest" time="0"/>
  <testcase name="isRecord[269: IRON_HELMET]" classname="org.bukkit.PerMaterialTest" time="0"/>
  <testcase name="isFlammable[269: IRON_HELMET]" classname="org.bukkit.PerMaterialTest" time="0"/>
  <testcase name="maxStackSize[269: IRON_HELMET]" classname="org.bukkit.PerMaterialTest" time="0"/>
  <testcase name="isTransparent[269: IRON_HELMET]" classname="org.bukkit.PerMaterialTest" time="0.001"/>
  <testcase name="isSolid[269: IRON_HELMET]" classname="org.bukkit.PerMaterialTest" time="0"/>
  <testcase name="hasGravity[270: IRON_CHESTPLATE]" classname="org.bukkit.PerMaterialTest" time="0"/>
  <testcase name="isBurnable[270: IRON_CHESTPLATE]" classname="org.bukkit.PerMaterialTest" time="0"/>
  <testcase name="isEdible[270: IRON_CHESTPLATE]" classname="org.bukkit.PerMaterialTest" time="0"/>
  <testcase name="maxDurability[270: IRON_CHESTPLATE]" classname="org.bukkit.PerMaterialTest" time="0"/>
  <testcase name="usesDurability[270: IRON_CHESTPLATE]" classname="org.bukkit.PerMaterialTest" time="0"/>
  <testcase name="isOccluding[270: IRON_CHESTPLATE]" classname="org.bukkit.PerMaterialTest" time="0"/>
  <testcase name="isRecord[270: IRON_CHESTPLATE]" classname="org.bukkit.PerMaterialTest" time="0"/>
  <testcase name="isFlammable[270: IRON_CHESTPLATE]" classname="org.bukkit.PerMaterialTest" time="0"/>
  <testcase name="maxStackSize[270: IRON_CHESTPLATE]" classname="org.bukkit.PerMaterialTest" time="0"/>
  <testcase name="isTransparent[270: IRON_CHESTPLATE]" classname="org.bukkit.PerMaterialTest" time="0"/>
  <testcase name="isSolid[270: IRON_CHESTPLATE]" classname="org.bukkit.PerMaterialTest" time="0"/>
  <testcase name="hasGravity[271: IRON_LEGGINGS]" classname="org.bukkit.PerMaterialTest" time="0"/>
  <testcase name="isBurnable[271: IRON_LEGGINGS]" classname="org.bukkit.PerMaterialTest" time="0"/>
  <testcase name="isEdible[271: IRON_LEGGINGS]" classname="org.bukkit.PerMaterialTest" time="0"/>
  <testcase name="maxDurability[271: IRON_LEGGINGS]" classname="org.bukkit.PerMaterialTest" time="0"/>
  <testcase name="usesDurability[271: IRON_LEGGINGS]" classname="org.bukkit.PerMaterialTest" time="0"/>
  <testcase name="isOccluding[271: IRON_LEGGINGS]" classname="org.bukkit.PerMaterialTest" time="0"/>
  <testcase name="isRecord[271: IRON_LEGGINGS]" classname="org.bukkit.PerMaterialTest" time="0"/>
  <testcase name="isFlammable[271: IRON_LEGGINGS]" classname="org.bukkit.PerMaterialTest" time="0"/>
  <testcase name="maxStackSize[271: IRON_LEGGINGS]" classname="org.bukkit.PerMaterialTest" time="0"/>
  <testcase name="isTransparent[271: IRON_LEGGINGS]" classname="org.bukkit.PerMaterialTest" time="0"/>
  <testcase name="isSolid[271: IRON_LEGGINGS]" classname="org.bukkit.PerMaterialTest" time="0"/>
  <testcase name="hasGravity[272: IRON_BOOTS]" classname="org.bukkit.PerMaterialTest" time="0"/>
  <testcase name="isBurnable[272: IRON_BOOTS]" classname="org.bukkit.PerMaterialTest" time="0"/>
  <testcase name="isEdible[272: IRON_BOOTS]" classname="org.bukkit.PerMaterialTest" time="0"/>
  <testcase name="maxDurability[272: IRON_BOOTS]" classname="org.bukkit.PerMaterialTest" time="0"/>
  <testcase name="usesDurability[272: IRON_BOOTS]" classname="org.bukkit.PerMaterialTest" time="0"/>
  <testcase name="isOccluding[272: IRON_BOOTS]" classname="org.bukkit.PerMaterialTest" time="0"/>
  <testcase name="isRecord[272: IRON_BOOTS]" classname="org.bukkit.PerMaterialTest" time="0"/>
  <testcase name="isFlammable[272: IRON_BOOTS]" classname="org.bukkit.PerMaterialTest" time="0"/>
  <testcase name="maxStackSize[272: IRON_BOOTS]" classname="org.bukkit.PerMaterialTest" time="0"/>
  <testcase name="isTransparent[272: IRON_BOOTS]" classname="org.bukkit.PerMaterialTest" time="0"/>
  <testcase name="isSolid[272: IRON_BOOTS]" classname="org.bukkit.PerMaterialTest" time="0"/>
  <testcase name="hasGravity[273: DIAMOND_HELMET]" classname="org.bukkit.PerMaterialTest" time="0"/>
  <testcase name="isBurnable[273: DIAMOND_HELMET]" classname="org.bukkit.PerMaterialTest" time="0"/>
  <testcase name="isEdible[273: DIAMOND_HELMET]" classname="org.bukkit.PerMaterialTest" time="0"/>
  <testcase name="maxDurability[273: DIAMOND_HELMET]" classname="org.bukkit.PerMaterialTest" time="0"/>
  <testcase name="usesDurability[273: DIAMOND_HELMET]" classname="org.bukkit.PerMaterialTest" time="0"/>
  <testcase name="isOccluding[273: DIAMOND_HELMET]" classname="org.bukkit.PerMaterialTest" time="0"/>
  <testcase name="isRecord[273: DIAMOND_HELMET]" classname="org.bukkit.PerMaterialTest" time="0"/>
  <testcase name="isFlammable[273: DIAMOND_HELMET]" classname="org.bukkit.PerMaterialTest" time="0"/>
  <testcase name="maxStackSize[273: DIAMOND_HELMET]" classname="org.bukkit.PerMaterialTest" time="0"/>
  <testcase name="isTransparent[273: DIAMOND_HELMET]" classname="org.bukkit.PerMaterialTest" time="0"/>
  <testcase name="isSolid[273: DIAMOND_HELMET]" classname="org.bukkit.PerMaterialTest" time="0"/>
  <testcase name="hasGravity[274: DIAMOND_CHESTPLATE]" classname="org.bukkit.PerMaterialTest" time="0"/>
  <testcase name="isBurnable[274: DIAMOND_CHESTPLATE]" classname="org.bukkit.PerMaterialTest" time="0"/>
  <testcase name="isEdible[274: DIAMOND_CHESTPLATE]" classname="org.bukkit.PerMaterialTest" time="0"/>
  <testcase name="maxDurability[274: DIAMOND_CHESTPLATE]" classname="org.bukkit.PerMaterialTest" time="0"/>
  <testcase name="usesDurability[274: DIAMOND_CHESTPLATE]" classname="org.bukkit.PerMaterialTest" time="0"/>
  <testcase name="isOccluding[274: DIAMOND_CHESTPLATE]" classname="org.bukkit.PerMaterialTest" time="0"/>
  <testcase name="isRecord[274: DIAMOND_CHESTPLATE]" classname="org.bukkit.PerMaterialTest" time="0"/>
  <testcase name="isFlammable[274: DIAMOND_CHESTPLATE]" classname="org.bukkit.PerMaterialTest" time="0"/>
  <testcase name="maxStackSize[274: DIAMOND_CHESTPLATE]" classname="org.bukkit.PerMaterialTest" time="0"/>
  <testcase name="isTransparent[274: DIAMOND_CHESTPLATE]" classname="org.bukkit.PerMaterialTest" time="0"/>
  <testcase name="isSolid[274: DIAMOND_CHESTPLATE]" classname="org.bukkit.PerMaterialTest" time="0"/>
  <testcase name="hasGravity[275: DIAMOND_LEGGINGS]" classname="org.bukkit.PerMaterialTest" time="0"/>
  <testcase name="isBurnable[275: DIAMOND_LEGGINGS]" classname="org.bukkit.PerMaterialTest" time="0"/>
  <testcase name="isEdible[275: DIAMOND_LEGGINGS]" classname="org.bukkit.PerMaterialTest" time="0"/>
  <testcase name="maxDurability[275: DIAMOND_LEGGINGS]" classname="org.bukkit.PerMaterialTest" time="0"/>
  <testcase name="usesDurability[275: DIAMOND_LEGGINGS]" classname="org.bukkit.PerMaterialTest" time="0"/>
  <testcase name="isOccluding[275: DIAMOND_LEGGINGS]" classname="org.bukkit.PerMaterialTest" time="0"/>
  <testcase name="isRecord[275: DIAMOND_LEGGINGS]" classname="org.bukkit.PerMaterialTest" time="0"/>
  <testcase name="isFlammable[275: DIAMOND_LEGGINGS]" classname="org.bukkit.PerMaterialTest" time="0"/>
  <testcase name="maxStackSize[275: DIAMOND_LEGGINGS]" classname="org.bukkit.PerMaterialTest" time="0"/>
  <testcase name="isTransparent[275: DIAMOND_LEGGINGS]" classname="org.bukkit.PerMaterialTest" time="0"/>
  <testcase name="isSolid[275: DIAMOND_LEGGINGS]" classname="org.bukkit.PerMaterialTest" time="0"/>
  <testcase name="hasGravity[276: DIAMOND_BOOTS]" classname="org.bukkit.PerMaterialTest" time="0"/>
  <testcase name="isBurnable[276: DIAMOND_BOOTS]" classname="org.bukkit.PerMaterialTest" time="0"/>
  <testcase name="isEdible[276: DIAMOND_BOOTS]" classname="org.bukkit.PerMaterialTest" time="0"/>
  <testcase name="maxDurability[276: DIAMOND_BOOTS]" classname="org.bukkit.PerMaterialTest" time="0"/>
  <testcase name="usesDurability[276: DIAMOND_BOOTS]" classname="org.bukkit.PerMaterialTest" time="0"/>
  <testcase name="isOccluding[276: DIAMOND_BOOTS]" classname="org.bukkit.PerMaterialTest" time="0"/>
  <testcase name="isRecord[276: DIAMOND_BOOTS]" classname="org.bukkit.PerMaterialTest" time="0"/>
  <testcase name="isFlammable[276: DIAMOND_BOOTS]" classname="org.bukkit.PerMaterialTest" time="0.001"/>
  <testcase name="maxStackSize[276: DIAMOND_BOOTS]" classname="org.bukkit.PerMaterialTest" time="0"/>
  <testcase name="isTransparent[276: DIAMOND_BOOTS]" classname="org.bukkit.PerMaterialTest" time="0"/>
  <testcase name="isSolid[276: DIAMOND_BOOTS]" classname="org.bukkit.PerMaterialTest" time="0"/>
  <testcase name="hasGravity[277: GOLD_HELMET]" classname="org.bukkit.PerMaterialTest" time="0"/>
  <testcase name="isBurnable[277: GOLD_HELMET]" classname="org.bukkit.PerMaterialTest" time="0"/>
  <testcase name="isEdible[277: GOLD_HELMET]" classname="org.bukkit.PerMaterialTest" time="0"/>
  <testcase name="maxDurability[277: GOLD_HELMET]" classname="org.bukkit.PerMaterialTest" time="0"/>
  <testcase name="usesDurability[277: GOLD_HELMET]" classname="org.bukkit.PerMaterialTest" time="0"/>
  <testcase name="isOccluding[277: GOLD_HELMET]" classname="org.bukkit.PerMaterialTest" time="0"/>
  <testcase name="isRecord[277: GOLD_HELMET]" classname="org.bukkit.PerMaterialTest" time="0"/>
  <testcase name="isFlammable[277: GOLD_HELMET]" classname="org.bukkit.PerMaterialTest" time="0"/>
  <testcase name="maxStackSize[277: GOLD_HELMET]" classname="org.bukkit.PerMaterialTest" time="0"/>
  <testcase name="isTransparent[277: GOLD_HELMET]" classname="org.bukkit.PerMaterialTest" time="0"/>
  <testcase name="isSolid[277: GOLD_HELMET]" classname="org.bukkit.PerMaterialTest" time="0"/>
  <testcase name="hasGravity[278: GOLD_CHESTPLATE]" classname="org.bukkit.PerMaterialTest" time="0"/>
  <testcase name="isBurnable[278: GOLD_CHESTPLATE]" classname="org.bukkit.PerMaterialTest" time="0"/>
  <testcase name="isEdible[278: GOLD_CHESTPLATE]" classname="org.bukkit.PerMaterialTest" time="0"/>
  <testcase name="maxDurability[278: GOLD_CHESTPLATE]" classname="org.bukkit.PerMaterialTest" time="0"/>
  <testcase name="usesDurability[278: GOLD_CHESTPLATE]" classname="org.bukkit.PerMaterialTest" time="0"/>
  <testcase name="isOccluding[278: GOLD_CHESTPLATE]" classname="org.bukkit.PerMaterialTest" time="0"/>
  <testcase name="isRecord[278: GOLD_CHESTPLATE]" classname="org.bukkit.PerMaterialTest" time="0"/>
  <testcase name="isFlammable[278: GOLD_CHESTPLATE]" classname="org.bukkit.PerMaterialTest" time="0"/>
  <testcase name="maxStackSize[278: GOLD_CHESTPLATE]" classname="org.bukkit.PerMaterialTest" time="0"/>
  <testcase name="isTransparent[278: GOLD_CHESTPLATE]" classname="org.bukkit.PerMaterialTest" time="0"/>
  <testcase name="isSolid[278: GOLD_CHESTPLATE]" classname="org.bukkit.PerMaterialTest" time="0"/>
  <testcase name="hasGravity[279: GOLD_LEGGINGS]" classname="org.bukkit.PerMaterialTest" time="0"/>
  <testcase name="isBurnable[279: GOLD_LEGGINGS]" classname="org.bukkit.PerMaterialTest" time="0"/>
  <testcase name="isEdible[279: GOLD_LEGGINGS]" classname="org.bukkit.PerMaterialTest" time="0"/>
  <testcase name="maxDurability[279: GOLD_LEGGINGS]" classname="org.bukkit.PerMaterialTest" time="0"/>
  <testcase name="usesDurability[279: GOLD_LEGGINGS]" classname="org.bukkit.PerMaterialTest" time="0"/>
  <testcase name="isOccluding[279: GOLD_LEGGINGS]" classname="org.bukkit.PerMaterialTest" time="0"/>
  <testcase name="isRecord[279: GOLD_LEGGINGS]" classname="org.bukkit.PerMaterialTest" time="0"/>
  <testcase name="isFlammable[279: GOLD_LEGGINGS]" classname="org.bukkit.PerMaterialTest" time="0"/>
  <testcase name="maxStackSize[279: GOLD_LEGGINGS]" classname="org.bukkit.PerMaterialTest" time="0"/>
  <testcase name="isTransparent[279: GOLD_LEGGINGS]" classname="org.bukkit.PerMaterialTest" time="0"/>
  <testcase name="isSolid[279: GOLD_LEGGINGS]" classname="org.bukkit.PerMaterialTest" time="0"/>
  <testcase name="hasGravity[280: GOLD_BOOTS]" classname="org.bukkit.PerMaterialTest" time="0"/>
  <testcase name="isBurnable[280: GOLD_BOOTS]" classname="org.bukkit.PerMaterialTest" time="0"/>
  <testcase name="isEdible[280: GOLD_BOOTS]" classname="org.bukkit.PerMaterialTest" time="0"/>
  <testcase name="maxDurability[280: GOLD_BOOTS]" classname="org.bukkit.PerMaterialTest" time="0"/>
  <testcase name="usesDurability[280: GOLD_BOOTS]" classname="org.bukkit.PerMaterialTest" time="0"/>
  <testcase name="isOccluding[280: GOLD_BOOTS]" classname="org.bukkit.PerMaterialTest" time="0"/>
  <testcase name="isRecord[280: GOLD_BOOTS]" classname="org.bukkit.PerMaterialTest" time="0"/>
  <testcase name="isFlammable[280: GOLD_BOOTS]" classname="org.bukkit.PerMaterialTest" time="0"/>
  <testcase name="maxStackSize[280: GOLD_BOOTS]" classname="org.bukkit.PerMaterialTest" time="0"/>
  <testcase name="isTransparent[280: GOLD_BOOTS]" classname="org.bukkit.PerMaterialTest" time="0"/>
  <testcase name="isSolid[280: GOLD_BOOTS]" classname="org.bukkit.PerMaterialTest" time="0"/>
  <testcase name="hasGravity[281: FLINT]" classname="org.bukkit.PerMaterialTest" time="0"/>
  <testcase name="isBurnable[281: FLINT]" classname="org.bukkit.PerMaterialTest" time="0"/>
  <testcase name="isEdible[281: FLINT]" classname="org.bukkit.PerMaterialTest" time="0.001"/>
  <testcase name="maxDurability[281: FLINT]" classname="org.bukkit.PerMaterialTest" time="0"/>
  <testcase name="usesDurability[281: FLINT]" classname="org.bukkit.PerMaterialTest" time="0"/>
  <testcase name="isOccluding[281: FLINT]" classname="org.bukkit.PerMaterialTest" time="0"/>
  <testcase name="isRecord[281: FLINT]" classname="org.bukkit.PerMaterialTest" time="0"/>
  <testcase name="isFlammable[281: FLINT]" classname="org.bukkit.PerMaterialTest" time="0"/>
  <testcase name="maxStackSize[281: FLINT]" classname="org.bukkit.PerMaterialTest" time="0"/>
  <testcase name="isTransparent[281: FLINT]" classname="org.bukkit.PerMaterialTest" time="0"/>
  <testcase name="isSolid[281: FLINT]" classname="org.bukkit.PerMaterialTest" time="0"/>
  <testcase name="hasGravity[282: PORK]" classname="org.bukkit.PerMaterialTest" time="0"/>
  <testcase name="isBurnable[282: PORK]" classname="org.bukkit.PerMaterialTest" time="0"/>
  <testcase name="isEdible[282: PORK]" classname="org.bukkit.PerMaterialTest" time="0"/>
  <testcase name="maxDurability[282: PORK]" classname="org.bukkit.PerMaterialTest" time="0"/>
  <testcase name="usesDurability[282: PORK]" classname="org.bukkit.PerMaterialTest" time="0"/>
  <testcase name="isOccluding[282: PORK]" classname="org.bukkit.PerMaterialTest" time="0"/>
  <testcase name="isRecord[282: PORK]" classname="org.bukkit.PerMaterialTest" time="0"/>
  <testcase name="isFlammable[282: PORK]" classname="org.bukkit.PerMaterialTest" time="0"/>
  <testcase name="maxStackSize[282: PORK]" classname="org.bukkit.PerMaterialTest" time="0"/>
  <testcase name="isTransparent[282: PORK]" classname="org.bukkit.PerMaterialTest" time="0"/>
  <testcase name="isSolid[282: PORK]" classname="org.bukkit.PerMaterialTest" time="0"/>
  <testcase name="hasGravity[283: GRILLED_PORK]" classname="org.bukkit.PerMaterialTest" time="0"/>
  <testcase name="isBurnable[283: GRILLED_PORK]" classname="org.bukkit.PerMaterialTest" time="0"/>
  <testcase name="isEdible[283: GRILLED_PORK]" classname="org.bukkit.PerMaterialTest" time="0"/>
  <testcase name="maxDurability[283: GRILLED_PORK]" classname="org.bukkit.PerMaterialTest" time="0"/>
  <testcase name="usesDurability[283: GRILLED_PORK]" classname="org.bukkit.PerMaterialTest" time="0"/>
  <testcase name="isOccluding[283: GRILLED_PORK]" classname="org.bukkit.PerMaterialTest" time="0"/>
  <testcase name="isRecord[283: GRILLED_PORK]" classname="org.bukkit.PerMaterialTest" time="0"/>
  <testcase name="isFlammable[283: GRILLED_PORK]" classname="org.bukkit.PerMaterialTest" time="0"/>
  <testcase name="maxStackSize[283: GRILLED_PORK]" classname="org.bukkit.PerMaterialTest" time="0"/>
  <testcase name="isTransparent[283: GRILLED_PORK]" classname="org.bukkit.PerMaterialTest" time="0"/>
  <testcase name="isSolid[283: GRILLED_PORK]" classname="org.bukkit.PerMaterialTest" time="0"/>
  <testcase name="hasGravity[284: PAINTING]" classname="org.bukkit.PerMaterialTest" time="0"/>
  <testcase name="isBurnable[284: PAINTING]" classname="org.bukkit.PerMaterialTest" time="0"/>
  <testcase name="isEdible[284: PAINTING]" classname="org.bukkit.PerMaterialTest" time="0"/>
  <testcase name="maxDurability[284: PAINTING]" classname="org.bukkit.PerMaterialTest" time="0"/>
  <testcase name="usesDurability[284: PAINTING]" classname="org.bukkit.PerMaterialTest" time="0"/>
  <testcase name="isOccluding[284: PAINTING]" classname="org.bukkit.PerMaterialTest" time="0"/>
  <testcase name="isRecord[284: PAINTING]" classname="org.bukkit.PerMaterialTest" time="0"/>
  <testcase name="isFlammable[284: PAINTING]" classname="org.bukkit.PerMaterialTest" time="0"/>
  <testcase name="maxStackSize[284: PAINTING]" classname="org.bukkit.PerMaterialTest" time="0"/>
  <testcase name="isTransparent[284: PAINTING]" classname="org.bukkit.PerMaterialTest" time="0"/>
  <testcase name="isSolid[284: PAINTING]" classname="org.bukkit.PerMaterialTest" time="0"/>
  <testcase name="hasGravity[285: GOLDEN_APPLE]" classname="org.bukkit.PerMaterialTest" time="0"/>
  <testcase name="isBurnable[285: GOLDEN_APPLE]" classname="org.bukkit.PerMaterialTest" time="0"/>
  <testcase name="isEdible[285: GOLDEN_APPLE]" classname="org.bukkit.PerMaterialTest" time="0"/>
  <testcase name="maxDurability[285: GOLDEN_APPLE]" classname="org.bukkit.PerMaterialTest" time="0"/>
  <testcase name="usesDurability[285: GOLDEN_APPLE]" classname="org.bukkit.PerMaterialTest" time="0"/>
  <testcase name="isOccluding[285: GOLDEN_APPLE]" classname="org.bukkit.PerMaterialTest" time="0"/>
  <testcase name="isRecord[285: GOLDEN_APPLE]" classname="org.bukkit.PerMaterialTest" time="0"/>
  <testcase name="isFlammable[285: GOLDEN_APPLE]" classname="org.bukkit.PerMaterialTest" time="0"/>
  <testcase name="maxStackSize[285: GOLDEN_APPLE]" classname="org.bukkit.PerMaterialTest" time="0"/>
  <testcase name="isTransparent[285: GOLDEN_APPLE]" classname="org.bukkit.PerMaterialTest" time="0"/>
  <testcase name="isSolid[285: GOLDEN_APPLE]" classname="org.bukkit.PerMaterialTest" time="0"/>
  <testcase name="hasGravity[286: SIGN]" classname="org.bukkit.PerMaterialTest" time="0"/>
  <testcase name="isBurnable[286: SIGN]" classname="org.bukkit.PerMaterialTest" time="0"/>
  <testcase name="isEdible[286: SIGN]" classname="org.bukkit.PerMaterialTest" time="0"/>
  <testcase name="maxDurability[286: SIGN]" classname="org.bukkit.PerMaterialTest" time="0"/>
  <testcase name="usesDurability[286: SIGN]" classname="org.bukkit.PerMaterialTest" time="0"/>
  <testcase name="isOccluding[286: SIGN]" classname="org.bukkit.PerMaterialTest" time="0"/>
  <testcase name="isRecord[286: SIGN]" classname="org.bukkit.PerMaterialTest" time="0"/>
  <testcase name="isFlammable[286: SIGN]" classname="org.bukkit.PerMaterialTest" time="0"/>
  <testcase name="maxStackSize[286: SIGN]" classname="org.bukkit.PerMaterialTest" time="0"/>
  <testcase name="isTransparent[286: SIGN]" classname="org.bukkit.PerMaterialTest" time="0"/>
  <testcase name="isSolid[286: SIGN]" classname="org.bukkit.PerMaterialTest" time="0"/>
  <testcase name="hasGravity[287: WOOD_DOOR]" classname="org.bukkit.PerMaterialTest" time="0"/>
  <testcase name="isBurnable[287: WOOD_DOOR]" classname="org.bukkit.PerMaterialTest" time="0"/>
  <testcase name="isEdible[287: WOOD_DOOR]" classname="org.bukkit.PerMaterialTest" time="0"/>
  <testcase name="maxDurability[287: WOOD_DOOR]" classname="org.bukkit.PerMaterialTest" time="0"/>
  <testcase name="usesDurability[287: WOOD_DOOR]" classname="org.bukkit.PerMaterialTest" time="0"/>
  <testcase name="isOccluding[287: WOOD_DOOR]" classname="org.bukkit.PerMaterialTest" time="0"/>
  <testcase name="isRecord[287: WOOD_DOOR]" classname="org.bukkit.PerMaterialTest" time="0"/>
  <testcase name="isFlammable[287: WOOD_DOOR]" classname="org.bukkit.PerMaterialTest" time="0"/>
  <testcase name="maxStackSize[287: WOOD_DOOR]" classname="org.bukkit.PerMaterialTest" time="0"/>
  <testcase name="isTransparent[287: WOOD_DOOR]" classname="org.bukkit.PerMaterialTest" time="0"/>
  <testcase name="isSolid[287: WOOD_DOOR]" classname="org.bukkit.PerMaterialTest" time="0"/>
  <testcase name="hasGravity[288: BUCKET]" classname="org.bukkit.PerMaterialTest" time="0"/>
  <testcase name="isBurnable[288: BUCKET]" classname="org.bukkit.PerMaterialTest" time="0"/>
  <testcase name="isEdible[288: BUCKET]" classname="org.bukkit.PerMaterialTest" time="0"/>
  <testcase name="maxDurability[288: BUCKET]" classname="org.bukkit.PerMaterialTest" time="0"/>
  <testcase name="usesDurability[288: BUCKET]" classname="org.bukkit.PerMaterialTest" time="0"/>
  <testcase name="isOccluding[288: BUCKET]" classname="org.bukkit.PerMaterialTest" time="0"/>
  <testcase name="isRecord[288: BUCKET]" classname="org.bukkit.PerMaterialTest" time="0"/>
  <testcase name="isFlammable[288: BUCKET]" classname="org.bukkit.PerMaterialTest" time="0"/>
  <testcase name="maxStackSize[288: BUCKET]" classname="org.bukkit.PerMaterialTest" time="0"/>
  <testcase name="isTransparent[288: BUCKET]" classname="org.bukkit.PerMaterialTest" time="0"/>
  <testcase name="isSolid[288: BUCKET]" classname="org.bukkit.PerMaterialTest" time="0"/>
  <testcase name="hasGravity[289: WATER_BUCKET]" classname="org.bukkit.PerMaterialTest" time="0"/>
  <testcase name="isBurnable[289: WATER_BUCKET]" classname="org.bukkit.PerMaterialTest" time="0"/>
  <testcase name="isEdible[289: WATER_BUCKET]" classname="org.bukkit.PerMaterialTest" time="0"/>
  <testcase name="maxDurability[289: WATER_BUCKET]" classname="org.bukkit.PerMaterialTest" time="0"/>
  <testcase name="usesDurability[289: WATER_BUCKET]" classname="org.bukkit.PerMaterialTest" time="0"/>
  <testcase name="isOccluding[289: WATER_BUCKET]" classname="org.bukkit.PerMaterialTest" time="0"/>
  <testcase name="isRecord[289: WATER_BUCKET]" classname="org.bukkit.PerMaterialTest" time="0"/>
  <testcase name="isFlammable[289: WATER_BUCKET]" classname="org.bukkit.PerMaterialTest" time="0"/>
  <testcase name="maxStackSize[289: WATER_BUCKET]" classname="org.bukkit.PerMaterialTest" time="0"/>
  <testcase name="isTransparent[289: WATER_BUCKET]" classname="org.bukkit.PerMaterialTest" time="0"/>
  <testcase name="isSolid[289: WATER_BUCKET]" classname="org.bukkit.PerMaterialTest" time="0"/>
  <testcase name="hasGravity[290: LAVA_BUCKET]" classname="org.bukkit.PerMaterialTest" time="0"/>
  <testcase name="isBurnable[290: LAVA_BUCKET]" classname="org.bukkit.PerMaterialTest" time="0"/>
  <testcase name="isEdible[290: LAVA_BUCKET]" classname="org.bukkit.PerMaterialTest" time="0"/>
  <testcase name="maxDurability[290: LAVA_BUCKET]" classname="org.bukkit.PerMaterialTest" time="0"/>
  <testcase name="usesDurability[290: LAVA_BUCKET]" classname="org.bukkit.PerMaterialTest" time="0"/>
  <testcase name="isOccluding[290: LAVA_BUCKET]" classname="org.bukkit.PerMaterialTest" time="0"/>
  <testcase name="isRecord[290: LAVA_BUCKET]" classname="org.bukkit.PerMaterialTest" time="0"/>
  <testcase name="isFlammable[290: LAVA_BUCKET]" classname="org.bukkit.PerMaterialTest" time="0"/>
  <testcase name="maxStackSize[290: LAVA_BUCKET]" classname="org.bukkit.PerMaterialTest" time="0"/>
  <testcase name="isTransparent[290: LAVA_BUCKET]" classname="org.bukkit.PerMaterialTest" time="0"/>
  <testcase name="isSolid[290: LAVA_BUCKET]" classname="org.bukkit.PerMaterialTest" time="0"/>
  <testcase name="hasGravity[291: MINECART]" classname="org.bukkit.PerMaterialTest" time="0"/>
  <testcase name="isBurnable[291: MINECART]" classname="org.bukkit.PerMaterialTest" time="0"/>
  <testcase name="isEdible[291: MINECART]" classname="org.bukkit.PerMaterialTest" time="0"/>
  <testcase name="maxDurability[291: MINECART]" classname="org.bukkit.PerMaterialTest" time="0"/>
  <testcase name="usesDurability[291: MINECART]" classname="org.bukkit.PerMaterialTest" time="0"/>
  <testcase name="isOccluding[291: MINECART]" classname="org.bukkit.PerMaterialTest" time="0"/>
  <testcase name="isRecord[291: MINECART]" classname="org.bukkit.PerMaterialTest" time="0"/>
  <testcase name="isFlammable[291: MINECART]" classname="org.bukkit.PerMaterialTest" time="0"/>
  <testcase name="maxStackSize[291: MINECART]" classname="org.bukkit.PerMaterialTest" time="0"/>
  <testcase name="isTransparent[291: MINECART]" classname="org.bukkit.PerMaterialTest" time="0"/>
  <testcase name="isSolid[291: MINECART]" classname="org.bukkit.PerMaterialTest" time="0"/>
  <testcase name="hasGravity[292: SADDLE]" classname="org.bukkit.PerMaterialTest" time="0"/>
  <testcase name="isBurnable[292: SADDLE]" classname="org.bukkit.PerMaterialTest" time="0"/>
  <testcase name="isEdible[292: SADDLE]" classname="org.bukkit.PerMaterialTest" time="0"/>
  <testcase name="maxDurability[292: SADDLE]" classname="org.bukkit.PerMaterialTest" time="0"/>
  <testcase name="usesDurability[292: SADDLE]" classname="org.bukkit.PerMaterialTest" time="0"/>
  <testcase name="isOccluding[292: SADDLE]" classname="org.bukkit.PerMaterialTest" time="0"/>
  <testcase name="isRecord[292: SADDLE]" classname="org.bukkit.PerMaterialTest" time="0"/>
  <testcase name="isFlammable[292: SADDLE]" classname="org.bukkit.PerMaterialTest" time="0"/>
  <testcase name="maxStackSize[292: SADDLE]" classname="org.bukkit.PerMaterialTest" time="0"/>
  <testcase name="isTransparent[292: SADDLE]" classname="org.bukkit.PerMaterialTest" time="0"/>
  <testcase name="isSolid[292: SADDLE]" classname="org.bukkit.PerMaterialTest" time="0"/>
  <testcase name="hasGravity[293: IRON_DOOR]" classname="org.bukkit.PerMaterialTest" time="0"/>
  <testcase name="isBurnable[293: IRON_DOOR]" classname="org.bukkit.PerMaterialTest" time="0"/>
  <testcase name="isEdible[293: IRON_DOOR]" classname="org.bukkit.PerMaterialTest" time="0"/>
  <testcase name="maxDurability[293: IRON_DOOR]" classname="org.bukkit.PerMaterialTest" time="0"/>
  <testcase name="usesDurability[293: IRON_DOOR]" classname="org.bukkit.PerMaterialTest" time="0"/>
  <testcase name="isOccluding[293: IRON_DOOR]" classname="org.bukkit.PerMaterialTest" time="0"/>
  <testcase name="isRecord[293: IRON_DOOR]" classname="org.bukkit.PerMaterialTest" time="0"/>
  <testcase name="isFlammable[293: IRON_DOOR]" classname="org.bukkit.PerMaterialTest" time="0"/>
  <testcase name="maxStackSize[293: IRON_DOOR]" classname="org.bukkit.PerMaterialTest" time="0"/>
  <testcase name="isTransparent[293: IRON_DOOR]" classname="org.bukkit.PerMaterialTest" time="0"/>
  <testcase name="isSolid[293: IRON_DOOR]" classname="org.bukkit.PerMaterialTest" time="0"/>
  <testcase name="hasGravity[294: REDSTONE]" classname="org.bukkit.PerMaterialTest" time="0"/>
  <testcase name="isBurnable[294: REDSTONE]" classname="org.bukkit.PerMaterialTest" time="0"/>
  <testcase name="isEdible[294: REDSTONE]" classname="org.bukkit.PerMaterialTest" time="0"/>
  <testcase name="maxDurability[294: REDSTONE]" classname="org.bukkit.PerMaterialTest" time="0"/>
  <testcase name="usesDurability[294: REDSTONE]" classname="org.bukkit.PerMaterialTest" time="0.001"/>
  <testcase name="isOccluding[294: REDSTONE]" classname="org.bukkit.PerMaterialTest" time="0"/>
  <testcase name="isRecord[294: REDSTONE]" classname="org.bukkit.PerMaterialTest" time="0"/>
  <testcase name="isFlammable[294: REDSTONE]" classname="org.bukkit.PerMaterialTest" time="0"/>
  <testcase name="maxStackSize[294: REDSTONE]" classname="org.bukkit.PerMaterialTest" time="0"/>
  <testcase name="isTransparent[294: REDSTONE]" classname="org.bukkit.PerMaterialTest" time="0"/>
  <testcase name="isSolid[294: REDSTONE]" classname="org.bukkit.PerMaterialTest" time="0"/>
  <testcase name="hasGravity[295: SNOW_BALL]" classname="org.bukkit.PerMaterialTest" time="0"/>
  <testcase name="isBurnable[295: SNOW_BALL]" classname="org.bukkit.PerMaterialTest" time="0"/>
  <testcase name="isEdible[295: SNOW_BALL]" classname="org.bukkit.PerMaterialTest" time="0"/>
  <testcase name="maxDurability[295: SNOW_BALL]" classname="org.bukkit.PerMaterialTest" time="0"/>
  <testcase name="usesDurability[295: SNOW_BALL]" classname="org.bukkit.PerMaterialTest" time="0"/>
  <testcase name="isOccluding[295: SNOW_BALL]" classname="org.bukkit.PerMaterialTest" time="0"/>
  <testcase name="isRecord[295: SNOW_BALL]" classname="org.bukkit.PerMaterialTest" time="0"/>
  <testcase name="isFlammable[295: SNOW_BALL]" classname="org.bukkit.PerMaterialTest" time="0"/>
  <testcase name="maxStackSize[295: SNOW_BALL]" classname="org.bukkit.PerMaterialTest" time="0"/>
  <testcase name="isTransparent[295: SNOW_BALL]" classname="org.bukkit.PerMaterialTest" time="0.001"/>
  <testcase name="isSolid[295: SNOW_BALL]" classname="org.bukkit.PerMaterialTest" time="0"/>
  <testcase name="hasGravity[296: BOAT]" classname="org.bukkit.PerMaterialTest" time="0"/>
  <testcase name="isBurnable[296: BOAT]" classname="org.bukkit.PerMaterialTest" time="0"/>
  <testcase name="isEdible[296: BOAT]" classname="org.bukkit.PerMaterialTest" time="0"/>
  <testcase name="maxDurability[296: BOAT]" classname="org.bukkit.PerMaterialTest" time="0"/>
  <testcase name="usesDurability[296: BOAT]" classname="org.bukkit.PerMaterialTest" time="0"/>
  <testcase name="isOccluding[296: BOAT]" classname="org.bukkit.PerMaterialTest" time="0"/>
  <testcase name="isRecord[296: BOAT]" classname="org.bukkit.PerMaterialTest" time="0"/>
  <testcase name="isFlammable[296: BOAT]" classname="org.bukkit.PerMaterialTest" time="0"/>
  <testcase name="maxStackSize[296: BOAT]" classname="org.bukkit.PerMaterialTest" time="0"/>
  <testcase name="isTransparent[296: BOAT]" classname="org.bukkit.PerMaterialTest" time="0"/>
  <testcase name="isSolid[296: BOAT]" classname="org.bukkit.PerMaterialTest" time="0"/>
  <testcase name="hasGravity[297: LEATHER]" classname="org.bukkit.PerMaterialTest" time="0"/>
  <testcase name="isBurnable[297: LEATHER]" classname="org.bukkit.PerMaterialTest" time="0"/>
  <testcase name="isEdible[297: LEATHER]" classname="org.bukkit.PerMaterialTest" time="0"/>
  <testcase name="maxDurability[297: LEATHER]" classname="org.bukkit.PerMaterialTest" time="0"/>
  <testcase name="usesDurability[297: LEATHER]" classname="org.bukkit.PerMaterialTest" time="0.001"/>
  <testcase name="isOccluding[297: LEATHER]" classname="org.bukkit.PerMaterialTest" time="0"/>
  <testcase name="isRecord[297: LEATHER]" classname="org.bukkit.PerMaterialTest" time="0"/>
  <testcase name="isFlammable[297: LEATHER]" classname="org.bukkit.PerMaterialTest" time="0"/>
  <testcase name="maxStackSize[297: LEATHER]" classname="org.bukkit.PerMaterialTest" time="0"/>
  <testcase name="isTransparent[297: LEATHER]" classname="org.bukkit.PerMaterialTest" time="0"/>
  <testcase name="isSolid[297: LEATHER]" classname="org.bukkit.PerMaterialTest" time="0"/>
  <testcase name="hasGravity[298: MILK_BUCKET]" classname="org.bukkit.PerMaterialTest" time="0"/>
  <testcase name="isBurnable[298: MILK_BUCKET]" classname="org.bukkit.PerMaterialTest" time="0"/>
  <testcase name="isEdible[298: MILK_BUCKET]" classname="org.bukkit.PerMaterialTest" time="0"/>
  <testcase name="maxDurability[298: MILK_BUCKET]" classname="org.bukkit.PerMaterialTest" time="0"/>
  <testcase name="usesDurability[298: MILK_BUCKET]" classname="org.bukkit.PerMaterialTest" time="0"/>
  <testcase name="isOccluding[298: MILK_BUCKET]" classname="org.bukkit.PerMaterialTest" time="0"/>
  <testcase name="isRecord[298: MILK_BUCKET]" classname="org.bukkit.PerMaterialTest" time="0"/>
  <testcase name="isFlammable[298: MILK_BUCKET]" classname="org.bukkit.PerMaterialTest" time="0"/>
  <testcase name="maxStackSize[298: MILK_BUCKET]" classname="org.bukkit.PerMaterialTest" time="0"/>
  <testcase name="isTransparent[298: MILK_BUCKET]" classname="org.bukkit.PerMaterialTest" time="0"/>
  <testcase name="isSolid[298: MILK_BUCKET]" classname="org.bukkit.PerMaterialTest" time="0"/>
  <testcase name="hasGravity[299: CLAY_BRICK]" classname="org.bukkit.PerMaterialTest" time="0"/>
  <testcase name="isBurnable[299: CLAY_BRICK]" classname="org.bukkit.PerMaterialTest" time="0"/>
  <testcase name="isEdible[299: CLAY_BRICK]" classname="org.bukkit.PerMaterialTest" time="0"/>
  <testcase name="maxDurability[299: CLAY_BRICK]" classname="org.bukkit.PerMaterialTest" time="0"/>
  <testcase name="usesDurability[299: CLAY_BRICK]" classname="org.bukkit.PerMaterialTest" time="0.001"/>
  <testcase name="isOccluding[299: CLAY_BRICK]" classname="org.bukkit.PerMaterialTest" time="0"/>
  <testcase name="isRecord[299: CLAY_BRICK]" classname="org.bukkit.PerMaterialTest" time="0"/>
  <testcase name="isFlammable[299: CLAY_BRICK]" classname="org.bukkit.PerMaterialTest" time="0"/>
  <testcase name="maxStackSize[299: CLAY_BRICK]" classname="org.bukkit.PerMaterialTest" time="0"/>
  <testcase name="isTransparent[299: CLAY_BRICK]" classname="org.bukkit.PerMaterialTest" time="0"/>
  <testcase name="isSolid[299: CLAY_BRICK]" classname="org.bukkit.PerMaterialTest" time="0"/>
  <testcase name="hasGravity[300: CLAY_BALL]" classname="org.bukkit.PerMaterialTest" time="0"/>
  <testcase name="isBurnable[300: CLAY_BALL]" classname="org.bukkit.PerMaterialTest" time="0"/>
  <testcase name="isEdible[300: CLAY_BALL]" classname="org.bukkit.PerMaterialTest" time="0"/>
  <testcase name="maxDurability[300: CLAY_BALL]" classname="org.bukkit.PerMaterialTest" time="0"/>
  <testcase name="usesDurability[300: CLAY_BALL]" classname="org.bukkit.PerMaterialTest" time="0"/>
  <testcase name="isOccluding[300: CLAY_BALL]" classname="org.bukkit.PerMaterialTest" time="0"/>
  <testcase name="isRecord[300: CLAY_BALL]" classname="org.bukkit.PerMaterialTest" time="0"/>
  <testcase name="isFlammable[300: CLAY_BALL]" classname="org.bukkit.PerMaterialTest" time="0"/>
  <testcase name="maxStackSize[300: CLAY_BALL]" classname="org.bukkit.PerMaterialTest" time="0"/>
  <testcase name="isTransparent[300: CLAY_BALL]" classname="org.bukkit.PerMaterialTest" time="0"/>
  <testcase name="isSolid[300: CLAY_BALL]" classname="org.bukkit.PerMaterialTest" time="0"/>
  <testcase name="hasGravity[301: SUGAR_CANE]" classname="org.bukkit.PerMaterialTest" time="0"/>
  <testcase name="isBurnable[301: SUGAR_CANE]" classname="org.bukkit.PerMaterialTest" time="0"/>
  <testcase name="isEdible[301: SUGAR_CANE]" classname="org.bukkit.PerMaterialTest" time="0"/>
  <testcase name="maxDurability[301: SUGAR_CANE]" classname="org.bukkit.PerMaterialTest" time="0"/>
  <testcase name="usesDurability[301: SUGAR_CANE]" classname="org.bukkit.PerMaterialTest" time="0"/>
  <testcase name="isOccluding[301: SUGAR_CANE]" classname="org.bukkit.PerMaterialTest" time="0"/>
  <testcase name="isRecord[301: SUGAR_CANE]" classname="org.bukkit.PerMaterialTest" time="0"/>
  <testcase name="isFlammable[301: SUGAR_CANE]" classname="org.bukkit.PerMaterialTest" time="0"/>
  <testcase name="maxStackSize[301: SUGAR_CANE]" classname="org.bukkit.PerMaterialTest" time="0"/>
  <testcase name="isTransparent[301: SUGAR_CANE]" classname="org.bukkit.PerMaterialTest" time="0"/>
  <testcase name="isSolid[301: SUGAR_CANE]" classname="org.bukkit.PerMaterialTest" time="0"/>
  <testcase name="hasGravity[302: PAPER]" classname="org.bukkit.PerMaterialTest" time="0"/>
  <testcase name="isBurnable[302: PAPER]" classname="org.bukkit.PerMaterialTest" time="0"/>
  <testcase name="isEdible[302: PAPER]" classname="org.bukkit.PerMaterialTest" time="0"/>
  <testcase name="maxDurability[302: PAPER]" classname="org.bukkit.PerMaterialTest" time="0"/>
  <testcase name="usesDurability[302: PAPER]" classname="org.bukkit.PerMaterialTest" time="0"/>
  <testcase name="isOccluding[302: PAPER]" classname="org.bukkit.PerMaterialTest" time="0"/>
  <testcase name="isRecord[302: PAPER]" classname="org.bukkit.PerMaterialTest" time="0"/>
  <testcase name="isFlammable[302: PAPER]" classname="org.bukkit.PerMaterialTest" time="0"/>
  <testcase name="maxStackSize[302: PAPER]" classname="org.bukkit.PerMaterialTest" time="0"/>
  <testcase name="isTransparent[302: PAPER]" classname="org.bukkit.PerMaterialTest" time="0"/>
  <testcase name="isSolid[302: PAPER]" classname="org.bukkit.PerMaterialTest" time="0"/>
  <testcase name="hasGravity[303: BOOK]" classname="org.bukkit.PerMaterialTest" time="0"/>
  <testcase name="isBurnable[303: BOOK]" classname="org.bukkit.PerMaterialTest" time="0"/>
  <testcase name="isEdible[303: BOOK]" classname="org.bukkit.PerMaterialTest" time="0"/>
  <testcase name="maxDurability[303: BOOK]" classname="org.bukkit.PerMaterialTest" time="0"/>
  <testcase name="usesDurability[303: BOOK]" classname="org.bukkit.PerMaterialTest" time="0"/>
  <testcase name="isOccluding[303: BOOK]" classname="org.bukkit.PerMaterialTest" time="0"/>
  <testcase name="isRecord[303: BOOK]" classname="org.bukkit.PerMaterialTest" time="0"/>
  <testcase name="isFlammable[303: BOOK]" classname="org.bukkit.PerMaterialTest" time="0"/>
  <testcase name="maxStackSize[303: BOOK]" classname="org.bukkit.PerMaterialTest" time="0"/>
  <testcase name="isTransparent[303: BOOK]" classname="org.bukkit.PerMaterialTest" time="0"/>
  <testcase name="isSolid[303: BOOK]" classname="org.bukkit.PerMaterialTest" time="0"/>
  <testcase name="hasGravity[304: SLIME_BALL]" classname="org.bukkit.PerMaterialTest" time="0"/>
  <testcase name="isBurnable[304: SLIME_BALL]" classname="org.bukkit.PerMaterialTest" time="0"/>
  <testcase name="isEdible[304: SLIME_BALL]" classname="org.bukkit.PerMaterialTest" time="0"/>
  <testcase name="maxDurability[304: SLIME_BALL]" classname="org.bukkit.PerMaterialTest" time="0"/>
  <testcase name="usesDurability[304: SLIME_BALL]" classname="org.bukkit.PerMaterialTest" time="0"/>
  <testcase name="isOccluding[304: SLIME_BALL]" classname="org.bukkit.PerMaterialTest" time="0"/>
  <testcase name="isRecord[304: SLIME_BALL]" classname="org.bukkit.PerMaterialTest" time="0"/>
  <testcase name="isFlammable[304: SLIME_BALL]" classname="org.bukkit.PerMaterialTest" time="0"/>
  <testcase name="maxStackSize[304: SLIME_BALL]" classname="org.bukkit.PerMaterialTest" time="0"/>
  <testcase name="isTransparent[304: SLIME_BALL]" classname="org.bukkit.PerMaterialTest" time="0"/>
  <testcase name="isSolid[304: SLIME_BALL]" classname="org.bukkit.PerMaterialTest" time="0"/>
  <testcase name="hasGravity[305: STORAGE_MINECART]" classname="org.bukkit.PerMaterialTest" time="0"/>
  <testcase name="isBurnable[305: STORAGE_MINECART]" classname="org.bukkit.PerMaterialTest" time="0"/>
  <testcase name="isEdible[305: STORAGE_MINECART]" classname="org.bukkit.PerMaterialTest" time="0"/>
  <testcase name="maxDurability[305: STORAGE_MINECART]" classname="org.bukkit.PerMaterialTest" time="0"/>
  <testcase name="usesDurability[305: STORAGE_MINECART]" classname="org.bukkit.PerMaterialTest" time="0"/>
  <testcase name="isOccluding[305: STORAGE_MINECART]" classname="org.bukkit.PerMaterialTest" time="0"/>
  <testcase name="isRecord[305: STORAGE_MINECART]" classname="org.bukkit.PerMaterialTest" time="0"/>
  <testcase name="isFlammable[305: STORAGE_MINECART]" classname="org.bukkit.PerMaterialTest" time="0"/>
  <testcase name="maxStackSize[305: STORAGE_MINECART]" classname="org.bukkit.PerMaterialTest" time="0"/>
  <testcase name="isTransparent[305: STORAGE_MINECART]" classname="org.bukkit.PerMaterialTest" time="0"/>
  <testcase name="isSolid[305: STORAGE_MINECART]" classname="org.bukkit.PerMaterialTest" time="0"/>
  <testcase name="hasGravity[306: POWERED_MINECART]" classname="org.bukkit.PerMaterialTest" time="0"/>
  <testcase name="isBurnable[306: POWERED_MINECART]" classname="org.bukkit.PerMaterialTest" time="0"/>
  <testcase name="isEdible[306: POWERED_MINECART]" classname="org.bukkit.PerMaterialTest" time="0"/>
  <testcase name="maxDurability[306: POWERED_MINECART]" classname="org.bukkit.PerMaterialTest" time="0"/>
  <testcase name="usesDurability[306: POWERED_MINECART]" classname="org.bukkit.PerMaterialTest" time="0"/>
  <testcase name="isOccluding[306: POWERED_MINECART]" classname="org.bukkit.PerMaterialTest" time="0"/>
  <testcase name="isRecord[306: POWERED_MINECART]" classname="org.bukkit.PerMaterialTest" time="0"/>
  <testcase name="isFlammable[306: POWERED_MINECART]" classname="org.bukkit.PerMaterialTest" time="0"/>
  <testcase name="maxStackSize[306: POWERED_MINECART]" classname="org.bukkit.PerMaterialTest" time="0"/>
  <testcase name="isTransparent[306: POWERED_MINECART]" classname="org.bukkit.PerMaterialTest" time="0"/>
  <testcase name="isSolid[306: POWERED_MINECART]" classname="org.bukkit.PerMaterialTest" time="0"/>
  <testcase name="hasGravity[307: EGG]" classname="org.bukkit.PerMaterialTest" time="0"/>
  <testcase name="isBurnable[307: EGG]" classname="org.bukkit.PerMaterialTest" time="0"/>
  <testcase name="isEdible[307: EGG]" classname="org.bukkit.PerMaterialTest" time="0"/>
  <testcase name="maxDurability[307: EGG]" classname="org.bukkit.PerMaterialTest" time="0"/>
  <testcase name="usesDurability[307: EGG]" classname="org.bukkit.PerMaterialTest" time="0"/>
  <testcase name="isOccluding[307: EGG]" classname="org.bukkit.PerMaterialTest" time="0"/>
  <testcase name="isRecord[307: EGG]" classname="org.bukkit.PerMaterialTest" time="0"/>
  <testcase name="isFlammable[307: EGG]" classname="org.bukkit.PerMaterialTest" time="0"/>
  <testcase name="maxStackSize[307: EGG]" classname="org.bukkit.PerMaterialTest" time="0"/>
  <testcase name="isTransparent[307: EGG]" classname="org.bukkit.PerMaterialTest" time="0"/>
  <testcase name="isSolid[307: EGG]" classname="org.bukkit.PerMaterialTest" time="0"/>
  <testcase name="hasGravity[308: COMPASS]" classname="org.bukkit.PerMaterialTest" time="0"/>
  <testcase name="isBurnable[308: COMPASS]" classname="org.bukkit.PerMaterialTest" time="0"/>
  <testcase name="isEdible[308: COMPASS]" classname="org.bukkit.PerMaterialTest" time="0"/>
  <testcase name="maxDurability[308: COMPASS]" classname="org.bukkit.PerMaterialTest" time="0"/>
  <testcase name="usesDurability[308: COMPASS]" classname="org.bukkit.PerMaterialTest" time="0"/>
  <testcase name="isOccluding[308: COMPASS]" classname="org.bukkit.PerMaterialTest" time="0"/>
  <testcase name="isRecord[308: COMPASS]" classname="org.bukkit.PerMaterialTest" time="0"/>
  <testcase name="isFlammable[308: COMPASS]" classname="org.bukkit.PerMaterialTest" time="0"/>
  <testcase name="maxStackSize[308: COMPASS]" classname="org.bukkit.PerMaterialTest" time="0.001"/>
  <testcase name="isTransparent[308: COMPASS]" classname="org.bukkit.PerMaterialTest" time="0"/>
  <testcase name="isSolid[308: COMPASS]" classname="org.bukkit.PerMaterialTest" time="0"/>
  <testcase name="hasGravity[309: FISHING_ROD]" classname="org.bukkit.PerMaterialTest" time="0"/>
  <testcase name="isBurnable[309: FISHING_ROD]" classname="org.bukkit.PerMaterialTest" time="0"/>
  <testcase name="isEdible[309: FISHING_ROD]" classname="org.bukkit.PerMaterialTest" time="0"/>
  <testcase name="maxDurability[309: FISHING_ROD]" classname="org.bukkit.PerMaterialTest" time="0"/>
  <testcase name="usesDurability[309: FISHING_ROD]" classname="org.bukkit.PerMaterialTest" time="0"/>
  <testcase name="isOccluding[309: FISHING_ROD]" classname="org.bukkit.PerMaterialTest" time="0"/>
  <testcase name="isRecord[309: FISHING_ROD]" classname="org.bukkit.PerMaterialTest" time="0"/>
  <testcase name="isFlammable[309: FISHING_ROD]" classname="org.bukkit.PerMaterialTest" time="0"/>
  <testcase name="maxStackSize[309: FISHING_ROD]" classname="org.bukkit.PerMaterialTest" time="0"/>
  <testcase name="isTransparent[309: FISHING_ROD]" classname="org.bukkit.PerMaterialTest" time="0"/>
  <testcase name="isSolid[309: FISHING_ROD]" classname="org.bukkit.PerMaterialTest" time="0"/>
  <testcase name="hasGravity[310: WATCH]" classname="org.bukkit.PerMaterialTest" time="0"/>
  <testcase name="isBurnable[310: WATCH]" classname="org.bukkit.PerMaterialTest" time="0"/>
  <testcase name="isEdible[310: WATCH]" classname="org.bukkit.PerMaterialTest" time="0"/>
  <testcase name="maxDurability[310: WATCH]" classname="org.bukkit.PerMaterialTest" time="0"/>
  <testcase name="usesDurability[310: WATCH]" classname="org.bukkit.PerMaterialTest" time="0"/>
  <testcase name="isOccluding[310: WATCH]" classname="org.bukkit.PerMaterialTest" time="0"/>
  <testcase name="isRecord[310: WATCH]" classname="org.bukkit.PerMaterialTest" time="0"/>
  <testcase name="isFlammable[310: WATCH]" classname="org.bukkit.PerMaterialTest" time="0"/>
  <testcase name="maxStackSize[310: WATCH]" classname="org.bukkit.PerMaterialTest" time="0"/>
  <testcase name="isTransparent[310: WATCH]" classname="org.bukkit.PerMaterialTest" time="0"/>
  <testcase name="isSolid[310: WATCH]" classname="org.bukkit.PerMaterialTest" time="0"/>
  <testcase name="hasGravity[311: GLOWSTONE_DUST]" classname="org.bukkit.PerMaterialTest" time="0"/>
  <testcase name="isBurnable[311: GLOWSTONE_DUST]" classname="org.bukkit.PerMaterialTest" time="0"/>
  <testcase name="isEdible[311: GLOWSTONE_DUST]" classname="org.bukkit.PerMaterialTest" time="0"/>
  <testcase name="maxDurability[311: GLOWSTONE_DUST]" classname="org.bukkit.PerMaterialTest" time="0"/>
  <testcase name="usesDurability[311: GLOWSTONE_DUST]" classname="org.bukkit.PerMaterialTest" time="0"/>
  <testcase name="isOccluding[311: GLOWSTONE_DUST]" classname="org.bukkit.PerMaterialTest" time="0"/>
  <testcase name="isRecord[311: GLOWSTONE_DUST]" classname="org.bukkit.PerMaterialTest" time="0"/>
  <testcase name="isFlammable[311: GLOWSTONE_DUST]" classname="org.bukkit.PerMaterialTest" time="0.001"/>
  <testcase name="maxStackSize[311: GLOWSTONE_DUST]" classname="org.bukkit.PerMaterialTest" time="0"/>
  <testcase name="isTransparent[311: GLOWSTONE_DUST]" classname="org.bukkit.PerMaterialTest" time="0"/>
  <testcase name="isSolid[311: GLOWSTONE_DUST]" classname="org.bukkit.PerMaterialTest" time="0"/>
  <testcase name="hasGravity[312: RAW_FISH]" classname="org.bukkit.PerMaterialTest" time="0"/>
  <testcase name="isBurnable[312: RAW_FISH]" classname="org.bukkit.PerMaterialTest" time="0"/>
  <testcase name="isEdible[312: RAW_FISH]" classname="org.bukkit.PerMaterialTest" time="0"/>
  <testcase name="maxDurability[312: RAW_FISH]" classname="org.bukkit.PerMaterialTest" time="0"/>
  <testcase name="usesDurability[312: RAW_FISH]" classname="org.bukkit.PerMaterialTest" time="0"/>
  <testcase name="isOccluding[312: RAW_FISH]" classname="org.bukkit.PerMaterialTest" time="0"/>
  <testcase name="isRecord[312: RAW_FISH]" classname="org.bukkit.PerMaterialTest" time="0"/>
  <testcase name="isFlammable[312: RAW_FISH]" classname="org.bukkit.PerMaterialTest" time="0"/>
  <testcase name="maxStackSize[312: RAW_FISH]" classname="org.bukkit.PerMaterialTest" time="0"/>
  <testcase name="isTransparent[312: RAW_FISH]" classname="org.bukkit.PerMaterialTest" time="0"/>
  <testcase name="isSolid[312: RAW_FISH]" classname="org.bukkit.PerMaterialTest" time="0"/>
  <testcase name="hasGravity[313: COOKED_FISH]" classname="org.bukkit.PerMaterialTest" time="0"/>
  <testcase name="isBurnable[313: COOKED_FISH]" classname="org.bukkit.PerMaterialTest" time="0"/>
  <testcase name="isEdible[313: COOKED_FISH]" classname="org.bukkit.PerMaterialTest" time="0"/>
  <testcase name="maxDurability[313: COOKED_FISH]" classname="org.bukkit.PerMaterialTest" time="0"/>
  <testcase name="usesDurability[313: COOKED_FISH]" classname="org.bukkit.PerMaterialTest" time="0"/>
  <testcase name="isOccluding[313: COOKED_FISH]" classname="org.bukkit.PerMaterialTest" time="0"/>
  <testcase name="isRecord[313: COOKED_FISH]" classname="org.bukkit.PerMaterialTest" time="0"/>
  <testcase name="isFlammable[313: COOKED_FISH]" classname="org.bukkit.PerMaterialTest" time="0"/>
  <testcase name="maxStackSize[313: COOKED_FISH]" classname="org.bukkit.PerMaterialTest" time="0"/>
  <testcase name="isTransparent[313: COOKED_FISH]" classname="org.bukkit.PerMaterialTest" time="0"/>
  <testcase name="isSolid[313: COOKED_FISH]" classname="org.bukkit.PerMaterialTest" time="0"/>
  <testcase name="hasGravity[314: INK_SACK]" classname="org.bukkit.PerMaterialTest" time="0"/>
  <testcase name="isBurnable[314: INK_SACK]" classname="org.bukkit.PerMaterialTest" time="0"/>
  <testcase name="isEdible[314: INK_SACK]" classname="org.bukkit.PerMaterialTest" time="0"/>
  <testcase name="maxDurability[314: INK_SACK]" classname="org.bukkit.PerMaterialTest" time="0"/>
  <testcase name="usesDurability[314: INK_SACK]" classname="org.bukkit.PerMaterialTest" time="0"/>
  <testcase name="isOccluding[314: INK_SACK]" classname="org.bukkit.PerMaterialTest" time="0"/>
  <testcase name="isRecord[314: INK_SACK]" classname="org.bukkit.PerMaterialTest" time="0"/>
  <testcase name="isFlammable[314: INK_SACK]" classname="org.bukkit.PerMaterialTest" time="0"/>
  <testcase name="maxStackSize[314: INK_SACK]" classname="org.bukkit.PerMaterialTest" time="0"/>
  <testcase name="isTransparent[314: INK_SACK]" classname="org.bukkit.PerMaterialTest" time="0.001"/>
  <testcase name="isSolid[314: INK_SACK]" classname="org.bukkit.PerMaterialTest" time="0"/>
  <testcase name="hasGravity[315: BONE]" classname="org.bukkit.PerMaterialTest" time="0"/>
  <testcase name="isBurnable[315: BONE]" classname="org.bukkit.PerMaterialTest" time="0"/>
  <testcase name="isEdible[315: BONE]" classname="org.bukkit.PerMaterialTest" time="0"/>
  <testcase name="maxDurability[315: BONE]" classname="org.bukkit.PerMaterialTest" time="0"/>
  <testcase name="usesDurability[315: BONE]" classname="org.bukkit.PerMaterialTest" time="0"/>
  <testcase name="isOccluding[315: BONE]" classname="org.bukkit.PerMaterialTest" time="0"/>
  <testcase name="isRecord[315: BONE]" classname="org.bukkit.PerMaterialTest" time="0"/>
  <testcase name="isFlammable[315: BONE]" classname="org.bukkit.PerMaterialTest" time="0"/>
  <testcase name="maxStackSize[315: BONE]" classname="org.bukkit.PerMaterialTest" time="0"/>
  <testcase name="isTransparent[315: BONE]" classname="org.bukkit.PerMaterialTest" time="0"/>
  <testcase name="isSolid[315: BONE]" classname="org.bukkit.PerMaterialTest" time="0"/>
  <testcase name="hasGravity[316: SUGAR]" classname="org.bukkit.PerMaterialTest" time="0"/>
  <testcase name="isBurnable[316: SUGAR]" classname="org.bukkit.PerMaterialTest" time="0"/>
  <testcase name="isEdible[316: SUGAR]" classname="org.bukkit.PerMaterialTest" time="0"/>
  <testcase name="maxDurability[316: SUGAR]" classname="org.bukkit.PerMaterialTest" time="0"/>
  <testcase name="usesDurability[316: SUGAR]" classname="org.bukkit.PerMaterialTest" time="0"/>
  <testcase name="isOccluding[316: SUGAR]" classname="org.bukkit.PerMaterialTest" time="0"/>
  <testcase name="isRecord[316: SUGAR]" classname="org.bukkit.PerMaterialTest" time="0"/>
  <testcase name="isFlammable[316: SUGAR]" classname="org.bukkit.PerMaterialTest" time="0"/>
  <testcase name="maxStackSize[316: SUGAR]" classname="org.bukkit.PerMaterialTest" time="0"/>
  <testcase name="isTransparent[316: SUGAR]" classname="org.bukkit.PerMaterialTest" time="0"/>
  <testcase name="isSolid[316: SUGAR]" classname="org.bukkit.PerMaterialTest" time="0"/>
  <testcase name="hasGravity[317: CAKE]" classname="org.bukkit.PerMaterialTest" time="0"/>
  <testcase name="isBurnable[317: CAKE]" classname="org.bukkit.PerMaterialTest" time="0"/>
  <testcase name="isEdible[317: CAKE]" classname="org.bukkit.PerMaterialTest" time="0"/>
  <testcase name="maxDurability[317: CAKE]" classname="org.bukkit.PerMaterialTest" time="0"/>
  <testcase name="usesDurability[317: CAKE]" classname="org.bukkit.PerMaterialTest" time="0"/>
  <testcase name="isOccluding[317: CAKE]" classname="org.bukkit.PerMaterialTest" time="0"/>
  <testcase name="isRecord[317: CAKE]" classname="org.bukkit.PerMaterialTest" time="0"/>
  <testcase name="isFlammable[317: CAKE]" classname="org.bukkit.PerMaterialTest" time="0"/>
  <testcase name="maxStackSize[317: CAKE]" classname="org.bukkit.PerMaterialTest" time="0"/>
  <testcase name="isTransparent[317: CAKE]" classname="org.bukkit.PerMaterialTest" time="0"/>
  <testcase name="isSolid[317: CAKE]" classname="org.bukkit.PerMaterialTest" time="0"/>
  <testcase name="hasGravity[318: BED]" classname="org.bukkit.PerMaterialTest" time="0"/>
  <testcase name="isBurnable[318: BED]" classname="org.bukkit.PerMaterialTest" time="0"/>
  <testcase name="isEdible[318: BED]" classname="org.bukkit.PerMaterialTest" time="0"/>
  <testcase name="maxDurability[318: BED]" classname="org.bukkit.PerMaterialTest" time="0"/>
  <testcase name="usesDurability[318: BED]" classname="org.bukkit.PerMaterialTest" time="0"/>
  <testcase name="isOccluding[318: BED]" classname="org.bukkit.PerMaterialTest" time="0"/>
  <testcase name="isRecord[318: BED]" classname="org.bukkit.PerMaterialTest" time="0"/>
  <testcase name="isFlammable[318: BED]" classname="org.bukkit.PerMaterialTest" time="0"/>
  <testcase name="maxStackSize[318: BED]" classname="org.bukkit.PerMaterialTest" time="0"/>
  <testcase name="isTransparent[318: BED]" classname="org.bukkit.PerMaterialTest" time="0"/>
  <testcase name="isSolid[318: BED]" classname="org.bukkit.PerMaterialTest" time="0"/>
  <testcase name="hasGravity[319: DIODE]" classname="org.bukkit.PerMaterialTest" time="0"/>
  <testcase name="isBurnable[319: DIODE]" classname="org.bukkit.PerMaterialTest" time="0"/>
  <testcase name="isEdible[319: DIODE]" classname="org.bukkit.PerMaterialTest" time="0"/>
  <testcase name="maxDurability[319: DIODE]" classname="org.bukkit.PerMaterialTest" time="0"/>
  <testcase name="usesDurability[319: DIODE]" classname="org.bukkit.PerMaterialTest" time="0"/>
  <testcase name="isOccluding[319: DIODE]" classname="org.bukkit.PerMaterialTest" time="0"/>
  <testcase name="isRecord[319: DIODE]" classname="org.bukkit.PerMaterialTest" time="0"/>
  <testcase name="isFlammable[319: DIODE]" classname="org.bukkit.PerMaterialTest" time="0"/>
  <testcase name="maxStackSize[319: DIODE]" classname="org.bukkit.PerMaterialTest" time="0"/>
  <testcase name="isTransparent[319: DIODE]" classname="org.bukkit.PerMaterialTest" time="0"/>
  <testcase name="isSolid[319: DIODE]" classname="org.bukkit.PerMaterialTest" time="0"/>
  <testcase name="hasGravity[320: COOKIE]" classname="org.bukkit.PerMaterialTest" time="0"/>
  <testcase name="isBurnable[320: COOKIE]" classname="org.bukkit.PerMaterialTest" time="0"/>
  <testcase name="isEdible[320: COOKIE]" classname="org.bukkit.PerMaterialTest" time="0"/>
  <testcase name="maxDurability[320: COOKIE]" classname="org.bukkit.PerMaterialTest" time="0"/>
  <testcase name="usesDurability[320: COOKIE]" classname="org.bukkit.PerMaterialTest" time="0"/>
  <testcase name="isOccluding[320: COOKIE]" classname="org.bukkit.PerMaterialTest" time="0"/>
  <testcase name="isRecord[320: COOKIE]" classname="org.bukkit.PerMaterialTest" time="0"/>
  <testcase name="isFlammable[320: COOKIE]" classname="org.bukkit.PerMaterialTest" time="0"/>
  <testcase name="maxStackSize[320: COOKIE]" classname="org.bukkit.PerMaterialTest" time="0"/>
  <testcase name="isTransparent[320: COOKIE]" classname="org.bukkit.PerMaterialTest" time="0"/>
  <testcase name="isSolid[320: COOKIE]" classname="org.bukkit.PerMaterialTest" time="0"/>
  <testcase name="hasGravity[321: MAP]" classname="org.bukkit.PerMaterialTest" time="0"/>
  <testcase name="isBurnable[321: MAP]" classname="org.bukkit.PerMaterialTest" time="0"/>
  <testcase name="isEdible[321: MAP]" classname="org.bukkit.PerMaterialTest" time="0"/>
  <testcase name="maxDurability[321: MAP]" classname="org.bukkit.PerMaterialTest" time="0"/>
  <testcase name="usesDurability[321: MAP]" classname="org.bukkit.PerMaterialTest" time="0"/>
  <testcase name="isOccluding[321: MAP]" classname="org.bukkit.PerMaterialTest" time="0"/>
  <testcase name="isRecord[321: MAP]" classname="org.bukkit.PerMaterialTest" time="0"/>
  <testcase name="isFlammable[321: MAP]" classname="org.bukkit.PerMaterialTest" time="0"/>
  <testcase name="maxStackSize[321: MAP]" classname="org.bukkit.PerMaterialTest" time="0"/>
  <testcase name="isTransparent[321: MAP]" classname="org.bukkit.PerMaterialTest" time="0"/>
  <testcase name="isSolid[321: MAP]" classname="org.bukkit.PerMaterialTest" time="0"/>
  <testcase name="hasGravity[322: SHEARS]" classname="org.bukkit.PerMaterialTest" time="0"/>
  <testcase name="isBurnable[322: SHEARS]" classname="org.bukkit.PerMaterialTest" time="0"/>
  <testcase name="isEdible[322: SHEARS]" classname="org.bukkit.PerMaterialTest" time="0"/>
  <testcase name="maxDurability[322: SHEARS]" classname="org.bukkit.PerMaterialTest" time="0"/>
  <testcase name="usesDurability[322: SHEARS]" classname="org.bukkit.PerMaterialTest" time="0"/>
  <testcase name="isOccluding[322: SHEARS]" classname="org.bukkit.PerMaterialTest" time="0"/>
  <testcase name="isRecord[322: SHEARS]" classname="org.bukkit.PerMaterialTest" time="0"/>
  <testcase name="isFlammable[322: SHEARS]" classname="org.bukkit.PerMaterialTest" time="0"/>
  <testcase name="maxStackSize[322: SHEARS]" classname="org.bukkit.PerMaterialTest" time="0"/>
  <testcase name="isTransparent[322: SHEARS]" classname="org.bukkit.PerMaterialTest" time="0"/>
  <testcase name="isSolid[322: SHEARS]" classname="org.bukkit.PerMaterialTest" time="0"/>
  <testcase name="hasGravity[323: MELON]" classname="org.bukkit.PerMaterialTest" time="0"/>
  <testcase name="isBurnable[323: MELON]" classname="org.bukkit.PerMaterialTest" time="0"/>
  <testcase name="isEdible[323: MELON]" classname="org.bukkit.PerMaterialTest" time="0"/>
  <testcase name="maxDurability[323: MELON]" classname="org.bukkit.PerMaterialTest" time="0"/>
  <testcase name="usesDurability[323: MELON]" classname="org.bukkit.PerMaterialTest" time="0"/>
  <testcase name="isOccluding[323: MELON]" classname="org.bukkit.PerMaterialTest" time="0"/>
  <testcase name="isRecord[323: MELON]" classname="org.bukkit.PerMaterialTest" time="0"/>
  <testcase name="isFlammable[323: MELON]" classname="org.bukkit.PerMaterialTest" time="0"/>
  <testcase name="maxStackSize[323: MELON]" classname="org.bukkit.PerMaterialTest" time="0"/>
  <testcase name="isTransparent[323: MELON]" classname="org.bukkit.PerMaterialTest" time="0"/>
  <testcase name="isSolid[323: MELON]" classname="org.bukkit.PerMaterialTest" time="0"/>
  <testcase name="hasGravity[324: PUMPKIN_SEEDS]" classname="org.bukkit.PerMaterialTest" time="0"/>
  <testcase name="isBurnable[324: PUMPKIN_SEEDS]" classname="org.bukkit.PerMaterialTest" time="0"/>
  <testcase name="isEdible[324: PUMPKIN_SEEDS]" classname="org.bukkit.PerMaterialTest" time="0"/>
  <testcase name="maxDurability[324: PUMPKIN_SEEDS]" classname="org.bukkit.PerMaterialTest" time="0"/>
  <testcase name="usesDurability[324: PUMPKIN_SEEDS]" classname="org.bukkit.PerMaterialTest" time="0"/>
  <testcase name="isOccluding[324: PUMPKIN_SEEDS]" classname="org.bukkit.PerMaterialTest" time="0"/>
  <testcase name="isRecord[324: PUMPKIN_SEEDS]" classname="org.bukkit.PerMaterialTest" time="0"/>
  <testcase name="isFlammable[324: PUMPKIN_SEEDS]" classname="org.bukkit.PerMaterialTest" time="0"/>
  <testcase name="maxStackSize[324: PUMPKIN_SEEDS]" classname="org.bukkit.PerMaterialTest" time="0"/>
  <testcase name="isTransparent[324: PUMPKIN_SEEDS]" classname="org.bukkit.PerMaterialTest" time="0"/>
  <testcase name="isSolid[324: PUMPKIN_SEEDS]" classname="org.bukkit.PerMaterialTest" time="0"/>
  <testcase name="hasGravity[325: MELON_SEEDS]" classname="org.bukkit.PerMaterialTest" time="0"/>
  <testcase name="isBurnable[325: MELON_SEEDS]" classname="org.bukkit.PerMaterialTest" time="0"/>
  <testcase name="isEdible[325: MELON_SEEDS]" classname="org.bukkit.PerMaterialTest" time="0"/>
  <testcase name="maxDurability[325: MELON_SEEDS]" classname="org.bukkit.PerMaterialTest" time="0"/>
  <testcase name="usesDurability[325: MELON_SEEDS]" classname="org.bukkit.PerMaterialTest" time="0"/>
  <testcase name="isOccluding[325: MELON_SEEDS]" classname="org.bukkit.PerMaterialTest" time="0"/>
  <testcase name="isRecord[325: MELON_SEEDS]" classname="org.bukkit.PerMaterialTest" time="0"/>
  <testcase name="isFlammable[325: MELON_SEEDS]" classname="org.bukkit.PerMaterialTest" time="0"/>
  <testcase name="maxStackSize[325: MELON_SEEDS]" classname="org.bukkit.PerMaterialTest" time="0"/>
  <testcase name="isTransparent[325: MELON_SEEDS]" classname="org.bukkit.PerMaterialTest" time="0"/>
  <testcase name="isSolid[325: MELON_SEEDS]" classname="org.bukkit.PerMaterialTest" time="0"/>
  <testcase name="hasGravity[326: RAW_BEEF]" classname="org.bukkit.PerMaterialTest" time="0"/>
  <testcase name="isBurnable[326: RAW_BEEF]" classname="org.bukkit.PerMaterialTest" time="0"/>
  <testcase name="isEdible[326: RAW_BEEF]" classname="org.bukkit.PerMaterialTest" time="0"/>
  <testcase name="maxDurability[326: RAW_BEEF]" classname="org.bukkit.PerMaterialTest" time="0"/>
  <testcase name="usesDurability[326: RAW_BEEF]" classname="org.bukkit.PerMaterialTest" time="0"/>
  <testcase name="isOccluding[326: RAW_BEEF]" classname="org.bukkit.PerMaterialTest" time="0"/>
  <testcase name="isRecord[326: RAW_BEEF]" classname="org.bukkit.PerMaterialTest" time="0"/>
  <testcase name="isFlammable[326: RAW_BEEF]" classname="org.bukkit.PerMaterialTest" time="0"/>
  <testcase name="maxStackSize[326: RAW_BEEF]" classname="org.bukkit.PerMaterialTest" time="0"/>
  <testcase name="isTransparent[326: RAW_BEEF]" classname="org.bukkit.PerMaterialTest" time="0"/>
  <testcase name="isSolid[326: RAW_BEEF]" classname="org.bukkit.PerMaterialTest" time="0"/>
  <testcase name="hasGravity[327: COOKED_BEEF]" classname="org.bukkit.PerMaterialTest" time="0"/>
  <testcase name="isBurnable[327: COOKED_BEEF]" classname="org.bukkit.PerMaterialTest" time="0"/>
  <testcase name="isEdible[327: COOKED_BEEF]" classname="org.bukkit.PerMaterialTest" time="0"/>
  <testcase name="maxDurability[327: COOKED_BEEF]" classname="org.bukkit.PerMaterialTest" time="0"/>
  <testcase name="usesDurability[327: COOKED_BEEF]" classname="org.bukkit.PerMaterialTest" time="0"/>
  <testcase name="isOccluding[327: COOKED_BEEF]" classname="org.bukkit.PerMaterialTest" time="0"/>
  <testcase name="isRecord[327: COOKED_BEEF]" classname="org.bukkit.PerMaterialTest" time="0"/>
  <testcase name="isFlammable[327: COOKED_BEEF]" classname="org.bukkit.PerMaterialTest" time="0"/>
  <testcase name="maxStackSize[327: COOKED_BEEF]" classname="org.bukkit.PerMaterialTest" time="0"/>
  <testcase name="isTransparent[327: COOKED_BEEF]" classname="org.bukkit.PerMaterialTest" time="0"/>
  <testcase name="isSolid[327: COOKED_BEEF]" classname="org.bukkit.PerMaterialTest" time="0"/>
  <testcase name="hasGravity[328: RAW_CHICKEN]" classname="org.bukkit.PerMaterialTest" time="0"/>
  <testcase name="isBurnable[328: RAW_CHICKEN]" classname="org.bukkit.PerMaterialTest" time="0"/>
  <testcase name="isEdible[328: RAW_CHICKEN]" classname="org.bukkit.PerMaterialTest" time="0"/>
  <testcase name="maxDurability[328: RAW_CHICKEN]" classname="org.bukkit.PerMaterialTest" time="0"/>
  <testcase name="usesDurability[328: RAW_CHICKEN]" classname="org.bukkit.PerMaterialTest" time="0"/>
  <testcase name="isOccluding[328: RAW_CHICKEN]" classname="org.bukkit.PerMaterialTest" time="0"/>
  <testcase name="isRecord[328: RAW_CHICKEN]" classname="org.bukkit.PerMaterialTest" time="0"/>
  <testcase name="isFlammable[328: RAW_CHICKEN]" classname="org.bukkit.PerMaterialTest" time="0"/>
  <testcase name="maxStackSize[328: RAW_CHICKEN]" classname="org.bukkit.PerMaterialTest" time="0"/>
  <testcase name="isTransparent[328: RAW_CHICKEN]" classname="org.bukkit.PerMaterialTest" time="0"/>
  <testcase name="isSolid[328: RAW_CHICKEN]" classname="org.bukkit.PerMaterialTest" time="0"/>
  <testcase name="hasGravity[329: COOKED_CHICKEN]" classname="org.bukkit.PerMaterialTest" time="0"/>
  <testcase name="isBurnable[329: COOKED_CHICKEN]" classname="org.bukkit.PerMaterialTest" time="0"/>
  <testcase name="isEdible[329: COOKED_CHICKEN]" classname="org.bukkit.PerMaterialTest" time="0"/>
  <testcase name="maxDurability[329: COOKED_CHICKEN]" classname="org.bukkit.PerMaterialTest" time="0"/>
  <testcase name="usesDurability[329: COOKED_CHICKEN]" classname="org.bukkit.PerMaterialTest" time="0"/>
  <testcase name="isOccluding[329: COOKED_CHICKEN]" classname="org.bukkit.PerMaterialTest" time="0"/>
  <testcase name="isRecord[329: COOKED_CHICKEN]" classname="org.bukkit.PerMaterialTest" time="0.001"/>
  <testcase name="isFlammable[329: COOKED_CHICKEN]" classname="org.bukkit.PerMaterialTest" time="0"/>
  <testcase name="maxStackSize[329: COOKED_CHICKEN]" classname="org.bukkit.PerMaterialTest" time="0"/>
  <testcase name="isTransparent[329: COOKED_CHICKEN]" classname="org.bukkit.PerMaterialTest" time="0"/>
  <testcase name="isSolid[329: COOKED_CHICKEN]" classname="org.bukkit.PerMaterialTest" time="0"/>
  <testcase name="hasGravity[330: ROTTEN_FLESH]" classname="org.bukkit.PerMaterialTest" time="0"/>
  <testcase name="isBurnable[330: ROTTEN_FLESH]" classname="org.bukkit.PerMaterialTest" time="0"/>
  <testcase name="isEdible[330: ROTTEN_FLESH]" classname="org.bukkit.PerMaterialTest" time="0"/>
  <testcase name="maxDurability[330: ROTTEN_FLESH]" classname="org.bukkit.PerMaterialTest" time="0"/>
  <testcase name="usesDurability[330: ROTTEN_FLESH]" classname="org.bukkit.PerMaterialTest" time="0"/>
  <testcase name="isOccluding[330: ROTTEN_FLESH]" classname="org.bukkit.PerMaterialTest" time="0"/>
  <testcase name="isRecord[330: ROTTEN_FLESH]" classname="org.bukkit.PerMaterialTest" time="0"/>
  <testcase name="isFlammable[330: ROTTEN_FLESH]" classname="org.bukkit.PerMaterialTest" time="0"/>
  <testcase name="maxStackSize[330: ROTTEN_FLESH]" classname="org.bukkit.PerMaterialTest" time="0"/>
  <testcase name="isTransparent[330: ROTTEN_FLESH]" classname="org.bukkit.PerMaterialTest" time="0"/>
  <testcase name="isSolid[330: ROTTEN_FLESH]" classname="org.bukkit.PerMaterialTest" time="0"/>
  <testcase name="hasGravity[331: ENDER_PEARL]" classname="org.bukkit.PerMaterialTest" time="0"/>
  <testcase name="isBurnable[331: ENDER_PEARL]" classname="org.bukkit.PerMaterialTest" time="0"/>
  <testcase name="isEdible[331: ENDER_PEARL]" classname="org.bukkit.PerMaterialTest" time="0"/>
  <testcase name="maxDurability[331: ENDER_PEARL]" classname="org.bukkit.PerMaterialTest" time="0"/>
  <testcase name="usesDurability[331: ENDER_PEARL]" classname="org.bukkit.PerMaterialTest" time="0"/>
  <testcase name="isOccluding[331: ENDER_PEARL]" classname="org.bukkit.PerMaterialTest" time="0.001"/>
  <testcase name="isRecord[331: ENDER_PEARL]" classname="org.bukkit.PerMaterialTest" time="0"/>
  <testcase name="isFlammable[331: ENDER_PEARL]" classname="org.bukkit.PerMaterialTest" time="0"/>
  <testcase name="maxStackSize[331: ENDER_PEARL]" classname="org.bukkit.PerMaterialTest" time="0"/>
  <testcase name="isTransparent[331: ENDER_PEARL]" classname="org.bukkit.PerMaterialTest" time="0"/>
  <testcase name="isSolid[331: ENDER_PEARL]" classname="org.bukkit.PerMaterialTest" time="0"/>
  <testcase name="hasGravity[332: BLAZE_ROD]" classname="org.bukkit.PerMaterialTest" time="0"/>
  <testcase name="isBurnable[332: BLAZE_ROD]" classname="org.bukkit.PerMaterialTest" time="0"/>
  <testcase name="isEdible[332: BLAZE_ROD]" classname="org.bukkit.PerMaterialTest" time="0"/>
  <testcase name="maxDurability[332: BLAZE_ROD]" classname="org.bukkit.PerMaterialTest" time="0"/>
  <testcase name="usesDurability[332: BLAZE_ROD]" classname="org.bukkit.PerMaterialTest" time="0"/>
  <testcase name="isOccluding[332: BLAZE_ROD]" classname="org.bukkit.PerMaterialTest" time="0"/>
  <testcase name="isRecord[332: BLAZE_ROD]" classname="org.bukkit.PerMaterialTest" time="0"/>
  <testcase name="isFlammable[332: BLAZE_ROD]" classname="org.bukkit.PerMaterialTest" time="0"/>
  <testcase name="maxStackSize[332: BLAZE_ROD]" classname="org.bukkit.PerMaterialTest" time="0"/>
  <testcase name="isTransparent[332: BLAZE_ROD]" classname="org.bukkit.PerMaterialTest" time="0"/>
  <testcase name="isSolid[332: BLAZE_ROD]" classname="org.bukkit.PerMaterialTest" time="0"/>
  <testcase name="hasGravity[333: GHAST_TEAR]" classname="org.bukkit.PerMaterialTest" time="0"/>
  <testcase name="isBurnable[333: GHAST_TEAR]" classname="org.bukkit.PerMaterialTest" time="0"/>
  <testcase name="isEdible[333: GHAST_TEAR]" classname="org.bukkit.PerMaterialTest" time="0"/>
  <testcase name="maxDurability[333: GHAST_TEAR]" classname="org.bukkit.PerMaterialTest" time="0.001"/>
  <testcase name="usesDurability[333: GHAST_TEAR]" classname="org.bukkit.PerMaterialTest" time="0"/>
  <testcase name="isOccluding[333: GHAST_TEAR]" classname="org.bukkit.PerMaterialTest" time="0"/>
  <testcase name="isRecord[333: GHAST_TEAR]" classname="org.bukkit.PerMaterialTest" time="0"/>
  <testcase name="isFlammable[333: GHAST_TEAR]" classname="org.bukkit.PerMaterialTest" time="0"/>
  <testcase name="maxStackSize[333: GHAST_TEAR]" classname="org.bukkit.PerMaterialTest" time="0"/>
  <testcase name="isTransparent[333: GHAST_TEAR]" classname="org.bukkit.PerMaterialTest" time="0"/>
  <testcase name="isSolid[333: GHAST_TEAR]" classname="org.bukkit.PerMaterialTest" time="0"/>
  <testcase name="hasGravity[334: GOLD_NUGGET]" classname="org.bukkit.PerMaterialTest" time="0"/>
  <testcase name="isBurnable[334: GOLD_NUGGET]" classname="org.bukkit.PerMaterialTest" time="0"/>
  <testcase name="isEdible[334: GOLD_NUGGET]" classname="org.bukkit.PerMaterialTest" time="0"/>
  <testcase name="maxDurability[334: GOLD_NUGGET]" classname="org.bukkit.PerMaterialTest" time="0"/>
  <testcase name="usesDurability[334: GOLD_NUGGET]" classname="org.bukkit.PerMaterialTest" time="0"/>
  <testcase name="isOccluding[334: GOLD_NUGGET]" classname="org.bukkit.PerMaterialTest" time="0"/>
  <testcase name="isRecord[334: GOLD_NUGGET]" classname="org.bukkit.PerMaterialTest" time="0"/>
  <testcase name="isFlammable[334: GOLD_NUGGET]" classname="org.bukkit.PerMaterialTest" time="0"/>
  <testcase name="maxStackSize[334: GOLD_NUGGET]" classname="org.bukkit.PerMaterialTest" time="0.001"/>
  <testcase name="isTransparent[334: GOLD_NUGGET]" classname="org.bukkit.PerMaterialTest" time="0"/>
  <testcase name="isSolid[334: GOLD_NUGGET]" classname="org.bukkit.PerMaterialTest" time="0"/>
  <testcase name="hasGravity[335: NETHER_STALK]" classname="org.bukkit.PerMaterialTest" time="0"/>
  <testcase name="isBurnable[335: NETHER_STALK]" classname="org.bukkit.PerMaterialTest" time="0"/>
  <testcase name="isEdible[335: NETHER_STALK]" classname="org.bukkit.PerMaterialTest" time="0"/>
  <testcase name="maxDurability[335: NETHER_STALK]" classname="org.bukkit.PerMaterialTest" time="0"/>
  <testcase name="usesDurability[335: NETHER_STALK]" classname="org.bukkit.PerMaterialTest" time="0"/>
  <testcase name="isOccluding[335: NETHER_STALK]" classname="org.bukkit.PerMaterialTest" time="0"/>
  <testcase name="isRecord[335: NETHER_STALK]" classname="org.bukkit.PerMaterialTest" time="0"/>
  <testcase name="isFlammable[335: NETHER_STALK]" classname="org.bukkit.PerMaterialTest" time="0"/>
  <testcase name="maxStackSize[335: NETHER_STALK]" classname="org.bukkit.PerMaterialTest" time="0"/>
  <testcase name="isTransparent[335: NETHER_STALK]" classname="org.bukkit.PerMaterialTest" time="0"/>
  <testcase name="isSolid[335: NETHER_STALK]" classname="org.bukkit.PerMaterialTest" time="0.001"/>
  <testcase name="hasGravity[336: POTION]" classname="org.bukkit.PerMaterialTest" time="0"/>
  <testcase name="isBurnable[336: POTION]" classname="org.bukkit.PerMaterialTest" time="0"/>
  <testcase name="isEdible[336: POTION]" classname="org.bukkit.PerMaterialTest" time="0"/>
  <testcase name="maxDurability[336: POTION]" classname="org.bukkit.PerMaterialTest" time="0"/>
  <testcase name="usesDurability[336: POTION]" classname="org.bukkit.PerMaterialTest" time="0"/>
  <testcase name="isOccluding[336: POTION]" classname="org.bukkit.PerMaterialTest" time="0"/>
  <testcase name="isRecord[336: POTION]" classname="org.bukkit.PerMaterialTest" time="0"/>
  <testcase name="isFlammable[336: POTION]" classname="org.bukkit.PerMaterialTest" time="0"/>
  <testcase name="maxStackSize[336: POTION]" classname="org.bukkit.PerMaterialTest" time="0"/>
  <testcase name="isTransparent[336: POTION]" classname="org.bukkit.PerMaterialTest" time="0"/>
  <testcase name="isSolid[336: POTION]" classname="org.bukkit.PerMaterialTest" time="0"/>
  <testcase name="hasGravity[337: GLASS_BOTTLE]" classname="org.bukkit.PerMaterialTest" time="0"/>
  <testcase name="isBurnable[337: GLASS_BOTTLE]" classname="org.bukkit.PerMaterialTest" time="0"/>
  <testcase name="isEdible[337: GLASS_BOTTLE]" classname="org.bukkit.PerMaterialTest" time="0"/>
  <testcase name="maxDurability[337: GLASS_BOTTLE]" classname="org.bukkit.PerMaterialTest" time="0"/>
  <testcase name="usesDurability[337: GLASS_BOTTLE]" classname="org.bukkit.PerMaterialTest" time="0"/>
  <testcase name="isOccluding[337: GLASS_BOTTLE]" classname="org.bukkit.PerMaterialTest" time="0"/>
  <testcase name="isRecord[337: GLASS_BOTTLE]" classname="org.bukkit.PerMaterialTest" time="0"/>
  <testcase name="isFlammable[337: GLASS_BOTTLE]" classname="org.bukkit.PerMaterialTest" time="0"/>
  <testcase name="maxStackSize[337: GLASS_BOTTLE]" classname="org.bukkit.PerMaterialTest" time="0"/>
  <testcase name="isTransparent[337: GLASS_BOTTLE]" classname="org.bukkit.PerMaterialTest" time="0"/>
  <testcase name="isSolid[337: GLASS_BOTTLE]" classname="org.bukkit.PerMaterialTest" time="0"/>
  <testcase name="hasGravity[338: SPIDER_EYE]" classname="org.bukkit.PerMaterialTest" time="0"/>
  <testcase name="isBurnable[338: SPIDER_EYE]" classname="org.bukkit.PerMaterialTest" time="0"/>
  <testcase name="isEdible[338: SPIDER_EYE]" classname="org.bukkit.PerMaterialTest" time="0"/>
  <testcase name="maxDurability[338: SPIDER_EYE]" classname="org.bukkit.PerMaterialTest" time="0"/>
  <testcase name="usesDurability[338: SPIDER_EYE]" classname="org.bukkit.PerMaterialTest" time="0"/>
  <testcase name="isOccluding[338: SPIDER_EYE]" classname="org.bukkit.PerMaterialTest" time="0"/>
  <testcase name="isRecord[338: SPIDER_EYE]" classname="org.bukkit.PerMaterialTest" time="0"/>
  <testcase name="isFlammable[338: SPIDER_EYE]" classname="org.bukkit.PerMaterialTest" time="0"/>
  <testcase name="maxStackSize[338: SPIDER_EYE]" classname="org.bukkit.PerMaterialTest" time="0"/>
  <testcase name="isTransparent[338: SPIDER_EYE]" classname="org.bukkit.PerMaterialTest" time="0"/>
  <testcase name="isSolid[338: SPIDER_EYE]" classname="org.bukkit.PerMaterialTest" time="0"/>
  <testcase name="hasGravity[339: FERMENTED_SPIDER_EYE]" classname="org.bukkit.PerMaterialTest" time="0"/>
  <testcase name="isBurnable[339: FERMENTED_SPIDER_EYE]" classname="org.bukkit.PerMaterialTest" time="0"/>
  <testcase name="isEdible[339: FERMENTED_SPIDER_EYE]" classname="org.bukkit.PerMaterialTest" time="0"/>
  <testcase name="maxDurability[339: FERMENTED_SPIDER_EYE]" classname="org.bukkit.PerMaterialTest" time="0"/>
  <testcase name="usesDurability[339: FERMENTED_SPIDER_EYE]" classname="org.bukkit.PerMaterialTest" time="0"/>
  <testcase name="isOccluding[339: FERMENTED_SPIDER_EYE]" classname="org.bukkit.PerMaterialTest" time="0"/>
  <testcase name="isRecord[339: FERMENTED_SPIDER_EYE]" classname="org.bukkit.PerMaterialTest" time="0"/>
  <testcase name="isFlammable[339: FERMENTED_SPIDER_EYE]" classname="org.bukkit.PerMaterialTest" time="0"/>
  <testcase name="maxStackSize[339: FERMENTED_SPIDER_EYE]" classname="org.bukkit.PerMaterialTest" time="0"/>
  <testcase name="isTransparent[339: FERMENTED_SPIDER_EYE]" classname="org.bukkit.PerMaterialTest" time="0"/>
  <testcase name="isSolid[339: FERMENTED_SPIDER_EYE]" classname="org.bukkit.PerMaterialTest" time="0"/>
  <testcase name="hasGravity[340: BLAZE_POWDER]" classname="org.bukkit.PerMaterialTest" time="0"/>
  <testcase name="isBurnable[340: BLAZE_POWDER]" classname="org.bukkit.PerMaterialTest" time="0"/>
  <testcase name="isEdible[340: BLAZE_POWDER]" classname="org.bukkit.PerMaterialTest" time="0"/>
  <testcase name="maxDurability[340: BLAZE_POWDER]" classname="org.bukkit.PerMaterialTest" time="0"/>
  <testcase name="usesDurability[340: BLAZE_POWDER]" classname="org.bukkit.PerMaterialTest" time="0"/>
  <testcase name="isOccluding[340: BLAZE_POWDER]" classname="org.bukkit.PerMaterialTest" time="0"/>
  <testcase name="isRecord[340: BLAZE_POWDER]" classname="org.bukkit.PerMaterialTest" time="0"/>
  <testcase name="isFlammable[340: BLAZE_POWDER]" classname="org.bukkit.PerMaterialTest" time="0"/>
  <testcase name="maxStackSize[340: BLAZE_POWDER]" classname="org.bukkit.PerMaterialTest" time="0"/>
  <testcase name="isTransparent[340: BLAZE_POWDER]" classname="org.bukkit.PerMaterialTest" time="0"/>
  <testcase name="isSolid[340: BLAZE_POWDER]" classname="org.bukkit.PerMaterialTest" time="0"/>
  <testcase name="hasGravity[341: MAGMA_CREAM]" classname="org.bukkit.PerMaterialTest" time="0"/>
  <testcase name="isBurnable[341: MAGMA_CREAM]" classname="org.bukkit.PerMaterialTest" time="0"/>
  <testcase name="isEdible[341: MAGMA_CREAM]" classname="org.bukkit.PerMaterialTest" time="0"/>
  <testcase name="maxDurability[341: MAGMA_CREAM]" classname="org.bukkit.PerMaterialTest" time="0"/>
  <testcase name="usesDurability[341: MAGMA_CREAM]" classname="org.bukkit.PerMaterialTest" time="0"/>
  <testcase name="isOccluding[341: MAGMA_CREAM]" classname="org.bukkit.PerMaterialTest" time="0"/>
  <testcase name="isRecord[341: MAGMA_CREAM]" classname="org.bukkit.PerMaterialTest" time="0"/>
  <testcase name="isFlammable[341: MAGMA_CREAM]" classname="org.bukkit.PerMaterialTest" time="0"/>
  <testcase name="maxStackSize[341: MAGMA_CREAM]" classname="org.bukkit.PerMaterialTest" time="0"/>
  <testcase name="isTransparent[341: MAGMA_CREAM]" classname="org.bukkit.PerMaterialTest" time="0"/>
  <testcase name="isSolid[341: MAGMA_CREAM]" classname="org.bukkit.PerMaterialTest" time="0"/>
  <testcase name="hasGravity[342: BREWING_STAND_ITEM]" classname="org.bukkit.PerMaterialTest" time="0"/>
  <testcase name="isBurnable[342: BREWING_STAND_ITEM]" classname="org.bukkit.PerMaterialTest" time="0"/>
  <testcase name="isEdible[342: BREWING_STAND_ITEM]" classname="org.bukkit.PerMaterialTest" time="0"/>
  <testcase name="maxDurability[342: BREWING_STAND_ITEM]" classname="org.bukkit.PerMaterialTest" time="0"/>
  <testcase name="usesDurability[342: BREWING_STAND_ITEM]" classname="org.bukkit.PerMaterialTest" time="0"/>
  <testcase name="isOccluding[342: BREWING_STAND_ITEM]" classname="org.bukkit.PerMaterialTest" time="0"/>
  <testcase name="isRecord[342: BREWING_STAND_ITEM]" classname="org.bukkit.PerMaterialTest" time="0"/>
  <testcase name="isFlammable[342: BREWING_STAND_ITEM]" classname="org.bukkit.PerMaterialTest" time="0"/>
  <testcase name="maxStackSize[342: BREWING_STAND_ITEM]" classname="org.bukkit.PerMaterialTest" time="0"/>
  <testcase name="isTransparent[342: BREWING_STAND_ITEM]" classname="org.bukkit.PerMaterialTest" time="0"/>
  <testcase name="isSolid[342: BREWING_STAND_ITEM]" classname="org.bukkit.PerMaterialTest" time="0"/>
  <testcase name="hasGravity[343: CAULDRON_ITEM]" classname="org.bukkit.PerMaterialTest" time="0"/>
  <testcase name="isBurnable[343: CAULDRON_ITEM]" classname="org.bukkit.PerMaterialTest" time="0"/>
  <testcase name="isEdible[343: CAULDRON_ITEM]" classname="org.bukkit.PerMaterialTest" time="0"/>
  <testcase name="maxDurability[343: CAULDRON_ITEM]" classname="org.bukkit.PerMaterialTest" time="0"/>
  <testcase name="usesDurability[343: CAULDRON_ITEM]" classname="org.bukkit.PerMaterialTest" time="0"/>
  <testcase name="isOccluding[343: CAULDRON_ITEM]" classname="org.bukkit.PerMaterialTest" time="0"/>
  <testcase name="isRecord[343: CAULDRON_ITEM]" classname="org.bukkit.PerMaterialTest" time="0"/>
  <testcase name="isFlammable[343: CAULDRON_ITEM]" classname="org.bukkit.PerMaterialTest" time="0"/>
  <testcase name="maxStackSize[343: CAULDRON_ITEM]" classname="org.bukkit.PerMaterialTest" time="0"/>
  <testcase name="isTransparent[343: CAULDRON_ITEM]" classname="org.bukkit.PerMaterialTest" time="0"/>
  <testcase name="isSolid[343: CAULDRON_ITEM]" classname="org.bukkit.PerMaterialTest" time="0"/>
  <testcase name="hasGravity[344: EYE_OF_ENDER]" classname="org.bukkit.PerMaterialTest" time="0"/>
  <testcase name="isBurnable[344: EYE_OF_ENDER]" classname="org.bukkit.PerMaterialTest" time="0"/>
  <testcase name="isEdible[344: EYE_OF_ENDER]" classname="org.bukkit.PerMaterialTest" time="0"/>
  <testcase name="maxDurability[344: EYE_OF_ENDER]" classname="org.bukkit.PerMaterialTest" time="0"/>
  <testcase name="usesDurability[344: EYE_OF_ENDER]" classname="org.bukkit.PerMaterialTest" time="0"/>
  <testcase name="isOccluding[344: EYE_OF_ENDER]" classname="org.bukkit.PerMaterialTest" time="0"/>
  <testcase name="isRecord[344: EYE_OF_ENDER]" classname="org.bukkit.PerMaterialTest" time="0"/>
  <testcase name="isFlammable[344: EYE_OF_ENDER]" classname="org.bukkit.PerMaterialTest" time="0"/>
  <testcase name="maxStackSize[344: EYE_OF_ENDER]" classname="org.bukkit.PerMaterialTest" time="0"/>
  <testcase name="isTransparent[344: EYE_OF_ENDER]" classname="org.bukkit.PerMaterialTest" time="0"/>
  <testcase name="isSolid[344: EYE_OF_ENDER]" classname="org.bukkit.PerMaterialTest" time="0"/>
  <testcase name="hasGravity[345: SPECKLED_MELON]" classname="org.bukkit.PerMaterialTest" time="0"/>
  <testcase name="isBurnable[345: SPECKLED_MELON]" classname="org.bukkit.PerMaterialTest" time="0"/>
  <testcase name="isEdible[345: SPECKLED_MELON]" classname="org.bukkit.PerMaterialTest" time="0"/>
  <testcase name="maxDurability[345: SPECKLED_MELON]" classname="org.bukkit.PerMaterialTest" time="0"/>
  <testcase name="usesDurability[345: SPECKLED_MELON]" classname="org.bukkit.PerMaterialTest" time="0"/>
  <testcase name="isOccluding[345: SPECKLED_MELON]" classname="org.bukkit.PerMaterialTest" time="0"/>
  <testcase name="isRecord[345: SPECKLED_MELON]" classname="org.bukkit.PerMaterialTest" time="0"/>
  <testcase name="isFlammable[345: SPECKLED_MELON]" classname="org.bukkit.PerMaterialTest" time="0"/>
  <testcase name="maxStackSize[345: SPECKLED_MELON]" classname="org.bukkit.PerMaterialTest" time="0"/>
  <testcase name="isTransparent[345: SPECKLED_MELON]" classname="org.bukkit.PerMaterialTest" time="0"/>
  <testcase name="isSolid[345: SPECKLED_MELON]" classname="org.bukkit.PerMaterialTest" time="0"/>
  <testcase name="hasGravity[346: MONSTER_EGG]" classname="org.bukkit.PerMaterialTest" time="0"/>
  <testcase name="isBurnable[346: MONSTER_EGG]" classname="org.bukkit.PerMaterialTest" time="0"/>
  <testcase name="isEdible[346: MONSTER_EGG]" classname="org.bukkit.PerMaterialTest" time="0"/>
  <testcase name="maxDurability[346: MONSTER_EGG]" classname="org.bukkit.PerMaterialTest" time="0"/>
  <testcase name="usesDurability[346: MONSTER_EGG]" classname="org.bukkit.PerMaterialTest" time="0"/>
  <testcase name="isOccluding[346: MONSTER_EGG]" classname="org.bukkit.PerMaterialTest" time="0"/>
  <testcase name="isRecord[346: MONSTER_EGG]" classname="org.bukkit.PerMaterialTest" time="0"/>
  <testcase name="isFlammable[346: MONSTER_EGG]" classname="org.bukkit.PerMaterialTest" time="0"/>
  <testcase name="maxStackSize[346: MONSTER_EGG]" classname="org.bukkit.PerMaterialTest" time="0"/>
  <testcase name="isTransparent[346: MONSTER_EGG]" classname="org.bukkit.PerMaterialTest" time="0"/>
  <testcase name="isSolid[346: MONSTER_EGG]" classname="org.bukkit.PerMaterialTest" time="0"/>
  <testcase name="hasGravity[347: EXP_BOTTLE]" classname="org.bukkit.PerMaterialTest" time="0"/>
  <testcase name="isBurnable[347: EXP_BOTTLE]" classname="org.bukkit.PerMaterialTest" time="0"/>
  <testcase name="isEdible[347: EXP_BOTTLE]" classname="org.bukkit.PerMaterialTest" time="0"/>
  <testcase name="maxDurability[347: EXP_BOTTLE]" classname="org.bukkit.PerMaterialTest" time="0"/>
  <testcase name="usesDurability[347: EXP_BOTTLE]" classname="org.bukkit.PerMaterialTest" time="0"/>
  <testcase name="isOccluding[347: EXP_BOTTLE]" classname="org.bukkit.PerMaterialTest" time="0"/>
  <testcase name="isRecord[347: EXP_BOTTLE]" classname="org.bukkit.PerMaterialTest" time="0"/>
  <testcase name="isFlammable[347: EXP_BOTTLE]" classname="org.bukkit.PerMaterialTest" time="0"/>
  <testcase name="maxStackSize[347: EXP_BOTTLE]" classname="org.bukkit.PerMaterialTest" time="0"/>
  <testcase name="isTransparent[347: EXP_BOTTLE]" classname="org.bukkit.PerMaterialTest" time="0"/>
  <testcase name="isSolid[347: EXP_BOTTLE]" classname="org.bukkit.PerMaterialTest" time="0"/>
  <testcase name="hasGravity[348: FIREBALL]" classname="org.bukkit.PerMaterialTest" time="0"/>
  <testcase name="isBurnable[348: FIREBALL]" classname="org.bukkit.PerMaterialTest" time="0.001"/>
  <testcase name="isEdible[348: FIREBALL]" classname="org.bukkit.PerMaterialTest" time="0"/>
  <testcase name="maxDurability[348: FIREBALL]" classname="org.bukkit.PerMaterialTest" time="0"/>
  <testcase name="usesDurability[348: FIREBALL]" classname="org.bukkit.PerMaterialTest" time="0"/>
  <testcase name="isOccluding[348: FIREBALL]" classname="org.bukkit.PerMaterialTest" time="0"/>
  <testcase name="isRecord[348: FIREBALL]" classname="org.bukkit.PerMaterialTest" time="0"/>
  <testcase name="isFlammable[348: FIREBALL]" classname="org.bukkit.PerMaterialTest" time="0"/>
  <testcase name="maxStackSize[348: FIREBALL]" classname="org.bukkit.PerMaterialTest" time="0"/>
  <testcase name="isTransparent[348: FIREBALL]" classname="org.bukkit.PerMaterialTest" time="0"/>
  <testcase name="isSolid[348: FIREBALL]" classname="org.bukkit.PerMaterialTest" time="0"/>
  <testcase name="hasGravity[349: BOOK_AND_QUILL]" classname="org.bukkit.PerMaterialTest" time="0"/>
  <testcase name="isBurnable[349: BOOK_AND_QUILL]" classname="org.bukkit.PerMaterialTest" time="0"/>
  <testcase name="isEdible[349: BOOK_AND_QUILL]" classname="org.bukkit.PerMaterialTest" time="0"/>
  <testcase name="maxDurability[349: BOOK_AND_QUILL]" classname="org.bukkit.PerMaterialTest" time="0"/>
  <testcase name="usesDurability[349: BOOK_AND_QUILL]" classname="org.bukkit.PerMaterialTest" time="0"/>
  <testcase name="isOccluding[349: BOOK_AND_QUILL]" classname="org.bukkit.PerMaterialTest" time="0"/>
  <testcase name="isRecord[349: BOOK_AND_QUILL]" classname="org.bukkit.PerMaterialTest" time="0"/>
  <testcase name="isFlammable[349: BOOK_AND_QUILL]" classname="org.bukkit.PerMaterialTest" time="0"/>
  <testcase name="maxStackSize[349: BOOK_AND_QUILL]" classname="org.bukkit.PerMaterialTest" time="0"/>
  <testcase name="isTransparent[349: BOOK_AND_QUILL]" classname="org.bukkit.PerMaterialTest" time="0"/>
  <testcase name="isSolid[349: BOOK_AND_QUILL]" classname="org.bukkit.PerMaterialTest" time="0"/>
  <testcase name="hasGravity[350: WRITTEN_BOOK]" classname="org.bukkit.PerMaterialTest" time="0"/>
  <testcase name="isBurnable[350: WRITTEN_BOOK]" classname="org.bukkit.PerMaterialTest" time="0"/>
  <testcase name="isEdible[350: WRITTEN_BOOK]" classname="org.bukkit.PerMaterialTest" time="0"/>
  <testcase name="maxDurability[350: WRITTEN_BOOK]" classname="org.bukkit.PerMaterialTest" time="0"/>
  <testcase name="usesDurability[350: WRITTEN_BOOK]" classname="org.bukkit.PerMaterialTest" time="0"/>
  <testcase name="isOccluding[350: WRITTEN_BOOK]" classname="org.bukkit.PerMaterialTest" time="0"/>
  <testcase name="isRecord[350: WRITTEN_BOOK]" classname="org.bukkit.PerMaterialTest" time="0"/>
  <testcase name="isFlammable[350: WRITTEN_BOOK]" classname="org.bukkit.PerMaterialTest" time="0"/>
  <testcase name="maxStackSize[350: WRITTEN_BOOK]" classname="org.bukkit.PerMaterialTest" time="0"/>
  <testcase name="isTransparent[350: WRITTEN_BOOK]" classname="org.bukkit.PerMaterialTest" time="0"/>
  <testcase name="isSolid[350: WRITTEN_BOOK]" classname="org.bukkit.PerMaterialTest" time="0"/>
  <testcase name="hasGravity[351: EMERALD]" classname="org.bukkit.PerMaterialTest" time="0"/>
  <testcase name="isBurnable[351: EMERALD]" classname="org.bukkit.PerMaterialTest" time="0"/>
  <testcase name="isEdible[351: EMERALD]" classname="org.bukkit.PerMaterialTest" time="0"/>
  <testcase name="maxDurability[351: EMERALD]" classname="org.bukkit.PerMaterialTest" time="0"/>
  <testcase name="usesDurability[351: EMERALD]" classname="org.bukkit.PerMaterialTest" time="0"/>
  <testcase name="isOccluding[351: EMERALD]" classname="org.bukkit.PerMaterialTest" time="0"/>
  <testcase name="isRecord[351: EMERALD]" classname="org.bukkit.PerMaterialTest" time="0"/>
  <testcase name="isFlammable[351: EMERALD]" classname="org.bukkit.PerMaterialTest" time="0"/>
  <testcase name="maxStackSize[351: EMERALD]" classname="org.bukkit.PerMaterialTest" time="0"/>
  <testcase name="isTransparent[351: EMERALD]" classname="org.bukkit.PerMaterialTest" time="0"/>
  <testcase name="isSolid[351: EMERALD]" classname="org.bukkit.PerMaterialTest" time="0"/>
  <testcase name="hasGravity[352: ITEM_FRAME]" classname="org.bukkit.PerMaterialTest" time="0"/>
  <testcase name="isBurnable[352: ITEM_FRAME]" classname="org.bukkit.PerMaterialTest" time="0.001"/>
  <testcase name="isEdible[352: ITEM_FRAME]" classname="org.bukkit.PerMaterialTest" time="0"/>
  <testcase name="maxDurability[352: ITEM_FRAME]" classname="org.bukkit.PerMaterialTest" time="0"/>
  <testcase name="usesDurability[352: ITEM_FRAME]" classname="org.bukkit.PerMaterialTest" time="0"/>
  <testcase name="isOccluding[352: ITEM_FRAME]" classname="org.bukkit.PerMaterialTest" time="0"/>
  <testcase name="isRecord[352: ITEM_FRAME]" classname="org.bukkit.PerMaterialTest" time="0"/>
  <testcase name="isFlammable[352: ITEM_FRAME]" classname="org.bukkit.PerMaterialTest" time="0"/>
  <testcase name="maxStackSize[352: ITEM_FRAME]" classname="org.bukkit.PerMaterialTest" time="0"/>
  <testcase name="isTransparent[352: ITEM_FRAME]" classname="org.bukkit.PerMaterialTest" time="0"/>
  <testcase name="isSolid[352: ITEM_FRAME]" classname="org.bukkit.PerMaterialTest" time="0"/>
  <testcase name="hasGravity[353: FLOWER_POT_ITEM]" classname="org.bukkit.PerMaterialTest" time="0"/>
  <testcase name="isBurnable[353: FLOWER_POT_ITEM]" classname="org.bukkit.PerMaterialTest" time="0"/>
  <testcase name="isEdible[353: FLOWER_POT_ITEM]" classname="org.bukkit.PerMaterialTest" time="0"/>
  <testcase name="maxDurability[353: FLOWER_POT_ITEM]" classname="org.bukkit.PerMaterialTest" time="0"/>
  <testcase name="usesDurability[353: FLOWER_POT_ITEM]" classname="org.bukkit.PerMaterialTest" time="0"/>
  <testcase name="isOccluding[353: FLOWER_POT_ITEM]" classname="org.bukkit.PerMaterialTest" time="0"/>
  <testcase name="isRecord[353: FLOWER_POT_ITEM]" classname="org.bukkit.PerMaterialTest" time="0"/>
  <testcase name="isFlammable[353: FLOWER_POT_ITEM]" classname="org.bukkit.PerMaterialTest" time="0"/>
  <testcase name="maxStackSize[353: FLOWER_POT_ITEM]" classname="org.bukkit.PerMaterialTest" time="0"/>
  <testcase name="isTransparent[353: FLOWER_POT_ITEM]" classname="org.bukkit.PerMaterialTest" time="0"/>
  <testcase name="isSolid[353: FLOWER_POT_ITEM]" classname="org.bukkit.PerMaterialTest" time="0"/>
  <testcase name="hasGravity[354: CARROT_ITEM]" classname="org.bukkit.PerMaterialTest" time="0"/>
  <testcase name="isBurnable[354: CARROT_ITEM]" classname="org.bukkit.PerMaterialTest" time="0"/>
  <testcase name="isEdible[354: CARROT_ITEM]" classname="org.bukkit.PerMaterialTest" time="0"/>
  <testcase name="maxDurability[354: CARROT_ITEM]" classname="org.bukkit.PerMaterialTest" time="0"/>
  <testcase name="usesDurability[354: CARROT_ITEM]" classname="org.bukkit.PerMaterialTest" time="0"/>
  <testcase name="isOccluding[354: CARROT_ITEM]" classname="org.bukkit.PerMaterialTest" time="0"/>
  <testcase name="isRecord[354: CARROT_ITEM]" classname="org.bukkit.PerMaterialTest" time="0"/>
  <testcase name="isFlammable[354: CARROT_ITEM]" classname="org.bukkit.PerMaterialTest" time="0"/>
  <testcase name="maxStackSize[354: CARROT_ITEM]" classname="org.bukkit.PerMaterialTest" time="0"/>
  <testcase name="isTransparent[354: CARROT_ITEM]" classname="org.bukkit.PerMaterialTest" time="0"/>
  <testcase name="isSolid[354: CARROT_ITEM]" classname="org.bukkit.PerMaterialTest" time="0"/>
  <testcase name="hasGravity[355: POTATO_ITEM]" classname="org.bukkit.PerMaterialTest" time="0"/>
  <testcase name="isBurnable[355: POTATO_ITEM]" classname="org.bukkit.PerMaterialTest" time="0"/>
  <testcase name="isEdible[355: POTATO_ITEM]" classname="org.bukkit.PerMaterialTest" time="0"/>
  <testcase name="maxDurability[355: POTATO_ITEM]" classname="org.bukkit.PerMaterialTest" time="0"/>
  <testcase name="usesDurability[355: POTATO_ITEM]" classname="org.bukkit.PerMaterialTest" time="0"/>
  <testcase name="isOccluding[355: POTATO_ITEM]" classname="org.bukkit.PerMaterialTest" time="0"/>
  <testcase name="isRecord[355: POTATO_ITEM]" classname="org.bukkit.PerMaterialTest" time="0"/>
  <testcase name="isFlammable[355: POTATO_ITEM]" classname="org.bukkit.PerMaterialTest" time="0"/>
  <testcase name="maxStackSize[355: POTATO_ITEM]" classname="org.bukkit.PerMaterialTest" time="0"/>
  <testcase name="isTransparent[355: POTATO_ITEM]" classname="org.bukkit.PerMaterialTest" time="0"/>
  <testcase name="isSolid[355: POTATO_ITEM]" classname="org.bukkit.PerMaterialTest" time="0"/>
  <testcase name="hasGravity[356: BAKED_POTATO]" classname="org.bukkit.PerMaterialTest" time="0"/>
  <testcase name="isBurnable[356: BAKED_POTATO]" classname="org.bukkit.PerMaterialTest" time="0"/>
  <testcase name="isEdible[356: BAKED_POTATO]" classname="org.bukkit.PerMaterialTest" time="0"/>
  <testcase name="maxDurability[356: BAKED_POTATO]" classname="org.bukkit.PerMaterialTest" time="0"/>
  <testcase name="usesDurability[356: BAKED_POTATO]" classname="org.bukkit.PerMaterialTest" time="0"/>
  <testcase name="isOccluding[356: BAKED_POTATO]" classname="org.bukkit.PerMaterialTest" time="0"/>
  <testcase name="isRecord[356: BAKED_POTATO]" classname="org.bukkit.PerMaterialTest" time="0"/>
  <testcase name="isFlammable[356: BAKED_POTATO]" classname="org.bukkit.PerMaterialTest" time="0"/>
  <testcase name="maxStackSize[356: BAKED_POTATO]" classname="org.bukkit.PerMaterialTest" time="0.001"/>
  <testcase name="isTransparent[356: BAKED_POTATO]" classname="org.bukkit.PerMaterialTest" time="0"/>
  <testcase name="isSolid[356: BAKED_POTATO]" classname="org.bukkit.PerMaterialTest" time="0"/>
  <testcase name="hasGravity[357: POISONOUS_POTATO]" classname="org.bukkit.PerMaterialTest" time="0"/>
  <testcase name="isBurnable[357: POISONOUS_POTATO]" classname="org.bukkit.PerMaterialTest" time="0"/>
  <testcase name="isEdible[357: POISONOUS_POTATO]" classname="org.bukkit.PerMaterialTest" time="0"/>
  <testcase name="maxDurability[357: POISONOUS_POTATO]" classname="org.bukkit.PerMaterialTest" time="0"/>
  <testcase name="usesDurability[357: POISONOUS_POTATO]" classname="org.bukkit.PerMaterialTest" time="0"/>
  <testcase name="isOccluding[357: POISONOUS_POTATO]" classname="org.bukkit.PerMaterialTest" time="0"/>
  <testcase name="isRecord[357: POISONOUS_POTATO]" classname="org.bukkit.PerMaterialTest" time="0"/>
  <testcase name="isFlammable[357: POISONOUS_POTATO]" classname="org.bukkit.PerMaterialTest" time="0"/>
  <testcase name="maxStackSize[357: POISONOUS_POTATO]" classname="org.bukkit.PerMaterialTest" time="0"/>
  <testcase name="isTransparent[357: POISONOUS_POTATO]" classname="org.bukkit.PerMaterialTest" time="0"/>
  <testcase name="isSolid[357: POISONOUS_POTATO]" classname="org.bukkit.PerMaterialTest" time="0"/>
  <testcase name="hasGravity[358: EMPTY_MAP]" classname="org.bukkit.PerMaterialTest" time="0"/>
  <testcase name="isBurnable[358: EMPTY_MAP]" classname="org.bukkit.PerMaterialTest" time="0"/>
  <testcase name="isEdible[358: EMPTY_MAP]" classname="org.bukkit.PerMaterialTest" time="0"/>
  <testcase name="maxDurability[358: EMPTY_MAP]" classname="org.bukkit.PerMaterialTest" time="0"/>
  <testcase name="usesDurability[358: EMPTY_MAP]" classname="org.bukkit.PerMaterialTest" time="0"/>
  <testcase name="isOccluding[358: EMPTY_MAP]" classname="org.bukkit.PerMaterialTest" time="0"/>
  <testcase name="isRecord[358: EMPTY_MAP]" classname="org.bukkit.PerMaterialTest" time="0"/>
  <testcase name="isFlammable[358: EMPTY_MAP]" classname="org.bukkit.PerMaterialTest" time="0"/>
  <testcase name="maxStackSize[358: EMPTY_MAP]" classname="org.bukkit.PerMaterialTest" time="0"/>
  <testcase name="isTransparent[358: EMPTY_MAP]" classname="org.bukkit.PerMaterialTest" time="0"/>
  <testcase name="isSolid[358: EMPTY_MAP]" classname="org.bukkit.PerMaterialTest" time="0"/>
  <testcase name="hasGravity[359: GOLDEN_CARROT]" classname="org.bukkit.PerMaterialTest" time="0"/>
  <testcase name="isBurnable[359: GOLDEN_CARROT]" classname="org.bukkit.PerMaterialTest" time="0"/>
  <testcase name="isEdible[359: GOLDEN_CARROT]" classname="org.bukkit.PerMaterialTest" time="0"/>
  <testcase name="maxDurability[359: GOLDEN_CARROT]" classname="org.bukkit.PerMaterialTest" time="0"/>
  <testcase name="usesDurability[359: GOLDEN_CARROT]" classname="org.bukkit.PerMaterialTest" time="0"/>
  <testcase name="isOccluding[359: GOLDEN_CARROT]" classname="org.bukkit.PerMaterialTest" time="0"/>
  <testcase name="isRecord[359: GOLDEN_CARROT]" classname="org.bukkit.PerMaterialTest" time="0"/>
  <testcase name="isFlammable[359: GOLDEN_CARROT]" classname="org.bukkit.PerMaterialTest" time="0"/>
  <testcase name="maxStackSize[359: GOLDEN_CARROT]" classname="org.bukkit.PerMaterialTest" time="0"/>
  <testcase name="isTransparent[359: GOLDEN_CARROT]" classname="org.bukkit.PerMaterialTest" time="0"/>
  <testcase name="isSolid[359: GOLDEN_CARROT]" classname="org.bukkit.PerMaterialTest" time="0"/>
  <testcase name="hasGravity[360: SKULL_ITEM]" classname="org.bukkit.PerMaterialTest" time="0"/>
  <testcase name="isBurnable[360: SKULL_ITEM]" classname="org.bukkit.PerMaterialTest" time="0"/>
  <testcase name="isEdible[360: SKULL_ITEM]" classname="org.bukkit.PerMaterialTest" time="0"/>
  <testcase name="maxDurability[360: SKULL_ITEM]" classname="org.bukkit.PerMaterialTest" time="0"/>
  <testcase name="usesDurability[360: SKULL_ITEM]" classname="org.bukkit.PerMaterialTest" time="0"/>
  <testcase name="isOccluding[360: SKULL_ITEM]" classname="org.bukkit.PerMaterialTest" time="0"/>
  <testcase name="isRecord[360: SKULL_ITEM]" classname="org.bukkit.PerMaterialTest" time="0"/>
  <testcase name="isFlammable[360: SKULL_ITEM]" classname="org.bukkit.PerMaterialTest" time="0"/>
  <testcase name="maxStackSize[360: SKULL_ITEM]" classname="org.bukkit.PerMaterialTest" time="0"/>
  <testcase name="isTransparent[360: SKULL_ITEM]" classname="org.bukkit.PerMaterialTest" time="0"/>
  <testcase name="isSolid[360: SKULL_ITEM]" classname="org.bukkit.PerMaterialTest" time="0"/>
  <testcase name="hasGravity[361: CARROT_STICK]" classname="org.bukkit.PerMaterialTest" time="0"/>
  <testcase name="isBurnable[361: CARROT_STICK]" classname="org.bukkit.PerMaterialTest" time="0"/>
  <testcase name="isEdible[361: CARROT_STICK]" classname="org.bukkit.PerMaterialTest" time="0"/>
  <testcase name="maxDurability[361: CARROT_STICK]" classname="org.bukkit.PerMaterialTest" time="0"/>
  <testcase name="usesDurability[361: CARROT_STICK]" classname="org.bukkit.PerMaterialTest" time="0"/>
  <testcase name="isOccluding[361: CARROT_STICK]" classname="org.bukkit.PerMaterialTest" time="0"/>
  <testcase name="isRecord[361: CARROT_STICK]" classname="org.bukkit.PerMaterialTest" time="0"/>
  <testcase name="isFlammable[361: CARROT_STICK]" classname="org.bukkit.PerMaterialTest" time="0"/>
  <testcase name="maxStackSize[361: CARROT_STICK]" classname="org.bukkit.PerMaterialTest" time="0"/>
  <testcase name="isTransparent[361: CARROT_STICK]" classname="org.bukkit.PerMaterialTest" time="0"/>
  <testcase name="isSolid[361: CARROT_STICK]" classname="org.bukkit.PerMaterialTest" time="0"/>
  <testcase name="hasGravity[362: NETHER_STAR]" classname="org.bukkit.PerMaterialTest" time="0"/>
  <testcase name="isBurnable[362: NETHER_STAR]" classname="org.bukkit.PerMaterialTest" time="0"/>
  <testcase name="isEdible[362: NETHER_STAR]" classname="org.bukkit.PerMaterialTest" time="0"/>
  <testcase name="maxDurability[362: NETHER_STAR]" classname="org.bukkit.PerMaterialTest" time="0"/>
  <testcase name="usesDurability[362: NETHER_STAR]" classname="org.bukkit.PerMaterialTest" time="0"/>
  <testcase name="isOccluding[362: NETHER_STAR]" classname="org.bukkit.PerMaterialTest" time="0"/>
  <testcase name="isRecord[362: NETHER_STAR]" classname="org.bukkit.PerMaterialTest" time="0"/>
  <testcase name="isFlammable[362: NETHER_STAR]" classname="org.bukkit.PerMaterialTest" time="0"/>
  <testcase name="maxStackSize[362: NETHER_STAR]" classname="org.bukkit.PerMaterialTest" time="0"/>
  <testcase name="isTransparent[362: NETHER_STAR]" classname="org.bukkit.PerMaterialTest" time="0"/>
  <testcase name="isSolid[362: NETHER_STAR]" classname="org.bukkit.PerMaterialTest" time="0"/>
  <testcase name="hasGravity[363: PUMPKIN_PIE]" classname="org.bukkit.PerMaterialTest" time="0"/>
  <testcase name="isBurnable[363: PUMPKIN_PIE]" classname="org.bukkit.PerMaterialTest" time="0"/>
  <testcase name="isEdible[363: PUMPKIN_PIE]" classname="org.bukkit.PerMaterialTest" time="0"/>
  <testcase name="maxDurability[363: PUMPKIN_PIE]" classname="org.bukkit.PerMaterialTest" time="0"/>
  <testcase name="usesDurability[363: PUMPKIN_PIE]" classname="org.bukkit.PerMaterialTest" time="0"/>
  <testcase name="isOccluding[363: PUMPKIN_PIE]" classname="org.bukkit.PerMaterialTest" time="0"/>
  <testcase name="isRecord[363: PUMPKIN_PIE]" classname="org.bukkit.PerMaterialTest" time="0"/>
  <testcase name="isFlammable[363: PUMPKIN_PIE]" classname="org.bukkit.PerMaterialTest" time="0"/>
  <testcase name="maxStackSize[363: PUMPKIN_PIE]" classname="org.bukkit.PerMaterialTest" time="0"/>
  <testcase name="isTransparent[363: PUMPKIN_PIE]" classname="org.bukkit.PerMaterialTest" time="0"/>
  <testcase name="isSolid[363: PUMPKIN_PIE]" classname="org.bukkit.PerMaterialTest" time="0"/>
  <testcase name="hasGravity[364: FIREWORK]" classname="org.bukkit.PerMaterialTest" time="0"/>
  <testcase name="isBurnable[364: FIREWORK]" classname="org.bukkit.PerMaterialTest" time="0"/>
  <testcase name="isEdible[364: FIREWORK]" classname="org.bukkit.PerMaterialTest" time="0"/>
  <testcase name="maxDurability[364: FIREWORK]" classname="org.bukkit.PerMaterialTest" time="0"/>
  <testcase name="usesDurability[364: FIREWORK]" classname="org.bukkit.PerMaterialTest" time="0"/>
  <testcase name="isOccluding[364: FIREWORK]" classname="org.bukkit.PerMaterialTest" time="0"/>
  <testcase name="isRecord[364: FIREWORK]" classname="org.bukkit.PerMaterialTest" time="0"/>
  <testcase name="isFlammable[364: FIREWORK]" classname="org.bukkit.PerMaterialTest" time="0"/>
  <testcase name="maxStackSize[364: FIREWORK]" classname="org.bukkit.PerMaterialTest" time="0"/>
  <testcase name="isTransparent[364: FIREWORK]" classname="org.bukkit.PerMaterialTest" time="0"/>
  <testcase name="isSolid[364: FIREWORK]" classname="org.bukkit.PerMaterialTest" time="0"/>
  <testcase name="hasGravity[365: FIREWORK_CHARGE]" classname="org.bukkit.PerMaterialTest" time="0"/>
  <testcase name="isBurnable[365: FIREWORK_CHARGE]" classname="org.bukkit.PerMaterialTest" time="0"/>
  <testcase name="isEdible[365: FIREWORK_CHARGE]" classname="org.bukkit.PerMaterialTest" time="0"/>
  <testcase name="maxDurability[365: FIREWORK_CHARGE]" classname="org.bukkit.PerMaterialTest" time="0"/>
  <testcase name="usesDurability[365: FIREWORK_CHARGE]" classname="org.bukkit.PerMaterialTest" time="0"/>
  <testcase name="isOccluding[365: FIREWORK_CHARGE]" classname="org.bukkit.PerMaterialTest" time="0"/>
  <testcase name="isRecord[365: FIREWORK_CHARGE]" classname="org.bukkit.PerMaterialTest" time="0"/>
  <testcase name="isFlammable[365: FIREWORK_CHARGE]" classname="org.bukkit.PerMaterialTest" time="0"/>
  <testcase name="maxStackSize[365: FIREWORK_CHARGE]" classname="org.bukkit.PerMaterialTest" time="0"/>
  <testcase name="isTransparent[365: FIREWORK_CHARGE]" classname="org.bukkit.PerMaterialTest" time="0"/>
  <testcase name="isSolid[365: FIREWORK_CHARGE]" classname="org.bukkit.PerMaterialTest" time="0"/>
  <testcase name="hasGravity[366: ENCHANTED_BOOK]" classname="org.bukkit.PerMaterialTest" time="0"/>
  <testcase name="isBurnable[366: ENCHANTED_BOOK]" classname="org.bukkit.PerMaterialTest" time="0"/>
  <testcase name="isEdible[366: ENCHANTED_BOOK]" classname="org.bukkit.PerMaterialTest" time="0"/>
  <testcase name="maxDurability[366: ENCHANTED_BOOK]" classname="org.bukkit.PerMaterialTest" time="0.001"/>
  <testcase name="usesDurability[366: ENCHANTED_BOOK]" classname="org.bukkit.PerMaterialTest" time="0"/>
  <testcase name="isOccluding[366: ENCHANTED_BOOK]" classname="org.bukkit.PerMaterialTest" time="0"/>
  <testcase name="isRecord[366: ENCHANTED_BOOK]" classname="org.bukkit.PerMaterialTest" time="0"/>
  <testcase name="isFlammable[366: ENCHANTED_BOOK]" classname="org.bukkit.PerMaterialTest" time="0"/>
  <testcase name="maxStackSize[366: ENCHANTED_BOOK]" classname="org.bukkit.PerMaterialTest" time="0"/>
  <testcase name="isTransparent[366: ENCHANTED_BOOK]" classname="org.bukkit.PerMaterialTest" time="0"/>
  <testcase name="isSolid[366: ENCHANTED_BOOK]" classname="org.bukkit.PerMaterialTest" time="0"/>
  <testcase name="hasGravity[367: REDSTONE_COMPARATOR]" classname="org.bukkit.PerMaterialTest" time="0"/>
  <testcase name="isBurnable[367: REDSTONE_COMPARATOR]" classname="org.bukkit.PerMaterialTest" time="0"/>
  <testcase name="isEdible[367: REDSTONE_COMPARATOR]" classname="org.bukkit.PerMaterialTest" time="0"/>
  <testcase name="maxDurability[367: REDSTONE_COMPARATOR]" classname="org.bukkit.PerMaterialTest" time="0"/>
  <testcase name="usesDurability[367: REDSTONE_COMPARATOR]" classname="org.bukkit.PerMaterialTest" time="0"/>
  <testcase name="isOccluding[367: REDSTONE_COMPARATOR]" classname="org.bukkit.PerMaterialTest" time="0"/>
  <testcase name="isRecord[367: REDSTONE_COMPARATOR]" classname="org.bukkit.PerMaterialTest" time="0"/>
  <testcase name="isFlammable[367: REDSTONE_COMPARATOR]" classname="org.bukkit.PerMaterialTest" time="0"/>
  <testcase name="maxStackSize[367: REDSTONE_COMPARATOR]" classname="org.bukkit.PerMaterialTest" time="0"/>
  <testcase name="isTransparent[367: REDSTONE_COMPARATOR]" classname="org.bukkit.PerMaterialTest" time="0"/>
  <testcase name="isSolid[367: REDSTONE_COMPARATOR]" classname="org.bukkit.PerMaterialTest" time="0"/>
  <testcase name="hasGravity[368: NETHER_BRICK_ITEM]" classname="org.bukkit.PerMaterialTest" time="0"/>
  <testcase name="isBurnable[368: NETHER_BRICK_ITEM]" classname="org.bukkit.PerMaterialTest" time="0"/>
  <testcase name="isEdible[368: NETHER_BRICK_ITEM]" classname="org.bukkit.PerMaterialTest" time="0"/>
  <testcase name="maxDurability[368: NETHER_BRICK_ITEM]" classname="org.bukkit.PerMaterialTest" time="0"/>
  <testcase name="usesDurability[368: NETHER_BRICK_ITEM]" classname="org.bukkit.PerMaterialTest" time="0"/>
  <testcase name="isOccluding[368: NETHER_BRICK_ITEM]" classname="org.bukkit.PerMaterialTest" time="0"/>
  <testcase name="isRecord[368: NETHER_BRICK_ITEM]" classname="org.bukkit.PerMaterialTest" time="0"/>
  <testcase name="isFlammable[368: NETHER_BRICK_ITEM]" classname="org.bukkit.PerMaterialTest" time="0"/>
  <testcase name="maxStackSize[368: NETHER_BRICK_ITEM]" classname="org.bukkit.PerMaterialTest" time="0"/>
  <testcase name="isTransparent[368: NETHER_BRICK_ITEM]" classname="org.bukkit.PerMaterialTest" time="0"/>
  <testcase name="isSolid[368: NETHER_BRICK_ITEM]" classname="org.bukkit.PerMaterialTest" time="0"/>
  <testcase name="hasGravity[369: QUARTZ]" classname="org.bukkit.PerMaterialTest" time="0"/>
  <testcase name="isBurnable[369: QUARTZ]" classname="org.bukkit.PerMaterialTest" time="0"/>
  <testcase name="isEdible[369: QUARTZ]" classname="org.bukkit.PerMaterialTest" time="0"/>
  <testcase name="maxDurability[369: QUARTZ]" classname="org.bukkit.PerMaterialTest" time="0"/>
  <testcase name="usesDurability[369: QUARTZ]" classname="org.bukkit.PerMaterialTest" time="0"/>
  <testcase name="isOccluding[369: QUARTZ]" classname="org.bukkit.PerMaterialTest" time="0"/>
  <testcase name="isRecord[369: QUARTZ]" classname="org.bukkit.PerMaterialTest" time="0"/>
  <testcase name="isFlammable[369: QUARTZ]" classname="org.bukkit.PerMaterialTest" time="0"/>
  <testcase name="maxStackSize[369: QUARTZ]" classname="org.bukkit.PerMaterialTest" time="0"/>
  <testcase name="isTransparent[369: QUARTZ]" classname="org.bukkit.PerMaterialTest" time="0"/>
  <testcase name="isSolid[369: QUARTZ]" classname="org.bukkit.PerMaterialTest" time="0"/>
  <testcase name="hasGravity[370: EXPLOSIVE_MINECART]" classname="org.bukkit.PerMaterialTest" time="0"/>
  <testcase name="isBurnable[370: EXPLOSIVE_MINECART]" classname="org.bukkit.PerMaterialTest" time="0"/>
  <testcase name="isEdible[370: EXPLOSIVE_MINECART]" classname="org.bukkit.PerMaterialTest" time="0"/>
  <testcase name="maxDurability[370: EXPLOSIVE_MINECART]" classname="org.bukkit.PerMaterialTest" time="0"/>
  <testcase name="usesDurability[370: EXPLOSIVE_MINECART]" classname="org.bukkit.PerMaterialTest" time="0"/>
  <testcase name="isOccluding[370: EXPLOSIVE_MINECART]" classname="org.bukkit.PerMaterialTest" time="0"/>
  <testcase name="isRecord[370: EXPLOSIVE_MINECART]" classname="org.bukkit.PerMaterialTest" time="0"/>
  <testcase name="isFlammable[370: EXPLOSIVE_MINECART]" classname="org.bukkit.PerMaterialTest" time="0"/>
  <testcase name="maxStackSize[370: EXPLOSIVE_MINECART]" classname="org.bukkit.PerMaterialTest" time="0"/>
  <testcase name="isTransparent[370: EXPLOSIVE_MINECART]" classname="org.bukkit.PerMaterialTest" time="0"/>
  <testcase name="isSolid[370: EXPLOSIVE_MINECART]" classname="org.bukkit.PerMaterialTest" time="0"/>
  <testcase name="hasGravity[371: HOPPER_MINECART]" classname="org.bukkit.PerMaterialTest" time="0"/>
  <testcase name="isBurnable[371: HOPPER_MINECART]" classname="org.bukkit.PerMaterialTest" time="0"/>
  <testcase name="isEdible[371: HOPPER_MINECART]" classname="org.bukkit.PerMaterialTest" time="0"/>
  <testcase name="maxDurability[371: HOPPER_MINECART]" classname="org.bukkit.PerMaterialTest" time="0"/>
  <testcase name="usesDurability[371: HOPPER_MINECART]" classname="org.bukkit.PerMaterialTest" time="0"/>
  <testcase name="isOccluding[371: HOPPER_MINECART]" classname="org.bukkit.PerMaterialTest" time="0"/>
  <testcase name="isRecord[371: HOPPER_MINECART]" classname="org.bukkit.PerMaterialTest" time="0"/>
  <testcase name="isFlammable[371: HOPPER_MINECART]" classname="org.bukkit.PerMaterialTest" time="0"/>
  <testcase name="maxStackSize[371: HOPPER_MINECART]" classname="org.bukkit.PerMaterialTest" time="0.001"/>
  <testcase name="isTransparent[371: HOPPER_MINECART]" classname="org.bukkit.PerMaterialTest" time="0"/>
  <testcase name="isSolid[371: HOPPER_MINECART]" classname="org.bukkit.PerMaterialTest" time="0"/>
  <testcase name="hasGravity[372: PRISMARINE_SHARD]" classname="org.bukkit.PerMaterialTest" time="0"/>
  <testcase name="isBurnable[372: PRISMARINE_SHARD]" classname="org.bukkit.PerMaterialTest" time="0"/>
  <testcase name="isEdible[372: PRISMARINE_SHARD]" classname="org.bukkit.PerMaterialTest" time="0"/>
  <testcase name="maxDurability[372: PRISMARINE_SHARD]" classname="org.bukkit.PerMaterialTest" time="0"/>
  <testcase name="usesDurability[372: PRISMARINE_SHARD]" classname="org.bukkit.PerMaterialTest" time="0"/>
  <testcase name="isOccluding[372: PRISMARINE_SHARD]" classname="org.bukkit.PerMaterialTest" time="0"/>
  <testcase name="isRecord[372: PRISMARINE_SHARD]" classname="org.bukkit.PerMaterialTest" time="0"/>
  <testcase name="isFlammable[372: PRISMARINE_SHARD]" classname="org.bukkit.PerMaterialTest" time="0"/>
  <testcase name="maxStackSize[372: PRISMARINE_SHARD]" classname="org.bukkit.PerMaterialTest" time="0"/>
  <testcase name="isTransparent[372: PRISMARINE_SHARD]" classname="org.bukkit.PerMaterialTest" time="0"/>
  <testcase name="isSolid[372: PRISMARINE_SHARD]" classname="org.bukkit.PerMaterialTest" time="0"/>
  <testcase name="hasGravity[373: PRISMARINE_CRYSTALS]" classname="org.bukkit.PerMaterialTest" time="0"/>
  <testcase name="isBurnable[373: PRISMARINE_CRYSTALS]" classname="org.bukkit.PerMaterialTest" time="0"/>
  <testcase name="isEdible[373: PRISMARINE_CRYSTALS]" classname="org.bukkit.PerMaterialTest" time="0"/>
  <testcase name="maxDurability[373: PRISMARINE_CRYSTALS]" classname="org.bukkit.PerMaterialTest" time="0"/>
  <testcase name="usesDurability[373: PRISMARINE_CRYSTALS]" classname="org.bukkit.PerMaterialTest" time="0"/>
  <testcase name="isOccluding[373: PRISMARINE_CRYSTALS]" classname="org.bukkit.PerMaterialTest" time="0"/>
  <testcase name="isRecord[373: PRISMARINE_CRYSTALS]" classname="org.bukkit.PerMaterialTest" time="0"/>
  <testcase name="isFlammable[373: PRISMARINE_CRYSTALS]" classname="org.bukkit.PerMaterialTest" time="0"/>
  <testcase name="maxStackSize[373: PRISMARINE_CRYSTALS]" classname="org.bukkit.PerMaterialTest" time="0"/>
  <testcase name="isTransparent[373: PRISMARINE_CRYSTALS]" classname="org.bukkit.PerMaterialTest" time="0"/>
  <testcase name="isSolid[373: PRISMARINE_CRYSTALS]" classname="org.bukkit.PerMaterialTest" time="0"/>
  <testcase name="hasGravity[374: RABBIT]" classname="org.bukkit.PerMaterialTest" time="0"/>
  <testcase name="isBurnable[374: RABBIT]" classname="org.bukkit.PerMaterialTest" time="0"/>
  <testcase name="isEdible[374: RABBIT]" classname="org.bukkit.PerMaterialTest" time="0"/>
  <testcase name="maxDurability[374: RABBIT]" classname="org.bukkit.PerMaterialTest" time="0"/>
  <testcase name="usesDurability[374: RABBIT]" classname="org.bukkit.PerMaterialTest" time="0"/>
  <testcase name="isOccluding[374: RABBIT]" classname="org.bukkit.PerMaterialTest" time="0"/>
  <testcase name="isRecord[374: RABBIT]" classname="org.bukkit.PerMaterialTest" time="0"/>
  <testcase name="isFlammable[374: RABBIT]" classname="org.bukkit.PerMaterialTest" time="0"/>
  <testcase name="maxStackSize[374: RABBIT]" classname="org.bukkit.PerMaterialTest" time="0"/>
  <testcase name="isTransparent[374: RABBIT]" classname="org.bukkit.PerMaterialTest" time="0"/>
  <testcase name="isSolid[374: RABBIT]" classname="org.bukkit.PerMaterialTest" time="0"/>
  <testcase name="hasGravity[375: COOKED_RABBIT]" classname="org.bukkit.PerMaterialTest" time="0"/>
  <testcase name="isBurnable[375: COOKED_RABBIT]" classname="org.bukkit.PerMaterialTest" time="0"/>
  <testcase name="isEdible[375: COOKED_RABBIT]" classname="org.bukkit.PerMaterialTest" time="0"/>
  <testcase name="maxDurability[375: COOKED_RABBIT]" classname="org.bukkit.PerMaterialTest" time="0"/>
  <testcase name="usesDurability[375: COOKED_RABBIT]" classname="org.bukkit.PerMaterialTest" time="0"/>
  <testcase name="isOccluding[375: COOKED_RABBIT]" classname="org.bukkit.PerMaterialTest" time="0"/>
  <testcase name="isRecord[375: COOKED_RABBIT]" classname="org.bukkit.PerMaterialTest" time="0"/>
  <testcase name="isFlammable[375: COOKED_RABBIT]" classname="org.bukkit.PerMaterialTest" time="0"/>
  <testcase name="maxStackSize[375: COOKED_RABBIT]" classname="org.bukkit.PerMaterialTest" time="0"/>
  <testcase name="isTransparent[375: COOKED_RABBIT]" classname="org.bukkit.PerMaterialTest" time="0"/>
  <testcase name="isSolid[375: COOKED_RABBIT]" classname="org.bukkit.PerMaterialTest" time="0"/>
  <testcase name="hasGravity[376: RABBIT_STEW]" classname="org.bukkit.PerMaterialTest" time="0"/>
  <testcase name="isBurnable[376: RABBIT_STEW]" classname="org.bukkit.PerMaterialTest" time="0"/>
  <testcase name="isEdible[376: RABBIT_STEW]" classname="org.bukkit.PerMaterialTest" time="0"/>
  <testcase name="maxDurability[376: RABBIT_STEW]" classname="org.bukkit.PerMaterialTest" time="0"/>
  <testcase name="usesDurability[376: RABBIT_STEW]" classname="org.bukkit.PerMaterialTest" time="0"/>
  <testcase name="isOccluding[376: RABBIT_STEW]" classname="org.bukkit.PerMaterialTest" time="0"/>
  <testcase name="isRecord[376: RABBIT_STEW]" classname="org.bukkit.PerMaterialTest" time="0"/>
  <testcase name="isFlammable[376: RABBIT_STEW]" classname="org.bukkit.PerMaterialTest" time="0"/>
  <testcase name="maxStackSize[376: RABBIT_STEW]" classname="org.bukkit.PerMaterialTest" time="0"/>
  <testcase name="isTransparent[376: RABBIT_STEW]" classname="org.bukkit.PerMaterialTest" time="0"/>
  <testcase name="isSolid[376: RABBIT_STEW]" classname="org.bukkit.PerMaterialTest" time="0"/>
  <testcase name="hasGravity[377: RABBIT_FOOT]" classname="org.bukkit.PerMaterialTest" time="0"/>
  <testcase name="isBurnable[377: RABBIT_FOOT]" classname="org.bukkit.PerMaterialTest" time="0"/>
  <testcase name="isEdible[377: RABBIT_FOOT]" classname="org.bukkit.PerMaterialTest" time="0"/>
  <testcase name="maxDurability[377: RABBIT_FOOT]" classname="org.bukkit.PerMaterialTest" time="0"/>
  <testcase name="usesDurability[377: RABBIT_FOOT]" classname="org.bukkit.PerMaterialTest" time="0"/>
  <testcase name="isOccluding[377: RABBIT_FOOT]" classname="org.bukkit.PerMaterialTest" time="0"/>
  <testcase name="isRecord[377: RABBIT_FOOT]" classname="org.bukkit.PerMaterialTest" time="0.001"/>
  <testcase name="isFlammable[377: RABBIT_FOOT]" classname="org.bukkit.PerMaterialTest" time="0"/>
  <testcase name="maxStackSize[377: RABBIT_FOOT]" classname="org.bukkit.PerMaterialTest" time="0"/>
  <testcase name="isTransparent[377: RABBIT_FOOT]" classname="org.bukkit.PerMaterialTest" time="0"/>
  <testcase name="isSolid[377: RABBIT_FOOT]" classname="org.bukkit.PerMaterialTest" time="0"/>
  <testcase name="hasGravity[378: RABBIT_HIDE]" classname="org.bukkit.PerMaterialTest" time="0"/>
  <testcase name="isBurnable[378: RABBIT_HIDE]" classname="org.bukkit.PerMaterialTest" time="0"/>
  <testcase name="isEdible[378: RABBIT_HIDE]" classname="org.bukkit.PerMaterialTest" time="0"/>
  <testcase name="maxDurability[378: RABBIT_HIDE]" classname="org.bukkit.PerMaterialTest" time="0"/>
  <testcase name="usesDurability[378: RABBIT_HIDE]" classname="org.bukkit.PerMaterialTest" time="0"/>
  <testcase name="isOccluding[378: RABBIT_HIDE]" classname="org.bukkit.PerMaterialTest" time="0"/>
  <testcase name="isRecord[378: RABBIT_HIDE]" classname="org.bukkit.PerMaterialTest" time="0"/>
  <testcase name="isFlammable[378: RABBIT_HIDE]" classname="org.bukkit.PerMaterialTest" time="0"/>
  <testcase name="maxStackSize[378: RABBIT_HIDE]" classname="org.bukkit.PerMaterialTest" time="0"/>
  <testcase name="isTransparent[378: RABBIT_HIDE]" classname="org.bukkit.PerMaterialTest" time="0"/>
  <testcase name="isSolid[378: RABBIT_HIDE]" classname="org.bukkit.PerMaterialTest" time="0"/>
  <testcase name="hasGravity[379: ARMOR_STAND]" classname="org.bukkit.PerMaterialTest" time="0"/>
  <testcase name="isBurnable[379: ARMOR_STAND]" classname="org.bukkit.PerMaterialTest" time="0"/>
  <testcase name="isEdible[379: ARMOR_STAND]" classname="org.bukkit.PerMaterialTest" time="0"/>
  <testcase name="maxDurability[379: ARMOR_STAND]" classname="org.bukkit.PerMaterialTest" time="0"/>
  <testcase name="usesDurability[379: ARMOR_STAND]" classname="org.bukkit.PerMaterialTest" time="0"/>
  <testcase name="isOccluding[379: ARMOR_STAND]" classname="org.bukkit.PerMaterialTest" time="0"/>
  <testcase name="isRecord[379: ARMOR_STAND]" classname="org.bukkit.PerMaterialTest" time="0"/>
  <testcase name="isFlammable[379: ARMOR_STAND]" classname="org.bukkit.PerMaterialTest" time="0"/>
  <testcase name="maxStackSize[379: ARMOR_STAND]" classname="org.bukkit.PerMaterialTest" time="0.001"/>
  <testcase name="isTransparent[379: ARMOR_STAND]" classname="org.bukkit.PerMaterialTest" time="0"/>
  <testcase name="isSolid[379: ARMOR_STAND]" classname="org.bukkit.PerMaterialTest" time="0"/>
  <testcase name="hasGravity[380: IRON_BARDING]" classname="org.bukkit.PerMaterialTest" time="0"/>
  <testcase name="isBurnable[380: IRON_BARDING]" classname="org.bukkit.PerMaterialTest" time="0"/>
  <testcase name="isEdible[380: IRON_BARDING]" classname="org.bukkit.PerMaterialTest" time="0"/>
  <testcase name="maxDurability[380: IRON_BARDING]" classname="org.bukkit.PerMaterialTest" time="0"/>
  <testcase name="usesDurability[380: IRON_BARDING]" classname="org.bukkit.PerMaterialTest" time="0"/>
  <testcase name="isOccluding[380: IRON_BARDING]" classname="org.bukkit.PerMaterialTest" time="0"/>
  <testcase name="isRecord[380: IRON_BARDING]" classname="org.bukkit.PerMaterialTest" time="0"/>
  <testcase name="isFlammable[380: IRON_BARDING]" classname="org.bukkit.PerMaterialTest" time="0"/>
  <testcase name="maxStackSize[380: IRON_BARDING]" classname="org.bukkit.PerMaterialTest" time="0"/>
  <testcase name="isTransparent[380: IRON_BARDING]" classname="org.bukkit.PerMaterialTest" time="0"/>
  <testcase name="isSolid[380: IRON_BARDING]" classname="org.bukkit.PerMaterialTest" time="0"/>
  <testcase name="hasGravity[381: GOLD_BARDING]" classname="org.bukkit.PerMaterialTest" time="0"/>
  <testcase name="isBurnable[381: GOLD_BARDING]" classname="org.bukkit.PerMaterialTest" time="0"/>
  <testcase name="isEdible[381: GOLD_BARDING]" classname="org.bukkit.PerMaterialTest" time="0"/>
  <testcase name="maxDurability[381: GOLD_BARDING]" classname="org.bukkit.PerMaterialTest" time="0"/>
  <testcase name="usesDurability[381: GOLD_BARDING]" classname="org.bukkit.PerMaterialTest" time="0"/>
  <testcase name="isOccluding[381: GOLD_BARDING]" classname="org.bukkit.PerMaterialTest" time="0"/>
  <testcase name="isRecord[381: GOLD_BARDING]" classname="org.bukkit.PerMaterialTest" time="0"/>
  <testcase name="isFlammable[381: GOLD_BARDING]" classname="org.bukkit.PerMaterialTest" time="0"/>
  <testcase name="maxStackSize[381: GOLD_BARDING]" classname="org.bukkit.PerMaterialTest" time="0"/>
  <testcase name="isTransparent[381: GOLD_BARDING]" classname="org.bukkit.PerMaterialTest" time="0"/>
  <testcase name="isSolid[381: GOLD_BARDING]" classname="org.bukkit.PerMaterialTest" time="0"/>
  <testcase name="hasGravity[382: DIAMOND_BARDING]" classname="org.bukkit.PerMaterialTest" time="0"/>
  <testcase name="isBurnable[382: DIAMOND_BARDING]" classname="org.bukkit.PerMaterialTest" time="0"/>
  <testcase name="isEdible[382: DIAMOND_BARDING]" classname="org.bukkit.PerMaterialTest" time="0"/>
  <testcase name="maxDurability[382: DIAMOND_BARDING]" classname="org.bukkit.PerMaterialTest" time="0"/>
  <testcase name="usesDurability[382: DIAMOND_BARDING]" classname="org.bukkit.PerMaterialTest" time="0"/>
  <testcase name="isOccluding[382: DIAMOND_BARDING]" classname="org.bukkit.PerMaterialTest" time="0"/>
  <testcase name="isRecord[382: DIAMOND_BARDING]" classname="org.bukkit.PerMaterialTest" time="0"/>
  <testcase name="isFlammable[382: DIAMOND_BARDING]" classname="org.bukkit.PerMaterialTest" time="0"/>
  <testcase name="maxStackSize[382: DIAMOND_BARDING]" classname="org.bukkit.PerMaterialTest" time="0"/>
  <testcase name="isTransparent[382: DIAMOND_BARDING]" classname="org.bukkit.PerMaterialTest" time="0"/>
  <testcase name="isSolid[382: DIAMOND_BARDING]" classname="org.bukkit.PerMaterialTest" time="0"/>
  <testcase name="hasGravity[383: LEASH]" classname="org.bukkit.PerMaterialTest" time="0"/>
  <testcase name="isBurnable[383: LEASH]" classname="org.bukkit.PerMaterialTest" time="0"/>
  <testcase name="isEdible[383: LEASH]" classname="org.bukkit.PerMaterialTest" time="0"/>
  <testcase name="maxDurability[383: LEASH]" classname="org.bukkit.PerMaterialTest" time="0"/>
  <testcase name="usesDurability[383: LEASH]" classname="org.bukkit.PerMaterialTest" time="0"/>
  <testcase name="isOccluding[383: LEASH]" classname="org.bukkit.PerMaterialTest" time="0"/>
  <testcase name="isRecord[383: LEASH]" classname="org.bukkit.PerMaterialTest" time="0"/>
  <testcase name="isFlammable[383: LEASH]" classname="org.bukkit.PerMaterialTest" time="0"/>
  <testcase name="maxStackSize[383: LEASH]" classname="org.bukkit.PerMaterialTest" time="0"/>
  <testcase name="isTransparent[383: LEASH]" classname="org.bukkit.PerMaterialTest" time="0"/>
  <testcase name="isSolid[383: LEASH]" classname="org.bukkit.PerMaterialTest" time="0"/>
  <testcase name="hasGravity[384: NAME_TAG]" classname="org.bukkit.PerMaterialTest" time="0"/>
  <testcase name="isBurnable[384: NAME_TAG]" classname="org.bukkit.PerMaterialTest" time="0"/>
  <testcase name="isEdible[384: NAME_TAG]" classname="org.bukkit.PerMaterialTest" time="0"/>
  <testcase name="maxDurability[384: NAME_TAG]" classname="org.bukkit.PerMaterialTest" time="0"/>
  <testcase name="usesDurability[384: NAME_TAG]" classname="org.bukkit.PerMaterialTest" time="0"/>
  <testcase name="isOccluding[384: NAME_TAG]" classname="org.bukkit.PerMaterialTest" time="0"/>
  <testcase name="isRecord[384: NAME_TAG]" classname="org.bukkit.PerMaterialTest" time="0"/>
  <testcase name="isFlammable[384: NAME_TAG]" classname="org.bukkit.PerMaterialTest" time="0"/>
  <testcase name="maxStackSize[384: NAME_TAG]" classname="org.bukkit.PerMaterialTest" time="0"/>
  <testcase name="isTransparent[384: NAME_TAG]" classname="org.bukkit.PerMaterialTest" time="0"/>
  <testcase name="isSolid[384: NAME_TAG]" classname="org.bukkit.PerMaterialTest" time="0"/>
  <testcase name="hasGravity[385: COMMAND_MINECART]" classname="org.bukkit.PerMaterialTest" time="0"/>
  <testcase name="isBurnable[385: COMMAND_MINECART]" classname="org.bukkit.PerMaterialTest" time="0"/>
  <testcase name="isEdible[385: COMMAND_MINECART]" classname="org.bukkit.PerMaterialTest" time="0"/>
  <testcase name="maxDurability[385: COMMAND_MINECART]" classname="org.bukkit.PerMaterialTest" time="0"/>
  <testcase name="usesDurability[385: COMMAND_MINECART]" classname="org.bukkit.PerMaterialTest" time="0"/>
  <testcase name="isOccluding[385: COMMAND_MINECART]" classname="org.bukkit.PerMaterialTest" time="0"/>
  <testcase name="isRecord[385: COMMAND_MINECART]" classname="org.bukkit.PerMaterialTest" time="0"/>
  <testcase name="isFlammable[385: COMMAND_MINECART]" classname="org.bukkit.PerMaterialTest" time="0"/>
  <testcase name="maxStackSize[385: COMMAND_MINECART]" classname="org.bukkit.PerMaterialTest" time="0"/>
  <testcase name="isTransparent[385: COMMAND_MINECART]" classname="org.bukkit.PerMaterialTest" time="0"/>
  <testcase name="isSolid[385: COMMAND_MINECART]" classname="org.bukkit.PerMaterialTest" time="0"/>
  <testcase name="hasGravity[386: MUTTON]" classname="org.bukkit.PerMaterialTest" time="0"/>
  <testcase name="isBurnable[386: MUTTON]" classname="org.bukkit.PerMaterialTest" time="0"/>
  <testcase name="isEdible[386: MUTTON]" classname="org.bukkit.PerMaterialTest" time="0"/>
  <testcase name="maxDurability[386: MUTTON]" classname="org.bukkit.PerMaterialTest" time="0"/>
  <testcase name="usesDurability[386: MUTTON]" classname="org.bukkit.PerMaterialTest" time="0"/>
  <testcase name="isOccluding[386: MUTTON]" classname="org.bukkit.PerMaterialTest" time="0"/>
  <testcase name="isRecord[386: MUTTON]" classname="org.bukkit.PerMaterialTest" time="0"/>
  <testcase name="isFlammable[386: MUTTON]" classname="org.bukkit.PerMaterialTest" time="0"/>
  <testcase name="maxStackSize[386: MUTTON]" classname="org.bukkit.PerMaterialTest" time="0"/>
  <testcase name="isTransparent[386: MUTTON]" classname="org.bukkit.PerMaterialTest" time="0"/>
  <testcase name="isSolid[386: MUTTON]" classname="org.bukkit.PerMaterialTest" time="0"/>
  <testcase name="hasGravity[387: COOKED_MUTTON]" classname="org.bukkit.PerMaterialTest" time="0"/>
  <testcase name="isBurnable[387: COOKED_MUTTON]" classname="org.bukkit.PerMaterialTest" time="0"/>
  <testcase name="isEdible[387: COOKED_MUTTON]" classname="org.bukkit.PerMaterialTest" time="0"/>
  <testcase name="maxDurability[387: COOKED_MUTTON]" classname="org.bukkit.PerMaterialTest" time="0"/>
  <testcase name="usesDurability[387: COOKED_MUTTON]" classname="org.bukkit.PerMaterialTest" time="0"/>
  <testcase name="isOccluding[387: COOKED_MUTTON]" classname="org.bukkit.PerMaterialTest" time="0"/>
  <testcase name="isRecord[387: COOKED_MUTTON]" classname="org.bukkit.PerMaterialTest" time="0"/>
  <testcase name="isFlammable[387: COOKED_MUTTON]" classname="org.bukkit.PerMaterialTest" time="0"/>
  <testcase name="maxStackSize[387: COOKED_MUTTON]" classname="org.bukkit.PerMaterialTest" time="0"/>
  <testcase name="isTransparent[387: COOKED_MUTTON]" classname="org.bukkit.PerMaterialTest" time="0"/>
  <testcase name="isSolid[387: COOKED_MUTTON]" classname="org.bukkit.PerMaterialTest" time="0"/>
  <testcase name="hasGravity[388: BANNER]" classname="org.bukkit.PerMaterialTest" time="0"/>
  <testcase name="isBurnable[388: BANNER]" classname="org.bukkit.PerMaterialTest" time="0"/>
  <testcase name="isEdible[388: BANNER]" classname="org.bukkit.PerMaterialTest" time="0"/>
  <testcase name="maxDurability[388: BANNER]" classname="org.bukkit.PerMaterialTest" time="0"/>
  <testcase name="usesDurability[388: BANNER]" classname="org.bukkit.PerMaterialTest" time="0"/>
  <testcase name="isOccluding[388: BANNER]" classname="org.bukkit.PerMaterialTest" time="0"/>
  <testcase name="isRecord[388: BANNER]" classname="org.bukkit.PerMaterialTest" time="0"/>
  <testcase name="isFlammable[388: BANNER]" classname="org.bukkit.PerMaterialTest" time="0"/>
  <testcase name="maxStackSize[388: BANNER]" classname="org.bukkit.PerMaterialTest" time="0"/>
  <testcase name="isTransparent[388: BANNER]" classname="org.bukkit.PerMaterialTest" time="0"/>
  <testcase name="isSolid[388: BANNER]" classname="org.bukkit.PerMaterialTest" time="0"/>
  <testcase name="hasGravity[389: END_CRYSTAL]" classname="org.bukkit.PerMaterialTest" time="0"/>
  <testcase name="isBurnable[389: END_CRYSTAL]" classname="org.bukkit.PerMaterialTest" time="0"/>
  <testcase name="isEdible[389: END_CRYSTAL]" classname="org.bukkit.PerMaterialTest" time="0"/>
  <testcase name="maxDurability[389: END_CRYSTAL]" classname="org.bukkit.PerMaterialTest" time="0"/>
  <testcase name="usesDurability[389: END_CRYSTAL]" classname="org.bukkit.PerMaterialTest" time="0.001"/>
  <testcase name="isOccluding[389: END_CRYSTAL]" classname="org.bukkit.PerMaterialTest" time="0"/>
  <testcase name="isRecord[389: END_CRYSTAL]" classname="org.bukkit.PerMaterialTest" time="0"/>
  <testcase name="isFlammable[389: END_CRYSTAL]" classname="org.bukkit.PerMaterialTest" time="0"/>
  <testcase name="maxStackSize[389: END_CRYSTAL]" classname="org.bukkit.PerMaterialTest" time="0"/>
  <testcase name="isTransparent[389: END_CRYSTAL]" classname="org.bukkit.PerMaterialTest" time="0"/>
  <testcase name="isSolid[389: END_CRYSTAL]" classname="org.bukkit.PerMaterialTest" time="0"/>
  <testcase name="hasGravity[390: SPRUCE_DOOR_ITEM]" classname="org.bukkit.PerMaterialTest" time="0"/>
  <testcase name="isBurnable[390: SPRUCE_DOOR_ITEM]" classname="org.bukkit.PerMaterialTest" time="0"/>
  <testcase name="isEdible[390: SPRUCE_DOOR_ITEM]" classname="org.bukkit.PerMaterialTest" time="0"/>
  <testcase name="maxDurability[390: SPRUCE_DOOR_ITEM]" classname="org.bukkit.PerMaterialTest" time="0"/>
  <testcase name="usesDurability[390: SPRUCE_DOOR_ITEM]" classname="org.bukkit.PerMaterialTest" time="0"/>
  <testcase name="isOccluding[390: SPRUCE_DOOR_ITEM]" classname="org.bukkit.PerMaterialTest" time="0"/>
  <testcase name="isRecord[390: SPRUCE_DOOR_ITEM]" classname="org.bukkit.PerMaterialTest" time="0"/>
  <testcase name="isFlammable[390: SPRUCE_DOOR_ITEM]" classname="org.bukkit.PerMaterialTest" time="0"/>
  <testcase name="maxStackSize[390: SPRUCE_DOOR_ITEM]" classname="org.bukkit.PerMaterialTest" time="0"/>
  <testcase name="isTransparent[390: SPRUCE_DOOR_ITEM]" classname="org.bukkit.PerMaterialTest" time="0"/>
  <testcase name="isSolid[390: SPRUCE_DOOR_ITEM]" classname="org.bukkit.PerMaterialTest" time="0"/>
  <testcase name="hasGravity[391: BIRCH_DOOR_ITEM]" classname="org.bukkit.PerMaterialTest" time="0"/>
  <testcase name="isBurnable[391: BIRCH_DOOR_ITEM]" classname="org.bukkit.PerMaterialTest" time="0"/>
  <testcase name="isEdible[391: BIRCH_DOOR_ITEM]" classname="org.bukkit.PerMaterialTest" time="0"/>
  <testcase name="maxDurability[391: BIRCH_DOOR_ITEM]" classname="org.bukkit.PerMaterialTest" time="0"/>
  <testcase name="usesDurability[391: BIRCH_DOOR_ITEM]" classname="org.bukkit.PerMaterialTest" time="0"/>
  <testcase name="isOccluding[391: BIRCH_DOOR_ITEM]" classname="org.bukkit.PerMaterialTest" time="0"/>
  <testcase name="isRecord[391: BIRCH_DOOR_ITEM]" classname="org.bukkit.PerMaterialTest" time="0"/>
  <testcase name="isFlammable[391: BIRCH_DOOR_ITEM]" classname="org.bukkit.PerMaterialTest" time="0"/>
  <testcase name="maxStackSize[391: BIRCH_DOOR_ITEM]" classname="org.bukkit.PerMaterialTest" time="0"/>
  <testcase name="isTransparent[391: BIRCH_DOOR_ITEM]" classname="org.bukkit.PerMaterialTest" time="0"/>
  <testcase name="isSolid[391: BIRCH_DOOR_ITEM]" classname="org.bukkit.PerMaterialTest" time="0"/>
  <testcase name="hasGravity[392: JUNGLE_DOOR_ITEM]" classname="org.bukkit.PerMaterialTest" time="0"/>
  <testcase name="isBurnable[392: JUNGLE_DOOR_ITEM]" classname="org.bukkit.PerMaterialTest" time="0"/>
  <testcase name="isEdible[392: JUNGLE_DOOR_ITEM]" classname="org.bukkit.PerMaterialTest" time="0"/>
  <testcase name="maxDurability[392: JUNGLE_DOOR_ITEM]" classname="org.bukkit.PerMaterialTest" time="0"/>
  <testcase name="usesDurability[392: JUNGLE_DOOR_ITEM]" classname="org.bukkit.PerMaterialTest" time="0"/>
  <testcase name="isOccluding[392: JUNGLE_DOOR_ITEM]" classname="org.bukkit.PerMaterialTest" time="0"/>
  <testcase name="isRecord[392: JUNGLE_DOOR_ITEM]" classname="org.bukkit.PerMaterialTest" time="0"/>
  <testcase name="isFlammable[392: JUNGLE_DOOR_ITEM]" classname="org.bukkit.PerMaterialTest" time="0"/>
  <testcase name="maxStackSize[392: JUNGLE_DOOR_ITEM]" classname="org.bukkit.PerMaterialTest" time="0"/>
  <testcase name="isTransparent[392: JUNGLE_DOOR_ITEM]" classname="org.bukkit.PerMaterialTest" time="0"/>
  <testcase name="isSolid[392: JUNGLE_DOOR_ITEM]" classname="org.bukkit.PerMaterialTest" time="0"/>
  <testcase name="hasGravity[393: ACACIA_DOOR_ITEM]" classname="org.bukkit.PerMaterialTest" time="0"/>
  <testcase name="isBurnable[393: ACACIA_DOOR_ITEM]" classname="org.bukkit.PerMaterialTest" time="0"/>
  <testcase name="isEdible[393: ACACIA_DOOR_ITEM]" classname="org.bukkit.PerMaterialTest" time="0"/>
  <testcase name="maxDurability[393: ACACIA_DOOR_ITEM]" classname="org.bukkit.PerMaterialTest" time="0"/>
  <testcase name="usesDurability[393: ACACIA_DOOR_ITEM]" classname="org.bukkit.PerMaterialTest" time="0"/>
  <testcase name="isOccluding[393: ACACIA_DOOR_ITEM]" classname="org.bukkit.PerMaterialTest" time="0"/>
  <testcase name="isRecord[393: ACACIA_DOOR_ITEM]" classname="org.bukkit.PerMaterialTest" time="0"/>
  <testcase name="isFlammable[393: ACACIA_DOOR_ITEM]" classname="org.bukkit.PerMaterialTest" time="0"/>
  <testcase name="maxStackSize[393: ACACIA_DOOR_ITEM]" classname="org.bukkit.PerMaterialTest" time="0"/>
  <testcase name="isTransparent[393: ACACIA_DOOR_ITEM]" classname="org.bukkit.PerMaterialTest" time="0"/>
  <testcase name="isSolid[393: ACACIA_DOOR_ITEM]" classname="org.bukkit.PerMaterialTest" time="0"/>
  <testcase name="hasGravity[394: DARK_OAK_DOOR_ITEM]" classname="org.bukkit.PerMaterialTest" time="0"/>
  <testcase name="isBurnable[394: DARK_OAK_DOOR_ITEM]" classname="org.bukkit.PerMaterialTest" time="0"/>
  <testcase name="isEdible[394: DARK_OAK_DOOR_ITEM]" classname="org.bukkit.PerMaterialTest" time="0"/>
  <testcase name="maxDurability[394: DARK_OAK_DOOR_ITEM]" classname="org.bukkit.PerMaterialTest" time="0"/>
  <testcase name="usesDurability[394: DARK_OAK_DOOR_ITEM]" classname="org.bukkit.PerMaterialTest" time="0"/>
  <testcase name="isOccluding[394: DARK_OAK_DOOR_ITEM]" classname="org.bukkit.PerMaterialTest" time="0"/>
  <testcase name="isRecord[394: DARK_OAK_DOOR_ITEM]" classname="org.bukkit.PerMaterialTest" time="0"/>
  <testcase name="isFlammable[394: DARK_OAK_DOOR_ITEM]" classname="org.bukkit.PerMaterialTest" time="0"/>
  <testcase name="maxStackSize[394: DARK_OAK_DOOR_ITEM]" classname="org.bukkit.PerMaterialTest" time="0"/>
  <testcase name="isTransparent[394: DARK_OAK_DOOR_ITEM]" classname="org.bukkit.PerMaterialTest" time="0"/>
  <testcase name="isSolid[394: DARK_OAK_DOOR_ITEM]" classname="org.bukkit.PerMaterialTest" time="0"/>
  <testcase name="hasGravity[395: CHORUS_FRUIT]" classname="org.bukkit.PerMaterialTest" time="0"/>
  <testcase name="isBurnable[395: CHORUS_FRUIT]" classname="org.bukkit.PerMaterialTest" time="0"/>
  <testcase name="isEdible[395: CHORUS_FRUIT]" classname="org.bukkit.PerMaterialTest" time="0"/>
  <testcase name="maxDurability[395: CHORUS_FRUIT]" classname="org.bukkit.PerMaterialTest" time="0"/>
  <testcase name="usesDurability[395: CHORUS_FRUIT]" classname="org.bukkit.PerMaterialTest" time="0"/>
  <testcase name="isOccluding[395: CHORUS_FRUIT]" classname="org.bukkit.PerMaterialTest" time="0"/>
  <testcase name="isRecord[395: CHORUS_FRUIT]" classname="org.bukkit.PerMaterialTest" time="0"/>
  <testcase name="isFlammable[395: CHORUS_FRUIT]" classname="org.bukkit.PerMaterialTest" time="0"/>
  <testcase name="maxStackSize[395: CHORUS_FRUIT]" classname="org.bukkit.PerMaterialTest" time="0"/>
  <testcase name="isTransparent[395: CHORUS_FRUIT]" classname="org.bukkit.PerMaterialTest" time="0"/>
  <testcase name="isSolid[395: CHORUS_FRUIT]" classname="org.bukkit.PerMaterialTest" time="0"/>
  <testcase name="hasGravity[396: CHORUS_FRUIT_POPPED]" classname="org.bukkit.PerMaterialTest" time="0"/>
  <testcase name="isBurnable[396: CHORUS_FRUIT_POPPED]" classname="org.bukkit.PerMaterialTest" time="0"/>
  <testcase name="isEdible[396: CHORUS_FRUIT_POPPED]" classname="org.bukkit.PerMaterialTest" time="0"/>
  <testcase name="maxDurability[396: CHORUS_FRUIT_POPPED]" classname="org.bukkit.PerMaterialTest" time="0"/>
  <testcase name="usesDurability[396: CHORUS_FRUIT_POPPED]" classname="org.bukkit.PerMaterialTest" time="0"/>
  <testcase name="isOccluding[396: CHORUS_FRUIT_POPPED]" classname="org.bukkit.PerMaterialTest" time="0"/>
  <testcase name="isRecord[396: CHORUS_FRUIT_POPPED]" classname="org.bukkit.PerMaterialTest" time="0"/>
  <testcase name="isFlammable[396: CHORUS_FRUIT_POPPED]" classname="org.bukkit.PerMaterialTest" time="0"/>
  <testcase name="maxStackSize[396: CHORUS_FRUIT_POPPED]" classname="org.bukkit.PerMaterialTest" time="0"/>
  <testcase name="isTransparent[396: CHORUS_FRUIT_POPPED]" classname="org.bukkit.PerMaterialTest" time="0"/>
  <testcase name="isSolid[396: CHORUS_FRUIT_POPPED]" classname="org.bukkit.PerMaterialTest" time="0"/>
  <testcase name="hasGravity[397: BEETROOT]" classname="org.bukkit.PerMaterialTest" time="0"/>
  <testcase name="isBurnable[397: BEETROOT]" classname="org.bukkit.PerMaterialTest" time="0"/>
  <testcase name="isEdible[397: BEETROOT]" classname="org.bukkit.PerMaterialTest" time="0"/>
  <testcase name="maxDurability[397: BEETROOT]" classname="org.bukkit.PerMaterialTest" time="0"/>
  <testcase name="usesDurability[397: BEETROOT]" classname="org.bukkit.PerMaterialTest" time="0"/>
  <testcase name="isOccluding[397: BEETROOT]" classname="org.bukkit.PerMaterialTest" time="0"/>
  <testcase name="isRecord[397: BEETROOT]" classname="org.bukkit.PerMaterialTest" time="0"/>
  <testcase name="isFlammable[397: BEETROOT]" classname="org.bukkit.PerMaterialTest" time="0"/>
  <testcase name="maxStackSize[397: BEETROOT]" classname="org.bukkit.PerMaterialTest" time="0"/>
  <testcase name="isTransparent[397: BEETROOT]" classname="org.bukkit.PerMaterialTest" time="0"/>
  <testcase name="isSolid[397: BEETROOT]" classname="org.bukkit.PerMaterialTest" time="0"/>
  <testcase name="hasGravity[398: BEETROOT_SEEDS]" classname="org.bukkit.PerMaterialTest" time="0"/>
  <testcase name="isBurnable[398: BEETROOT_SEEDS]" classname="org.bukkit.PerMaterialTest" time="0"/>
  <testcase name="isEdible[398: BEETROOT_SEEDS]" classname="org.bukkit.PerMaterialTest" time="0"/>
  <testcase name="maxDurability[398: BEETROOT_SEEDS]" classname="org.bukkit.PerMaterialTest" time="0"/>
  <testcase name="usesDurability[398: BEETROOT_SEEDS]" classname="org.bukkit.PerMaterialTest" time="0"/>
  <testcase name="isOccluding[398: BEETROOT_SEEDS]" classname="org.bukkit.PerMaterialTest" time="0"/>
  <testcase name="isRecord[398: BEETROOT_SEEDS]" classname="org.bukkit.PerMaterialTest" time="0"/>
  <testcase name="isFlammable[398: BEETROOT_SEEDS]" classname="org.bukkit.PerMaterialTest" time="0"/>
  <testcase name="maxStackSize[398: BEETROOT_SEEDS]" classname="org.bukkit.PerMaterialTest" time="0"/>
  <testcase name="isTransparent[398: BEETROOT_SEEDS]" classname="org.bukkit.PerMaterialTest" time="0"/>
  <testcase name="isSolid[398: BEETROOT_SEEDS]" classname="org.bukkit.PerMaterialTest" time="0"/>
  <testcase name="hasGravity[399: BEETROOT_SOUP]" classname="org.bukkit.PerMaterialTest" time="0"/>
  <testcase name="isBurnable[399: BEETROOT_SOUP]" classname="org.bukkit.PerMaterialTest" time="0"/>
  <testcase name="isEdible[399: BEETROOT_SOUP]" classname="org.bukkit.PerMaterialTest" time="0"/>
  <testcase name="maxDurability[399: BEETROOT_SOUP]" classname="org.bukkit.PerMaterialTest" time="0"/>
  <testcase name="usesDurability[399: BEETROOT_SOUP]" classname="org.bukkit.PerMaterialTest" time="0"/>
  <testcase name="isOccluding[399: BEETROOT_SOUP]" classname="org.bukkit.PerMaterialTest" time="0"/>
  <testcase name="isRecord[399: BEETROOT_SOUP]" classname="org.bukkit.PerMaterialTest" time="0"/>
  <testcase name="isFlammable[399: BEETROOT_SOUP]" classname="org.bukkit.PerMaterialTest" time="0"/>
  <testcase name="maxStackSize[399: BEETROOT_SOUP]" classname="org.bukkit.PerMaterialTest" time="0"/>
  <testcase name="isTransparent[399: BEETROOT_SOUP]" classname="org.bukkit.PerMaterialTest" time="0"/>
  <testcase name="isSolid[399: BEETROOT_SOUP]" classname="org.bukkit.PerMaterialTest" time="0"/>
  <testcase name="hasGravity[400: DRAGONS_BREATH]" classname="org.bukkit.PerMaterialTest" time="0"/>
  <testcase name="isBurnable[400: DRAGONS_BREATH]" classname="org.bukkit.PerMaterialTest" time="0"/>
  <testcase name="isEdible[400: DRAGONS_BREATH]" classname="org.bukkit.PerMaterialTest" time="0"/>
  <testcase name="maxDurability[400: DRAGONS_BREATH]" classname="org.bukkit.PerMaterialTest" time="0"/>
  <testcase name="usesDurability[400: DRAGONS_BREATH]" classname="org.bukkit.PerMaterialTest" time="0"/>
  <testcase name="isOccluding[400: DRAGONS_BREATH]" classname="org.bukkit.PerMaterialTest" time="0"/>
  <testcase name="isRecord[400: DRAGONS_BREATH]" classname="org.bukkit.PerMaterialTest" time="0"/>
  <testcase name="isFlammable[400: DRAGONS_BREATH]" classname="org.bukkit.PerMaterialTest" time="0"/>
  <testcase name="maxStackSize[400: DRAGONS_BREATH]" classname="org.bukkit.PerMaterialTest" time="0"/>
  <testcase name="isTransparent[400: DRAGONS_BREATH]" classname="org.bukkit.PerMaterialTest" time="0"/>
  <testcase name="isSolid[400: DRAGONS_BREATH]" classname="org.bukkit.PerMaterialTest" time="0"/>
  <testcase name="hasGravity[401: SPLASH_POTION]" classname="org.bukkit.PerMaterialTest" time="0"/>
  <testcase name="isBurnable[401: SPLASH_POTION]" classname="org.bukkit.PerMaterialTest" time="0"/>
  <testcase name="isEdible[401: SPLASH_POTION]" classname="org.bukkit.PerMaterialTest" time="0"/>
  <testcase name="maxDurability[401: SPLASH_POTION]" classname="org.bukkit.PerMaterialTest" time="0"/>
  <testcase name="usesDurability[401: SPLASH_POTION]" classname="org.bukkit.PerMaterialTest" time="0"/>
  <testcase name="isOccluding[401: SPLASH_POTION]" classname="org.bukkit.PerMaterialTest" time="0"/>
  <testcase name="isRecord[401: SPLASH_POTION]" classname="org.bukkit.PerMaterialTest" time="0"/>
  <testcase name="isFlammable[401: SPLASH_POTION]" classname="org.bukkit.PerMaterialTest" time="0"/>
  <testcase name="maxStackSize[401: SPLASH_POTION]" classname="org.bukkit.PerMaterialTest" time="0"/>
  <testcase name="isTransparent[401: SPLASH_POTION]" classname="org.bukkit.PerMaterialTest" time="0"/>
  <testcase name="isSolid[401: SPLASH_POTION]" classname="org.bukkit.PerMaterialTest" time="0"/>
  <testcase name="hasGravity[402: SPECTRAL_ARROW]" classname="org.bukkit.PerMaterialTest" time="0"/>
  <testcase name="isBurnable[402: SPECTRAL_ARROW]" classname="org.bukkit.PerMaterialTest" time="0"/>
  <testcase name="isEdible[402: SPECTRAL_ARROW]" classname="org.bukkit.PerMaterialTest" time="0"/>
  <testcase name="maxDurability[402: SPECTRAL_ARROW]" classname="org.bukkit.PerMaterialTest" time="0"/>
  <testcase name="usesDurability[402: SPECTRAL_ARROW]" classname="org.bukkit.PerMaterialTest" time="0"/>
  <testcase name="isOccluding[402: SPECTRAL_ARROW]" classname="org.bukkit.PerMaterialTest" time="0"/>
  <testcase name="isRecord[402: SPECTRAL_ARROW]" classname="org.bukkit.PerMaterialTest" time="0"/>
  <testcase name="isFlammable[402: SPECTRAL_ARROW]" classname="org.bukkit.PerMaterialTest" time="0"/>
  <testcase name="maxStackSize[402: SPECTRAL_ARROW]" classname="org.bukkit.PerMaterialTest" time="0"/>
  <testcase name="isTransparent[402: SPECTRAL_ARROW]" classname="org.bukkit.PerMaterialTest" time="0"/>
  <testcase name="isSolid[402: SPECTRAL_ARROW]" classname="org.bukkit.PerMaterialTest" time="0"/>
  <testcase name="hasGravity[403: TIPPED_ARROW]" classname="org.bukkit.PerMaterialTest" time="0"/>
  <testcase name="isBurnable[403: TIPPED_ARROW]" classname="org.bukkit.PerMaterialTest" time="0"/>
  <testcase name="isEdible[403: TIPPED_ARROW]" classname="org.bukkit.PerMaterialTest" time="0"/>
  <testcase name="maxDurability[403: TIPPED_ARROW]" classname="org.bukkit.PerMaterialTest" time="0"/>
  <testcase name="usesDurability[403: TIPPED_ARROW]" classname="org.bukkit.PerMaterialTest" time="0"/>
  <testcase name="isOccluding[403: TIPPED_ARROW]" classname="org.bukkit.PerMaterialTest" time="0"/>
  <testcase name="isRecord[403: TIPPED_ARROW]" classname="org.bukkit.PerMaterialTest" time="0"/>
  <testcase name="isFlammable[403: TIPPED_ARROW]" classname="org.bukkit.PerMaterialTest" time="0"/>
  <testcase name="maxStackSize[403: TIPPED_ARROW]" classname="org.bukkit.PerMaterialTest" time="0.001"/>
  <testcase name="isTransparent[403: TIPPED_ARROW]" classname="org.bukkit.PerMaterialTest" time="0"/>
  <testcase name="isSolid[403: TIPPED_ARROW]" classname="org.bukkit.PerMaterialTest" time="0"/>
  <testcase name="hasGravity[404: LINGERING_POTION]" classname="org.bukkit.PerMaterialTest" time="0"/>
  <testcase name="isBurnable[404: LINGERING_POTION]" classname="org.bukkit.PerMaterialTest" time="0"/>
  <testcase name="isEdible[404: LINGERING_POTION]" classname="org.bukkit.PerMaterialTest" time="0"/>
  <testcase name="maxDurability[404: LINGERING_POTION]" classname="org.bukkit.PerMaterialTest" time="0"/>
  <testcase name="usesDurability[404: LINGERING_POTION]" classname="org.bukkit.PerMaterialTest" time="0"/>
  <testcase name="isOccluding[404: LINGERING_POTION]" classname="org.bukkit.PerMaterialTest" time="0"/>
  <testcase name="isRecord[404: LINGERING_POTION]" classname="org.bukkit.PerMaterialTest" time="0"/>
  <testcase name="isFlammable[404: LINGERING_POTION]" classname="org.bukkit.PerMaterialTest" time="0"/>
  <testcase name="maxStackSize[404: LINGERING_POTION]" classname="org.bukkit.PerMaterialTest" time="0"/>
  <testcase name="isTransparent[404: LINGERING_POTION]" classname="org.bukkit.PerMaterialTest" time="0"/>
  <testcase name="isSolid[404: LINGERING_POTION]" classname="org.bukkit.PerMaterialTest" time="0"/>
  <testcase name="hasGravity[405: SHIELD]" classname="org.bukkit.PerMaterialTest" time="0"/>
  <testcase name="isBurnable[405: SHIELD]" classname="org.bukkit.PerMaterialTest" time="0"/>
  <testcase name="isEdible[405: SHIELD]" classname="org.bukkit.PerMaterialTest" time="0"/>
  <testcase name="maxDurability[405: SHIELD]" classname="org.bukkit.PerMaterialTest" time="0"/>
  <testcase name="usesDurability[405: SHIELD]" classname="org.bukkit.PerMaterialTest" time="0"/>
  <testcase name="isOccluding[405: SHIELD]" classname="org.bukkit.PerMaterialTest" time="0"/>
  <testcase name="isRecord[405: SHIELD]" classname="org.bukkit.PerMaterialTest" time="0"/>
  <testcase name="isFlammable[405: SHIELD]" classname="org.bukkit.PerMaterialTest" time="0"/>
  <testcase name="maxStackSize[405: SHIELD]" classname="org.bukkit.PerMaterialTest" time="0"/>
  <testcase name="isTransparent[405: SHIELD]" classname="org.bukkit.PerMaterialTest" time="0"/>
  <testcase name="isSolid[405: SHIELD]" classname="org.bukkit.PerMaterialTest" time="0"/>
  <testcase name="hasGravity[406: ELYTRA]" classname="org.bukkit.PerMaterialTest" time="0"/>
  <testcase name="isBurnable[406: ELYTRA]" classname="org.bukkit.PerMaterialTest" time="0"/>
  <testcase name="isEdible[406: ELYTRA]" classname="org.bukkit.PerMaterialTest" time="0"/>
  <testcase name="maxDurability[406: ELYTRA]" classname="org.bukkit.PerMaterialTest" time="0"/>
  <testcase name="usesDurability[406: ELYTRA]" classname="org.bukkit.PerMaterialTest" time="0"/>
  <testcase name="isOccluding[406: ELYTRA]" classname="org.bukkit.PerMaterialTest" time="0"/>
  <testcase name="isRecord[406: ELYTRA]" classname="org.bukkit.PerMaterialTest" time="0"/>
  <testcase name="isFlammable[406: ELYTRA]" classname="org.bukkit.PerMaterialTest" time="0"/>
  <testcase name="maxStackSize[406: ELYTRA]" classname="org.bukkit.PerMaterialTest" time="0"/>
  <testcase name="isTransparent[406: ELYTRA]" classname="org.bukkit.PerMaterialTest" time="0"/>
  <testcase name="isSolid[406: ELYTRA]" classname="org.bukkit.PerMaterialTest" time="0"/>
  <testcase name="hasGravity[407: BOAT_SPRUCE]" classname="org.bukkit.PerMaterialTest" time="0"/>
  <testcase name="isBurnable[407: BOAT_SPRUCE]" classname="org.bukkit.PerMaterialTest" time="0"/>
  <testcase name="isEdible[407: BOAT_SPRUCE]" classname="org.bukkit.PerMaterialTest" time="0"/>
  <testcase name="maxDurability[407: BOAT_SPRUCE]" classname="org.bukkit.PerMaterialTest" time="0"/>
  <testcase name="usesDurability[407: BOAT_SPRUCE]" classname="org.bukkit.PerMaterialTest" time="0"/>
  <testcase name="isOccluding[407: BOAT_SPRUCE]" classname="org.bukkit.PerMaterialTest" time="0"/>
  <testcase name="isRecord[407: BOAT_SPRUCE]" classname="org.bukkit.PerMaterialTest" time="0"/>
  <testcase name="isFlammable[407: BOAT_SPRUCE]" classname="org.bukkit.PerMaterialTest" time="0"/>
  <testcase name="maxStackSize[407: BOAT_SPRUCE]" classname="org.bukkit.PerMaterialTest" time="0"/>
  <testcase name="isTransparent[407: BOAT_SPRUCE]" classname="org.bukkit.PerMaterialTest" time="0"/>
  <testcase name="isSolid[407: BOAT_SPRUCE]" classname="org.bukkit.PerMaterialTest" time="0"/>
  <testcase name="hasGravity[408: BOAT_BIRCH]" classname="org.bukkit.PerMaterialTest" time="0"/>
  <testcase name="isBurnable[408: BOAT_BIRCH]" classname="org.bukkit.PerMaterialTest" time="0"/>
  <testcase name="isEdible[408: BOAT_BIRCH]" classname="org.bukkit.PerMaterialTest" time="0"/>
  <testcase name="maxDurability[408: BOAT_BIRCH]" classname="org.bukkit.PerMaterialTest" time="0"/>
  <testcase name="usesDurability[408: BOAT_BIRCH]" classname="org.bukkit.PerMaterialTest" time="0"/>
  <testcase name="isOccluding[408: BOAT_BIRCH]" classname="org.bukkit.PerMaterialTest" time="0"/>
  <testcase name="isRecord[408: BOAT_BIRCH]" classname="org.bukkit.PerMaterialTest" time="0"/>
  <testcase name="isFlammable[408: BOAT_BIRCH]" classname="org.bukkit.PerMaterialTest" time="0"/>
  <testcase name="maxStackSize[408: BOAT_BIRCH]" classname="org.bukkit.PerMaterialTest" time="0"/>
  <testcase name="isTransparent[408: BOAT_BIRCH]" classname="org.bukkit.PerMaterialTest" time="0"/>
  <testcase name="isSolid[408: BOAT_BIRCH]" classname="org.bukkit.PerMaterialTest" time="0"/>
  <testcase name="hasGravity[409: BOAT_JUNGLE]" classname="org.bukkit.PerMaterialTest" time="0"/>
  <testcase name="isBurnable[409: BOAT_JUNGLE]" classname="org.bukkit.PerMaterialTest" time="0"/>
  <testcase name="isEdible[409: BOAT_JUNGLE]" classname="org.bukkit.PerMaterialTest" time="0"/>
  <testcase name="maxDurability[409: BOAT_JUNGLE]" classname="org.bukkit.PerMaterialTest" time="0"/>
  <testcase name="usesDurability[409: BOAT_JUNGLE]" classname="org.bukkit.PerMaterialTest" time="0"/>
  <testcase name="isOccluding[409: BOAT_JUNGLE]" classname="org.bukkit.PerMaterialTest" time="0"/>
  <testcase name="isRecord[409: BOAT_JUNGLE]" classname="org.bukkit.PerMaterialTest" time="0"/>
  <testcase name="isFlammable[409: BOAT_JUNGLE]" classname="org.bukkit.PerMaterialTest" time="0"/>
  <testcase name="maxStackSize[409: BOAT_JUNGLE]" classname="org.bukkit.PerMaterialTest" time="0"/>
  <testcase name="isTransparent[409: BOAT_JUNGLE]" classname="org.bukkit.PerMaterialTest" time="0"/>
  <testcase name="isSolid[409: BOAT_JUNGLE]" classname="org.bukkit.PerMaterialTest" time="0"/>
  <testcase name="hasGravity[410: BOAT_ACACIA]" classname="org.bukkit.PerMaterialTest" time="0"/>
  <testcase name="isBurnable[410: BOAT_ACACIA]" classname="org.bukkit.PerMaterialTest" time="0"/>
  <testcase name="isEdible[410: BOAT_ACACIA]" classname="org.bukkit.PerMaterialTest" time="0"/>
  <testcase name="maxDurability[410: BOAT_ACACIA]" classname="org.bukkit.PerMaterialTest" time="0"/>
  <testcase name="usesDurability[410: BOAT_ACACIA]" classname="org.bukkit.PerMaterialTest" time="0.001"/>
  <testcase name="isOccluding[410: BOAT_ACACIA]" classname="org.bukkit.PerMaterialTest" time="0"/>
  <testcase name="isRecord[410: BOAT_ACACIA]" classname="org.bukkit.PerMaterialTest" time="0"/>
  <testcase name="isFlammable[410: BOAT_ACACIA]" classname="org.bukkit.PerMaterialTest" time="0"/>
  <testcase name="maxStackSize[410: BOAT_ACACIA]" classname="org.bukkit.PerMaterialTest" time="0"/>
  <testcase name="isTransparent[410: BOAT_ACACIA]" classname="org.bukkit.PerMaterialTest" time="0"/>
  <testcase name="isSolid[410: BOAT_ACACIA]" classname="org.bukkit.PerMaterialTest" time="0"/>
  <testcase name="hasGravity[411: BOAT_DARK_OAK]" classname="org.bukkit.PerMaterialTest" time="0"/>
  <testcase name="isBurnable[411: BOAT_DARK_OAK]" classname="org.bukkit.PerMaterialTest" time="0"/>
  <testcase name="isEdible[411: BOAT_DARK_OAK]" classname="org.bukkit.PerMaterialTest" time="0"/>
  <testcase name="maxDurability[411: BOAT_DARK_OAK]" classname="org.bukkit.PerMaterialTest" time="0"/>
  <testcase name="usesDurability[411: BOAT_DARK_OAK]" classname="org.bukkit.PerMaterialTest" time="0"/>
  <testcase name="isOccluding[411: BOAT_DARK_OAK]" classname="org.bukkit.PerMaterialTest" time="0"/>
  <testcase name="isRecord[411: BOAT_DARK_OAK]" classname="org.bukkit.PerMaterialTest" time="0"/>
  <testcase name="isFlammable[411: BOAT_DARK_OAK]" classname="org.bukkit.PerMaterialTest" time="0"/>
  <testcase name="maxStackSize[411: BOAT_DARK_OAK]" classname="org.bukkit.PerMaterialTest" time="0.003"/>
  <testcase name="isTransparent[411: BOAT_DARK_OAK]" classname="org.bukkit.PerMaterialTest" time="0"/>
  <testcase name="isSolid[411: BOAT_DARK_OAK]" classname="org.bukkit.PerMaterialTest" time="0"/>
  <testcase name="hasGravity[412: GOLD_RECORD]" classname="org.bukkit.PerMaterialTest" time="0"/>
  <testcase name="isBurnable[412: GOLD_RECORD]" classname="org.bukkit.PerMaterialTest" time="0"/>
  <testcase name="isEdible[412: GOLD_RECORD]" classname="org.bukkit.PerMaterialTest" time="0"/>
  <testcase name="maxDurability[412: GOLD_RECORD]" classname="org.bukkit.PerMaterialTest" time="0"/>
  <testcase name="usesDurability[412: GOLD_RECORD]" classname="org.bukkit.PerMaterialTest" time="0"/>
  <testcase name="isOccluding[412: GOLD_RECORD]" classname="org.bukkit.PerMaterialTest" time="0"/>
  <testcase name="isRecord[412: GOLD_RECORD]" classname="org.bukkit.PerMaterialTest" time="0"/>
  <testcase name="isFlammable[412: GOLD_RECORD]" classname="org.bukkit.PerMaterialTest" time="0"/>
  <testcase name="maxStackSize[412: GOLD_RECORD]" classname="org.bukkit.PerMaterialTest" time="0"/>
  <testcase name="isTransparent[412: GOLD_RECORD]" classname="org.bukkit.PerMaterialTest" time="0"/>
  <testcase name="isSolid[412: GOLD_RECORD]" classname="org.bukkit.PerMaterialTest" time="0"/>
  <testcase name="hasGravity[413: GREEN_RECORD]" classname="org.bukkit.PerMaterialTest" time="0"/>
  <testcase name="isBurnable[413: GREEN_RECORD]" classname="org.bukkit.PerMaterialTest" time="0"/>
  <testcase name="isEdible[413: GREEN_RECORD]" classname="org.bukkit.PerMaterialTest" time="0"/>
  <testcase name="maxDurability[413: GREEN_RECORD]" classname="org.bukkit.PerMaterialTest" time="0"/>
  <testcase name="usesDurability[413: GREEN_RECORD]" classname="org.bukkit.PerMaterialTest" time="0"/>
  <testcase name="isOccluding[413: GREEN_RECORD]" classname="org.bukkit.PerMaterialTest" time="0"/>
  <testcase name="isRecord[413: GREEN_RECORD]" classname="org.bukkit.PerMaterialTest" time="0"/>
  <testcase name="isFlammable[413: GREEN_RECORD]" classname="org.bukkit.PerMaterialTest" time="0"/>
  <testcase name="maxStackSize[413: GREEN_RECORD]" classname="org.bukkit.PerMaterialTest" time="0"/>
  <testcase name="isTransparent[413: GREEN_RECORD]" classname="org.bukkit.PerMaterialTest" time="0"/>
  <testcase name="isSolid[413: GREEN_RECORD]" classname="org.bukkit.PerMaterialTest" time="0"/>
  <testcase name="hasGravity[414: RECORD_3]" classname="org.bukkit.PerMaterialTest" time="0"/>
  <testcase name="isBurnable[414: RECORD_3]" classname="org.bukkit.PerMaterialTest" time="0"/>
  <testcase name="isEdible[414: RECORD_3]" classname="org.bukkit.PerMaterialTest" time="0"/>
  <testcase name="maxDurability[414: RECORD_3]" classname="org.bukkit.PerMaterialTest" time="0"/>
  <testcase name="usesDurability[414: RECORD_3]" classname="org.bukkit.PerMaterialTest" time="0"/>
  <testcase name="isOccluding[414: RECORD_3]" classname="org.bukkit.PerMaterialTest" time="0"/>
  <testcase name="isRecord[414: RECORD_3]" classname="org.bukkit.PerMaterialTest" time="0"/>
  <testcase name="isFlammable[414: RECORD_3]" classname="org.bukkit.PerMaterialTest" time="0"/>
  <testcase name="maxStackSize[414: RECORD_3]" classname="org.bukkit.PerMaterialTest" time="0"/>
  <testcase name="isTransparent[414: RECORD_3]" classname="org.bukkit.PerMaterialTest" time="0"/>
  <testcase name="isSolid[414: RECORD_3]" classname="org.bukkit.PerMaterialTest" time="0"/>
  <testcase name="hasGravity[415: RECORD_4]" classname="org.bukkit.PerMaterialTest" time="0"/>
  <testcase name="isBurnable[415: RECORD_4]" classname="org.bukkit.PerMaterialTest" time="0"/>
  <testcase name="isEdible[415: RECORD_4]" classname="org.bukkit.PerMaterialTest" time="0"/>
  <testcase name="maxDurability[415: RECORD_4]" classname="org.bukkit.PerMaterialTest" time="0"/>
  <testcase name="usesDurability[415: RECORD_4]" classname="org.bukkit.PerMaterialTest" time="0"/>
  <testcase name="isOccluding[415: RECORD_4]" classname="org.bukkit.PerMaterialTest" time="0"/>
  <testcase name="isRecord[415: RECORD_4]" classname="org.bukkit.PerMaterialTest" time="0"/>
  <testcase name="isFlammable[415: RECORD_4]" classname="org.bukkit.PerMaterialTest" time="0"/>
  <testcase name="maxStackSize[415: RECORD_4]" classname="org.bukkit.PerMaterialTest" time="0"/>
  <testcase name="isTransparent[415: RECORD_4]" classname="org.bukkit.PerMaterialTest" time="0"/>
  <testcase name="isSolid[415: RECORD_4]" classname="org.bukkit.PerMaterialTest" time="0"/>
  <testcase name="hasGravity[416: RECORD_5]" classname="org.bukkit.PerMaterialTest" time="0"/>
  <testcase name="isBurnable[416: RECORD_5]" classname="org.bukkit.PerMaterialTest" time="0"/>
  <testcase name="isEdible[416: RECORD_5]" classname="org.bukkit.PerMaterialTest" time="0"/>
  <testcase name="maxDurability[416: RECORD_5]" classname="org.bukkit.PerMaterialTest" time="0"/>
  <testcase name="usesDurability[416: RECORD_5]" classname="org.bukkit.PerMaterialTest" time="0"/>
  <testcase name="isOccluding[416: RECORD_5]" classname="org.bukkit.PerMaterialTest" time="0"/>
  <testcase name="isRecord[416: RECORD_5]" classname="org.bukkit.PerMaterialTest" time="0"/>
  <testcase name="isFlammable[416: RECORD_5]" classname="org.bukkit.PerMaterialTest" time="0"/>
  <testcase name="maxStackSize[416: RECORD_5]" classname="org.bukkit.PerMaterialTest" time="0"/>
  <testcase name="isTransparent[416: RECORD_5]" classname="org.bukkit.PerMaterialTest" time="0"/>
  <testcase name="isSolid[416: RECORD_5]" classname="org.bukkit.PerMaterialTest" time="0.001"/>
  <testcase name="hasGravity[417: RECORD_6]" classname="org.bukkit.PerMaterialTest" time="0"/>
  <testcase name="isBurnable[417: RECORD_6]" classname="org.bukkit.PerMaterialTest" time="0"/>
  <testcase name="isEdible[417: RECORD_6]" classname="org.bukkit.PerMaterialTest" time="0"/>
  <testcase name="maxDurability[417: RECORD_6]" classname="org.bukkit.PerMaterialTest" time="0"/>
  <testcase name="usesDurability[417: RECORD_6]" classname="org.bukkit.PerMaterialTest" time="0"/>
  <testcase name="isOccluding[417: RECORD_6]" classname="org.bukkit.PerMaterialTest" time="0"/>
  <testcase name="isRecord[417: RECORD_6]" classname="org.bukkit.PerMaterialTest" time="0"/>
  <testcase name="isFlammable[417: RECORD_6]" classname="org.bukkit.PerMaterialTest" time="0"/>
  <testcase name="maxStackSize[417: RECORD_6]" classname="org.bukkit.PerMaterialTest" time="0"/>
  <testcase name="isTransparent[417: RECORD_6]" classname="org.bukkit.PerMaterialTest" time="0"/>
  <testcase name="isSolid[417: RECORD_6]" classname="org.bukkit.PerMaterialTest" time="0"/>
  <testcase name="hasGravity[418: RECORD_7]" classname="org.bukkit.PerMaterialTest" time="0"/>
  <testcase name="isBurnable[418: RECORD_7]" classname="org.bukkit.PerMaterialTest" time="0"/>
  <testcase name="isEdible[418: RECORD_7]" classname="org.bukkit.PerMaterialTest" time="0"/>
  <testcase name="maxDurability[418: RECORD_7]" classname="org.bukkit.PerMaterialTest" time="0"/>
  <testcase name="usesDurability[418: RECORD_7]" classname="org.bukkit.PerMaterialTest" time="0"/>
  <testcase name="isOccluding[418: RECORD_7]" classname="org.bukkit.PerMaterialTest" time="0"/>
  <testcase name="isRecord[418: RECORD_7]" classname="org.bukkit.PerMaterialTest" time="0"/>
  <testcase name="isFlammable[418: RECORD_7]" classname="org.bukkit.PerMaterialTest" time="0"/>
  <testcase name="maxStackSize[418: RECORD_7]" classname="org.bukkit.PerMaterialTest" time="0"/>
  <testcase name="isTransparent[418: RECORD_7]" classname="org.bukkit.PerMaterialTest" time="0"/>
  <testcase name="isSolid[418: RECORD_7]" classname="org.bukkit.PerMaterialTest" time="0"/>
  <testcase name="hasGravity[419: RECORD_8]" classname="org.bukkit.PerMaterialTest" time="0"/>
  <testcase name="isBurnable[419: RECORD_8]" classname="org.bukkit.PerMaterialTest" time="0"/>
  <testcase name="isEdible[419: RECORD_8]" classname="org.bukkit.PerMaterialTest" time="0"/>
  <testcase name="maxDurability[419: RECORD_8]" classname="org.bukkit.PerMaterialTest" time="0"/>
  <testcase name="usesDurability[419: RECORD_8]" classname="org.bukkit.PerMaterialTest" time="0"/>
  <testcase name="isOccluding[419: RECORD_8]" classname="org.bukkit.PerMaterialTest" time="0"/>
  <testcase name="isRecord[419: RECORD_8]" classname="org.bukkit.PerMaterialTest" time="0"/>
  <testcase name="isFlammable[419: RECORD_8]" classname="org.bukkit.PerMaterialTest" time="0"/>
  <testcase name="maxStackSize[419: RECORD_8]" classname="org.bukkit.PerMaterialTest" time="0"/>
  <testcase name="isTransparent[419: RECORD_8]" classname="org.bukkit.PerMaterialTest" time="0"/>
  <testcase name="isSolid[419: RECORD_8]" classname="org.bukkit.PerMaterialTest" time="0"/>
  <testcase name="hasGravity[420: RECORD_9]" classname="org.bukkit.PerMaterialTest" time="0"/>
  <testcase name="isBurnable[420: RECORD_9]" classname="org.bukkit.PerMaterialTest" time="0"/>
  <testcase name="isEdible[420: RECORD_9]" classname="org.bukkit.PerMaterialTest" time="0"/>
  <testcase name="maxDurability[420: RECORD_9]" classname="org.bukkit.PerMaterialTest" time="0"/>
  <testcase name="usesDurability[420: RECORD_9]" classname="org.bukkit.PerMaterialTest" time="0"/>
  <testcase name="isOccluding[420: RECORD_9]" classname="org.bukkit.PerMaterialTest" time="0"/>
  <testcase name="isRecord[420: RECORD_9]" classname="org.bukkit.PerMaterialTest" time="0"/>
  <testcase name="isFlammable[420: RECORD_9]" classname="org.bukkit.PerMaterialTest" time="0"/>
  <testcase name="maxStackSize[420: RECORD_9]" classname="org.bukkit.PerMaterialTest" time="0"/>
  <testcase name="isTransparent[420: RECORD_9]" classname="org.bukkit.PerMaterialTest" time="0"/>
  <testcase name="isSolid[420: RECORD_9]" classname="org.bukkit.PerMaterialTest" time="0"/>
  <testcase name="hasGravity[421: RECORD_10]" classname="org.bukkit.PerMaterialTest" time="0"/>
  <testcase name="isBurnable[421: RECORD_10]" classname="org.bukkit.PerMaterialTest" time="0"/>
  <testcase name="isEdible[421: RECORD_10]" classname="org.bukkit.PerMaterialTest" time="0"/>
  <testcase name="maxDurability[421: RECORD_10]" classname="org.bukkit.PerMaterialTest" time="0"/>
  <testcase name="usesDurability[421: RECORD_10]" classname="org.bukkit.PerMaterialTest" time="0"/>
  <testcase name="isOccluding[421: RECORD_10]" classname="org.bukkit.PerMaterialTest" time="0"/>
  <testcase name="isRecord[421: RECORD_10]" classname="org.bukkit.PerMaterialTest" time="0"/>
  <testcase name="isFlammable[421: RECORD_10]" classname="org.bukkit.PerMaterialTest" time="0"/>
  <testcase name="maxStackSize[421: RECORD_10]" classname="org.bukkit.PerMaterialTest" time="0"/>
  <testcase name="isTransparent[421: RECORD_10]" classname="org.bukkit.PerMaterialTest" time="0"/>
  <testcase name="isSolid[421: RECORD_10]" classname="org.bukkit.PerMaterialTest" time="0"/>
  <testcase name="hasGravity[422: RECORD_11]" classname="org.bukkit.PerMaterialTest" time="0"/>
  <testcase name="isBurnable[422: RECORD_11]" classname="org.bukkit.PerMaterialTest" time="0"/>
  <testcase name="isEdible[422: RECORD_11]" classname="org.bukkit.PerMaterialTest" time="0"/>
  <testcase name="maxDurability[422: RECORD_11]" classname="org.bukkit.PerMaterialTest" time="0"/>
  <testcase name="usesDurability[422: RECORD_11]" classname="org.bukkit.PerMaterialTest" time="0"/>
  <testcase name="isOccluding[422: RECORD_11]" classname="org.bukkit.PerMaterialTest" time="0"/>
  <testcase name="isRecord[422: RECORD_11]" classname="org.bukkit.PerMaterialTest" time="0"/>
  <testcase name="isFlammable[422: RECORD_11]" classname="org.bukkit.PerMaterialTest" time="0"/>
  <testcase name="maxStackSize[422: RECORD_11]" classname="org.bukkit.PerMaterialTest" time="0"/>
  <testcase name="isTransparent[422: RECORD_11]" classname="org.bukkit.PerMaterialTest" time="0"/>
  <testcase name="isSolid[422: RECORD_11]" classname="org.bukkit.PerMaterialTest" time="0"/>
  <testcase name="hasGravity[423: RECORD_12]" classname="org.bukkit.PerMaterialTest" time="0"/>
  <testcase name="isBurnable[423: RECORD_12]" classname="org.bukkit.PerMaterialTest" time="0"/>
  <testcase name="isEdible[423: RECORD_12]" classname="org.bukkit.PerMaterialTest" time="0"/>
  <testcase name="maxDurability[423: RECORD_12]" classname="org.bukkit.PerMaterialTest" time="0"/>
  <testcase name="usesDurability[423: RECORD_12]" classname="org.bukkit.PerMaterialTest" time="0"/>
  <testcase name="isOccluding[423: RECORD_12]" classname="org.bukkit.PerMaterialTest" time="0"/>
  <testcase name="isRecord[423: RECORD_12]" classname="org.bukkit.PerMaterialTest" time="0"/>
  <testcase name="isFlammable[423: RECORD_12]" classname="org.bukkit.PerMaterialTest" time="0"/>
  <testcase name="maxStackSize[423: RECORD_12]" classname="org.bukkit.PerMaterialTest" time="0"/>
  <testcase name="isTransparent[423: RECORD_12]" classname="org.bukkit.PerMaterialTest" time="0"/>
  <testcase name="isSolid[423: RECORD_12]" classname="org.bukkit.PerMaterialTest" time="0"/>
</testsuite>