<?xml version="1.0" encoding="UTF-8"?>
<testsuite xmlns:xsi="http://www.w3.org/2001/XMLSchema-instance" xsi:schemaLocation="https://maven.apache.org/surefire/maven-surefire-plugin/xsd/surefire-test-report.xsd" name="org.bukkit.craftbukkit.inventory.FactoryItemMaterialTest" time="0.97" tests="1488" errors="0" skipped="0" failures="0">
  <properties>
    <property name="idea.version" value="2016.2.5"/>
    <property name="java.runtime.name" value="Java(TM) SE Runtime Environment"/>
    <property name="sun.boot.library.path" value="/Library/Java/JavaVirtualMachines/jdk1.8.0_40.jdk/Contents/Home/jre/lib"/>
    <property name="java.vm.version" value="25.40-b25"/>
    <property name="user.country.format" value="NZ"/>
    <property name="gopherProxySet" value="false"/>
    <property name="java.vm.vendor" value="Oracle Corporation"/>
    <property name="java.vendor.url" value="http://java.oracle.com/"/>
    <property name="path.separator" value=":"/>
    <property name="guice.disable.misplaced.annotation.check" value="true"/>
    <property name="java.vm.name" value="Java HotSpot(TM) 64-Bit Server VM"/>
    <property name="file.encoding.pkg" value="sun.io"/>
    <property name="idea.launcher.port" value="7532"/>
    <property name="user.country" value="US"/>
    <property name="sun.java.launcher" value="SUN_STANDARD"/>
    <property name="sun.os.patch.level" value="unknown"/>
    <property name="java.vm.specification.name" value="Java Virtual Machine Specification"/>
    <property name="user.dir" value="/Users/zhiyuanqi/Documents/Github/Java/Minecraft/Tribula Everything/Tribula/TribulaServerParent/TribulaServer"/>
    <property name="java.runtime.version" value="1.8.0_40-b27"/>
    <property name="java.awt.graphicsenv" value="sun.awt.CGraphicsEnvironment"/>
    <property name="java.endorsed.dirs" value="/Library/Java/JavaVirtualMachines/jdk1.8.0_40.jdk/Contents/Home/jre/lib/endorsed"/>
    <property name="os.arch" value="x86_64"/>
    <property name="java.io.tmpdir" value="/var/folders/m1/9y08_z153td2s0mqp0yxw0mr0000gn/T/"/>
    <property name="line.separator" value="&#10;"/>
    <property name="java.vm.specification.vendor" value="Oracle Corporation"/>
    <property name="os.name" value="Mac OS X"/>
    <property name="classworlds.conf" value="/Applications/IntelliJ IDEA.app/Contents/plugins/maven/lib/maven3/bin/m2.conf"/>
    <property name="sun.jnu.encoding" value="UTF-8"/>
    <property name="java.library.path" value="/Users/zhiyuanqi/Library/Java/Extensions:/Library/Java/Extensions:/Network/Library/Java/Extensions:/System/Library/Java/Extensions:/usr/lib/java:."/>
    <property name="java.specification.name" value="Java Platform API Specification"/>
    <property name="java.class.version" value="52.0"/>
    <property name="sun.management.compiler" value="HotSpot 64-Bit Tiered Compilers"/>
    <property name="os.version" value="10.12"/>
    <property name="http.nonProxyHosts" value="local|*.local|169.254/16|*.169.254/16"/>
    <property name="user.home" value="/Users/zhiyuanqi"/>
    <property name="user.timezone" value="Pacific/Auckland"/>
    <property name="java.awt.printerjob" value="sun.lwawt.macosx.CPrinterJob"/>
    <property name="java.specification.version" value="1.8"/>
    <property name="idea.launcher.bin.path" value="/Applications/IntelliJ IDEA.app/Contents/bin"/>
    <property name="file.encoding" value="UTF-8"/>
    <property name="user.name" value="zhiyuanqi"/>
    <property name="java.class.path" value="/Applications/IntelliJ IDEA.app/Contents/plugins/maven/lib/maven3/boot/plexus-classworlds-2.4.jar:/Applications/IntelliJ IDEA.app/Contents/lib/idea_rt.jar"/>
    <property name="java.vm.specification.version" value="1.8"/>
    <property name="sun.arch.data.model" value="64"/>
    <property name="java.home" value="/Library/Java/JavaVirtualMachines/jdk1.8.0_40.jdk/Contents/Home/jre"/>
    <property name="sun.java.command" value="com.intellij.rt.execution.application.AppMain org.codehaus.classworlds.Launcher -Didea.version=2016.2.5 install"/>
    <property name="java.specification.vendor" value="Oracle Corporation"/>
    <property name="user.language" value="en"/>
    <property name="awt.toolkit" value="sun.lwawt.macosx.LWCToolkit"/>
    <property name="java.vm.info" value="mixed mode"/>
    <property name="java.version" value="1.8.0_40"/>
    <property name="java.ext.dirs" value="/Users/zhiyuanqi/Library/Java/Extensions:/Library/Java/JavaVirtualMachines/jdk1.8.0_40.jdk/Contents/Home/jre/lib/ext:/Library/Java/Extensions:/Network/Library/Java/Extensions:/System/Library/Java/Extensions:/usr/lib/java"/>
    <property name="sun.boot.class.path" value="/Library/Java/JavaVirtualMachines/jdk1.8.0_40.jdk/Contents/Home/jre/lib/resources.jar:/Library/Java/JavaVirtualMachines/jdk1.8.0_40.jdk/Contents/Home/jre/lib/rt.jar:/Library/Java/JavaVirtualMachines/jdk1.8.0_40.jdk/Contents/Home/jre/lib/sunrsasign.jar:/Library/Java/JavaVirtualMachines/jdk1.8.0_40.jdk/Contents/Home/jre/lib/jsse.jar:/Library/Java/JavaVirtualMachines/jdk1.8.0_40.jdk/Contents/Home/jre/lib/jce.jar:/Library/Java/JavaVirtualMachines/jdk1.8.0_40.jdk/Contents/Home/jre/lib/charsets.jar:/Library/Java/JavaVirtualMachines/jdk1.8.0_40.jdk/Contents/Home/jre/lib/jfr.jar:/Library/Java/JavaVirtualMachines/jdk1.8.0_40.jdk/Contents/Home/jre/classes"/>
    <property name="java.vendor" value="Oracle Corporation"/>
    <property name="maven.home" value="/Applications/IntelliJ IDEA.app/Contents/plugins/maven/lib/maven3"/>
    <property name="file.separator" value="/"/>
    <property name="java.vendor.url.bug" value="http://bugreport.sun.com/bugreport/"/>
    <property name="sun.cpu.endian" value="little"/>
    <property name="sun.io.unicode.encoding" value="UnicodeBig"/>
    <property name="socksNonProxyHosts" value="local|*.local|169.254/16|*.169.254/16"/>
    <property name="ftp.nonProxyHosts" value="local|*.local|169.254/16|*.169.254/16"/>
    <property name="sun.cpu.isalist" value=""/>
  </properties>
  <testcase name="blankEqualities[Material[0]:AIR]" classname="org.bukkit.craftbukkit.inventory.FactoryItemMaterialTest" time="0"/>
  <testcase name="generalCase[Material[0]:AIR]" classname="org.bukkit.craftbukkit.inventory.FactoryItemMaterialTest" time="0"/>
  <testcase name="asMetaFor[Material[0]:AIR]" classname="org.bukkit.craftbukkit.inventory.FactoryItemMaterialTest" time="0"/>
  <testcase name="itemStack[Material[0]:AIR]" classname="org.bukkit.craftbukkit.inventory.FactoryItemMaterialTest" time="0.019"/>
  <testcase name="blankEqualities[Material[1]:STONE]" classname="org.bukkit.craftbukkit.inventory.FactoryItemMaterialTest" time="0.007"/>
  <testcase name="generalCase[Material[1]:STONE]" classname="org.bukkit.craftbukkit.inventory.FactoryItemMaterialTest" time="0"/>
  <testcase name="asMetaFor[Material[1]:STONE]" classname="org.bukkit.craftbukkit.inventory.FactoryItemMaterialTest" time="0.035"/>
  <testcase name="itemStack[Material[1]:STONE]" classname="org.bukkit.craftbukkit.inventory.FactoryItemMaterialTest" time="0.001"/>
  <testcase name="blankEqualities[Material[2]:GRASS]" classname="org.bukkit.craftbukkit.inventory.FactoryItemMaterialTest" time="0.001"/>
  <testcase name="generalCase[Material[2]:GRASS]" classname="org.bukkit.craftbukkit.inventory.FactoryItemMaterialTest" time="0"/>
  <testcase name="asMetaFor[Material[2]:GRASS]" classname="org.bukkit.craftbukkit.inventory.FactoryItemMaterialTest" time="0.003"/>
  <testcase name="itemStack[Material[2]:GRASS]" classname="org.bukkit.craftbukkit.inventory.FactoryItemMaterialTest" time="0"/>
  <testcase name="blankEqualities[Material[3]:DIRT]" classname="org.bukkit.craftbukkit.inventory.FactoryItemMaterialTest" time="0.001"/>
  <testcase name="generalCase[Material[3]:DIRT]" classname="org.bukkit.craftbukkit.inventory.FactoryItemMaterialTest" time="0"/>
  <testcase name="asMetaFor[Material[3]:DIRT]" classname="org.bukkit.craftbukkit.inventory.FactoryItemMaterialTest" time="0.002"/>
  <testcase name="itemStack[Material[3]:DIRT]" classname="org.bukkit.craftbukkit.inventory.FactoryItemMaterialTest" time="0.001"/>
  <testcase name="blankEqualities[Material[4]:COBBLESTONE]" classname="org.bukkit.craftbukkit.inventory.FactoryItemMaterialTest" time="0.001"/>
  <testcase name="generalCase[Material[4]:COBBLESTONE]" classname="org.bukkit.craftbukkit.inventory.FactoryItemMaterialTest" time="0"/>
  <testcase name="asMetaFor[Material[4]:COBBLESTONE]" classname="org.bukkit.craftbukkit.inventory.FactoryItemMaterialTest" time="0.002"/>
  <testcase name="itemStack[Material[4]:COBBLESTONE]" classname="org.bukkit.craftbukkit.inventory.FactoryItemMaterialTest" time="0"/>
  <testcase name="blankEqualities[Material[5]:WOOD]" classname="org.bukkit.craftbukkit.inventory.FactoryItemMaterialTest" time="0.002"/>
  <testcase name="generalCase[Material[5]:WOOD]" classname="org.bukkit.craftbukkit.inventory.FactoryItemMaterialTest" time="0"/>
  <testcase name="asMetaFor[Material[5]:WOOD]" classname="org.bukkit.craftbukkit.inventory.FactoryItemMaterialTest" time="0.001"/>
  <testcase name="itemStack[Material[5]:WOOD]" classname="org.bukkit.craftbukkit.inventory.FactoryItemMaterialTest" time="0"/>
  <testcase name="blankEqualities[Material[6]:SAPLING]" classname="org.bukkit.craftbukkit.inventory.FactoryItemMaterialTest" time="0.001"/>
  <testcase name="generalCase[Material[6]:SAPLING]" classname="org.bukkit.craftbukkit.inventory.FactoryItemMaterialTest" time="0"/>
  <testcase name="asMetaFor[Material[6]:SAPLING]" classname="org.bukkit.craftbukkit.inventory.FactoryItemMaterialTest" time="0.002"/>
  <testcase name="itemStack[Material[6]:SAPLING]" classname="org.bukkit.craftbukkit.inventory.FactoryItemMaterialTest" time="0"/>
  <testcase name="blankEqualities[Material[7]:BEDROCK]" classname="org.bukkit.craftbukkit.inventory.FactoryItemMaterialTest" time="0"/>
  <testcase name="generalCase[Material[7]:BEDROCK]" classname="org.bukkit.craftbukkit.inventory.FactoryItemMaterialTest" time="0"/>
  <testcase name="asMetaFor[Material[7]:BEDROCK]" classname="org.bukkit.craftbukkit.inventory.FactoryItemMaterialTest" time="0.002"/>
  <testcase name="itemStack[Material[7]:BEDROCK]" classname="org.bukkit.craftbukkit.inventory.FactoryItemMaterialTest" time="0"/>
  <testcase name="blankEqualities[Material[8]:SAND]" classname="org.bukkit.craftbukkit.inventory.FactoryItemMaterialTest" time="0.001"/>
  <testcase name="generalCase[Material[8]:SAND]" classname="org.bukkit.craftbukkit.inventory.FactoryItemMaterialTest" time="0"/>
  <testcase name="asMetaFor[Material[8]:SAND]" classname="org.bukkit.craftbukkit.inventory.FactoryItemMaterialTest" time="0.004"/>
  <testcase name="itemStack[Material[8]:SAND]" classname="org.bukkit.craftbukkit.inventory.FactoryItemMaterialTest" time="0"/>
  <testcase name="blankEqualities[Material[9]:GRAVEL]" classname="org.bukkit.craftbukkit.inventory.FactoryItemMaterialTest" time="0"/>
  <testcase name="generalCase[Material[9]:GRAVEL]" classname="org.bukkit.craftbukkit.inventory.FactoryItemMaterialTest" time="0"/>
  <testcase name="asMetaFor[Material[9]:GRAVEL]" classname="org.bukkit.craftbukkit.inventory.FactoryItemMaterialTest" time="0.004"/>
  <testcase name="itemStack[Material[9]:GRAVEL]" classname="org.bukkit.craftbukkit.inventory.FactoryItemMaterialTest" time="0"/>
  <testcase name="blankEqualities[Material[10]:GOLD_ORE]" classname="org.bukkit.craftbukkit.inventory.FactoryItemMaterialTest" time="0"/>
  <testcase name="generalCase[Material[10]:GOLD_ORE]" classname="org.bukkit.craftbukkit.inventory.FactoryItemMaterialTest" time="0"/>
  <testcase name="asMetaFor[Material[10]:GOLD_ORE]" classname="org.bukkit.craftbukkit.inventory.FactoryItemMaterialTest" time="0.003"/>
  <testcase name="itemStack[Material[10]:GOLD_ORE]" classname="org.bukkit.craftbukkit.inventory.FactoryItemMaterialTest" time="0"/>
  <testcase name="blankEqualities[Material[11]:IRON_ORE]" classname="org.bukkit.craftbukkit.inventory.FactoryItemMaterialTest" time="0"/>
  <testcase name="generalCase[Material[11]:IRON_ORE]" classname="org.bukkit.craftbukkit.inventory.FactoryItemMaterialTest" time="0"/>
  <testcase name="asMetaFor[Material[11]:IRON_ORE]" classname="org.bukkit.craftbukkit.inventory.FactoryItemMaterialTest" time="0.002"/>
  <testcase name="itemStack[Material[11]:IRON_ORE]" classname="org.bukkit.craftbukkit.inventory.FactoryItemMaterialTest" time="0"/>
  <testcase name="blankEqualities[Material[12]:COAL_ORE]" classname="org.bukkit.craftbukkit.inventory.FactoryItemMaterialTest" time="0.005"/>
  <testcase name="generalCase[Material[12]:COAL_ORE]" classname="org.bukkit.craftbukkit.inventory.FactoryItemMaterialTest" time="0"/>
  <testcase name="asMetaFor[Material[12]:COAL_ORE]" classname="org.bukkit.craftbukkit.inventory.FactoryItemMaterialTest" time="0"/>
  <testcase name="itemStack[Material[12]:COAL_ORE]" classname="org.bukkit.craftbukkit.inventory.FactoryItemMaterialTest" time="0"/>
  <testcase name="blankEqualities[Material[13]:LOG]" classname="org.bukkit.craftbukkit.inventory.FactoryItemMaterialTest" time="0"/>
  <testcase name="generalCase[Material[13]:LOG]" classname="org.bukkit.craftbukkit.inventory.FactoryItemMaterialTest" time="0.002"/>
  <testcase name="asMetaFor[Material[13]:LOG]" classname="org.bukkit.craftbukkit.inventory.FactoryItemMaterialTest" time="0"/>
  <testcase name="itemStack[Material[13]:LOG]" classname="org.bukkit.craftbukkit.inventory.FactoryItemMaterialTest" time="0"/>
  <testcase name="blankEqualities[Material[14]:LEAVES]" classname="org.bukkit.craftbukkit.inventory.FactoryItemMaterialTest" time="0.001"/>
  <testcase name="generalCase[Material[14]:LEAVES]" classname="org.bukkit.craftbukkit.inventory.FactoryItemMaterialTest" time="0"/>
  <testcase name="asMetaFor[Material[14]:LEAVES]" classname="org.bukkit.craftbukkit.inventory.FactoryItemMaterialTest" time="0.002"/>
  <testcase name="itemStack[Material[14]:LEAVES]" classname="org.bukkit.craftbukkit.inventory.FactoryItemMaterialTest" time="0"/>
  <testcase name="blankEqualities[Material[15]:SPONGE]" classname="org.bukkit.craftbukkit.inventory.FactoryItemMaterialTest" time="0.002"/>
  <testcase name="generalCase[Material[15]:SPONGE]" classname="org.bukkit.craftbukkit.inventory.FactoryItemMaterialTest" time="0.001"/>
  <testcase name="asMetaFor[Material[15]:SPONGE]" classname="org.bukkit.craftbukkit.inventory.FactoryItemMaterialTest" time="0.002"/>
  <testcase name="itemStack[Material[15]:SPONGE]" classname="org.bukkit.craftbukkit.inventory.FactoryItemMaterialTest" time="0.001"/>
  <testcase name="blankEqualities[Material[16]:GLASS]" classname="org.bukkit.craftbukkit.inventory.FactoryItemMaterialTest" time="0.002"/>
  <testcase name="generalCase[Material[16]:GLASS]" classname="org.bukkit.craftbukkit.inventory.FactoryItemMaterialTest" time="0"/>
  <testcase name="asMetaFor[Material[16]:GLASS]" classname="org.bukkit.craftbukkit.inventory.FactoryItemMaterialTest" time="0.001"/>
  <testcase name="itemStack[Material[16]:GLASS]" classname="org.bukkit.craftbukkit.inventory.FactoryItemMaterialTest" time="0.001"/>
  <testcase name="blankEqualities[Material[17]:LAPIS_ORE]" classname="org.bukkit.craftbukkit.inventory.FactoryItemMaterialTest" time="0.001"/>
  <testcase name="generalCase[Material[17]:LAPIS_ORE]" classname="org.bukkit.craftbukkit.inventory.FactoryItemMaterialTest" time="0"/>
  <testcase name="asMetaFor[Material[17]:LAPIS_ORE]" classname="org.bukkit.craftbukkit.inventory.FactoryItemMaterialTest" time="0.001"/>
  <testcase name="itemStack[Material[17]:LAPIS_ORE]" classname="org.bukkit.craftbukkit.inventory.FactoryItemMaterialTest" time="0"/>
  <testcase name="blankEqualities[Material[18]:LAPIS_BLOCK]" classname="org.bukkit.craftbukkit.inventory.FactoryItemMaterialTest" time="0.002"/>
  <testcase name="generalCase[Material[18]:LAPIS_BLOCK]" classname="org.bukkit.craftbukkit.inventory.FactoryItemMaterialTest" time="0"/>
  <testcase name="asMetaFor[Material[18]:LAPIS_BLOCK]" classname="org.bukkit.craftbukkit.inventory.FactoryItemMaterialTest" time="0.001"/>
  <testcase name="itemStack[Material[18]:LAPIS_BLOCK]" classname="org.bukkit.craftbukkit.inventory.FactoryItemMaterialTest" time="0"/>
  <testcase name="blankEqualities[Material[19]:DISPENSER]" classname="org.bukkit.craftbukkit.inventory.FactoryItemMaterialTest" time="0.002"/>
  <testcase name="generalCase[Material[19]:DISPENSER]" classname="org.bukkit.craftbukkit.inventory.FactoryItemMaterialTest" time="0"/>
  <testcase name="asMetaFor[Material[19]:DISPENSER]" classname="org.bukkit.craftbukkit.inventory.FactoryItemMaterialTest" time="0.002"/>
  <testcase name="itemStack[Material[19]:DISPENSER]" classname="org.bukkit.craftbukkit.inventory.FactoryItemMaterialTest" time="0"/>
  <testcase name="blankEqualities[Material[20]:SANDSTONE]" classname="org.bukkit.craftbukkit.inventory.FactoryItemMaterialTest" time="0.001"/>
  <testcase name="generalCase[Material[20]:SANDSTONE]" classname="org.bukkit.craftbukkit.inventory.FactoryItemMaterialTest" time="0"/>
  <testcase name="asMetaFor[Material[20]:SANDSTONE]" classname="org.bukkit.craftbukkit.inventory.FactoryItemMaterialTest" time="0.003"/>
  <testcase name="itemStack[Material[20]:SANDSTONE]" classname="org.bukkit.craftbukkit.inventory.FactoryItemMaterialTest" time="0"/>
  <testcase name="blankEqualities[Material[21]:NOTE_BLOCK]" classname="org.bukkit.craftbukkit.inventory.FactoryItemMaterialTest" time="0"/>
  <testcase name="generalCase[Material[21]:NOTE_BLOCK]" classname="org.bukkit.craftbukkit.inventory.FactoryItemMaterialTest" time="0"/>
  <testcase name="asMetaFor[Material[21]:NOTE_BLOCK]" classname="org.bukkit.craftbukkit.inventory.FactoryItemMaterialTest" time="0.001"/>
  <testcase name="itemStack[Material[21]:NOTE_BLOCK]" classname="org.bukkit.craftbukkit.inventory.FactoryItemMaterialTest" time="0"/>
  <testcase name="blankEqualities[Material[22]:POWERED_RAIL]" classname="org.bukkit.craftbukkit.inventory.FactoryItemMaterialTest" time="0.001"/>
  <testcase name="generalCase[Material[22]:POWERED_RAIL]" classname="org.bukkit.craftbukkit.inventory.FactoryItemMaterialTest" time="0"/>
  <testcase name="asMetaFor[Material[22]:POWERED_RAIL]" classname="org.bukkit.craftbukkit.inventory.FactoryItemMaterialTest" time="0.002"/>
  <testcase name="itemStack[Material[22]:POWERED_RAIL]" classname="org.bukkit.craftbukkit.inventory.FactoryItemMaterialTest" time="0"/>
  <testcase name="blankEqualities[Material[23]:DETECTOR_RAIL]" classname="org.bukkit.craftbukkit.inventory.FactoryItemMaterialTest" time="0"/>
  <testcase name="generalCase[Material[23]:DETECTOR_RAIL]" classname="org.bukkit.craftbukkit.inventory.FactoryItemMaterialTest" time="0"/>
  <testcase name="asMetaFor[Material[23]:DETECTOR_RAIL]" classname="org.bukkit.craftbukkit.inventory.FactoryItemMaterialTest" time="0.002"/>
  <testcase name="itemStack[Material[23]:DETECTOR_RAIL]" classname="org.bukkit.craftbukkit.inventory.FactoryItemMaterialTest" time="0"/>
  <testcase name="blankEqualities[Material[24]:PISTON_STICKY_BASE]" classname="org.bukkit.craftbukkit.inventory.FactoryItemMaterialTest" time="0.002"/>
  <testcase name="generalCase[Material[24]:PISTON_STICKY_BASE]" classname="org.bukkit.craftbukkit.inventory.FactoryItemMaterialTest" time="0"/>
  <testcase name="asMetaFor[Material[24]:PISTON_STICKY_BASE]" classname="org.bukkit.craftbukkit.inventory.FactoryItemMaterialTest" time="0.003"/>
  <testcase name="itemStack[Material[24]:PISTON_STICKY_BASE]" classname="org.bukkit.craftbukkit.inventory.FactoryItemMaterialTest" time="0"/>
  <testcase name="blankEqualities[Material[25]:WEB]" classname="org.bukkit.craftbukkit.inventory.FactoryItemMaterialTest" time="0"/>
  <testcase name="generalCase[Material[25]:WEB]" classname="org.bukkit.craftbukkit.inventory.FactoryItemMaterialTest" time="0"/>
  <testcase name="asMetaFor[Material[25]:WEB]" classname="org.bukkit.craftbukkit.inventory.FactoryItemMaterialTest" time="0.001"/>
  <testcase name="itemStack[Material[25]:WEB]" classname="org.bukkit.craftbukkit.inventory.FactoryItemMaterialTest" time="0"/>
  <testcase name="blankEqualities[Material[26]:LONG_GRASS]" classname="org.bukkit.craftbukkit.inventory.FactoryItemMaterialTest" time="0.003"/>
  <testcase name="generalCase[Material[26]:LONG_GRASS]" classname="org.bukkit.craftbukkit.inventory.FactoryItemMaterialTest" time="0"/>
  <testcase name="asMetaFor[Material[26]:LONG_GRASS]" classname="org.bukkit.craftbukkit.inventory.FactoryItemMaterialTest" time="0"/>
  <testcase name="itemStack[Material[26]:LONG_GRASS]" classname="org.bukkit.craftbukkit.inventory.FactoryItemMaterialTest" time="0"/>
  <testcase name="blankEqualities[Material[27]:DEAD_BUSH]" classname="org.bukkit.craftbukkit.inventory.FactoryItemMaterialTest" time="0.002"/>
  <testcase name="generalCase[Material[27]:DEAD_BUSH]" classname="org.bukkit.craftbukkit.inventory.FactoryItemMaterialTest" time="0"/>
  <testcase name="asMetaFor[Material[27]:DEAD_BUSH]" classname="org.bukkit.craftbukkit.inventory.FactoryItemMaterialTest" time="0.001"/>
  <testcase name="itemStack[Material[27]:DEAD_BUSH]" classname="org.bukkit.craftbukkit.inventory.FactoryItemMaterialTest" time="0"/>
  <testcase name="blankEqualities[Material[28]:PISTON_BASE]" classname="org.bukkit.craftbukkit.inventory.FactoryItemMaterialTest" time="0.002"/>
  <testcase name="generalCase[Material[28]:PISTON_BASE]" classname="org.bukkit.craftbukkit.inventory.FactoryItemMaterialTest" time="0"/>
  <testcase name="asMetaFor[Material[28]:PISTON_BASE]" classname="org.bukkit.craftbukkit.inventory.FactoryItemMaterialTest" time="0.001"/>
  <testcase name="itemStack[Material[28]:PISTON_BASE]" classname="org.bukkit.craftbukkit.inventory.FactoryItemMaterialTest" time="0"/>
  <testcase name="blankEqualities[Material[29]:WOOL]" classname="org.bukkit.craftbukkit.inventory.FactoryItemMaterialTest" time="0.003"/>
  <testcase name="generalCase[Material[29]:WOOL]" classname="org.bukkit.craftbukkit.inventory.FactoryItemMaterialTest" time="0"/>
  <testcase name="asMetaFor[Material[29]:WOOL]" classname="org.bukkit.craftbukkit.inventory.FactoryItemMaterialTest" time="0.002"/>
  <testcase name="itemStack[Material[29]:WOOL]" classname="org.bukkit.craftbukkit.inventory.FactoryItemMaterialTest" time="0"/>
  <testcase name="blankEqualities[Material[30]:YELLOW_FLOWER]" classname="org.bukkit.craftbukkit.inventory.FactoryItemMaterialTest" time="0.002"/>
  <testcase name="generalCase[Material[30]:YELLOW_FLOWER]" classname="org.bukkit.craftbukkit.inventory.FactoryItemMaterialTest" time="0"/>
  <testcase name="asMetaFor[Material[30]:YELLOW_FLOWER]" classname="org.bukkit.craftbukkit.inventory.FactoryItemMaterialTest" time="0.002"/>
  <testcase name="itemStack[Material[30]:YELLOW_FLOWER]" classname="org.bukkit.craftbukkit.inventory.FactoryItemMaterialTest" time="0"/>
  <testcase name="blankEqualities[Material[31]:RED_ROSE]" classname="org.bukkit.craftbukkit.inventory.FactoryItemMaterialTest" time="0.001"/>
  <testcase name="generalCase[Material[31]:RED_ROSE]" classname="org.bukkit.craftbukkit.inventory.FactoryItemMaterialTest" time="0"/>
  <testcase name="asMetaFor[Material[31]:RED_ROSE]" classname="org.bukkit.craftbukkit.inventory.FactoryItemMaterialTest" time="0.002"/>
  <testcase name="itemStack[Material[31]:RED_ROSE]" classname="org.bukkit.craftbukkit.inventory.FactoryItemMaterialTest" time="0"/>
  <testcase name="blankEqualities[Material[32]:BROWN_MUSHROOM]" classname="org.bukkit.craftbukkit.inventory.FactoryItemMaterialTest" time="0.001"/>
  <testcase name="generalCase[Material[32]:BROWN_MUSHROOM]" classname="org.bukkit.craftbukkit.inventory.FactoryItemMaterialTest" time="0"/>
  <testcase name="asMetaFor[Material[32]:BROWN_MUSHROOM]" classname="org.bukkit.craftbukkit.inventory.FactoryItemMaterialTest" time="0.002"/>
  <testcase name="itemStack[Material[32]:BROWN_MUSHROOM]" classname="org.bukkit.craftbukkit.inventory.FactoryItemMaterialTest" time="0"/>
  <testcase name="blankEqualities[Material[33]:RED_MUSHROOM]" classname="org.bukkit.craftbukkit.inventory.FactoryItemMaterialTest" time="0.001"/>
  <testcase name="generalCase[Material[33]:RED_MUSHROOM]" classname="org.bukkit.craftbukkit.inventory.FactoryItemMaterialTest" time="0"/>
  <testcase name="asMetaFor[Material[33]:RED_MUSHROOM]" classname="org.bukkit.craftbukkit.inventory.FactoryItemMaterialTest" time="0.002"/>
  <testcase name="itemStack[Material[33]:RED_MUSHROOM]" classname="org.bukkit.craftbukkit.inventory.FactoryItemMaterialTest" time="0"/>
  <testcase name="blankEqualities[Material[34]:GOLD_BLOCK]" classname="org.bukkit.craftbukkit.inventory.FactoryItemMaterialTest" time="0.002"/>
  <testcase name="generalCase[Material[34]:GOLD_BLOCK]" classname="org.bukkit.craftbukkit.inventory.FactoryItemMaterialTest" time="0"/>
  <testcase name="asMetaFor[Material[34]:GOLD_BLOCK]" classname="org.bukkit.craftbukkit.inventory.FactoryItemMaterialTest" time="0.002"/>
  <testcase name="itemStack[Material[34]:GOLD_BLOCK]" classname="org.bukkit.craftbukkit.inventory.FactoryItemMaterialTest" time="0.001"/>
  <testcase name="blankEqualities[Material[35]:IRON_BLOCK]" classname="org.bukkit.craftbukkit.inventory.FactoryItemMaterialTest" time="0.002"/>
  <testcase name="generalCase[Material[35]:IRON_BLOCK]" classname="org.bukkit.craftbukkit.inventory.FactoryItemMaterialTest" time="0"/>
  <testcase name="asMetaFor[Material[35]:IRON_BLOCK]" classname="org.bukkit.craftbukkit.inventory.FactoryItemMaterialTest" time="0.001"/>
  <testcase name="itemStack[Material[35]:IRON_BLOCK]" classname="org.bukkit.craftbukkit.inventory.FactoryItemMaterialTest" time="0"/>
  <testcase name="blankEqualities[Material[36]:STEP]" classname="org.bukkit.craftbukkit.inventory.FactoryItemMaterialTest" time="0.002"/>
  <testcase name="generalCase[Material[36]:STEP]" classname="org.bukkit.craftbukkit.inventory.FactoryItemMaterialTest" time="0"/>
  <testcase name="asMetaFor[Material[36]:STEP]" classname="org.bukkit.craftbukkit.inventory.FactoryItemMaterialTest" time="0.002"/>
  <testcase name="itemStack[Material[36]:STEP]" classname="org.bukkit.craftbukkit.inventory.FactoryItemMaterialTest" time="0"/>
  <testcase name="blankEqualities[Material[37]:BRICK]" classname="org.bukkit.craftbukkit.inventory.FactoryItemMaterialTest" time="0.001"/>
  <testcase name="generalCase[Material[37]:BRICK]" classname="org.bukkit.craftbukkit.inventory.FactoryItemMaterialTest" time="0"/>
  <testcase name="asMetaFor[Material[37]:BRICK]" classname="org.bukkit.craftbukkit.inventory.FactoryItemMaterialTest" time="0.002"/>
  <testcase name="itemStack[Material[37]:BRICK]" classname="org.bukkit.craftbukkit.inventory.FactoryItemMaterialTest" time="0"/>
  <testcase name="blankEqualities[Material[38]:TNT]" classname="org.bukkit.craftbukkit.inventory.FactoryItemMaterialTest" time="0.002"/>
  <testcase name="generalCase[Material[38]:TNT]" classname="org.bukkit.craftbukkit.inventory.FactoryItemMaterialTest" time="0"/>
  <testcase name="asMetaFor[Material[38]:TNT]" classname="org.bukkit.craftbukkit.inventory.FactoryItemMaterialTest" time="0.002"/>
  <testcase name="itemStack[Material[38]:TNT]" classname="org.bukkit.craftbukkit.inventory.FactoryItemMaterialTest" time="0"/>
  <testcase name="blankEqualities[Material[39]:BOOKSHELF]" classname="org.bukkit.craftbukkit.inventory.FactoryItemMaterialTest" time="0.002"/>
  <testcase name="generalCase[Material[39]:BOOKSHELF]" classname="org.bukkit.craftbukkit.inventory.FactoryItemMaterialTest" time="0"/>
  <testcase name="asMetaFor[Material[39]:BOOKSHELF]" classname="org.bukkit.craftbukkit.inventory.FactoryItemMaterialTest" time="0.001"/>
  <testcase name="itemStack[Material[39]:BOOKSHELF]" classname="org.bukkit.craftbukkit.inventory.FactoryItemMaterialTest" time="0"/>
  <testcase name="blankEqualities[Material[40]:MOSSY_COBBLESTONE]" classname="org.bukkit.craftbukkit.inventory.FactoryItemMaterialTest" time="0.001"/>
  <testcase name="generalCase[Material[40]:MOSSY_COBBLESTONE]" classname="org.bukkit.craftbukkit.inventory.FactoryItemMaterialTest" time="0"/>
  <testcase name="asMetaFor[Material[40]:MOSSY_COBBLESTONE]" classname="org.bukkit.craftbukkit.inventory.FactoryItemMaterialTest" time="0.001"/>
  <testcase name="itemStack[Material[40]:MOSSY_COBBLESTONE]" classname="org.bukkit.craftbukkit.inventory.FactoryItemMaterialTest" time="0"/>
  <testcase name="blankEqualities[Material[41]:OBSIDIAN]" classname="org.bukkit.craftbukkit.inventory.FactoryItemMaterialTest" time="0.001"/>
  <testcase name="generalCase[Material[41]:OBSIDIAN]" classname="org.bukkit.craftbukkit.inventory.FactoryItemMaterialTest" time="0"/>
  <testcase name="asMetaFor[Material[41]:OBSIDIAN]" classname="org.bukkit.craftbukkit.inventory.FactoryItemMaterialTest" time="0.002"/>
  <testcase name="itemStack[Material[41]:OBSIDIAN]" classname="org.bukkit.craftbukkit.inventory.FactoryItemMaterialTest" time="0"/>
  <testcase name="blankEqualities[Material[42]:TORCH]" classname="org.bukkit.craftbukkit.inventory.FactoryItemMaterialTest" time="0.007"/>
  <testcase name="generalCase[Material[42]:TORCH]" classname="org.bukkit.craftbukkit.inventory.FactoryItemMaterialTest" time="0"/>
  <testcase name="asMetaFor[Material[42]:TORCH]" classname="org.bukkit.craftbukkit.inventory.FactoryItemMaterialTest" time="0.002"/>
  <testcase name="itemStack[Material[42]:TORCH]" classname="org.bukkit.craftbukkit.inventory.FactoryItemMaterialTest" time="0"/>
  <testcase name="blankEqualities[Material[43]:MOB_SPAWNER]" classname="org.bukkit.craftbukkit.inventory.FactoryItemMaterialTest" time="0.002"/>
  <testcase name="generalCase[Material[43]:MOB_SPAWNER]" classname="org.bukkit.craftbukkit.inventory.FactoryItemMaterialTest" time="0.001"/>
  <testcase name="asMetaFor[Material[43]:MOB_SPAWNER]" classname="org.bukkit.craftbukkit.inventory.FactoryItemMaterialTest" time="0.012"/>
  <testcase name="itemStack[Material[43]:MOB_SPAWNER]" classname="org.bukkit.craftbukkit.inventory.FactoryItemMaterialTest" time="0"/>
  <testcase name="blankEqualities[Material[44]:WOOD_STAIRS]" classname="org.bukkit.craftbukkit.inventory.FactoryItemMaterialTest" time="0.002"/>
  <testcase name="generalCase[Material[44]:WOOD_STAIRS]" classname="org.bukkit.craftbukkit.inventory.FactoryItemMaterialTest" time="0"/>
  <testcase name="asMetaFor[Material[44]:WOOD_STAIRS]" classname="org.bukkit.craftbukkit.inventory.FactoryItemMaterialTest" time="0.003"/>
  <testcase name="itemStack[Material[44]:WOOD_STAIRS]" classname="org.bukkit.craftbukkit.inventory.FactoryItemMaterialTest" time="0"/>
  <testcase name="blankEqualities[Material[45]:CHEST]" classname="org.bukkit.craftbukkit.inventory.FactoryItemMaterialTest" time="0.003"/>
  <testcase name="generalCase[Material[45]:CHEST]" classname="org.bukkit.craftbukkit.inventory.FactoryItemMaterialTest" time="0"/>
  <testcase name="asMetaFor[Material[45]:CHEST]" classname="org.bukkit.craftbukkit.inventory.FactoryItemMaterialTest" time="0.002"/>
  <testcase name="itemStack[Material[45]:CHEST]" classname="org.bukkit.craftbukkit.inventory.FactoryItemMaterialTest" time="0.001"/>
  <testcase name="blankEqualities[Material[46]:DIAMOND_ORE]" classname="org.bukkit.craftbukkit.inventory.FactoryItemMaterialTest" time="0.002"/>
  <testcase name="generalCase[Material[46]:DIAMOND_ORE]" classname="org.bukkit.craftbukkit.inventory.FactoryItemMaterialTest" time="0"/>
  <testcase name="asMetaFor[Material[46]:DIAMOND_ORE]" classname="org.bukkit.craftbukkit.inventory.FactoryItemMaterialTest" time="0.002"/>
  <testcase name="itemStack[Material[46]:DIAMOND_ORE]" classname="org.bukkit.craftbukkit.inventory.FactoryItemMaterialTest" time="0"/>
  <testcase name="blankEqualities[Material[47]:DIAMOND_BLOCK]" classname="org.bukkit.craftbukkit.inventory.FactoryItemMaterialTest" time="0.001"/>
  <testcase name="generalCase[Material[47]:DIAMOND_BLOCK]" classname="org.bukkit.craftbukkit.inventory.FactoryItemMaterialTest" time="0.001"/>
  <testcase name="asMetaFor[Material[47]:DIAMOND_BLOCK]" classname="org.bukkit.craftbukkit.inventory.FactoryItemMaterialTest" time="0.001"/>
  <testcase name="itemStack[Material[47]:DIAMOND_BLOCK]" classname="org.bukkit.craftbukkit.inventory.FactoryItemMaterialTest" time="0"/>
  <testcase name="blankEqualities[Material[48]:WORKBENCH]" classname="org.bukkit.craftbukkit.inventory.FactoryItemMaterialTest" time="0.001"/>
  <testcase name="generalCase[Material[48]:WORKBENCH]" classname="org.bukkit.craftbukkit.inventory.FactoryItemMaterialTest" time="0"/>
  <testcase name="asMetaFor[Material[48]:WORKBENCH]" classname="org.bukkit.craftbukkit.inventory.FactoryItemMaterialTest" time="0.002"/>
  <testcase name="itemStack[Material[48]:WORKBENCH]" classname="org.bukkit.craftbukkit.inventory.FactoryItemMaterialTest" time="0"/>
  <testcase name="blankEqualities[Material[49]:SOIL]" classname="org.bukkit.craftbukkit.inventory.FactoryItemMaterialTest" time="0.001"/>
  <testcase name="generalCase[Material[49]:SOIL]" classname="org.bukkit.craftbukkit.inventory.FactoryItemMaterialTest" time="0"/>
  <testcase name="asMetaFor[Material[49]:SOIL]" classname="org.bukkit.craftbukkit.inventory.FactoryItemMaterialTest" time="0.001"/>
  <testcase name="itemStack[Material[49]:SOIL]" classname="org.bukkit.craftbukkit.inventory.FactoryItemMaterialTest" time="0"/>
  <testcase name="blankEqualities[Material[50]:FURNACE]" classname="org.bukkit.craftbukkit.inventory.FactoryItemMaterialTest" time="0.002"/>
  <testcase name="generalCase[Material[50]:FURNACE]" classname="org.bukkit.craftbukkit.inventory.FactoryItemMaterialTest" time="0"/>
  <testcase name="asMetaFor[Material[50]:FURNACE]" classname="org.bukkit.craftbukkit.inventory.FactoryItemMaterialTest" time="0.001"/>
  <testcase name="itemStack[Material[50]:FURNACE]" classname="org.bukkit.craftbukkit.inventory.FactoryItemMaterialTest" time="0"/>
  <testcase name="blankEqualities[Material[51]:LADDER]" classname="org.bukkit.craftbukkit.inventory.FactoryItemMaterialTest" time="0.002"/>
  <testcase name="generalCase[Material[51]:LADDER]" classname="org.bukkit.craftbukkit.inventory.FactoryItemMaterialTest" time="0"/>
  <testcase name="asMetaFor[Material[51]:LADDER]" classname="org.bukkit.craftbukkit.inventory.FactoryItemMaterialTest" time="0.001"/>
  <testcase name="itemStack[Material[51]:LADDER]" classname="org.bukkit.craftbukkit.inventory.FactoryItemMaterialTest" time="0"/>
  <testcase name="blankEqualities[Material[52]:RAILS]" classname="org.bukkit.craftbukkit.inventory.FactoryItemMaterialTest" time="0.002"/>
  <testcase name="generalCase[Material[52]:RAILS]" classname="org.bukkit.craftbukkit.inventory.FactoryItemMaterialTest" time="0"/>
  <testcase name="asMetaFor[Material[52]:RAILS]" classname="org.bukkit.craftbukkit.inventory.FactoryItemMaterialTest" time="0.001"/>
  <testcase name="itemStack[Material[52]:RAILS]" classname="org.bukkit.craftbukkit.inventory.FactoryItemMaterialTest" time="0"/>
  <testcase name="blankEqualities[Material[53]:COBBLESTONE_STAIRS]" classname="org.bukkit.craftbukkit.inventory.FactoryItemMaterialTest" time="0.002"/>
  <testcase name="generalCase[Material[53]:COBBLESTONE_STAIRS]" classname="org.bukkit.craftbukkit.inventory.FactoryItemMaterialTest" time="0"/>
  <testcase name="asMetaFor[Material[53]:COBBLESTONE_STAIRS]" classname="org.bukkit.craftbukkit.inventory.FactoryItemMaterialTest" time="0.002"/>
  <testcase name="itemStack[Material[53]:COBBLESTONE_STAIRS]" classname="org.bukkit.craftbukkit.inventory.FactoryItemMaterialTest" time="0"/>
  <testcase name="blankEqualities[Material[54]:LEVER]" classname="org.bukkit.craftbukkit.inventory.FactoryItemMaterialTest" time="0.002"/>
  <testcase name="generalCase[Material[54]:LEVER]" classname="org.bukkit.craftbukkit.inventory.FactoryItemMaterialTest" time="0.001"/>
  <testcase name="asMetaFor[Material[54]:LEVER]" classname="org.bukkit.craftbukkit.inventory.FactoryItemMaterialTest" time="0.002"/>
  <testcase name="itemStack[Material[54]:LEVER]" classname="org.bukkit.craftbukkit.inventory.FactoryItemMaterialTest" time="0"/>
  <testcase name="blankEqualities[Material[55]:STONE_PLATE]" classname="org.bukkit.craftbukkit.inventory.FactoryItemMaterialTest" time="0.001"/>
  <testcase name="generalCase[Material[55]:STONE_PLATE]" classname="org.bukkit.craftbukkit.inventory.FactoryItemMaterialTest" time="0.001"/>
  <testcase name="asMetaFor[Material[55]:STONE_PLATE]" classname="org.bukkit.craftbukkit.inventory.FactoryItemMaterialTest" time="0.001"/>
  <testcase name="itemStack[Material[55]:STONE_PLATE]" classname="org.bukkit.craftbukkit.inventory.FactoryItemMaterialTest" time="0"/>
  <testcase name="blankEqualities[Material[56]:WOOD_PLATE]" classname="org.bukkit.craftbukkit.inventory.FactoryItemMaterialTest" time="0.002"/>
  <testcase name="generalCase[Material[56]:WOOD_PLATE]" classname="org.bukkit.craftbukkit.inventory.FactoryItemMaterialTest" time="0"/>
  <testcase name="asMetaFor[Material[56]:WOOD_PLATE]" classname="org.bukkit.craftbukkit.inventory.FactoryItemMaterialTest" time="0.001"/>
  <testcase name="itemStack[Material[56]:WOOD_PLATE]" classname="org.bukkit.craftbukkit.inventory.FactoryItemMaterialTest" time="0.001"/>
  <testcase name="blankEqualities[Material[57]:REDSTONE_ORE]" classname="org.bukkit.craftbukkit.inventory.FactoryItemMaterialTest" time="0.001"/>
  <testcase name="generalCase[Material[57]:REDSTONE_ORE]" classname="org.bukkit.craftbukkit.inventory.FactoryItemMaterialTest" time="0"/>
  <testcase name="asMetaFor[Material[57]:REDSTONE_ORE]" classname="org.bukkit.craftbukkit.inventory.FactoryItemMaterialTest" time="0.002"/>
  <testcase name="itemStack[Material[57]:REDSTONE_ORE]" classname="org.bukkit.craftbukkit.inventory.FactoryItemMaterialTest" time="0"/>
  <testcase name="blankEqualities[Material[58]:REDSTONE_TORCH_ON]" classname="org.bukkit.craftbukkit.inventory.FactoryItemMaterialTest" time="0.001"/>
  <testcase name="generalCase[Material[58]:REDSTONE_TORCH_ON]" classname="org.bukkit.craftbukkit.inventory.FactoryItemMaterialTest" time="0"/>
  <testcase name="asMetaFor[Material[58]:REDSTONE_TORCH_ON]" classname="org.bukkit.craftbukkit.inventory.FactoryItemMaterialTest" time="0.001"/>
  <testcase name="itemStack[Material[58]:REDSTONE_TORCH_ON]" classname="org.bukkit.craftbukkit.inventory.FactoryItemMaterialTest" time="0"/>
  <testcase name="blankEqualities[Material[59]:STONE_BUTTON]" classname="org.bukkit.craftbukkit.inventory.FactoryItemMaterialTest" time="0.002"/>
  <testcase name="generalCase[Material[59]:STONE_BUTTON]" classname="org.bukkit.craftbukkit.inventory.FactoryItemMaterialTest" time="0"/>
  <testcase name="asMetaFor[Material[59]:STONE_BUTTON]" classname="org.bukkit.craftbukkit.inventory.FactoryItemMaterialTest" time="0.001"/>
  <testcase name="itemStack[Material[59]:STONE_BUTTON]" classname="org.bukkit.craftbukkit.inventory.FactoryItemMaterialTest" time="0.001"/>
  <testcase name="blankEqualities[Material[60]:SNOW]" classname="org.bukkit.craftbukkit.inventory.FactoryItemMaterialTest" time="0.001"/>
  <testcase name="generalCase[Material[60]:SNOW]" classname="org.bukkit.craftbukkit.inventory.FactoryItemMaterialTest" time="0"/>
  <testcase name="asMetaFor[Material[60]:SNOW]" classname="org.bukkit.craftbukkit.inventory.FactoryItemMaterialTest" time="0.002"/>
  <testcase name="itemStack[Material[60]:SNOW]" classname="org.bukkit.craftbukkit.inventory.FactoryItemMaterialTest" time="0"/>
  <testcase name="blankEqualities[Material[61]:ICE]" classname="org.bukkit.craftbukkit.inventory.FactoryItemMaterialTest" time="0.002"/>
  <testcase name="generalCase[Material[61]:ICE]" classname="org.bukkit.craftbukkit.inventory.FactoryItemMaterialTest" time="0"/>
  <testcase name="asMetaFor[Material[61]:ICE]" classname="org.bukkit.craftbukkit.inventory.FactoryItemMaterialTest" time="0.001"/>
  <testcase name="itemStack[Material[61]:ICE]" classname="org.bukkit.craftbukkit.inventory.FactoryItemMaterialTest" time="0"/>
  <testcase name="blankEqualities[Material[62]:SNOW_BLOCK]" classname="org.bukkit.craftbukkit.inventory.FactoryItemMaterialTest" time="0.002"/>
  <testcase name="generalCase[Material[62]:SNOW_BLOCK]" classname="org.bukkit.craftbukkit.inventory.FactoryItemMaterialTest" time="0"/>
  <testcase name="asMetaFor[Material[62]:SNOW_BLOCK]" classname="org.bukkit.craftbukkit.inventory.FactoryItemMaterialTest" time="0.001"/>
  <testcase name="itemStack[Material[62]:SNOW_BLOCK]" classname="org.bukkit.craftbukkit.inventory.FactoryItemMaterialTest" time="0"/>
  <testcase name="blankEqualities[Material[63]:CACTUS]" classname="org.bukkit.craftbukkit.inventory.FactoryItemMaterialTest" time="0.001"/>
  <testcase name="generalCase[Material[63]:CACTUS]" classname="org.bukkit.craftbukkit.inventory.FactoryItemMaterialTest" time="0"/>
  <testcase name="asMetaFor[Material[63]:CACTUS]" classname="org.bukkit.craftbukkit.inventory.FactoryItemMaterialTest" time="0.001"/>
  <testcase name="itemStack[Material[63]:CACTUS]" classname="org.bukkit.craftbukkit.inventory.FactoryItemMaterialTest" time="0"/>
  <testcase name="blankEqualities[Material[64]:CLAY]" classname="org.bukkit.craftbukkit.inventory.FactoryItemMaterialTest" time="0.001"/>
  <testcase name="generalCase[Material[64]:CLAY]" classname="org.bukkit.craftbukkit.inventory.FactoryItemMaterialTest" time="0"/>
  <testcase name="asMetaFor[Material[64]:CLAY]" classname="org.bukkit.craftbukkit.inventory.FactoryItemMaterialTest" time="0.002"/>
  <testcase name="itemStack[Material[64]:CLAY]" classname="org.bukkit.craftbukkit.inventory.FactoryItemMaterialTest" time="0"/>
  <testcase name="blankEqualities[Material[65]:JUKEBOX]" classname="org.bukkit.craftbukkit.inventory.FactoryItemMaterialTest" time="0.001"/>
  <testcase name="generalCase[Material[65]:JUKEBOX]" classname="org.bukkit.craftbukkit.inventory.FactoryItemMaterialTest" time="0"/>
  <testcase name="asMetaFor[Material[65]:JUKEBOX]" classname="org.bukkit.craftbukkit.inventory.FactoryItemMaterialTest" time="0.001"/>
  <testcase name="itemStack[Material[65]:JUKEBOX]" classname="org.bukkit.craftbukkit.inventory.FactoryItemMaterialTest" time="0.001"/>
  <testcase name="blankEqualities[Material[66]:FENCE]" classname="org.bukkit.craftbukkit.inventory.FactoryItemMaterialTest" time="0.001"/>
  <testcase name="generalCase[Material[66]:FENCE]" classname="org.bukkit.craftbukkit.inventory.FactoryItemMaterialTest" time="0"/>
  <testcase name="asMetaFor[Material[66]:FENCE]" classname="org.bukkit.craftbukkit.inventory.FactoryItemMaterialTest" time="0.001"/>
  <testcase name="itemStack[Material[66]:FENCE]" classname="org.bukkit.craftbukkit.inventory.FactoryItemMaterialTest" time="0"/>
  <testcase name="blankEqualities[Material[67]:PUMPKIN]" classname="org.bukkit.craftbukkit.inventory.FactoryItemMaterialTest" time="0.001"/>
  <testcase name="generalCase[Material[67]:PUMPKIN]" classname="org.bukkit.craftbukkit.inventory.FactoryItemMaterialTest" time="0"/>
  <testcase name="asMetaFor[Material[67]:PUMPKIN]" classname="org.bukkit.craftbukkit.inventory.FactoryItemMaterialTest" time="0.001"/>
  <testcase name="itemStack[Material[67]:PUMPKIN]" classname="org.bukkit.craftbukkit.inventory.FactoryItemMaterialTest" time="0"/>
  <testcase name="blankEqualities[Material[68]:NETHERRACK]" classname="org.bukkit.craftbukkit.inventory.FactoryItemMaterialTest" time="0.001"/>
  <testcase name="generalCase[Material[68]:NETHERRACK]" classname="org.bukkit.craftbukkit.inventory.FactoryItemMaterialTest" time="0"/>
  <testcase name="asMetaFor[Material[68]:NETHERRACK]" classname="org.bukkit.craftbukkit.inventory.FactoryItemMaterialTest" time="0.001"/>
  <testcase name="itemStack[Material[68]:NETHERRACK]" classname="org.bukkit.craftbukkit.inventory.FactoryItemMaterialTest" time="0"/>
  <testcase name="blankEqualities[Material[69]:SOUL_SAND]" classname="org.bukkit.craftbukkit.inventory.FactoryItemMaterialTest" time="0.001"/>
  <testcase name="generalCase[Material[69]:SOUL_SAND]" classname="org.bukkit.craftbukkit.inventory.FactoryItemMaterialTest" time="0"/>
  <testcase name="asMetaFor[Material[69]:SOUL_SAND]" classname="org.bukkit.craftbukkit.inventory.FactoryItemMaterialTest" time="0.001"/>
  <testcase name="itemStack[Material[69]:SOUL_SAND]" classname="org.bukkit.craftbukkit.inventory.FactoryItemMaterialTest" time="0"/>
  <testcase name="blankEqualities[Material[70]:GLOWSTONE]" classname="org.bukkit.craftbukkit.inventory.FactoryItemMaterialTest" time="0.001"/>
  <testcase name="generalCase[Material[70]:GLOWSTONE]" classname="org.bukkit.craftbukkit.inventory.FactoryItemMaterialTest" time="0"/>
  <testcase name="asMetaFor[Material[70]:GLOWSTONE]" classname="org.bukkit.craftbukkit.inventory.FactoryItemMaterialTest" time="0.001"/>
  <testcase name="itemStack[Material[70]:GLOWSTONE]" classname="org.bukkit.craftbukkit.inventory.FactoryItemMaterialTest" time="0"/>
  <testcase name="blankEqualities[Material[71]:JACK_O_LANTERN]" classname="org.bukkit.craftbukkit.inventory.FactoryItemMaterialTest" time="0.002"/>
  <testcase name="generalCase[Material[71]:JACK_O_LANTERN]" classname="org.bukkit.craftbukkit.inventory.FactoryItemMaterialTest" time="0"/>
  <testcase name="asMetaFor[Material[71]:JACK_O_LANTERN]" classname="org.bukkit.craftbukkit.inventory.FactoryItemMaterialTest" time="0.001"/>
  <testcase name="itemStack[Material[71]:JACK_O_LANTERN]" classname="org.bukkit.craftbukkit.inventory.FactoryItemMaterialTest" time="0"/>
  <testcase name="blankEqualities[Material[72]:STAINED_GLASS]" classname="org.bukkit.craftbukkit.inventory.FactoryItemMaterialTest" time="0.001"/>
  <testcase name="generalCase[Material[72]:STAINED_GLASS]" classname="org.bukkit.craftbukkit.inventory.FactoryItemMaterialTest" time="0"/>
  <testcase name="asMetaFor[Material[72]:STAINED_GLASS]" classname="org.bukkit.craftbukkit.inventory.FactoryItemMaterialTest" time="0.001"/>
  <testcase name="itemStack[Material[72]:STAINED_GLASS]" classname="org.bukkit.craftbukkit.inventory.FactoryItemMaterialTest" time="0"/>
  <testcase name="blankEqualities[Material[73]:TRAP_DOOR]" classname="org.bukkit.craftbukkit.inventory.FactoryItemMaterialTest" time="0.002"/>
  <testcase name="generalCase[Material[73]:TRAP_DOOR]" classname="org.bukkit.craftbukkit.inventory.FactoryItemMaterialTest" time="0"/>
  <testcase name="asMetaFor[Material[73]:TRAP_DOOR]" classname="org.bukkit.craftbukkit.inventory.FactoryItemMaterialTest" time="0.001"/>
  <testcase name="itemStack[Material[73]:TRAP_DOOR]" classname="org.bukkit.craftbukkit.inventory.FactoryItemMaterialTest" time="0"/>
  <testcase name="blankEqualities[Material[74]:MONSTER_EGGS]" classname="org.bukkit.craftbukkit.inventory.FactoryItemMaterialTest" time="0.001"/>
  <testcase name="generalCase[Material[74]:MONSTER_EGGS]" classname="org.bukkit.craftbukkit.inventory.FactoryItemMaterialTest" time="0"/>
  <testcase name="asMetaFor[Material[74]:MONSTER_EGGS]" classname="org.bukkit.craftbukkit.inventory.FactoryItemMaterialTest" time="0.001"/>
  <testcase name="itemStack[Material[74]:MONSTER_EGGS]" classname="org.bukkit.craftbukkit.inventory.FactoryItemMaterialTest" time="0"/>
  <testcase name="blankEqualities[Material[75]:SMOOTH_BRICK]" classname="org.bukkit.craftbukkit.inventory.FactoryItemMaterialTest" time="0.002"/>
  <testcase name="generalCase[Material[75]:SMOOTH_BRICK]" classname="org.bukkit.craftbukkit.inventory.FactoryItemMaterialTest" time="0"/>
  <testcase name="asMetaFor[Material[75]:SMOOTH_BRICK]" classname="org.bukkit.craftbukkit.inventory.FactoryItemMaterialTest" time="0.001"/>
  <testcase name="itemStack[Material[75]:SMOOTH_BRICK]" classname="org.bukkit.craftbukkit.inventory.FactoryItemMaterialTest" time="0"/>
  <testcase name="blankEqualities[Material[76]:HUGE_MUSHROOM_1]" classname="org.bukkit.craftbukkit.inventory.FactoryItemMaterialTest" time="0.002"/>
  <testcase name="generalCase[Material[76]:HUGE_MUSHROOM_1]" classname="org.bukkit.craftbukkit.inventory.FactoryItemMaterialTest" time="0"/>
  <testcase name="asMetaFor[Material[76]:HUGE_MUSHROOM_1]" classname="org.bukkit.craftbukkit.inventory.FactoryItemMaterialTest" time="0.002"/>
  <testcase name="itemStack[Material[76]:HUGE_MUSHROOM_1]" classname="org.bukkit.craftbukkit.inventory.FactoryItemMaterialTest" time="0"/>
  <testcase name="blankEqualities[Material[77]:HUGE_MUSHROOM_2]" classname="org.bukkit.craftbukkit.inventory.FactoryItemMaterialTest" time="0.001"/>
  <testcase name="generalCase[Material[77]:HUGE_MUSHROOM_2]" classname="org.bukkit.craftbukkit.inventory.FactoryItemMaterialTest" time="0.001"/>
  <testcase name="asMetaFor[Material[77]:HUGE_MUSHROOM_2]" classname="org.bukkit.craftbukkit.inventory.FactoryItemMaterialTest" time="0.001"/>
  <testcase name="itemStack[Material[77]:HUGE_MUSHROOM_2]" classname="org.bukkit.craftbukkit.inventory.FactoryItemMaterialTest" time="0"/>
  <testcase name="blankEqualities[Material[78]:IRON_FENCE]" classname="org.bukkit.craftbukkit.inventory.FactoryItemMaterialTest" time="0.001"/>
  <testcase name="generalCase[Material[78]:IRON_FENCE]" classname="org.bukkit.craftbukkit.inventory.FactoryItemMaterialTest" time="0"/>
  <testcase name="asMetaFor[Material[78]:IRON_FENCE]" classname="org.bukkit.craftbukkit.inventory.FactoryItemMaterialTest" time="0.001"/>
  <testcase name="itemStack[Material[78]:IRON_FENCE]" classname="org.bukkit.craftbukkit.inventory.FactoryItemMaterialTest" time="0"/>
  <testcase name="blankEqualities[Material[79]:THIN_GLASS]" classname="org.bukkit.craftbukkit.inventory.FactoryItemMaterialTest" time="0.002"/>
  <testcase name="generalCase[Material[79]:THIN_GLASS]" classname="org.bukkit.craftbukkit.inventory.FactoryItemMaterialTest" time="0"/>
  <testcase name="asMetaFor[Material[79]:THIN_GLASS]" classname="org.bukkit.craftbukkit.inventory.FactoryItemMaterialTest" time="0.001"/>
  <testcase name="itemStack[Material[79]:THIN_GLASS]" classname="org.bukkit.craftbukkit.inventory.FactoryItemMaterialTest" time="0"/>
  <testcase name="blankEqualities[Material[80]:MELON_BLOCK]" classname="org.bukkit.craftbukkit.inventory.FactoryItemMaterialTest" time="0.002"/>
  <testcase name="generalCase[Material[80]:MELON_BLOCK]" classname="org.bukkit.craftbukkit.inventory.FactoryItemMaterialTest" time="0.001"/>
  <testcase name="asMetaFor[Material[80]:MELON_BLOCK]" classname="org.bukkit.craftbukkit.inventory.FactoryItemMaterialTest" time="0.001"/>
  <testcase name="itemStack[Material[80]:MELON_BLOCK]" classname="org.bukkit.craftbukkit.inventory.FactoryItemMaterialTest" time="0"/>
  <testcase name="blankEqualities[Material[81]:VINE]" classname="org.bukkit.craftbukkit.inventory.FactoryItemMaterialTest" time="0.001"/>
  <testcase name="generalCase[Material[81]:VINE]" classname="org.bukkit.craftbukkit.inventory.FactoryItemMaterialTest" time="0"/>
  <testcase name="asMetaFor[Material[81]:VINE]" classname="org.bukkit.craftbukkit.inventory.FactoryItemMaterialTest" time="0.002"/>
  <testcase name="itemStack[Material[81]:VINE]" classname="org.bukkit.craftbukkit.inventory.FactoryItemMaterialTest" time="0"/>
  <testcase name="blankEqualities[Material[82]:FENCE_GATE]" classname="org.bukkit.craftbukkit.inventory.FactoryItemMaterialTest" time="0.001"/>
  <testcase name="generalCase[Material[82]:FENCE_GATE]" classname="org.bukkit.craftbukkit.inventory.FactoryItemMaterialTest" time="0.001"/>
  <testcase name="asMetaFor[Material[82]:FENCE_GATE]" classname="org.bukkit.craftbukkit.inventory.FactoryItemMaterialTest" time="0.001"/>
  <testcase name="itemStack[Material[82]:FENCE_GATE]" classname="org.bukkit.craftbukkit.inventory.FactoryItemMaterialTest" time="0"/>
  <testcase name="blankEqualities[Material[83]:BRICK_STAIRS]" classname="org.bukkit.craftbukkit.inventory.FactoryItemMaterialTest" time="0.001"/>
  <testcase name="generalCase[Material[83]:BRICK_STAIRS]" classname="org.bukkit.craftbukkit.inventory.FactoryItemMaterialTest" time="0"/>
  <testcase name="asMetaFor[Material[83]:BRICK_STAIRS]" classname="org.bukkit.craftbukkit.inventory.FactoryItemMaterialTest" time="0.002"/>
  <testcase name="itemStack[Material[83]:BRICK_STAIRS]" classname="org.bukkit.craftbukkit.inventory.FactoryItemMaterialTest" time="0"/>
  <testcase name="blankEqualities[Material[84]:SMOOTH_STAIRS]" classname="org.bukkit.craftbukkit.inventory.FactoryItemMaterialTest" time="0.001"/>
  <testcase name="generalCase[Material[84]:SMOOTH_STAIRS]" classname="org.bukkit.craftbukkit.inventory.FactoryItemMaterialTest" time="0"/>
  <testcase name="asMetaFor[Material[84]:SMOOTH_STAIRS]" classname="org.bukkit.craftbukkit.inventory.FactoryItemMaterialTest" time="0.001"/>
  <testcase name="itemStack[Material[84]:SMOOTH_STAIRS]" classname="org.bukkit.craftbukkit.inventory.FactoryItemMaterialTest" time="0"/>
  <testcase name="blankEqualities[Material[85]:MYCEL]" classname="org.bukkit.craftbukkit.inventory.FactoryItemMaterialTest" time="0.002"/>
  <testcase name="generalCase[Material[85]:MYCEL]" classname="org.bukkit.craftbukkit.inventory.FactoryItemMaterialTest" time="0"/>
  <testcase name="asMetaFor[Material[85]:MYCEL]" classname="org.bukkit.craftbukkit.inventory.FactoryItemMaterialTest" time="0.001"/>
  <testcase name="itemStack[Material[85]:MYCEL]" classname="org.bukkit.craftbukkit.inventory.FactoryItemMaterialTest" time="0"/>
  <testcase name="blankEqualities[Material[86]:WATER_LILY]" classname="org.bukkit.craftbukkit.inventory.FactoryItemMaterialTest" time="0.002"/>
  <testcase name="generalCase[Material[86]:WATER_LILY]" classname="org.bukkit.craftbukkit.inventory.FactoryItemMaterialTest" time="0"/>
  <testcase name="asMetaFor[Material[86]:WATER_LILY]" classname="org.bukkit.craftbukkit.inventory.FactoryItemMaterialTest" time="0.001"/>
  <testcase name="itemStack[Material[86]:WATER_LILY]" classname="org.bukkit.craftbukkit.inventory.FactoryItemMaterialTest" time="0"/>
  <testcase name="blankEqualities[Material[87]:NETHER_BRICK]" classname="org.bukkit.craftbukkit.inventory.FactoryItemMaterialTest" time="0.001"/>
  <testcase name="generalCase[Material[87]:NETHER_BRICK]" classname="org.bukkit.craftbukkit.inventory.FactoryItemMaterialTest" time="0"/>
  <testcase name="asMetaFor[Material[87]:NETHER_BRICK]" classname="org.bukkit.craftbukkit.inventory.FactoryItemMaterialTest" time="0.001"/>
  <testcase name="itemStack[Material[87]:NETHER_BRICK]" classname="org.bukkit.craftbukkit.inventory.FactoryItemMaterialTest" time="0"/>
  <testcase name="blankEqualities[Material[88]:NETHER_FENCE]" classname="org.bukkit.craftbukkit.inventory.FactoryItemMaterialTest" time="0.001"/>
  <testcase name="generalCase[Material[88]:NETHER_FENCE]" classname="org.bukkit.craftbukkit.inventory.FactoryItemMaterialTest" time="0"/>
  <testcase name="asMetaFor[Material[88]:NETHER_FENCE]" classname="org.bukkit.craftbukkit.inventory.FactoryItemMaterialTest" time="0.001"/>
  <testcase name="itemStack[Material[88]:NETHER_FENCE]" classname="org.bukkit.craftbukkit.inventory.FactoryItemMaterialTest" time="0"/>
  <testcase name="blankEqualities[Material[89]:NETHER_BRICK_STAIRS]" classname="org.bukkit.craftbukkit.inventory.FactoryItemMaterialTest" time="0.001"/>
  <testcase name="generalCase[Material[89]:NETHER_BRICK_STAIRS]" classname="org.bukkit.craftbukkit.inventory.FactoryItemMaterialTest" time="0"/>
  <testcase name="asMetaFor[Material[89]:NETHER_BRICK_STAIRS]" classname="org.bukkit.craftbukkit.inventory.FactoryItemMaterialTest" time="0.001"/>
  <testcase name="itemStack[Material[89]:NETHER_BRICK_STAIRS]" classname="org.bukkit.craftbukkit.inventory.FactoryItemMaterialTest" time="0"/>
  <testcase name="blankEqualities[Material[90]:ENCHANTMENT_TABLE]" classname="org.bukkit.craftbukkit.inventory.FactoryItemMaterialTest" time="0.002"/>
  <testcase name="generalCase[Material[90]:ENCHANTMENT_TABLE]" classname="org.bukkit.craftbukkit.inventory.FactoryItemMaterialTest" time="0"/>
  <testcase name="asMetaFor[Material[90]:ENCHANTMENT_TABLE]" classname="org.bukkit.craftbukkit.inventory.FactoryItemMaterialTest" time="0.001"/>
  <testcase name="itemStack[Material[90]:ENCHANTMENT_TABLE]" classname="org.bukkit.craftbukkit.inventory.FactoryItemMaterialTest" time="0"/>
  <testcase name="blankEqualities[Material[91]:ENDER_PORTAL_FRAME]" classname="org.bukkit.craftbukkit.inventory.FactoryItemMaterialTest" time="0.001"/>
  <testcase name="generalCase[Material[91]:ENDER_PORTAL_FRAME]" classname="org.bukkit.craftbukkit.inventory.FactoryItemMaterialTest" time="0"/>
  <testcase name="asMetaFor[Material[91]:ENDER_PORTAL_FRAME]" classname="org.bukkit.craftbukkit.inventory.FactoryItemMaterialTest" time="0.001"/>
  <testcase name="itemStack[Material[91]:ENDER_PORTAL_FRAME]" classname="org.bukkit.craftbukkit.inventory.FactoryItemMaterialTest" time="0"/>
  <testcase name="blankEqualities[Material[92]:ENDER_STONE]" classname="org.bukkit.craftbukkit.inventory.FactoryItemMaterialTest" time="0.001"/>
  <testcase name="generalCase[Material[92]:ENDER_STONE]" classname="org.bukkit.craftbukkit.inventory.FactoryItemMaterialTest" time="0"/>
  <testcase name="asMetaFor[Material[92]:ENDER_STONE]" classname="org.bukkit.craftbukkit.inventory.FactoryItemMaterialTest" time="0.001"/>
  <testcase name="itemStack[Material[92]:ENDER_STONE]" classname="org.bukkit.craftbukkit.inventory.FactoryItemMaterialTest" time="0"/>
  <testcase name="blankEqualities[Material[93]:DRAGON_EGG]" classname="org.bukkit.craftbukkit.inventory.FactoryItemMaterialTest" time="0.001"/>
  <testcase name="generalCase[Material[93]:DRAGON_EGG]" classname="org.bukkit.craftbukkit.inventory.FactoryItemMaterialTest" time="0.001"/>
  <testcase name="asMetaFor[Material[93]:DRAGON_EGG]" classname="org.bukkit.craftbukkit.inventory.FactoryItemMaterialTest" time="0.001"/>
  <testcase name="itemStack[Material[93]:DRAGON_EGG]" classname="org.bukkit.craftbukkit.inventory.FactoryItemMaterialTest" time="0"/>
  <testcase name="blankEqualities[Material[94]:REDSTONE_LAMP_OFF]" classname="org.bukkit.craftbukkit.inventory.FactoryItemMaterialTest" time="0.001"/>
  <testcase name="generalCase[Material[94]:REDSTONE_LAMP_OFF]" classname="org.bukkit.craftbukkit.inventory.FactoryItemMaterialTest" time="0"/>
  <testcase name="asMetaFor[Material[94]:REDSTONE_LAMP_OFF]" classname="org.bukkit.craftbukkit.inventory.FactoryItemMaterialTest" time="0.001"/>
  <testcase name="itemStack[Material[94]:REDSTONE_LAMP_OFF]" classname="org.bukkit.craftbukkit.inventory.FactoryItemMaterialTest" time="0"/>
  <testcase name="blankEqualities[Material[95]:WOOD_STEP]" classname="org.bukkit.craftbukkit.inventory.FactoryItemMaterialTest" time="0.001"/>
  <testcase name="generalCase[Material[95]:WOOD_STEP]" classname="org.bukkit.craftbukkit.inventory.FactoryItemMaterialTest" time="0"/>
  <testcase name="asMetaFor[Material[95]:WOOD_STEP]" classname="org.bukkit.craftbukkit.inventory.FactoryItemMaterialTest" time="0"/>
  <testcase name="itemStack[Material[95]:WOOD_STEP]" classname="org.bukkit.craftbukkit.inventory.FactoryItemMaterialTest" time="0"/>
  <testcase name="blankEqualities[Material[96]:SANDSTONE_STAIRS]" classname="org.bukkit.craftbukkit.inventory.FactoryItemMaterialTest" time="0"/>
  <testcase name="generalCase[Material[96]:SANDSTONE_STAIRS]" classname="org.bukkit.craftbukkit.inventory.FactoryItemMaterialTest" time="0"/>
  <testcase name="asMetaFor[Material[96]:SANDSTONE_STAIRS]" classname="org.bukkit.craftbukkit.inventory.FactoryItemMaterialTest" time="0.001"/>
  <testcase name="itemStack[Material[96]:SANDSTONE_STAIRS]" classname="org.bukkit.craftbukkit.inventory.FactoryItemMaterialTest" time="0"/>
  <testcase name="blankEqualities[Material[97]:EMERALD_ORE]" classname="org.bukkit.craftbukkit.inventory.FactoryItemMaterialTest" time="0.001"/>
  <testcase name="generalCase[Material[97]:EMERALD_ORE]" classname="org.bukkit.craftbukkit.inventory.FactoryItemMaterialTest" time="0"/>
  <testcase name="asMetaFor[Material[97]:EMERALD_ORE]" classname="org.bukkit.craftbukkit.inventory.FactoryItemMaterialTest" time="0.001"/>
  <testcase name="itemStack[Material[97]:EMERALD_ORE]" classname="org.bukkit.craftbukkit.inventory.FactoryItemMaterialTest" time="0"/>
  <testcase name="blankEqualities[Material[98]:ENDER_CHEST]" classname="org.bukkit.craftbukkit.inventory.FactoryItemMaterialTest" time="0"/>
  <testcase name="generalCase[Material[98]:ENDER_CHEST]" classname="org.bukkit.craftbukkit.inventory.FactoryItemMaterialTest" time="0.001"/>
  <testcase name="asMetaFor[Material[98]:ENDER_CHEST]" classname="org.bukkit.craftbukkit.inventory.FactoryItemMaterialTest" time="0"/>
  <testcase name="itemStack[Material[98]:ENDER_CHEST]" classname="org.bukkit.craftbukkit.inventory.FactoryItemMaterialTest" time="0.001"/>
  <testcase name="blankEqualities[Material[99]:TRIPWIRE_HOOK]" classname="org.bukkit.craftbukkit.inventory.FactoryItemMaterialTest" time="0.001"/>
  <testcase name="generalCase[Material[99]:TRIPWIRE_HOOK]" classname="org.bukkit.craftbukkit.inventory.FactoryItemMaterialTest" time="0"/>
  <testcase name="asMetaFor[Material[99]:TRIPWIRE_HOOK]" classname="org.bukkit.craftbukkit.inventory.FactoryItemMaterialTest" time="0.001"/>
  <testcase name="itemStack[Material[99]:TRIPWIRE_HOOK]" classname="org.bukkit.craftbukkit.inventory.FactoryItemMaterialTest" time="0"/>
  <testcase name="blankEqualities[Material[100]:EMERALD_BLOCK]" classname="org.bukkit.craftbukkit.inventory.FactoryItemMaterialTest" time="0.001"/>
  <testcase name="generalCase[Material[100]:EMERALD_BLOCK]" classname="org.bukkit.craftbukkit.inventory.FactoryItemMaterialTest" time="0"/>
  <testcase name="asMetaFor[Material[100]:EMERALD_BLOCK]" classname="org.bukkit.craftbukkit.inventory.FactoryItemMaterialTest" time="0"/>
  <testcase name="itemStack[Material[100]:EMERALD_BLOCK]" classname="org.bukkit.craftbukkit.inventory.FactoryItemMaterialTest" time="0"/>
  <testcase name="blankEqualities[Material[101]:SPRUCE_WOOD_STAIRS]" classname="org.bukkit.craftbukkit.inventory.FactoryItemMaterialTest" time="0.001"/>
  <testcase name="generalCase[Material[101]:SPRUCE_WOOD_STAIRS]" classname="org.bukkit.craftbukkit.inventory.FactoryItemMaterialTest" time="0"/>
  <testcase name="asMetaFor[Material[101]:SPRUCE_WOOD_STAIRS]" classname="org.bukkit.craftbukkit.inventory.FactoryItemMaterialTest" time="0.001"/>
  <testcase name="itemStack[Material[101]:SPRUCE_WOOD_STAIRS]" classname="org.bukkit.craftbukkit.inventory.FactoryItemMaterialTest" time="0"/>
  <testcase name="blankEqualities[Material[102]:BIRCH_WOOD_STAIRS]" classname="org.bukkit.craftbukkit.inventory.FactoryItemMaterialTest" time="0.001"/>
  <testcase name="generalCase[Material[102]:BIRCH_WOOD_STAIRS]" classname="org.bukkit.craftbukkit.inventory.FactoryItemMaterialTest" time="0"/>
  <testcase name="asMetaFor[Material[102]:BIRCH_WOOD_STAIRS]" classname="org.bukkit.craftbukkit.inventory.FactoryItemMaterialTest" time="0.001"/>
  <testcase name="itemStack[Material[102]:BIRCH_WOOD_STAIRS]" classname="org.bukkit.craftbukkit.inventory.FactoryItemMaterialTest" time="0"/>
  <testcase name="blankEqualities[Material[103]:JUNGLE_WOOD_STAIRS]" classname="org.bukkit.craftbukkit.inventory.FactoryItemMaterialTest" time="0.001"/>
  <testcase name="generalCase[Material[103]:JUNGLE_WOOD_STAIRS]" classname="org.bukkit.craftbukkit.inventory.FactoryItemMaterialTest" time="0"/>
  <testcase name="asMetaFor[Material[103]:JUNGLE_WOOD_STAIRS]" classname="org.bukkit.craftbukkit.inventory.FactoryItemMaterialTest" time="0.001"/>
  <testcase name="itemStack[Material[103]:JUNGLE_WOOD_STAIRS]" classname="org.bukkit.craftbukkit.inventory.FactoryItemMaterialTest" time="0"/>
  <testcase name="blankEqualities[Material[104]:COMMAND]" classname="org.bukkit.craftbukkit.inventory.FactoryItemMaterialTest" time="0.001"/>
  <testcase name="generalCase[Material[104]:COMMAND]" classname="org.bukkit.craftbukkit.inventory.FactoryItemMaterialTest" time="0"/>
  <testcase name="asMetaFor[Material[104]:COMMAND]" classname="org.bukkit.craftbukkit.inventory.FactoryItemMaterialTest" time="0.002"/>
  <testcase name="itemStack[Material[104]:COMMAND]" classname="org.bukkit.craftbukkit.inventory.FactoryItemMaterialTest" time="0"/>
  <testcase name="blankEqualities[Material[105]:BEACON]" classname="org.bukkit.craftbukkit.inventory.FactoryItemMaterialTest" time="0.001"/>
  <testcase name="generalCase[Material[105]:BEACON]" classname="org.bukkit.craftbukkit.inventory.FactoryItemMaterialTest" time="0"/>
  <testcase name="asMetaFor[Material[105]:BEACON]" classname="org.bukkit.craftbukkit.inventory.FactoryItemMaterialTest" time="0.001"/>
  <testcase name="itemStack[Material[105]:BEACON]" classname="org.bukkit.craftbukkit.inventory.FactoryItemMaterialTest" time="0"/>
  <testcase name="blankEqualities[Material[106]:COBBLE_WALL]" classname="org.bukkit.craftbukkit.inventory.FactoryItemMaterialTest" time="0.001"/>
  <testcase name="generalCase[Material[106]:COBBLE_WALL]" classname="org.bukkit.craftbukkit.inventory.FactoryItemMaterialTest" time="0"/>
  <testcase name="asMetaFor[Material[106]:COBBLE_WALL]" classname="org.bukkit.craftbukkit.inventory.FactoryItemMaterialTest" time="0.001"/>
  <testcase name="itemStack[Material[106]:COBBLE_WALL]" classname="org.bukkit.craftbukkit.inventory.FactoryItemMaterialTest" time="0"/>
  <testcase name="blankEqualities[Material[107]:WOOD_BUTTON]" classname="org.bukkit.craftbukkit.inventory.FactoryItemMaterialTest" time="0.002"/>
  <testcase name="generalCase[Material[107]:WOOD_BUTTON]" classname="org.bukkit.craftbukkit.inventory.FactoryItemMaterialTest" time="0"/>
  <testcase name="asMetaFor[Material[107]:WOOD_BUTTON]" classname="org.bukkit.craftbukkit.inventory.FactoryItemMaterialTest" time="0.001"/>
  <testcase name="itemStack[Material[107]:WOOD_BUTTON]" classname="org.bukkit.craftbukkit.inventory.FactoryItemMaterialTest" time="0"/>
  <testcase name="blankEqualities[Material[108]:ANVIL]" classname="org.bukkit.craftbukkit.inventory.FactoryItemMaterialTest" time="0.001"/>
  <testcase name="generalCase[Material[108]:ANVIL]" classname="org.bukkit.craftbukkit.inventory.FactoryItemMaterialTest" time="0"/>
  <testcase name="asMetaFor[Material[108]:ANVIL]" classname="org.bukkit.craftbukkit.inventory.FactoryItemMaterialTest" time="0"/>
  <testcase name="itemStack[Material[108]:ANVIL]" classname="org.bukkit.craftbukkit.inventory.FactoryItemMaterialTest" time="0"/>
  <testcase name="blankEqualities[Material[109]:TRAPPED_CHEST]" classname="org.bukkit.craftbukkit.inventory.FactoryItemMaterialTest" time="0.001"/>
  <testcase name="generalCase[Material[109]:TRAPPED_CHEST]" classname="org.bukkit.craftbukkit.inventory.FactoryItemMaterialTest" time="0"/>
  <testcase name="asMetaFor[Material[109]:TRAPPED_CHEST]" classname="org.bukkit.craftbukkit.inventory.FactoryItemMaterialTest" time="0.001"/>
  <testcase name="itemStack[Material[109]:TRAPPED_CHEST]" classname="org.bukkit.craftbukkit.inventory.FactoryItemMaterialTest" time="0"/>
  <testcase name="blankEqualities[Material[110]:GOLD_PLATE]" classname="org.bukkit.craftbukkit.inventory.FactoryItemMaterialTest" time="0.002"/>
  <testcase name="generalCase[Material[110]:GOLD_PLATE]" classname="org.bukkit.craftbukkit.inventory.FactoryItemMaterialTest" time="0"/>
  <testcase name="asMetaFor[Material[110]:GOLD_PLATE]" classname="org.bukkit.craftbukkit.inventory.FactoryItemMaterialTest" time="0.001"/>
  <testcase name="itemStack[Material[110]:GOLD_PLATE]" classname="org.bukkit.craftbukkit.inventory.FactoryItemMaterialTest" time="0"/>
  <testcase name="blankEqualities[Material[111]:IRON_PLATE]" classname="org.bukkit.craftbukkit.inventory.FactoryItemMaterialTest" time="0.001"/>
  <testcase name="generalCase[Material[111]:IRON_PLATE]" classname="org.bukkit.craftbukkit.inventory.FactoryItemMaterialTest" time="0"/>
  <testcase name="asMetaFor[Material[111]:IRON_PLATE]" classname="org.bukkit.craftbukkit.inventory.FactoryItemMaterialTest" time="0.001"/>
  <testcase name="itemStack[Material[111]:IRON_PLATE]" classname="org.bukkit.craftbukkit.inventory.FactoryItemMaterialTest" time="0"/>
  <testcase name="blankEqualities[Material[112]:DAYLIGHT_DETECTOR]" classname="org.bukkit.craftbukkit.inventory.FactoryItemMaterialTest" time="0.001"/>
  <testcase name="generalCase[Material[112]:DAYLIGHT_DETECTOR]" classname="org.bukkit.craftbukkit.inventory.FactoryItemMaterialTest" time="0"/>
  <testcase name="asMetaFor[Material[112]:DAYLIGHT_DETECTOR]" classname="org.bukkit.craftbukkit.inventory.FactoryItemMaterialTest" time="0.008"/>
  <testcase name="itemStack[Material[112]:DAYLIGHT_DETECTOR]" classname="org.bukkit.craftbukkit.inventory.FactoryItemMaterialTest" time="0.001"/>
  <testcase name="blankEqualities[Material[113]:REDSTONE_BLOCK]" classname="org.bukkit.craftbukkit.inventory.FactoryItemMaterialTest" time="0.001"/>
  <testcase name="generalCase[Material[113]:REDSTONE_BLOCK]" classname="org.bukkit.craftbukkit.inventory.FactoryItemMaterialTest" time="0"/>
  <testcase name="asMetaFor[Material[113]:REDSTONE_BLOCK]" classname="org.bukkit.craftbukkit.inventory.FactoryItemMaterialTest" time="0.002"/>
  <testcase name="itemStack[Material[113]:REDSTONE_BLOCK]" classname="org.bukkit.craftbukkit.inventory.FactoryItemMaterialTest" time="0"/>
  <testcase name="blankEqualities[Material[114]:QUARTZ_ORE]" classname="org.bukkit.craftbukkit.inventory.FactoryItemMaterialTest" time="0.001"/>
  <testcase name="generalCase[Material[114]:QUARTZ_ORE]" classname="org.bukkit.craftbukkit.inventory.FactoryItemMaterialTest" time="0"/>
  <testcase name="asMetaFor[Material[114]:QUARTZ_ORE]" classname="org.bukkit.craftbukkit.inventory.FactoryItemMaterialTest" time="0.001"/>
  <testcase name="itemStack[Material[114]:QUARTZ_ORE]" classname="org.bukkit.craftbukkit.inventory.FactoryItemMaterialTest" time="0"/>
  <testcase name="blankEqualities[Material[115]:HOPPER]" classname="org.bukkit.craftbukkit.inventory.FactoryItemMaterialTest" time="0.002"/>
  <testcase name="generalCase[Material[115]:HOPPER]" classname="org.bukkit.craftbukkit.inventory.FactoryItemMaterialTest" time="0"/>
  <testcase name="asMetaFor[Material[115]:HOPPER]" classname="org.bukkit.craftbukkit.inventory.FactoryItemMaterialTest" time="0.001"/>
  <testcase name="itemStack[Material[115]:HOPPER]" classname="org.bukkit.craftbukkit.inventory.FactoryItemMaterialTest" time="0"/>
  <testcase name="blankEqualities[Material[116]:QUARTZ_BLOCK]" classname="org.bukkit.craftbukkit.inventory.FactoryItemMaterialTest" time="0.002"/>
  <testcase name="generalCase[Material[116]:QUARTZ_BLOCK]" classname="org.bukkit.craftbukkit.inventory.FactoryItemMaterialTest" time="0"/>
  <testcase name="asMetaFor[Material[116]:QUARTZ_BLOCK]" classname="org.bukkit.craftbukkit.inventory.FactoryItemMaterialTest" time="0.001"/>
  <testcase name="itemStack[Material[116]:QUARTZ_BLOCK]" classname="org.bukkit.craftbukkit.inventory.FactoryItemMaterialTest" time="0"/>
  <testcase name="blankEqualities[Material[117]:QUARTZ_STAIRS]" classname="org.bukkit.craftbukkit.inventory.FactoryItemMaterialTest" time="0.001"/>
  <testcase name="generalCase[Material[117]:QUARTZ_STAIRS]" classname="org.bukkit.craftbukkit.inventory.FactoryItemMaterialTest" time="0"/>
  <testcase name="asMetaFor[Material[117]:QUARTZ_STAIRS]" classname="org.bukkit.craftbukkit.inventory.FactoryItemMaterialTest" time="0.001"/>
  <testcase name="itemStack[Material[117]:QUARTZ_STAIRS]" classname="org.bukkit.craftbukkit.inventory.FactoryItemMaterialTest" time="0"/>
  <testcase name="blankEqualities[Material[118]:ACTIVATOR_RAIL]" classname="org.bukkit.craftbukkit.inventory.FactoryItemMaterialTest" time="0.001"/>
  <testcase name="generalCase[Material[118]:ACTIVATOR_RAIL]" classname="org.bukkit.craftbukkit.inventory.FactoryItemMaterialTest" time="0.001"/>
  <testcase name="asMetaFor[Material[118]:ACTIVATOR_RAIL]" classname="org.bukkit.craftbukkit.inventory.FactoryItemMaterialTest" time="0"/>
  <testcase name="itemStack[Material[118]:ACTIVATOR_RAIL]" classname="org.bukkit.craftbukkit.inventory.FactoryItemMaterialTest" time="0"/>
  <testcase name="blankEqualities[Material[119]:DROPPER]" classname="org.bukkit.craftbukkit.inventory.FactoryItemMaterialTest" time="0.002"/>
  <testcase name="generalCase[Material[119]:DROPPER]" classname="org.bukkit.craftbukkit.inventory.FactoryItemMaterialTest" time="0"/>
  <testcase name="asMetaFor[Material[119]:DROPPER]" classname="org.bukkit.craftbukkit.inventory.FactoryItemMaterialTest" time="0.001"/>
  <testcase name="itemStack[Material[119]:DROPPER]" classname="org.bukkit.craftbukkit.inventory.FactoryItemMaterialTest" time="0"/>
  <testcase name="blankEqualities[Material[120]:STAINED_CLAY]" classname="org.bukkit.craftbukkit.inventory.FactoryItemMaterialTest" time="0.001"/>
  <testcase name="generalCase[Material[120]:STAINED_CLAY]" classname="org.bukkit.craftbukkit.inventory.FactoryItemMaterialTest" time="0"/>
  <testcase name="asMetaFor[Material[120]:STAINED_CLAY]" classname="org.bukkit.craftbukkit.inventory.FactoryItemMaterialTest" time="0.001"/>
  <testcase name="itemStack[Material[120]:STAINED_CLAY]" classname="org.bukkit.craftbukkit.inventory.FactoryItemMaterialTest" time="0"/>
  <testcase name="blankEqualities[Material[121]:STAINED_GLASS_PANE]" classname="org.bukkit.craftbukkit.inventory.FactoryItemMaterialTest" time="0.001"/>
  <testcase name="generalCase[Material[121]:STAINED_GLASS_PANE]" classname="org.bukkit.craftbukkit.inventory.FactoryItemMaterialTest" time="0"/>
  <testcase name="asMetaFor[Material[121]:STAINED_GLASS_PANE]" classname="org.bukkit.craftbukkit.inventory.FactoryItemMaterialTest" time="0.002"/>
  <testcase name="itemStack[Material[121]:STAINED_GLASS_PANE]" classname="org.bukkit.craftbukkit.inventory.FactoryItemMaterialTest" time="0"/>
  <testcase name="blankEqualities[Material[122]:LEAVES_2]" classname="org.bukkit.craftbukkit.inventory.FactoryItemMaterialTest" time="0.001"/>
  <testcase name="generalCase[Material[122]:LEAVES_2]" classname="org.bukkit.craftbukkit.inventory.FactoryItemMaterialTest" time="0"/>
  <testcase name="asMetaFor[Material[122]:LEAVES_2]" classname="org.bukkit.craftbukkit.inventory.FactoryItemMaterialTest" time="0.001"/>
  <testcase name="itemStack[Material[122]:LEAVES_2]" classname="org.bukkit.craftbukkit.inventory.FactoryItemMaterialTest" time="0"/>
  <testcase name="blankEqualities[Material[123]:LOG_2]" classname="org.bukkit.craftbukkit.inventory.FactoryItemMaterialTest" time="0.001"/>
  <testcase name="generalCase[Material[123]:LOG_2]" classname="org.bukkit.craftbukkit.inventory.FactoryItemMaterialTest" time="0"/>
  <testcase name="asMetaFor[Material[123]:LOG_2]" classname="org.bukkit.craftbukkit.inventory.FactoryItemMaterialTest" time="0.001"/>
  <testcase name="itemStack[Material[123]:LOG_2]" classname="org.bukkit.craftbukkit.inventory.FactoryItemMaterialTest" time="0"/>
  <testcase name="blankEqualities[Material[124]:ACACIA_STAIRS]" classname="org.bukkit.craftbukkit.inventory.FactoryItemMaterialTest" time="0.002"/>
  <testcase name="generalCase[Material[124]:ACACIA_STAIRS]" classname="org.bukkit.craftbukkit.inventory.FactoryItemMaterialTest" time="0"/>
  <testcase name="asMetaFor[Material[124]:ACACIA_STAIRS]" classname="org.bukkit.craftbukkit.inventory.FactoryItemMaterialTest" time="0.001"/>
  <testcase name="itemStack[Material[124]:ACACIA_STAIRS]" classname="org.bukkit.craftbukkit.inventory.FactoryItemMaterialTest" time="0"/>
  <testcase name="blankEqualities[Material[125]:DARK_OAK_STAIRS]" classname="org.bukkit.craftbukkit.inventory.FactoryItemMaterialTest" time="0.001"/>
  <testcase name="generalCase[Material[125]:DARK_OAK_STAIRS]" classname="org.bukkit.craftbukkit.inventory.FactoryItemMaterialTest" time="0"/>
  <testcase name="asMetaFor[Material[125]:DARK_OAK_STAIRS]" classname="org.bukkit.craftbukkit.inventory.FactoryItemMaterialTest" time="0.001"/>
  <testcase name="itemStack[Material[125]:DARK_OAK_STAIRS]" classname="org.bukkit.craftbukkit.inventory.FactoryItemMaterialTest" time="0"/>
  <testcase name="blankEqualities[Material[126]:SLIME_BLOCK]" classname="org.bukkit.craftbukkit.inventory.FactoryItemMaterialTest" time="0.001"/>
  <testcase name="generalCase[Material[126]:SLIME_BLOCK]" classname="org.bukkit.craftbukkit.inventory.FactoryItemMaterialTest" time="0"/>
  <testcase name="asMetaFor[Material[126]:SLIME_BLOCK]" classname="org.bukkit.craftbukkit.inventory.FactoryItemMaterialTest" time="0.001"/>
  <testcase name="itemStack[Material[126]:SLIME_BLOCK]" classname="org.bukkit.craftbukkit.inventory.FactoryItemMaterialTest" time="0"/>
  <testcase name="blankEqualities[Material[127]:BARRIER]" classname="org.bukkit.craftbukkit.inventory.FactoryItemMaterialTest" time="0.001"/>
  <testcase name="generalCase[Material[127]:BARRIER]" classname="org.bukkit.craftbukkit.inventory.FactoryItemMaterialTest" time="0"/>
  <testcase name="asMetaFor[Material[127]:BARRIER]" classname="org.bukkit.craftbukkit.inventory.FactoryItemMaterialTest" time="0.001"/>
  <testcase name="itemStack[Material[127]:BARRIER]" classname="org.bukkit.craftbukkit.inventory.FactoryItemMaterialTest" time="0"/>
  <testcase name="blankEqualities[Material[128]:IRON_TRAPDOOR]" classname="org.bukkit.craftbukkit.inventory.FactoryItemMaterialTest" time="0.001"/>
  <testcase name="generalCase[Material[128]:IRON_TRAPDOOR]" classname="org.bukkit.craftbukkit.inventory.FactoryItemMaterialTest" time="0"/>
  <testcase name="asMetaFor[Material[128]:IRON_TRAPDOOR]" classname="org.bukkit.craftbukkit.inventory.FactoryItemMaterialTest" time="0.001"/>
  <testcase name="itemStack[Material[128]:IRON_TRAPDOOR]" classname="org.bukkit.craftbukkit.inventory.FactoryItemMaterialTest" time="0"/>
  <testcase name="blankEqualities[Material[129]:PRISMARINE]" classname="org.bukkit.craftbukkit.inventory.FactoryItemMaterialTest" time="0.001"/>
  <testcase name="generalCase[Material[129]:PRISMARINE]" classname="org.bukkit.craftbukkit.inventory.FactoryItemMaterialTest" time="0"/>
  <testcase name="asMetaFor[Material[129]:PRISMARINE]" classname="org.bukkit.craftbukkit.inventory.FactoryItemMaterialTest" time="0.001"/>
  <testcase name="itemStack[Material[129]:PRISMARINE]" classname="org.bukkit.craftbukkit.inventory.FactoryItemMaterialTest" time="0"/>
  <testcase name="blankEqualities[Material[130]:SEA_LANTERN]" classname="org.bukkit.craftbukkit.inventory.FactoryItemMaterialTest" time="0.001"/>
  <testcase name="generalCase[Material[130]:SEA_LANTERN]" classname="org.bukkit.craftbukkit.inventory.FactoryItemMaterialTest" time="0"/>
  <testcase name="asMetaFor[Material[130]:SEA_LANTERN]" classname="org.bukkit.craftbukkit.inventory.FactoryItemMaterialTest" time="0.001"/>
  <testcase name="itemStack[Material[130]:SEA_LANTERN]" classname="org.bukkit.craftbukkit.inventory.FactoryItemMaterialTest" time="0"/>
  <testcase name="blankEqualities[Material[131]:HAY_BLOCK]" classname="org.bukkit.craftbukkit.inventory.FactoryItemMaterialTest" time="0.001"/>
  <testcase name="generalCase[Material[131]:HAY_BLOCK]" classname="org.bukkit.craftbukkit.inventory.FactoryItemMaterialTest" time="0"/>
  <testcase name="asMetaFor[Material[131]:HAY_BLOCK]" classname="org.bukkit.craftbukkit.inventory.FactoryItemMaterialTest" time="0.001"/>
  <testcase name="itemStack[Material[131]:HAY_BLOCK]" classname="org.bukkit.craftbukkit.inventory.FactoryItemMaterialTest" time="0"/>
  <testcase name="blankEqualities[Material[132]:CARPET]" classname="org.bukkit.craftbukkit.inventory.FactoryItemMaterialTest" time="0.001"/>
  <testcase name="generalCase[Material[132]:CARPET]" classname="org.bukkit.craftbukkit.inventory.FactoryItemMaterialTest" time="0"/>
  <testcase name="asMetaFor[Material[132]:CARPET]" classname="org.bukkit.craftbukkit.inventory.FactoryItemMaterialTest" time="0.001"/>
  <testcase name="itemStack[Material[132]:CARPET]" classname="org.bukkit.craftbukkit.inventory.FactoryItemMaterialTest" time="0"/>
  <testcase name="blankEqualities[Material[133]:HARD_CLAY]" classname="org.bukkit.craftbukkit.inventory.FactoryItemMaterialTest" time="0.001"/>
  <testcase name="generalCase[Material[133]:HARD_CLAY]" classname="org.bukkit.craftbukkit.inventory.FactoryItemMaterialTest" time="0"/>
  <testcase name="asMetaFor[Material[133]:HARD_CLAY]" classname="org.bukkit.craftbukkit.inventory.FactoryItemMaterialTest" time="0"/>
  <testcase name="itemStack[Material[133]:HARD_CLAY]" classname="org.bukkit.craftbukkit.inventory.FactoryItemMaterialTest" time="0"/>
  <testcase name="blankEqualities[Material[134]:COAL_BLOCK]" classname="org.bukkit.craftbukkit.inventory.FactoryItemMaterialTest" time="0.001"/>
  <testcase name="generalCase[Material[134]:COAL_BLOCK]" classname="org.bukkit.craftbukkit.inventory.FactoryItemMaterialTest" time="0"/>
  <testcase name="asMetaFor[Material[134]:COAL_BLOCK]" classname="org.bukkit.craftbukkit.inventory.FactoryItemMaterialTest" time="0.001"/>
  <testcase name="itemStack[Material[134]:COAL_BLOCK]" classname="org.bukkit.craftbukkit.inventory.FactoryItemMaterialTest" time="0"/>
  <testcase name="blankEqualities[Material[135]:PACKED_ICE]" classname="org.bukkit.craftbukkit.inventory.FactoryItemMaterialTest" time="0.001"/>
  <testcase name="generalCase[Material[135]:PACKED_ICE]" classname="org.bukkit.craftbukkit.inventory.FactoryItemMaterialTest" time="0"/>
  <testcase name="asMetaFor[Material[135]:PACKED_ICE]" classname="org.bukkit.craftbukkit.inventory.FactoryItemMaterialTest" time="0.001"/>
  <testcase name="itemStack[Material[135]:PACKED_ICE]" classname="org.bukkit.craftbukkit.inventory.FactoryItemMaterialTest" time="0"/>
  <testcase name="blankEqualities[Material[136]:DOUBLE_PLANT]" classname="org.bukkit.craftbukkit.inventory.FactoryItemMaterialTest" time="0.001"/>
  <testcase name="generalCase[Material[136]:DOUBLE_PLANT]" classname="org.bukkit.craftbukkit.inventory.FactoryItemMaterialTest" time="0"/>
  <testcase name="asMetaFor[Material[136]:DOUBLE_PLANT]" classname="org.bukkit.craftbukkit.inventory.FactoryItemMaterialTest" time="0.002"/>
  <testcase name="itemStack[Material[136]:DOUBLE_PLANT]" classname="org.bukkit.craftbukkit.inventory.FactoryItemMaterialTest" time="0"/>
  <testcase name="blankEqualities[Material[137]:RED_SANDSTONE]" classname="org.bukkit.craftbukkit.inventory.FactoryItemMaterialTest" time="0.001"/>
  <testcase name="generalCase[Material[137]:RED_SANDSTONE]" classname="org.bukkit.craftbukkit.inventory.FactoryItemMaterialTest" time="0"/>
  <testcase name="asMetaFor[Material[137]:RED_SANDSTONE]" classname="org.bukkit.craftbukkit.inventory.FactoryItemMaterialTest" time="0"/>
  <testcase name="itemStack[Material[137]:RED_SANDSTONE]" classname="org.bukkit.craftbukkit.inventory.FactoryItemMaterialTest" time="0"/>
  <testcase name="blankEqualities[Material[138]:RED_SANDSTONE_STAIRS]" classname="org.bukkit.craftbukkit.inventory.FactoryItemMaterialTest" time="0"/>
  <testcase name="generalCase[Material[138]:RED_SANDSTONE_STAIRS]" classname="org.bukkit.craftbukkit.inventory.FactoryItemMaterialTest" time="0"/>
  <testcase name="asMetaFor[Material[138]:RED_SANDSTONE_STAIRS]" classname="org.bukkit.craftbukkit.inventory.FactoryItemMaterialTest" time="0"/>
  <testcase name="itemStack[Material[138]:RED_SANDSTONE_STAIRS]" classname="org.bukkit.craftbukkit.inventory.FactoryItemMaterialTest" time="0"/>
  <testcase name="blankEqualities[Material[139]:STONE_SLAB2]" classname="org.bukkit.craftbukkit.inventory.FactoryItemMaterialTest" time="0.001"/>
  <testcase name="generalCase[Material[139]:STONE_SLAB2]" classname="org.bukkit.craftbukkit.inventory.FactoryItemMaterialTest" time="0"/>
  <testcase name="asMetaFor[Material[139]:STONE_SLAB2]" classname="org.bukkit.craftbukkit.inventory.FactoryItemMaterialTest" time="0.001"/>
  <testcase name="itemStack[Material[139]:STONE_SLAB2]" classname="org.bukkit.craftbukkit.inventory.FactoryItemMaterialTest" time="0"/>
  <testcase name="blankEqualities[Material[140]:SPRUCE_FENCE_GATE]" classname="org.bukkit.craftbukkit.inventory.FactoryItemMaterialTest" time="0.001"/>
  <testcase name="generalCase[Material[140]:SPRUCE_FENCE_GATE]" classname="org.bukkit.craftbukkit.inventory.FactoryItemMaterialTest" time="0"/>
  <testcase name="asMetaFor[Material[140]:SPRUCE_FENCE_GATE]" classname="org.bukkit.craftbukkit.inventory.FactoryItemMaterialTest" time="0"/>
  <testcase name="itemStack[Material[140]:SPRUCE_FENCE_GATE]" classname="org.bukkit.craftbukkit.inventory.FactoryItemMaterialTest" time="0"/>
  <testcase name="blankEqualities[Material[141]:BIRCH_FENCE_GATE]" classname="org.bukkit.craftbukkit.inventory.FactoryItemMaterialTest" time="0.001"/>
  <testcase name="generalCase[Material[141]:BIRCH_FENCE_GATE]" classname="org.bukkit.craftbukkit.inventory.FactoryItemMaterialTest" time="0"/>
  <testcase name="asMetaFor[Material[141]:BIRCH_FENCE_GATE]" classname="org.bukkit.craftbukkit.inventory.FactoryItemMaterialTest" time="0.001"/>
  <testcase name="itemStack[Material[141]:BIRCH_FENCE_GATE]" classname="org.bukkit.craftbukkit.inventory.FactoryItemMaterialTest" time="0"/>
  <testcase name="blankEqualities[Material[142]:JUNGLE_FENCE_GATE]" classname="org.bukkit.craftbukkit.inventory.FactoryItemMaterialTest" time="0.001"/>
  <testcase name="generalCase[Material[142]:JUNGLE_FENCE_GATE]" classname="org.bukkit.craftbukkit.inventory.FactoryItemMaterialTest" time="0"/>
  <testcase name="asMetaFor[Material[142]:JUNGLE_FENCE_GATE]" classname="org.bukkit.craftbukkit.inventory.FactoryItemMaterialTest" time="0"/>
  <testcase name="itemStack[Material[142]:JUNGLE_FENCE_GATE]" classname="org.bukkit.craftbukkit.inventory.FactoryItemMaterialTest" time="0"/>
  <testcase name="blankEqualities[Material[143]:DARK_OAK_FENCE_GATE]" classname="org.bukkit.craftbukkit.inventory.FactoryItemMaterialTest" time="0"/>
  <testcase name="generalCase[Material[143]:DARK_OAK_FENCE_GATE]" classname="org.bukkit.craftbukkit.inventory.FactoryItemMaterialTest" time="0"/>
  <testcase name="asMetaFor[Material[143]:DARK_OAK_FENCE_GATE]" classname="org.bukkit.craftbukkit.inventory.FactoryItemMaterialTest" time="0.001"/>
  <testcase name="itemStack[Material[143]:DARK_OAK_FENCE_GATE]" classname="org.bukkit.craftbukkit.inventory.FactoryItemMaterialTest" time="0"/>
  <testcase name="blankEqualities[Material[144]:ACACIA_FENCE_GATE]" classname="org.bukkit.craftbukkit.inventory.FactoryItemMaterialTest" time="0.001"/>
  <testcase name="generalCase[Material[144]:ACACIA_FENCE_GATE]" classname="org.bukkit.craftbukkit.inventory.FactoryItemMaterialTest" time="0"/>
  <testcase name="asMetaFor[Material[144]:ACACIA_FENCE_GATE]" classname="org.bukkit.craftbukkit.inventory.FactoryItemMaterialTest" time="0"/>
  <testcase name="itemStack[Material[144]:ACACIA_FENCE_GATE]" classname="org.bukkit.craftbukkit.inventory.FactoryItemMaterialTest" time="0"/>
  <testcase name="blankEqualities[Material[145]:SPRUCE_FENCE]" classname="org.bukkit.craftbukkit.inventory.FactoryItemMaterialTest" time="0.001"/>
  <testcase name="generalCase[Material[145]:SPRUCE_FENCE]" classname="org.bukkit.craftbukkit.inventory.FactoryItemMaterialTest" time="0"/>
  <testcase name="asMetaFor[Material[145]:SPRUCE_FENCE]" classname="org.bukkit.craftbukkit.inventory.FactoryItemMaterialTest" time="0.001"/>
  <testcase name="itemStack[Material[145]:SPRUCE_FENCE]" classname="org.bukkit.craftbukkit.inventory.FactoryItemMaterialTest" time="0"/>
  <testcase name="blankEqualities[Material[146]:BIRCH_FENCE]" classname="org.bukkit.craftbukkit.inventory.FactoryItemMaterialTest" time="0.001"/>
  <testcase name="generalCase[Material[146]:BIRCH_FENCE]" classname="org.bukkit.craftbukkit.inventory.FactoryItemMaterialTest" time="0"/>
  <testcase name="asMetaFor[Material[146]:BIRCH_FENCE]" classname="org.bukkit.craftbukkit.inventory.FactoryItemMaterialTest" time="0.001"/>
  <testcase name="itemStack[Material[146]:BIRCH_FENCE]" classname="org.bukkit.craftbukkit.inventory.FactoryItemMaterialTest" time="0"/>
  <testcase name="blankEqualities[Material[147]:JUNGLE_FENCE]" classname="org.bukkit.craftbukkit.inventory.FactoryItemMaterialTest" time="0"/>
  <testcase name="generalCase[Material[147]:JUNGLE_FENCE]" classname="org.bukkit.craftbukkit.inventory.FactoryItemMaterialTest" time="0.001"/>
  <testcase name="asMetaFor[Material[147]:JUNGLE_FENCE]" classname="org.bukkit.craftbukkit.inventory.FactoryItemMaterialTest" time="0"/>
  <testcase name="itemStack[Material[147]:JUNGLE_FENCE]" classname="org.bukkit.craftbukkit.inventory.FactoryItemMaterialTest" time="0"/>
  <testcase name="blankEqualities[Material[148]:DARK_OAK_FENCE]" classname="org.bukkit.craftbukkit.inventory.FactoryItemMaterialTest" time="0.001"/>
  <testcase name="generalCase[Material[148]:DARK_OAK_FENCE]" classname="org.bukkit.craftbukkit.inventory.FactoryItemMaterialTest" time="0"/>
  <testcase name="asMetaFor[Material[148]:DARK_OAK_FENCE]" classname="org.bukkit.craftbukkit.inventory.FactoryItemMaterialTest" time="0.001"/>
  <testcase name="itemStack[Material[148]:DARK_OAK_FENCE]" classname="org.bukkit.craftbukkit.inventory.FactoryItemMaterialTest" time="0"/>
  <testcase name="blankEqualities[Material[149]:ACACIA_FENCE]" classname="org.bukkit.craftbukkit.inventory.FactoryItemMaterialTest" time="0.001"/>
  <testcase name="generalCase[Material[149]:ACACIA_FENCE]" classname="org.bukkit.craftbukkit.inventory.FactoryItemMaterialTest" time="0"/>
  <testcase name="asMetaFor[Material[149]:ACACIA_FENCE]" classname="org.bukkit.craftbukkit.inventory.FactoryItemMaterialTest" time="0.001"/>
  <testcase name="itemStack[Material[149]:ACACIA_FENCE]" classname="org.bukkit.craftbukkit.inventory.FactoryItemMaterialTest" time="0"/>
  <testcase name="blankEqualities[Material[150]:END_ROD]" classname="org.bukkit.craftbukkit.inventory.FactoryItemMaterialTest" time="0"/>
  <testcase name="generalCase[Material[150]:END_ROD]" classname="org.bukkit.craftbukkit.inventory.FactoryItemMaterialTest" time="0"/>
  <testcase name="asMetaFor[Material[150]:END_ROD]" classname="org.bukkit.craftbukkit.inventory.FactoryItemMaterialTest" time="0.001"/>
  <testcase name="itemStack[Material[150]:END_ROD]" classname="org.bukkit.craftbukkit.inventory.FactoryItemMaterialTest" time="0"/>
  <testcase name="blankEqualities[Material[151]:CHORUS_PLANT]" classname="org.bukkit.craftbukkit.inventory.FactoryItemMaterialTest" time="0.001"/>
  <testcase name="generalCase[Material[151]:CHORUS_PLANT]" classname="org.bukkit.craftbukkit.inventory.FactoryItemMaterialTest" time="0"/>
  <testcase name="asMetaFor[Material[151]:CHORUS_PLANT]" classname="org.bukkit.craftbukkit.inventory.FactoryItemMaterialTest" time="0"/>
  <testcase name="itemStack[Material[151]:CHORUS_PLANT]" classname="org.bukkit.craftbukkit.inventory.FactoryItemMaterialTest" time="0"/>
  <testcase name="blankEqualities[Material[152]:CHORUS_FLOWER]" classname="org.bukkit.craftbukkit.inventory.FactoryItemMaterialTest" time="0.001"/>
  <testcase name="generalCase[Material[152]:CHORUS_FLOWER]" classname="org.bukkit.craftbukkit.inventory.FactoryItemMaterialTest" time="0"/>
  <testcase name="asMetaFor[Material[152]:CHORUS_FLOWER]" classname="org.bukkit.craftbukkit.inventory.FactoryItemMaterialTest" time="0"/>
  <testcase name="itemStack[Material[152]:CHORUS_FLOWER]" classname="org.bukkit.craftbukkit.inventory.FactoryItemMaterialTest" time="0"/>
  <testcase name="blankEqualities[Material[153]:PURPUR_BLOCK]" classname="org.bukkit.craftbukkit.inventory.FactoryItemMaterialTest" time="0"/>
  <testcase name="generalCase[Material[153]:PURPUR_BLOCK]" classname="org.bukkit.craftbukkit.inventory.FactoryItemMaterialTest" time="0"/>
  <testcase name="asMetaFor[Material[153]:PURPUR_BLOCK]" classname="org.bukkit.craftbukkit.inventory.FactoryItemMaterialTest" time="0.001"/>
  <testcase name="itemStack[Material[153]:PURPUR_BLOCK]" classname="org.bukkit.craftbukkit.inventory.FactoryItemMaterialTest" time="0"/>
  <testcase name="blankEqualities[Material[154]:PURPUR_PILLAR]" classname="org.bukkit.craftbukkit.inventory.FactoryItemMaterialTest" time="0.001"/>
  <testcase name="generalCase[Material[154]:PURPUR_PILLAR]" classname="org.bukkit.craftbukkit.inventory.FactoryItemMaterialTest" time="0"/>
  <testcase name="asMetaFor[Material[154]:PURPUR_PILLAR]" classname="org.bukkit.craftbukkit.inventory.FactoryItemMaterialTest" time="0"/>
  <testcase name="itemStack[Material[154]:PURPUR_PILLAR]" classname="org.bukkit.craftbukkit.inventory.FactoryItemMaterialTest" time="0"/>
  <testcase name="blankEqualities[Material[155]:PURPUR_STAIRS]" classname="org.bukkit.craftbukkit.inventory.FactoryItemMaterialTest" time="0.001"/>
  <testcase name="generalCase[Material[155]:PURPUR_STAIRS]" classname="org.bukkit.craftbukkit.inventory.FactoryItemMaterialTest" time="0"/>
  <testcase name="asMetaFor[Material[155]:PURPUR_STAIRS]" classname="org.bukkit.craftbukkit.inventory.FactoryItemMaterialTest" time="0"/>
  <testcase name="itemStack[Material[155]:PURPUR_STAIRS]" classname="org.bukkit.craftbukkit.inventory.FactoryItemMaterialTest" time="0"/>
  <testcase name="blankEqualities[Material[156]:PURPUR_SLAB]" classname="org.bukkit.craftbukkit.inventory.FactoryItemMaterialTest" time="0"/>
  <testcase name="generalCase[Material[156]:PURPUR_SLAB]" classname="org.bukkit.craftbukkit.inventory.FactoryItemMaterialTest" time="0"/>
  <testcase name="asMetaFor[Material[156]:PURPUR_SLAB]" classname="org.bukkit.craftbukkit.inventory.FactoryItemMaterialTest" time="0.001"/>
  <testcase name="itemStack[Material[156]:PURPUR_SLAB]" classname="org.bukkit.craftbukkit.inventory.FactoryItemMaterialTest" time="0"/>
  <testcase name="blankEqualities[Material[157]:END_BRICKS]" classname="org.bukkit.craftbukkit.inventory.FactoryItemMaterialTest" time="0"/>
  <testcase name="generalCase[Material[157]:END_BRICKS]" classname="org.bukkit.craftbukkit.inventory.FactoryItemMaterialTest" time="0"/>
  <testcase name="asMetaFor[Material[157]:END_BRICKS]" classname="org.bukkit.craftbukkit.inventory.FactoryItemMaterialTest" time="0"/>
  <testcase name="itemStack[Material[157]:END_BRICKS]" classname="org.bukkit.craftbukkit.inventory.FactoryItemMaterialTest" time="0"/>
  <testcase name="blankEqualities[Material[158]:GRASS_PATH]" classname="org.bukkit.craftbukkit.inventory.FactoryItemMaterialTest" time="0.001"/>
  <testcase name="generalCase[Material[158]:GRASS_PATH]" classname="org.bukkit.craftbukkit.inventory.FactoryItemMaterialTest" time="0"/>
  <testcase name="asMetaFor[Material[158]:GRASS_PATH]" classname="org.bukkit.craftbukkit.inventory.FactoryItemMaterialTest" time="0"/>
  <testcase name="itemStack[Material[158]:GRASS_PATH]" classname="org.bukkit.craftbukkit.inventory.FactoryItemMaterialTest" time="0"/>
  <testcase name="blankEqualities[Material[159]:COMMAND_REPEATING]" classname="org.bukkit.craftbukkit.inventory.FactoryItemMaterialTest" time="0"/>
  <testcase name="generalCase[Material[159]:COMMAND_REPEATING]" classname="org.bukkit.craftbukkit.inventory.FactoryItemMaterialTest" time="0"/>
  <testcase name="asMetaFor[Material[159]:COMMAND_REPEATING]" classname="org.bukkit.craftbukkit.inventory.FactoryItemMaterialTest" time="0.001"/>
  <testcase name="itemStack[Material[159]:COMMAND_REPEATING]" classname="org.bukkit.craftbukkit.inventory.FactoryItemMaterialTest" time="0"/>
  <testcase name="blankEqualities[Material[160]:COMMAND_CHAIN]" classname="org.bukkit.craftbukkit.inventory.FactoryItemMaterialTest" time="0.001"/>
  <testcase name="generalCase[Material[160]:COMMAND_CHAIN]" classname="org.bukkit.craftbukkit.inventory.FactoryItemMaterialTest" time="0"/>
  <testcase name="asMetaFor[Material[160]:COMMAND_CHAIN]" classname="org.bukkit.craftbukkit.inventory.FactoryItemMaterialTest" time="0.003"/>
  <testcase name="itemStack[Material[160]:COMMAND_CHAIN]" classname="org.bukkit.craftbukkit.inventory.FactoryItemMaterialTest" time="0"/>
  <testcase name="blankEqualities[Material[161]:MAGMA]" classname="org.bukkit.craftbukkit.inventory.FactoryItemMaterialTest" time="0"/>
  <testcase name="generalCase[Material[161]:MAGMA]" classname="org.bukkit.craftbukkit.inventory.FactoryItemMaterialTest" time="0"/>
  <testcase name="asMetaFor[Material[161]:MAGMA]" classname="org.bukkit.craftbukkit.inventory.FactoryItemMaterialTest" time="0.001"/>
  <testcase name="itemStack[Material[161]:MAGMA]" classname="org.bukkit.craftbukkit.inventory.FactoryItemMaterialTest" time="0"/>
  <testcase name="blankEqualities[Material[162]:NETHER_WART_BLOCK]" classname="org.bukkit.craftbukkit.inventory.FactoryItemMaterialTest" time="0"/>
  <testcase name="generalCase[Material[162]:NETHER_WART_BLOCK]" classname="org.bukkit.craftbukkit.inventory.FactoryItemMaterialTest" time="0"/>
  <testcase name="asMetaFor[Material[162]:NETHER_WART_BLOCK]" classname="org.bukkit.craftbukkit.inventory.FactoryItemMaterialTest" time="0"/>
  <testcase name="itemStack[Material[162]:NETHER_WART_BLOCK]" classname="org.bukkit.craftbukkit.inventory.FactoryItemMaterialTest" time="0"/>
  <testcase name="blankEqualities[Material[163]:RED_NETHER_BRICK]" classname="org.bukkit.craftbukkit.inventory.FactoryItemMaterialTest" time="0.001"/>
  <testcase name="generalCase[Material[163]:RED_NETHER_BRICK]" classname="org.bukkit.craftbukkit.inventory.FactoryItemMaterialTest" time="0"/>
  <testcase name="asMetaFor[Material[163]:RED_NETHER_BRICK]" classname="org.bukkit.craftbukkit.inventory.FactoryItemMaterialTest" time="0"/>
  <testcase name="itemStack[Material[163]:RED_NETHER_BRICK]" classname="org.bukkit.craftbukkit.inventory.FactoryItemMaterialTest" time="0"/>
  <testcase name="blankEqualities[Material[164]:BONE_BLOCK]" classname="org.bukkit.craftbukkit.inventory.FactoryItemMaterialTest" time="0.001"/>
  <testcase name="generalCase[Material[164]:BONE_BLOCK]" classname="org.bukkit.craftbukkit.inventory.FactoryItemMaterialTest" time="0"/>
  <testcase name="asMetaFor[Material[164]:BONE_BLOCK]" classname="org.bukkit.craftbukkit.inventory.FactoryItemMaterialTest" time="0"/>
  <testcase name="itemStack[Material[164]:BONE_BLOCK]" classname="org.bukkit.craftbukkit.inventory.FactoryItemMaterialTest" time="0"/>
  <testcase name="blankEqualities[Material[165]:STRUCTURE_VOID]" classname="org.bukkit.craftbukkit.inventory.FactoryItemMaterialTest" time="0.001"/>
  <testcase name="generalCase[Material[165]:STRUCTURE_VOID]" classname="org.bukkit.craftbukkit.inventory.FactoryItemMaterialTest" time="0"/>
  <testcase name="asMetaFor[Material[165]:STRUCTURE_VOID]" classname="org.bukkit.craftbukkit.inventory.FactoryItemMaterialTest" time="0"/>
  <testcase name="itemStack[Material[165]:STRUCTURE_VOID]" classname="org.bukkit.craftbukkit.inventory.FactoryItemMaterialTest" time="0"/>
  <testcase name="blankEqualities[Material[166]:STRUCTURE_BLOCK]" classname="org.bukkit.craftbukkit.inventory.FactoryItemMaterialTest" time="0.001"/>
  <testcase name="generalCase[Material[166]:STRUCTURE_BLOCK]" classname="org.bukkit.craftbukkit.inventory.FactoryItemMaterialTest" time="0"/>
  <testcase name="asMetaFor[Material[166]:STRUCTURE_BLOCK]" classname="org.bukkit.craftbukkit.inventory.FactoryItemMaterialTest" time="0.001"/>
  <testcase name="itemStack[Material[166]:STRUCTURE_BLOCK]" classname="org.bukkit.craftbukkit.inventory.FactoryItemMaterialTest" time="0"/>
  <testcase name="blankEqualities[Material[167]:IRON_SPADE]" classname="org.bukkit.craftbukkit.inventory.FactoryItemMaterialTest" time="0.001"/>
  <testcase name="generalCase[Material[167]:IRON_SPADE]" classname="org.bukkit.craftbukkit.inventory.FactoryItemMaterialTest" time="0"/>
  <testcase name="asMetaFor[Material[167]:IRON_SPADE]" classname="org.bukkit.craftbukkit.inventory.FactoryItemMaterialTest" time="0"/>
  <testcase name="itemStack[Material[167]:IRON_SPADE]" classname="org.bukkit.craftbukkit.inventory.FactoryItemMaterialTest" time="0.001"/>
  <testcase name="blankEqualities[Material[168]:IRON_PICKAXE]" classname="org.bukkit.craftbukkit.inventory.FactoryItemMaterialTest" time="0"/>
  <testcase name="generalCase[Material[168]:IRON_PICKAXE]" classname="org.bukkit.craftbukkit.inventory.FactoryItemMaterialTest" time="0"/>
  <testcase name="asMetaFor[Material[168]:IRON_PICKAXE]" classname="org.bukkit.craftbukkit.inventory.FactoryItemMaterialTest" time="0.001"/>
  <testcase name="itemStack[Material[168]:IRON_PICKAXE]" classname="org.bukkit.craftbukkit.inventory.FactoryItemMaterialTest" time="0"/>
  <testcase name="blankEqualities[Material[169]:IRON_AXE]" classname="org.bukkit.craftbukkit.inventory.FactoryItemMaterialTest" time="0.001"/>
  <testcase name="generalCase[Material[169]:IRON_AXE]" classname="org.bukkit.craftbukkit.inventory.FactoryItemMaterialTest" time="0"/>
  <testcase name="asMetaFor[Material[169]:IRON_AXE]" classname="org.bukkit.craftbukkit.inventory.FactoryItemMaterialTest" time="0"/>
  <testcase name="itemStack[Material[169]:IRON_AXE]" classname="org.bukkit.craftbukkit.inventory.FactoryItemMaterialTest" time="0"/>
  <testcase name="blankEqualities[Material[170]:FLINT_AND_STEEL]" classname="org.bukkit.craftbukkit.inventory.FactoryItemMaterialTest" time="0"/>
  <testcase name="generalCase[Material[170]:FLINT_AND_STEEL]" classname="org.bukkit.craftbukkit.inventory.FactoryItemMaterialTest" time="0"/>
  <testcase name="asMetaFor[Material[170]:FLINT_AND_STEEL]" classname="org.bukkit.craftbukkit.inventory.FactoryItemMaterialTest" time="0.001"/>
  <testcase name="itemStack[Material[170]:FLINT_AND_STEEL]" classname="org.bukkit.craftbukkit.inventory.FactoryItemMaterialTest" time="0"/>
  <testcase name="blankEqualities[Material[171]:APPLE]" classname="org.bukkit.craftbukkit.inventory.FactoryItemMaterialTest" time="0.001"/>
  <testcase name="generalCase[Material[171]:APPLE]" classname="org.bukkit.craftbukkit.inventory.FactoryItemMaterialTest" time="0"/>
  <testcase name="asMetaFor[Material[171]:APPLE]" classname="org.bukkit.craftbukkit.inventory.FactoryItemMaterialTest" time="0"/>
  <testcase name="itemStack[Material[171]:APPLE]" classname="org.bukkit.craftbukkit.inventory.FactoryItemMaterialTest" time="0"/>
  <testcase name="blankEqualities[Material[172]:BOW]" classname="org.bukkit.craftbukkit.inventory.FactoryItemMaterialTest" time="0.001"/>
  <testcase name="generalCase[Material[172]:BOW]" classname="org.bukkit.craftbukkit.inventory.FactoryItemMaterialTest" time="0"/>
  <testcase name="asMetaFor[Material[172]:BOW]" classname="org.bukkit.craftbukkit.inventory.FactoryItemMaterialTest" time="0"/>
  <testcase name="itemStack[Material[172]:BOW]" classname="org.bukkit.craftbukkit.inventory.FactoryItemMaterialTest" time="0"/>
  <testcase name="blankEqualities[Material[173]:ARROW]" classname="org.bukkit.craftbukkit.inventory.FactoryItemMaterialTest" time="0.001"/>
  <testcase name="generalCase[Material[173]:ARROW]" classname="org.bukkit.craftbukkit.inventory.FactoryItemMaterialTest" time="0"/>
  <testcase name="asMetaFor[Material[173]:ARROW]" classname="org.bukkit.craftbukkit.inventory.FactoryItemMaterialTest" time="0"/>
  <testcase name="itemStack[Material[173]:ARROW]" classname="org.bukkit.craftbukkit.inventory.FactoryItemMaterialTest" time="0.001"/>
  <testcase name="blankEqualities[Material[174]:COAL]" classname="org.bukkit.craftbukkit.inventory.FactoryItemMaterialTest" time="0"/>
  <testcase name="generalCase[Material[174]:COAL]" classname="org.bukkit.craftbukkit.inventory.FactoryItemMaterialTest" time="0"/>
  <testcase name="asMetaFor[Material[174]:COAL]" classname="org.bukkit.craftbukkit.inventory.FactoryItemMaterialTest" time="0.001"/>
  <testcase name="itemStack[Material[174]:COAL]" classname="org.bukkit.craftbukkit.inventory.FactoryItemMaterialTest" time="0"/>
  <testcase name="blankEqualities[Material[175]:DIAMOND]" classname="org.bukkit.craftbukkit.inventory.FactoryItemMaterialTest" time="0"/>
  <testcase name="generalCase[Material[175]:DIAMOND]" classname="org.bukkit.craftbukkit.inventory.FactoryItemMaterialTest" time="0"/>
  <testcase name="asMetaFor[Material[175]:DIAMOND]" classname="org.bukkit.craftbukkit.inventory.FactoryItemMaterialTest" time="0.001"/>
  <testcase name="itemStack[Material[175]:DIAMOND]" classname="org.bukkit.craftbukkit.inventory.FactoryItemMaterialTest" time="0"/>
  <testcase name="blankEqualities[Material[176]:IRON_INGOT]" classname="org.bukkit.craftbukkit.inventory.FactoryItemMaterialTest" time="0"/>
  <testcase name="generalCase[Material[176]:IRON_INGOT]" classname="org.bukkit.craftbukkit.inventory.FactoryItemMaterialTest" time="0"/>
  <testcase name="asMetaFor[Material[176]:IRON_INGOT]" classname="org.bukkit.craftbukkit.inventory.FactoryItemMaterialTest" time="0.001"/>
  <testcase name="itemStack[Material[176]:IRON_INGOT]" classname="org.bukkit.craftbukkit.inventory.FactoryItemMaterialTest" time="0"/>
  <testcase name="blankEqualities[Material[177]:GOLD_INGOT]" classname="org.bukkit.craftbukkit.inventory.FactoryItemMaterialTest" time="0"/>
  <testcase name="generalCase[Material[177]:GOLD_INGOT]" classname="org.bukkit.craftbukkit.inventory.FactoryItemMaterialTest" time="0"/>
  <testcase name="asMetaFor[Material[177]:GOLD_INGOT]" classname="org.bukkit.craftbukkit.inventory.FactoryItemMaterialTest" time="0.001"/>
  <testcase name="itemStack[Material[177]:GOLD_INGOT]" classname="org.bukkit.craftbukkit.inventory.FactoryItemMaterialTest" time="0"/>
  <testcase name="blankEqualities[Material[178]:IRON_SWORD]" classname="org.bukkit.craftbukkit.inventory.FactoryItemMaterialTest" time="0.001"/>
  <testcase name="generalCase[Material[178]:IRON_SWORD]" classname="org.bukkit.craftbukkit.inventory.FactoryItemMaterialTest" time="0"/>
  <testcase name="asMetaFor[Material[178]:IRON_SWORD]" classname="org.bukkit.craftbukkit.inventory.FactoryItemMaterialTest" time="0"/>
  <testcase name="itemStack[Material[178]:IRON_SWORD]" classname="org.bukkit.craftbukkit.inventory.FactoryItemMaterialTest" time="0"/>
  <testcase name="blankEqualities[Material[179]:WOOD_SWORD]" classname="org.bukkit.craftbukkit.inventory.FactoryItemMaterialTest" time="0"/>
  <testcase name="generalCase[Material[179]:WOOD_SWORD]" classname="org.bukkit.craftbukkit.inventory.FactoryItemMaterialTest" time="0"/>
  <testcase name="asMetaFor[Material[179]:WOOD_SWORD]" classname="org.bukkit.craftbukkit.inventory.FactoryItemMaterialTest" time="0.001"/>
  <testcase name="itemStack[Material[179]:WOOD_SWORD]" classname="org.bukkit.craftbukkit.inventory.FactoryItemMaterialTest" time="0"/>
  <testcase name="blankEqualities[Material[180]:WOOD_SPADE]" classname="org.bukkit.craftbukkit.inventory.FactoryItemMaterialTest" time="0"/>
  <testcase name="generalCase[Material[180]:WOOD_SPADE]" classname="org.bukkit.craftbukkit.inventory.FactoryItemMaterialTest" time="0"/>
  <testcase name="asMetaFor[Material[180]:WOOD_SPADE]" classname="org.bukkit.craftbukkit.inventory.FactoryItemMaterialTest" time="0"/>
  <testcase name="itemStack[Material[180]:WOOD_SPADE]" classname="org.bukkit.craftbukkit.inventory.FactoryItemMaterialTest" time="0"/>
  <testcase name="blankEqualities[Material[181]:WOOD_PICKAXE]" classname="org.bukkit.craftbukkit.inventory.FactoryItemMaterialTest" time="0"/>
  <testcase name="generalCase[Material[181]:WOOD_PICKAXE]" classname="org.bukkit.craftbukkit.inventory.FactoryItemMaterialTest" time="0"/>
  <testcase name="asMetaFor[Material[181]:WOOD_PICKAXE]" classname="org.bukkit.craftbukkit.inventory.FactoryItemMaterialTest" time="0.001"/>
  <testcase name="itemStack[Material[181]:WOOD_PICKAXE]" classname="org.bukkit.craftbukkit.inventory.FactoryItemMaterialTest" time="0"/>
  <testcase name="blankEqualities[Material[182]:WOOD_AXE]" classname="org.bukkit.craftbukkit.inventory.FactoryItemMaterialTest" time="0.001"/>
  <testcase name="generalCase[Material[182]:WOOD_AXE]" classname="org.bukkit.craftbukkit.inventory.FactoryItemMaterialTest" time="0"/>
  <testcase name="asMetaFor[Material[182]:WOOD_AXE]" classname="org.bukkit.craftbukkit.inventory.FactoryItemMaterialTest" time="0"/>
  <testcase name="itemStack[Material[182]:WOOD_AXE]" classname="org.bukkit.craftbukkit.inventory.FactoryItemMaterialTest" time="0"/>
  <testcase name="blankEqualities[Material[183]:STONE_SWORD]" classname="org.bukkit.craftbukkit.inventory.FactoryItemMaterialTest" time="0.001"/>
  <testcase name="generalCase[Material[183]:STONE_SWORD]" classname="org.bukkit.craftbukkit.inventory.FactoryItemMaterialTest" time="0"/>
  <testcase name="asMetaFor[Material[183]:STONE_SWORD]" classname="org.bukkit.craftbukkit.inventory.FactoryItemMaterialTest" time="0"/>
  <testcase name="itemStack[Material[183]:STONE_SWORD]" classname="org.bukkit.craftbukkit.inventory.FactoryItemMaterialTest" time="0"/>
  <testcase name="blankEqualities[Material[184]:STONE_SPADE]" classname="org.bukkit.craftbukkit.inventory.FactoryItemMaterialTest" time="0.001"/>
  <testcase name="generalCase[Material[184]:STONE_SPADE]" classname="org.bukkit.craftbukkit.inventory.FactoryItemMaterialTest" time="0"/>
  <testcase name="asMetaFor[Material[184]:STONE_SPADE]" classname="org.bukkit.craftbukkit.inventory.FactoryItemMaterialTest" time="0.001"/>
  <testcase name="itemStack[Material[184]:STONE_SPADE]" classname="org.bukkit.craftbukkit.inventory.FactoryItemMaterialTest" time="0"/>
  <testcase name="blankEqualities[Material[185]:STONE_PICKAXE]" classname="org.bukkit.craftbukkit.inventory.FactoryItemMaterialTest" time="0"/>
  <testcase name="generalCase[Material[185]:STONE_PICKAXE]" classname="org.bukkit.craftbukkit.inventory.FactoryItemMaterialTest" time="0"/>
  <testcase name="asMetaFor[Material[185]:STONE_PICKAXE]" classname="org.bukkit.craftbukkit.inventory.FactoryItemMaterialTest" time="0.001"/>
  <testcase name="itemStack[Material[185]:STONE_PICKAXE]" classname="org.bukkit.craftbukkit.inventory.FactoryItemMaterialTest" time="0"/>
  <testcase name="blankEqualities[Material[186]:STONE_AXE]" classname="org.bukkit.craftbukkit.inventory.FactoryItemMaterialTest" time="0"/>
  <testcase name="generalCase[Material[186]:STONE_AXE]" classname="org.bukkit.craftbukkit.inventory.FactoryItemMaterialTest" time="0"/>
  <testcase name="asMetaFor[Material[186]:STONE_AXE]" classname="org.bukkit.craftbukkit.inventory.FactoryItemMaterialTest" time="0.001"/>
  <testcase name="itemStack[Material[186]:STONE_AXE]" classname="org.bukkit.craftbukkit.inventory.FactoryItemMaterialTest" time="0"/>
  <testcase name="blankEqualities[Material[187]:DIAMOND_SWORD]" classname="org.bukkit.craftbukkit.inventory.FactoryItemMaterialTest" time="0"/>
  <testcase name="generalCase[Material[187]:DIAMOND_SWORD]" classname="org.bukkit.craftbukkit.inventory.FactoryItemMaterialTest" time="0"/>
  <testcase name="asMetaFor[Material[187]:DIAMOND_SWORD]" classname="org.bukkit.craftbukkit.inventory.FactoryItemMaterialTest" time="0"/>
  <testcase name="itemStack[Material[187]:DIAMOND_SWORD]" classname="org.bukkit.craftbukkit.inventory.FactoryItemMaterialTest" time="0"/>
  <testcase name="blankEqualities[Material[188]:DIAMOND_SPADE]" classname="org.bukkit.craftbukkit.inventory.FactoryItemMaterialTest" time="0"/>
  <testcase name="generalCase[Material[188]:DIAMOND_SPADE]" classname="org.bukkit.craftbukkit.inventory.FactoryItemMaterialTest" time="0"/>
  <testcase name="asMetaFor[Material[188]:DIAMOND_SPADE]" classname="org.bukkit.craftbukkit.inventory.FactoryItemMaterialTest" time="0"/>
  <testcase name="itemStack[Material[188]:DIAMOND_SPADE]" classname="org.bukkit.craftbukkit.inventory.FactoryItemMaterialTest" time="0"/>
  <testcase name="blankEqualities[Material[189]:DIAMOND_PICKAXE]" classname="org.bukkit.craftbukkit.inventory.FactoryItemMaterialTest" time="0.001"/>
  <testcase name="generalCase[Material[189]:DIAMOND_PICKAXE]" classname="org.bukkit.craftbukkit.inventory.FactoryItemMaterialTest" time="0"/>
  <testcase name="asMetaFor[Material[189]:DIAMOND_PICKAXE]" classname="org.bukkit.craftbukkit.inventory.FactoryItemMaterialTest" time="0"/>
  <testcase name="itemStack[Material[189]:DIAMOND_PICKAXE]" classname="org.bukkit.craftbukkit.inventory.FactoryItemMaterialTest" time="0"/>
  <testcase name="blankEqualities[Material[190]:DIAMOND_AXE]" classname="org.bukkit.craftbukkit.inventory.FactoryItemMaterialTest" time="0.001"/>
  <testcase name="generalCase[Material[190]:DIAMOND_AXE]" classname="org.bukkit.craftbukkit.inventory.FactoryItemMaterialTest" time="0"/>
  <testcase name="asMetaFor[Material[190]:DIAMOND_AXE]" classname="org.bukkit.craftbukkit.inventory.FactoryItemMaterialTest" time="0.001"/>
  <testcase name="itemStack[Material[190]:DIAMOND_AXE]" classname="org.bukkit.craftbukkit.inventory.FactoryItemMaterialTest" time="0"/>
  <testcase name="blankEqualities[Material[191]:STICK]" classname="org.bukkit.craftbukkit.inventory.FactoryItemMaterialTest" time="0"/>
  <testcase name="generalCase[Material[191]:STICK]" classname="org.bukkit.craftbukkit.inventory.FactoryItemMaterialTest" time="0"/>
  <testcase name="asMetaFor[Material[191]:STICK]" classname="org.bukkit.craftbukkit.inventory.FactoryItemMaterialTest" time="0"/>
  <testcase name="itemStack[Material[191]:STICK]" classname="org.bukkit.craftbukkit.inventory.FactoryItemMaterialTest" time="0"/>
  <testcase name="blankEqualities[Material[192]:BOWL]" classname="org.bukkit.craftbukkit.inventory.FactoryItemMaterialTest" time="0.001"/>
  <testcase name="generalCase[Material[192]:BOWL]" classname="org.bukkit.craftbukkit.inventory.FactoryItemMaterialTest" time="0"/>
  <testcase name="asMetaFor[Material[192]:BOWL]" classname="org.bukkit.craftbukkit.inventory.FactoryItemMaterialTest" time="0"/>
  <testcase name="itemStack[Material[192]:BOWL]" classname="org.bukkit.craftbukkit.inventory.FactoryItemMaterialTest" time="0"/>
  <testcase name="blankEqualities[Material[193]:MUSHROOM_SOUP]" classname="org.bukkit.craftbukkit.inventory.FactoryItemMaterialTest" time="0"/>
  <testcase name="generalCase[Material[193]:MUSHROOM_SOUP]" classname="org.bukkit.craftbukkit.inventory.FactoryItemMaterialTest" time="0"/>
  <testcase name="asMetaFor[Material[193]:MUSHROOM_SOUP]" classname="org.bukkit.craftbukkit.inventory.FactoryItemMaterialTest" time="0.001"/>
  <testcase name="itemStack[Material[193]:MUSHROOM_SOUP]" classname="org.bukkit.craftbukkit.inventory.FactoryItemMaterialTest" time="0"/>
  <testcase name="blankEqualities[Material[194]:GOLD_SWORD]" classname="org.bukkit.craftbukkit.inventory.FactoryItemMaterialTest" time="0.001"/>
  <testcase name="generalCase[Material[194]:GOLD_SWORD]" classname="org.bukkit.craftbukkit.inventory.FactoryItemMaterialTest" time="0"/>
  <testcase name="asMetaFor[Material[194]:GOLD_SWORD]" classname="org.bukkit.craftbukkit.inventory.FactoryItemMaterialTest" time="0"/>
  <testcase name="itemStack[Material[194]:GOLD_SWORD]" classname="org.bukkit.craftbukkit.inventory.FactoryItemMaterialTest" time="0"/>
  <testcase name="blankEqualities[Material[195]:GOLD_SPADE]" classname="org.bukkit.craftbukkit.inventory.FactoryItemMaterialTest" time="0"/>
  <testcase name="generalCase[Material[195]:GOLD_SPADE]" classname="org.bukkit.craftbukkit.inventory.FactoryItemMaterialTest" time="0"/>
  <testcase name="asMetaFor[Material[195]:GOLD_SPADE]" classname="org.bukkit.craftbukkit.inventory.FactoryItemMaterialTest" time="0.001"/>
  <testcase name="itemStack[Material[195]:GOLD_SPADE]" classname="org.bukkit.craftbukkit.inventory.FactoryItemMaterialTest" time="0"/>
  <testcase name="blankEqualities[Material[196]:GOLD_PICKAXE]" classname="org.bukkit.craftbukkit.inventory.FactoryItemMaterialTest" time="0"/>
  <testcase name="generalCase[Material[196]:GOLD_PICKAXE]" classname="org.bukkit.craftbukkit.inventory.FactoryItemMaterialTest" time="0"/>
  <testcase name="asMetaFor[Material[196]:GOLD_PICKAXE]" classname="org.bukkit.craftbukkit.inventory.FactoryItemMaterialTest" time="0.001"/>
  <testcase name="itemStack[Material[196]:GOLD_PICKAXE]" classname="org.bukkit.craftbukkit.inventory.FactoryItemMaterialTest" time="0"/>
  <testcase name="blankEqualities[Material[197]:GOLD_AXE]" classname="org.bukkit.craftbukkit.inventory.FactoryItemMaterialTest" time="0.001"/>
  <testcase name="generalCase[Material[197]:GOLD_AXE]" classname="org.bukkit.craftbukkit.inventory.FactoryItemMaterialTest" time="0"/>
  <testcase name="asMetaFor[Material[197]:GOLD_AXE]" classname="org.bukkit.craftbukkit.inventory.FactoryItemMaterialTest" time="0"/>
  <testcase name="itemStack[Material[197]:GOLD_AXE]" classname="org.bukkit.craftbukkit.inventory.FactoryItemMaterialTest" time="0"/>
  <testcase name="blankEqualities[Material[198]:STRING]" classname="org.bukkit.craftbukkit.inventory.FactoryItemMaterialTest" time="0.001"/>
  <testcase name="generalCase[Material[198]:STRING]" classname="org.bukkit.craftbukkit.inventory.FactoryItemMaterialTest" time="0"/>
  <testcase name="asMetaFor[Material[198]:STRING]" classname="org.bukkit.craftbukkit.inventory.FactoryItemMaterialTest" time="0"/>
  <testcase name="itemStack[Material[198]:STRING]" classname="org.bukkit.craftbukkit.inventory.FactoryItemMaterialTest" time="0"/>
  <testcase name="blankEqualities[Material[199]:FEATHER]" classname="org.bukkit.craftbukkit.inventory.FactoryItemMaterialTest" time="0.001"/>
  <testcase name="generalCase[Material[199]:FEATHER]" classname="org.bukkit.craftbukkit.inventory.FactoryItemMaterialTest" time="0"/>
  <testcase name="asMetaFor[Material[199]:FEATHER]" classname="org.bukkit.craftbukkit.inventory.FactoryItemMaterialTest" time="0.001"/>
  <testcase name="itemStack[Material[199]:FEATHER]" classname="org.bukkit.craftbukkit.inventory.FactoryItemMaterialTest" time="0"/>
  <testcase name="blankEqualities[Material[200]:SULPHUR]" classname="org.bukkit.craftbukkit.inventory.FactoryItemMaterialTest" time="0.001"/>
  <testcase name="generalCase[Material[200]:SULPHUR]" classname="org.bukkit.craftbukkit.inventory.FactoryItemMaterialTest" time="0"/>
  <testcase name="asMetaFor[Material[200]:SULPHUR]" classname="org.bukkit.craftbukkit.inventory.FactoryItemMaterialTest" time="0.001"/>
  <testcase name="itemStack[Material[200]:SULPHUR]" classname="org.bukkit.craftbukkit.inventory.FactoryItemMaterialTest" time="0"/>
  <testcase name="blankEqualities[Material[201]:WOOD_HOE]" classname="org.bukkit.craftbukkit.inventory.FactoryItemMaterialTest" time="0"/>
  <testcase name="generalCase[Material[201]:WOOD_HOE]" classname="org.bukkit.craftbukkit.inventory.FactoryItemMaterialTest" time="0"/>
  <testcase name="asMetaFor[Material[201]:WOOD_HOE]" classname="org.bukkit.craftbukkit.inventory.FactoryItemMaterialTest" time="0"/>
  <testcase name="itemStack[Material[201]:WOOD_HOE]" classname="org.bukkit.craftbukkit.inventory.FactoryItemMaterialTest" time="0"/>
  <testcase name="blankEqualities[Material[202]:STONE_HOE]" classname="org.bukkit.craftbukkit.inventory.FactoryItemMaterialTest" time="0.001"/>
  <testcase name="generalCase[Material[202]:STONE_HOE]" classname="org.bukkit.craftbukkit.inventory.FactoryItemMaterialTest" time="0"/>
  <testcase name="asMetaFor[Material[202]:STONE_HOE]" classname="org.bukkit.craftbukkit.inventory.FactoryItemMaterialTest" time="0.001"/>
  <testcase name="itemStack[Material[202]:STONE_HOE]" classname="org.bukkit.craftbukkit.inventory.FactoryItemMaterialTest" time="0"/>
  <testcase name="blankEqualities[Material[203]:IRON_HOE]" classname="org.bukkit.craftbukkit.inventory.FactoryItemMaterialTest" time="0"/>
  <testcase name="generalCase[Material[203]:IRON_HOE]" classname="org.bukkit.craftbukkit.inventory.FactoryItemMaterialTest" time="0"/>
  <testcase name="asMetaFor[Material[203]:IRON_HOE]" classname="org.bukkit.craftbukkit.inventory.FactoryItemMaterialTest" time="0.001"/>
  <testcase name="itemStack[Material[203]:IRON_HOE]" classname="org.bukkit.craftbukkit.inventory.FactoryItemMaterialTest" time="0"/>
  <testcase name="blankEqualities[Material[204]:DIAMOND_HOE]" classname="org.bukkit.craftbukkit.inventory.FactoryItemMaterialTest" time="0"/>
  <testcase name="generalCase[Material[204]:DIAMOND_HOE]" classname="org.bukkit.craftbukkit.inventory.FactoryItemMaterialTest" time="0.001"/>
  <testcase name="asMetaFor[Material[204]:DIAMOND_HOE]" classname="org.bukkit.craftbukkit.inventory.FactoryItemMaterialTest" time="0"/>
  <testcase name="itemStack[Material[204]:DIAMOND_HOE]" classname="org.bukkit.craftbukkit.inventory.FactoryItemMaterialTest" time="0"/>
  <testcase name="blankEqualities[Material[205]:GOLD_HOE]" classname="org.bukkit.craftbukkit.inventory.FactoryItemMaterialTest" time="0.001"/>
  <testcase name="generalCase[Material[205]:GOLD_HOE]" classname="org.bukkit.craftbukkit.inventory.FactoryItemMaterialTest" time="0"/>
  <testcase name="asMetaFor[Material[205]:GOLD_HOE]" classname="org.bukkit.craftbukkit.inventory.FactoryItemMaterialTest" time="0"/>
  <testcase name="itemStack[Material[205]:GOLD_HOE]" classname="org.bukkit.craftbukkit.inventory.FactoryItemMaterialTest" time="0"/>
  <testcase name="blankEqualities[Material[206]:SEEDS]" classname="org.bukkit.craftbukkit.inventory.FactoryItemMaterialTest" time="0.001"/>
  <testcase name="generalCase[Material[206]:SEEDS]" classname="org.bukkit.craftbukkit.inventory.FactoryItemMaterialTest" time="0"/>
  <testcase name="asMetaFor[Material[206]:SEEDS]" classname="org.bukkit.craftbukkit.inventory.FactoryItemMaterialTest" time="0.001"/>
  <testcase name="itemStack[Material[206]:SEEDS]" classname="org.bukkit.craftbukkit.inventory.FactoryItemMaterialTest" time="0"/>
  <testcase name="blankEqualities[Material[207]:WHEAT]" classname="org.bukkit.craftbukkit.inventory.FactoryItemMaterialTest" time="0.001"/>
  <testcase name="generalCase[Material[207]:WHEAT]" classname="org.bukkit.craftbukkit.inventory.FactoryItemMaterialTest" time="0"/>
  <testcase name="asMetaFor[Material[207]:WHEAT]" classname="org.bukkit.craftbukkit.inventory.FactoryItemMaterialTest" time="0"/>
  <testcase name="itemStack[Material[207]:WHEAT]" classname="org.bukkit.craftbukkit.inventory.FactoryItemMaterialTest" time="0"/>
  <testcase name="blankEqualities[Material[208]:BREAD]" classname="org.bukkit.craftbukkit.inventory.FactoryItemMaterialTest" time="0.001"/>
  <testcase name="generalCase[Material[208]:BREAD]" classname="org.bukkit.craftbukkit.inventory.FactoryItemMaterialTest" time="0"/>
  <testcase name="asMetaFor[Material[208]:BREAD]" classname="org.bukkit.craftbukkit.inventory.FactoryItemMaterialTest" time="0.001"/>
  <testcase name="itemStack[Material[208]:BREAD]" classname="org.bukkit.craftbukkit.inventory.FactoryItemMaterialTest" time="0"/>
  <testcase name="blankEqualities[Material[209]:LEATHER_HELMET]" classname="org.bukkit.craftbukkit.inventory.FactoryItemMaterialTest" time="0.001"/>
  <testcase name="generalCase[Material[209]:LEATHER_HELMET]" classname="org.bukkit.craftbukkit.inventory.FactoryItemMaterialTest" time="0"/>
  <testcase name="asMetaFor[Material[209]:LEATHER_HELMET]" classname="org.bukkit.craftbukkit.inventory.FactoryItemMaterialTest" time="0"/>
  <testcase name="itemStack[Material[209]:LEATHER_HELMET]" classname="org.bukkit.craftbukkit.inventory.FactoryItemMaterialTest" time="0"/>
  <testcase name="blankEqualities[Material[210]:LEATHER_CHESTPLATE]" classname="org.bukkit.craftbukkit.inventory.FactoryItemMaterialTest" time="0"/>
  <testcase name="generalCase[Material[210]:LEATHER_CHESTPLATE]" classname="org.bukkit.craftbukkit.inventory.FactoryItemMaterialTest" time="0"/>
  <testcase name="asMetaFor[Material[210]:LEATHER_CHESTPLATE]" classname="org.bukkit.craftbukkit.inventory.FactoryItemMaterialTest" time="0.001"/>
  <testcase name="itemStack[Material[210]:LEATHER_CHESTPLATE]" classname="org.bukkit.craftbukkit.inventory.FactoryItemMaterialTest" time="0"/>
  <testcase name="blankEqualities[Material[211]:LEATHER_LEGGINGS]" classname="org.bukkit.craftbukkit.inventory.FactoryItemMaterialTest" time="0.001"/>
  <testcase name="generalCase[Material[211]:LEATHER_LEGGINGS]" classname="org.bukkit.craftbukkit.inventory.FactoryItemMaterialTest" time="0"/>
  <testcase name="asMetaFor[Material[211]:LEATHER_LEGGINGS]" classname="org.bukkit.craftbukkit.inventory.FactoryItemMaterialTest" time="0.001"/>
  <testcase name="itemStack[Material[211]:LEATHER_LEGGINGS]" classname="org.bukkit.craftbukkit.inventory.FactoryItemMaterialTest" time="0"/>
  <testcase name="blankEqualities[Material[212]:LEATHER_BOOTS]" classname="org.bukkit.craftbukkit.inventory.FactoryItemMaterialTest" time="0.001"/>
  <testcase name="generalCase[Material[212]:LEATHER_BOOTS]" classname="org.bukkit.craftbukkit.inventory.FactoryItemMaterialTest" time="0"/>
  <testcase name="asMetaFor[Material[212]:LEATHER_BOOTS]" classname="org.bukkit.craftbukkit.inventory.FactoryItemMaterialTest" time="0.001"/>
  <testcase name="itemStack[Material[212]:LEATHER_BOOTS]" classname="org.bukkit.craftbukkit.inventory.FactoryItemMaterialTest" time="0"/>
  <testcase name="blankEqualities[Material[213]:CHAINMAIL_HELMET]" classname="org.bukkit.craftbukkit.inventory.FactoryItemMaterialTest" time="0.001"/>
  <testcase name="generalCase[Material[213]:CHAINMAIL_HELMET]" classname="org.bukkit.craftbukkit.inventory.FactoryItemMaterialTest" time="0"/>
  <testcase name="asMetaFor[Material[213]:CHAINMAIL_HELMET]" classname="org.bukkit.craftbukkit.inventory.FactoryItemMaterialTest" time="0.001"/>
  <testcase name="itemStack[Material[213]:CHAINMAIL_HELMET]" classname="org.bukkit.craftbukkit.inventory.FactoryItemMaterialTest" time="0"/>
  <testcase name="blankEqualities[Material[214]:CHAINMAIL_CHESTPLATE]" classname="org.bukkit.craftbukkit.inventory.FactoryItemMaterialTest" time="0.001"/>
  <testcase name="generalCase[Material[214]:CHAINMAIL_CHESTPLATE]" classname="org.bukkit.craftbukkit.inventory.FactoryItemMaterialTest" time="0.001"/>
  <testcase name="asMetaFor[Material[214]:CHAINMAIL_CHESTPLATE]" classname="org.bukkit.craftbukkit.inventory.FactoryItemMaterialTest" time="0"/>
  <testcase name="itemStack[Material[214]:CHAINMAIL_CHESTPLATE]" classname="org.bukkit.craftbukkit.inventory.FactoryItemMaterialTest" time="0"/>
  <testcase name="blankEqualities[Material[215]:CHAINMAIL_LEGGINGS]" classname="org.bukkit.craftbukkit.inventory.FactoryItemMaterialTest" time="0.002"/>
  <testcase name="generalCase[Material[215]:CHAINMAIL_LEGGINGS]" classname="org.bukkit.craftbukkit.inventory.FactoryItemMaterialTest" time="0"/>
  <testcase name="asMetaFor[Material[215]:CHAINMAIL_LEGGINGS]" classname="org.bukkit.craftbukkit.inventory.FactoryItemMaterialTest" time="0.001"/>
  <testcase name="itemStack[Material[215]:CHAINMAIL_LEGGINGS]" classname="org.bukkit.craftbukkit.inventory.FactoryItemMaterialTest" time="0"/>
  <testcase name="blankEqualities[Material[216]:CHAINMAIL_BOOTS]" classname="org.bukkit.craftbukkit.inventory.FactoryItemMaterialTest" time="0"/>
  <testcase name="generalCase[Material[216]:CHAINMAIL_BOOTS]" classname="org.bukkit.craftbukkit.inventory.FactoryItemMaterialTest" time="0"/>
  <testcase name="asMetaFor[Material[216]:CHAINMAIL_BOOTS]" classname="org.bukkit.craftbukkit.inventory.FactoryItemMaterialTest" time="0"/>
  <testcase name="itemStack[Material[216]:CHAINMAIL_BOOTS]" classname="org.bukkit.craftbukkit.inventory.FactoryItemMaterialTest" time="0"/>
  <testcase name="blankEqualities[Material[217]:IRON_HELMET]" classname="org.bukkit.craftbukkit.inventory.FactoryItemMaterialTest" time="0.001"/>
  <testcase name="generalCase[Material[217]:IRON_HELMET]" classname="org.bukkit.craftbukkit.inventory.FactoryItemMaterialTest" time="0"/>
  <testcase name="asMetaFor[Material[217]:IRON_HELMET]" classname="org.bukkit.craftbukkit.inventory.FactoryItemMaterialTest" time="0.001"/>
  <testcase name="itemStack[Material[217]:IRON_HELMET]" classname="org.bukkit.craftbukkit.inventory.FactoryItemMaterialTest" time="0"/>
  <testcase name="blankEqualities[Material[218]:IRON_CHESTPLATE]" classname="org.bukkit.craftbukkit.inventory.FactoryItemMaterialTest" time="0.001"/>
  <testcase name="generalCase[Material[218]:IRON_CHESTPLATE]" classname="org.bukkit.craftbukkit.inventory.FactoryItemMaterialTest" time="0"/>
  <testcase name="asMetaFor[Material[218]:IRON_CHESTPLATE]" classname="org.bukkit.craftbukkit.inventory.FactoryItemMaterialTest" time="0.001"/>
  <testcase name="itemStack[Material[218]:IRON_CHESTPLATE]" classname="org.bukkit.craftbukkit.inventory.FactoryItemMaterialTest" time="0"/>
  <testcase name="blankEqualities[Material[219]:IRON_LEGGINGS]" classname="org.bukkit.craftbukkit.inventory.FactoryItemMaterialTest" time="0.001"/>
  <testcase name="generalCase[Material[219]:IRON_LEGGINGS]" classname="org.bukkit.craftbukkit.inventory.FactoryItemMaterialTest" time="0"/>
  <testcase name="asMetaFor[Material[219]:IRON_LEGGINGS]" classname="org.bukkit.craftbukkit.inventory.FactoryItemMaterialTest" time="0.001"/>
  <testcase name="itemStack[Material[219]:IRON_LEGGINGS]" classname="org.bukkit.craftbukkit.inventory.FactoryItemMaterialTest" time="0"/>
  <testcase name="blankEqualities[Material[220]:IRON_BOOTS]" classname="org.bukkit.craftbukkit.inventory.FactoryItemMaterialTest" time="0.001"/>
  <testcase name="generalCase[Material[220]:IRON_BOOTS]" classname="org.bukkit.craftbukkit.inventory.FactoryItemMaterialTest" time="0"/>
  <testcase name="asMetaFor[Material[220]:IRON_BOOTS]" classname="org.bukkit.craftbukkit.inventory.FactoryItemMaterialTest" time="0"/>
  <testcase name="itemStack[Material[220]:IRON_BOOTS]" classname="org.bukkit.craftbukkit.inventory.FactoryItemMaterialTest" time="0"/>
  <testcase name="blankEqualities[Material[221]:DIAMOND_HELMET]" classname="org.bukkit.craftbukkit.inventory.FactoryItemMaterialTest" time="0.001"/>
  <testcase name="generalCase[Material[221]:DIAMOND_HELMET]" classname="org.bukkit.craftbukkit.inventory.FactoryItemMaterialTest" time="0"/>
  <testcase name="asMetaFor[Material[221]:DIAMOND_HELMET]" classname="org.bukkit.craftbukkit.inventory.FactoryItemMaterialTest" time="0"/>
  <testcase name="itemStack[Material[221]:DIAMOND_HELMET]" classname="org.bukkit.craftbukkit.inventory.FactoryItemMaterialTest" time="0.001"/>
  <testcase name="blankEqualities[Material[222]:DIAMOND_CHESTPLATE]" classname="org.bukkit.craftbukkit.inventory.FactoryItemMaterialTest" time="0.001"/>
  <testcase name="generalCase[Material[222]:DIAMOND_CHESTPLATE]" classname="org.bukkit.craftbukkit.inventory.FactoryItemMaterialTest" time="0"/>
  <testcase name="asMetaFor[Material[222]:DIAMOND_CHESTPLATE]" classname="org.bukkit.craftbukkit.inventory.FactoryItemMaterialTest" time="0"/>
  <testcase name="itemStack[Material[222]:DIAMOND_CHESTPLATE]" classname="org.bukkit.craftbukkit.inventory.FactoryItemMaterialTest" time="0"/>
  <testcase name="blankEqualities[Material[223]:DIAMOND_LEGGINGS]" classname="org.bukkit.craftbukkit.inventory.FactoryItemMaterialTest" time="0"/>
  <testcase name="generalCase[Material[223]:DIAMOND_LEGGINGS]" classname="org.bukkit.craftbukkit.inventory.FactoryItemMaterialTest" time="0"/>
  <testcase name="asMetaFor[Material[223]:DIAMOND_LEGGINGS]" classname="org.bukkit.craftbukkit.inventory.FactoryItemMaterialTest" time="0.001"/>
  <testcase name="itemStack[Material[223]:DIAMOND_LEGGINGS]" classname="org.bukkit.craftbukkit.inventory.FactoryItemMaterialTest" time="0"/>
  <testcase name="blankEqualities[Material[224]:DIAMOND_BOOTS]" classname="org.bukkit.craftbukkit.inventory.FactoryItemMaterialTest" time="0.001"/>
  <testcase name="generalCase[Material[224]:DIAMOND_BOOTS]" classname="org.bukkit.craftbukkit.inventory.FactoryItemMaterialTest" time="0"/>
  <testcase name="asMetaFor[Material[224]:DIAMOND_BOOTS]" classname="org.bukkit.craftbukkit.inventory.FactoryItemMaterialTest" time="0.001"/>
  <testcase name="itemStack[Material[224]:DIAMOND_BOOTS]" classname="org.bukkit.craftbukkit.inventory.FactoryItemMaterialTest" time="0"/>
  <testcase name="blankEqualities[Material[225]:GOLD_HELMET]" classname="org.bukkit.craftbukkit.inventory.FactoryItemMaterialTest" time="0.001"/>
  <testcase name="generalCase[Material[225]:GOLD_HELMET]" classname="org.bukkit.craftbukkit.inventory.FactoryItemMaterialTest" time="0"/>
  <testcase name="asMetaFor[Material[225]:GOLD_HELMET]" classname="org.bukkit.craftbukkit.inventory.FactoryItemMaterialTest" time="0"/>
  <testcase name="itemStack[Material[225]:GOLD_HELMET]" classname="org.bukkit.craftbukkit.inventory.FactoryItemMaterialTest" time="0"/>
  <testcase name="blankEqualities[Material[226]:GOLD_CHESTPLATE]" classname="org.bukkit.craftbukkit.inventory.FactoryItemMaterialTest" time="0.001"/>
  <testcase name="generalCase[Material[226]:GOLD_CHESTPLATE]" classname="org.bukkit.craftbukkit.inventory.FactoryItemMaterialTest" time="0.001"/>
  <testcase name="asMetaFor[Material[226]:GOLD_CHESTPLATE]" classname="org.bukkit.craftbukkit.inventory.FactoryItemMaterialTest" time="0"/>
  <testcase name="itemStack[Material[226]:GOLD_CHESTPLATE]" classname="org.bukkit.craftbukkit.inventory.FactoryItemMaterialTest" time="0"/>
  <testcase name="blankEqualities[Material[227]:GOLD_LEGGINGS]" classname="org.bukkit.craftbukkit.inventory.FactoryItemMaterialTest" time="0.001"/>
  <testcase name="generalCase[Material[227]:GOLD_LEGGINGS]" classname="org.bukkit.craftbukkit.inventory.FactoryItemMaterialTest" time="0"/>
  <testcase name="asMetaFor[Material[227]:GOLD_LEGGINGS]" classname="org.bukkit.craftbukkit.inventory.FactoryItemMaterialTest" time="0.001"/>
  <testcase name="itemStack[Material[227]:GOLD_LEGGINGS]" classname="org.bukkit.craftbukkit.inventory.FactoryItemMaterialTest" time="0"/>
  <testcase name="blankEqualities[Material[228]:GOLD_BOOTS]" classname="org.bukkit.craftbukkit.inventory.FactoryItemMaterialTest" time="0.001"/>
  <testcase name="generalCase[Material[228]:GOLD_BOOTS]" classname="org.bukkit.craftbukkit.inventory.FactoryItemMaterialTest" time="0"/>
  <testcase name="asMetaFor[Material[228]:GOLD_BOOTS]" classname="org.bukkit.craftbukkit.inventory.FactoryItemMaterialTest" time="0"/>
  <testcase name="itemStack[Material[228]:GOLD_BOOTS]" classname="org.bukkit.craftbukkit.inventory.FactoryItemMaterialTest" time="0"/>
  <testcase name="blankEqualities[Material[229]:FLINT]" classname="org.bukkit.craftbukkit.inventory.FactoryItemMaterialTest" time="0.001"/>
  <testcase name="generalCase[Material[229]:FLINT]" classname="org.bukkit.craftbukkit.inventory.FactoryItemMaterialTest" time="0"/>
  <testcase name="asMetaFor[Material[229]:FLINT]" classname="org.bukkit.craftbukkit.inventory.FactoryItemMaterialTest" time="0"/>
  <testcase name="itemStack[Material[229]:FLINT]" classname="org.bukkit.craftbukkit.inventory.FactoryItemMaterialTest" time="0.001"/>
  <testcase name="blankEqualities[Material[230]:PORK]" classname="org.bukkit.craftbukkit.inventory.FactoryItemMaterialTest" time="0"/>
  <testcase name="generalCase[Material[230]:PORK]" classname="org.bukkit.craftbukkit.inventory.FactoryItemMaterialTest" time="0"/>
  <testcase name="asMetaFor[Material[230]:PORK]" classname="org.bukkit.craftbukkit.inventory.FactoryItemMaterialTest" time="0.001"/>
  <testcase name="itemStack[Material[230]:PORK]" classname="org.bukkit.craftbukkit.inventory.FactoryItemMaterialTest" time="0"/>
  <testcase name="blankEqualities[Material[231]:GRILLED_PORK]" classname="org.bukkit.craftbukkit.inventory.FactoryItemMaterialTest" time="0.001"/>
  <testcase name="generalCase[Material[231]:GRILLED_PORK]" classname="org.bukkit.craftbukkit.inventory.FactoryItemMaterialTest" time="0"/>
  <testcase name="asMetaFor[Material[231]:GRILLED_PORK]" classname="org.bukkit.craftbukkit.inventory.FactoryItemMaterialTest" time="0.001"/>
  <testcase name="itemStack[Material[231]:GRILLED_PORK]" classname="org.bukkit.craftbukkit.inventory.FactoryItemMaterialTest" time="0"/>
  <testcase name="blankEqualities[Material[232]:PAINTING]" classname="org.bukkit.craftbukkit.inventory.FactoryItemMaterialTest" time="0.001"/>
  <testcase name="generalCase[Material[232]:PAINTING]" classname="org.bukkit.craftbukkit.inventory.FactoryItemMaterialTest" time="0"/>
  <testcase name="asMetaFor[Material[232]:PAINTING]" classname="org.bukkit.craftbukkit.inventory.FactoryItemMaterialTest" time="0.001"/>
  <testcase name="itemStack[Material[232]:PAINTING]" classname="org.bukkit.craftbukkit.inventory.FactoryItemMaterialTest" time="0"/>
  <testcase name="blankEqualities[Material[233]:GOLDEN_APPLE]" classname="org.bukkit.craftbukkit.inventory.FactoryItemMaterialTest" time="0.001"/>
  <testcase name="generalCase[Material[233]:GOLDEN_APPLE]" classname="org.bukkit.craftbukkit.inventory.FactoryItemMaterialTest" time="0"/>
  <testcase name="asMetaFor[Material[233]:GOLDEN_APPLE]" classname="org.bukkit.craftbukkit.inventory.FactoryItemMaterialTest" time="0"/>
  <testcase name="itemStack[Material[233]:GOLDEN_APPLE]" classname="org.bukkit.craftbukkit.inventory.FactoryItemMaterialTest" time="0"/>
  <testcase name="blankEqualities[Material[234]:SIGN]" classname="org.bukkit.craftbukkit.inventory.FactoryItemMaterialTest" time="0.001"/>
  <testcase name="generalCase[Material[234]:SIGN]" classname="org.bukkit.craftbukkit.inventory.FactoryItemMaterialTest" time="0"/>
  <testcase name="asMetaFor[Material[234]:SIGN]" classname="org.bukkit.craftbukkit.inventory.FactoryItemMaterialTest" time="0.001"/>
  <testcase name="itemStack[Material[234]:SIGN]" classname="org.bukkit.craftbukkit.inventory.FactoryItemMaterialTest" time="0"/>
  <testcase name="blankEqualities[Material[235]:WOOD_DOOR]" classname="org.bukkit.craftbukkit.inventory.FactoryItemMaterialTest" time="0.001"/>
  <testcase name="generalCase[Material[235]:WOOD_DOOR]" classname="org.bukkit.craftbukkit.inventory.FactoryItemMaterialTest" time="0"/>
  <testcase name="asMetaFor[Material[235]:WOOD_DOOR]" classname="org.bukkit.craftbukkit.inventory.FactoryItemMaterialTest" time="0.001"/>
  <testcase name="itemStack[Material[235]:WOOD_DOOR]" classname="org.bukkit.craftbukkit.inventory.FactoryItemMaterialTest" time="0"/>
  <testcase name="blankEqualities[Material[236]:BUCKET]" classname="org.bukkit.craftbukkit.inventory.FactoryItemMaterialTest" time="0.001"/>
  <testcase name="generalCase[Material[236]:BUCKET]" classname="org.bukkit.craftbukkit.inventory.FactoryItemMaterialTest" time="0"/>
  <testcase name="asMetaFor[Material[236]:BUCKET]" classname="org.bukkit.craftbukkit.inventory.FactoryItemMaterialTest" time="0"/>
  <testcase name="itemStack[Material[236]:BUCKET]" classname="org.bukkit.craftbukkit.inventory.FactoryItemMaterialTest" time="0"/>
  <testcase name="blankEqualities[Material[237]:WATER_BUCKET]" classname="org.bukkit.craftbukkit.inventory.FactoryItemMaterialTest" time="0.001"/>
  <testcase name="generalCase[Material[237]:WATER_BUCKET]" classname="org.bukkit.craftbukkit.inventory.FactoryItemMaterialTest" time="0"/>
  <testcase name="asMetaFor[Material[237]:WATER_BUCKET]" classname="org.bukkit.craftbukkit.inventory.FactoryItemMaterialTest" time="0.001"/>
  <testcase name="itemStack[Material[237]:WATER_BUCKET]" classname="org.bukkit.craftbukkit.inventory.FactoryItemMaterialTest" time="0"/>
  <testcase name="blankEqualities[Material[238]:LAVA_BUCKET]" classname="org.bukkit.craftbukkit.inventory.FactoryItemMaterialTest" time="0.001"/>
  <testcase name="generalCase[Material[238]:LAVA_BUCKET]" classname="org.bukkit.craftbukkit.inventory.FactoryItemMaterialTest" time="0"/>
  <testcase name="asMetaFor[Material[238]:LAVA_BUCKET]" classname="org.bukkit.craftbukkit.inventory.FactoryItemMaterialTest" time="0.001"/>
  <testcase name="itemStack[Material[238]:LAVA_BUCKET]" classname="org.bukkit.craftbukkit.inventory.FactoryItemMaterialTest" time="0"/>
  <testcase name="blankEqualities[Material[239]:MINECART]" classname="org.bukkit.craftbukkit.inventory.FactoryItemMaterialTest" time="0.001"/>
  <testcase name="generalCase[Material[239]:MINECART]" classname="org.bukkit.craftbukkit.inventory.FactoryItemMaterialTest" time="0"/>
  <testcase name="asMetaFor[Material[239]:MINECART]" classname="org.bukkit.craftbukkit.inventory.FactoryItemMaterialTest" time="0"/>
  <testcase name="itemStack[Material[239]:MINECART]" classname="org.bukkit.craftbukkit.inventory.FactoryItemMaterialTest" time="0"/>
  <testcase name="blankEqualities[Material[240]:SADDLE]" classname="org.bukkit.craftbukkit.inventory.FactoryItemMaterialTest" time="0.001"/>
  <testcase name="generalCase[Material[240]:SADDLE]" classname="org.bukkit.craftbukkit.inventory.FactoryItemMaterialTest" time="0"/>
  <testcase name="asMetaFor[Material[240]:SADDLE]" classname="org.bukkit.craftbukkit.inventory.FactoryItemMaterialTest" time="0.001"/>
  <testcase name="itemStack[Material[240]:SADDLE]" classname="org.bukkit.craftbukkit.inventory.FactoryItemMaterialTest" time="0"/>
  <testcase name="blankEqualities[Material[241]:IRON_DOOR]" classname="org.bukkit.craftbukkit.inventory.FactoryItemMaterialTest" time="0.001"/>
  <testcase name="generalCase[Material[241]:IRON_DOOR]" classname="org.bukkit.craftbukkit.inventory.FactoryItemMaterialTest" time="0"/>
  <testcase name="asMetaFor[Material[241]:IRON_DOOR]" classname="org.bukkit.craftbukkit.inventory.FactoryItemMaterialTest" time="0.001"/>
  <testcase name="itemStack[Material[241]:IRON_DOOR]" classname="org.bukkit.craftbukkit.inventory.FactoryItemMaterialTest" time="0"/>
  <testcase name="blankEqualities[Material[242]:REDSTONE]" classname="org.bukkit.craftbukkit.inventory.FactoryItemMaterialTest" time="0.001"/>
  <testcase name="generalCase[Material[242]:REDSTONE]" classname="org.bukkit.craftbukkit.inventory.FactoryItemMaterialTest" time="0"/>
  <testcase name="asMetaFor[Material[242]:REDSTONE]" classname="org.bukkit.craftbukkit.inventory.FactoryItemMaterialTest" time="0.001"/>
  <testcase name="itemStack[Material[242]:REDSTONE]" classname="org.bukkit.craftbukkit.inventory.FactoryItemMaterialTest" time="0"/>
  <testcase name="blankEqualities[Material[243]:SNOW_BALL]" classname="org.bukkit.craftbukkit.inventory.FactoryItemMaterialTest" time="0.001"/>
  <testcase name="generalCase[Material[243]:SNOW_BALL]" classname="org.bukkit.craftbukkit.inventory.FactoryItemMaterialTest" time="0"/>
  <testcase name="asMetaFor[Material[243]:SNOW_BALL]" classname="org.bukkit.craftbukkit.inventory.FactoryItemMaterialTest" time="0"/>
  <testcase name="itemStack[Material[243]:SNOW_BALL]" classname="org.bukkit.craftbukkit.inventory.FactoryItemMaterialTest" time="0.001"/>
  <testcase name="blankEqualities[Material[244]:BOAT]" classname="org.bukkit.craftbukkit.inventory.FactoryItemMaterialTest" time="0"/>
  <testcase name="generalCase[Material[244]:BOAT]" classname="org.bukkit.craftbukkit.inventory.FactoryItemMaterialTest" time="0"/>
  <testcase name="asMetaFor[Material[244]:BOAT]" classname="org.bukkit.craftbukkit.inventory.FactoryItemMaterialTest" time="0.001"/>
  <testcase name="itemStack[Material[244]:BOAT]" classname="org.bukkit.craftbukkit.inventory.FactoryItemMaterialTest" time="0"/>
  <testcase name="blankEqualities[Material[245]:LEATHER]" classname="org.bukkit.craftbukkit.inventory.FactoryItemMaterialTest" time="0"/>
  <testcase name="generalCase[Material[245]:LEATHER]" classname="org.bukkit.craftbukkit.inventory.FactoryItemMaterialTest" time="0"/>
  <testcase name="asMetaFor[Material[245]:LEATHER]" classname="org.bukkit.craftbukkit.inventory.FactoryItemMaterialTest" time="0"/>
  <testcase name="itemStack[Material[245]:LEATHER]" classname="org.bukkit.craftbukkit.inventory.FactoryItemMaterialTest" time="0"/>
  <testcase name="blankEqualities[Material[246]:MILK_BUCKET]" classname="org.bukkit.craftbukkit.inventory.FactoryItemMaterialTest" time="0.001"/>
  <testcase name="generalCase[Material[246]:MILK_BUCKET]" classname="org.bukkit.craftbukkit.inventory.FactoryItemMaterialTest" time="0"/>
  <testcase name="asMetaFor[Material[246]:MILK_BUCKET]" classname="org.bukkit.craftbukkit.inventory.FactoryItemMaterialTest" time="0"/>
  <testcase name="itemStack[Material[246]:MILK_BUCKET]" classname="org.bukkit.craftbukkit.inventory.FactoryItemMaterialTest" time="0"/>
  <testcase name="blankEqualities[Material[247]:CLAY_BRICK]" classname="org.bukkit.craftbukkit.inventory.FactoryItemMaterialTest" time="0"/>
  <testcase name="generalCase[Material[247]:CLAY_BRICK]" classname="org.bukkit.craftbukkit.inventory.FactoryItemMaterialTest" time="0"/>
  <testcase name="asMetaFor[Material[247]:CLAY_BRICK]" classname="org.bukkit.craftbukkit.inventory.FactoryItemMaterialTest" time="0.001"/>
  <testcase name="itemStack[Material[247]:CLAY_BRICK]" classname="org.bukkit.craftbukkit.inventory.FactoryItemMaterialTest" time="0"/>
  <testcase name="blankEqualities[Material[248]:CLAY_BALL]" classname="org.bukkit.craftbukkit.inventory.FactoryItemMaterialTest" time="0"/>
  <testcase name="generalCase[Material[248]:CLAY_BALL]" classname="org.bukkit.craftbukkit.inventory.FactoryItemMaterialTest" time="0.001"/>
  <testcase name="asMetaFor[Material[248]:CLAY_BALL]" classname="org.bukkit.craftbukkit.inventory.FactoryItemMaterialTest" time="0"/>
  <testcase name="itemStack[Material[248]:CLAY_BALL]" classname="org.bukkit.craftbukkit.inventory.FactoryItemMaterialTest" time="0"/>
  <testcase name="blankEqualities[Material[249]:SUGAR_CANE]" classname="org.bukkit.craftbukkit.inventory.FactoryItemMaterialTest" time="0.001"/>
  <testcase name="generalCase[Material[249]:SUGAR_CANE]" classname="org.bukkit.craftbukkit.inventory.FactoryItemMaterialTest" time="0"/>
  <testcase name="asMetaFor[Material[249]:SUGAR_CANE]" classname="org.bukkit.craftbukkit.inventory.FactoryItemMaterialTest" time="0"/>
  <testcase name="itemStack[Material[249]:SUGAR_CANE]" classname="org.bukkit.craftbukkit.inventory.FactoryItemMaterialTest" time="0"/>
  <testcase name="blankEqualities[Material[250]:PAPER]" classname="org.bukkit.craftbukkit.inventory.FactoryItemMaterialTest" time="0.001"/>
  <testcase name="generalCase[Material[250]:PAPER]" classname="org.bukkit.craftbukkit.inventory.FactoryItemMaterialTest" time="0"/>
  <testcase name="asMetaFor[Material[250]:PAPER]" classname="org.bukkit.craftbukkit.inventory.FactoryItemMaterialTest" time="0"/>
  <testcase name="itemStack[Material[250]:PAPER]" classname="org.bukkit.craftbukkit.inventory.FactoryItemMaterialTest" time="0"/>
  <testcase name="blankEqualities[Material[251]:BOOK]" classname="org.bukkit.craftbukkit.inventory.FactoryItemMaterialTest" time="0.001"/>
  <testcase name="generalCase[Material[251]:BOOK]" classname="org.bukkit.craftbukkit.inventory.FactoryItemMaterialTest" time="0"/>
  <testcase name="asMetaFor[Material[251]:BOOK]" classname="org.bukkit.craftbukkit.inventory.FactoryItemMaterialTest" time="0.001"/>
  <testcase name="itemStack[Material[251]:BOOK]" classname="org.bukkit.craftbukkit.inventory.FactoryItemMaterialTest" time="0"/>
  <testcase name="blankEqualities[Material[252]:SLIME_BALL]" classname="org.bukkit.craftbukkit.inventory.FactoryItemMaterialTest" time="0"/>
  <testcase name="generalCase[Material[252]:SLIME_BALL]" classname="org.bukkit.craftbukkit.inventory.FactoryItemMaterialTest" time="0"/>
  <testcase name="asMetaFor[Material[252]:SLIME_BALL]" classname="org.bukkit.craftbukkit.inventory.FactoryItemMaterialTest" time="0.001"/>
  <testcase name="itemStack[Material[252]:SLIME_BALL]" classname="org.bukkit.craftbukkit.inventory.FactoryItemMaterialTest" time="0"/>
  <testcase name="blankEqualities[Material[253]:STORAGE_MINECART]" classname="org.bukkit.craftbukkit.inventory.FactoryItemMaterialTest" time="0.001"/>
  <testcase name="generalCase[Material[253]:STORAGE_MINECART]" classname="org.bukkit.craftbukkit.inventory.FactoryItemMaterialTest" time="0"/>
  <testcase name="asMetaFor[Material[253]:STORAGE_MINECART]" classname="org.bukkit.craftbukkit.inventory.FactoryItemMaterialTest" time="0"/>
  <testcase name="itemStack[Material[253]:STORAGE_MINECART]" classname="org.bukkit.craftbukkit.inventory.FactoryItemMaterialTest" time="0"/>
  <testcase name="blankEqualities[Material[254]:POWERED_MINECART]" classname="org.bukkit.craftbukkit.inventory.FactoryItemMaterialTest" time="0.001"/>
  <testcase name="generalCase[Material[254]:POWERED_MINECART]" classname="org.bukkit.craftbukkit.inventory.FactoryItemMaterialTest" time="0"/>
  <testcase name="asMetaFor[Material[254]:POWERED_MINECART]" classname="org.bukkit.craftbukkit.inventory.FactoryItemMaterialTest" time="0.001"/>
  <testcase name="itemStack[Material[254]:POWERED_MINECART]" classname="org.bukkit.craftbukkit.inventory.FactoryItemMaterialTest" time="0"/>
  <testcase name="blankEqualities[Material[255]:EGG]" classname="org.bukkit.craftbukkit.inventory.FactoryItemMaterialTest" time="0"/>
  <testcase name="generalCase[Material[255]:EGG]" classname="org.bukkit.craftbukkit.inventory.FactoryItemMaterialTest" time="0"/>
  <testcase name="asMetaFor[Material[255]:EGG]" classname="org.bukkit.craftbukkit.inventory.FactoryItemMaterialTest" time="0"/>
  <testcase name="itemStack[Material[255]:EGG]" classname="org.bukkit.craftbukkit.inventory.FactoryItemMaterialTest" time="0"/>
  <testcase name="blankEqualities[Material[256]:COMPASS]" classname="org.bukkit.craftbukkit.inventory.FactoryItemMaterialTest" time="0.001"/>
  <testcase name="generalCase[Material[256]:COMPASS]" classname="org.bukkit.craftbukkit.inventory.FactoryItemMaterialTest" time="0"/>
  <testcase name="asMetaFor[Material[256]:COMPASS]" classname="org.bukkit.craftbukkit.inventory.FactoryItemMaterialTest" time="0.001"/>
  <testcase name="itemStack[Material[256]:COMPASS]" classname="org.bukkit.craftbukkit.inventory.FactoryItemMaterialTest" time="0"/>
  <testcase name="blankEqualities[Material[257]:FISHING_ROD]" classname="org.bukkit.craftbukkit.inventory.FactoryItemMaterialTest" time="0"/>
  <testcase name="generalCase[Material[257]:FISHING_ROD]" classname="org.bukkit.craftbukkit.inventory.FactoryItemMaterialTest" time="0.001"/>
  <testcase name="asMetaFor[Material[257]:FISHING_ROD]" classname="org.bukkit.craftbukkit.inventory.FactoryItemMaterialTest" time="0"/>
  <testcase name="itemStack[Material[257]:FISHING_ROD]" classname="org.bukkit.craftbukkit.inventory.FactoryItemMaterialTest" time="0"/>
  <testcase name="blankEqualities[Material[258]:WATCH]" classname="org.bukkit.craftbukkit.inventory.FactoryItemMaterialTest" time="0.001"/>
  <testcase name="generalCase[Material[258]:WATCH]" classname="org.bukkit.craftbukkit.inventory.FactoryItemMaterialTest" time="0"/>
  <testcase name="asMetaFor[Material[258]:WATCH]" classname="org.bukkit.craftbukkit.inventory.FactoryItemMaterialTest" time="0"/>
  <testcase name="itemStack[Material[258]:WATCH]" classname="org.bukkit.craftbukkit.inventory.FactoryItemMaterialTest" time="0"/>
  <testcase name="blankEqualities[Material[259]:GLOWSTONE_DUST]" classname="org.bukkit.craftbukkit.inventory.FactoryItemMaterialTest" time="0.001"/>
  <testcase name="generalCase[Material[259]:GLOWSTONE_DUST]" classname="org.bukkit.craftbukkit.inventory.FactoryItemMaterialTest" time="0"/>
  <testcase name="asMetaFor[Material[259]:GLOWSTONE_DUST]" classname="org.bukkit.craftbukkit.inventory.FactoryItemMaterialTest" time="0.001"/>
  <testcase name="itemStack[Material[259]:GLOWSTONE_DUST]" classname="org.bukkit.craftbukkit.inventory.FactoryItemMaterialTest" time="0"/>
  <testcase name="blankEqualities[Material[260]:RAW_FISH]" classname="org.bukkit.craftbukkit.inventory.FactoryItemMaterialTest" time="0.001"/>
  <testcase name="generalCase[Material[260]:RAW_FISH]" classname="org.bukkit.craftbukkit.inventory.FactoryItemMaterialTest" time="0"/>
  <testcase name="asMetaFor[Material[260]:RAW_FISH]" classname="org.bukkit.craftbukkit.inventory.FactoryItemMaterialTest" time="0"/>
  <testcase name="itemStack[Material[260]:RAW_FISH]" classname="org.bukkit.craftbukkit.inventory.FactoryItemMaterialTest" time="0.001"/>
  <testcase name="blankEqualities[Material[261]:COOKED_FISH]" classname="org.bukkit.craftbukkit.inventory.FactoryItemMaterialTest" time="0"/>
  <testcase name="generalCase[Material[261]:COOKED_FISH]" classname="org.bukkit.craftbukkit.inventory.FactoryItemMaterialTest" time="0"/>
  <testcase name="asMetaFor[Material[261]:COOKED_FISH]" classname="org.bukkit.craftbukkit.inventory.FactoryItemMaterialTest" time="0.001"/>
  <testcase name="itemStack[Material[261]:COOKED_FISH]" classname="org.bukkit.craftbukkit.inventory.FactoryItemMaterialTest" time="0"/>
  <testcase name="blankEqualities[Material[262]:INK_SACK]" classname="org.bukkit.craftbukkit.inventory.FactoryItemMaterialTest" time="0.001"/>
  <testcase name="generalCase[Material[262]:INK_SACK]" classname="org.bukkit.craftbukkit.inventory.FactoryItemMaterialTest" time="0"/>
  <testcase name="asMetaFor[Material[262]:INK_SACK]" classname="org.bukkit.craftbukkit.inventory.FactoryItemMaterialTest" time="0.001"/>
  <testcase name="itemStack[Material[262]:INK_SACK]" classname="org.bukkit.craftbukkit.inventory.FactoryItemMaterialTest" time="0.001"/>
  <testcase name="blankEqualities[Material[263]:BONE]" classname="org.bukkit.craftbukkit.inventory.FactoryItemMaterialTest" time="0"/>
  <testcase name="generalCase[Material[263]:BONE]" classname="org.bukkit.craftbukkit.inventory.FactoryItemMaterialTest" time="0"/>
  <testcase name="asMetaFor[Material[263]:BONE]" classname="org.bukkit.craftbukkit.inventory.FactoryItemMaterialTest" time="0"/>
  <testcase name="itemStack[Material[263]:BONE]" classname="org.bukkit.craftbukkit.inventory.FactoryItemMaterialTest" time="0"/>
  <testcase name="blankEqualities[Material[264]:SUGAR]" classname="org.bukkit.craftbukkit.inventory.FactoryItemMaterialTest" time="0.001"/>
  <testcase name="generalCase[Material[264]:SUGAR]" classname="org.bukkit.craftbukkit.inventory.FactoryItemMaterialTest" time="0"/>
  <testcase name="asMetaFor[Material[264]:SUGAR]" classname="org.bukkit.craftbukkit.inventory.FactoryItemMaterialTest" time="0.001"/>
  <testcase name="itemStack[Material[264]:SUGAR]" classname="org.bukkit.craftbukkit.inventory.FactoryItemMaterialTest" time="0"/>
  <testcase name="blankEqualities[Material[265]:CAKE]" classname="org.bukkit.craftbukkit.inventory.FactoryItemMaterialTest" time="0.001"/>
  <testcase name="generalCase[Material[265]:CAKE]" classname="org.bukkit.craftbukkit.inventory.FactoryItemMaterialTest" time="0"/>
  <testcase name="asMetaFor[Material[265]:CAKE]" classname="org.bukkit.craftbukkit.inventory.FactoryItemMaterialTest" time="0.001"/>
  <testcase name="itemStack[Material[265]:CAKE]" classname="org.bukkit.craftbukkit.inventory.FactoryItemMaterialTest" time="0"/>
  <testcase name="blankEqualities[Material[266]:BED]" classname="org.bukkit.craftbukkit.inventory.FactoryItemMaterialTest" time="0.001"/>
  <testcase name="generalCase[Material[266]:BED]" classname="org.bukkit.craftbukkit.inventory.FactoryItemMaterialTest" time="0"/>
  <testcase name="asMetaFor[Material[266]:BED]" classname="org.bukkit.craftbukkit.inventory.FactoryItemMaterialTest" time="0.02"/>
  <testcase name="itemStack[Material[266]:BED]" classname="org.bukkit.craftbukkit.inventory.FactoryItemMaterialTest" time="0"/>
  <testcase name="blankEqualities[Material[267]:DIODE]" classname="org.bukkit.craftbukkit.inventory.FactoryItemMaterialTest" time="0"/>
  <testcase name="generalCase[Material[267]:DIODE]" classname="org.bukkit.craftbukkit.inventory.FactoryItemMaterialTest" time="0.001"/>
  <testcase name="asMetaFor[Material[267]:DIODE]" classname="org.bukkit.craftbukkit.inventory.FactoryItemMaterialTest" time="0"/>
  <testcase name="itemStack[Material[267]:DIODE]" classname="org.bukkit.craftbukkit.inventory.FactoryItemMaterialTest" time="0"/>
  <testcase name="blankEqualities[Material[268]:COOKIE]" classname="org.bukkit.craftbukkit.inventory.FactoryItemMaterialTest" time="0"/>
  <testcase name="generalCase[Material[268]:COOKIE]" classname="org.bukkit.craftbukkit.inventory.FactoryItemMaterialTest" time="0"/>
  <testcase name="asMetaFor[Material[268]:COOKIE]" classname="org.bukkit.craftbukkit.inventory.FactoryItemMaterialTest" time="0"/>
  <testcase name="itemStack[Material[268]:COOKIE]" classname="org.bukkit.craftbukkit.inventory.FactoryItemMaterialTest" time="0"/>
  <testcase name="blankEqualities[Material[269]:MAP]" classname="org.bukkit.craftbukkit.inventory.FactoryItemMaterialTest" time="0.001"/>
  <testcase name="generalCase[Material[269]:MAP]" classname="org.bukkit.craftbukkit.inventory.FactoryItemMaterialTest" time="0"/>
  <testcase name="asMetaFor[Material[269]:MAP]" classname="org.bukkit.craftbukkit.inventory.FactoryItemMaterialTest" time="0.001"/>
  <testcase name="itemStack[Material[269]:MAP]" classname="org.bukkit.craftbukkit.inventory.FactoryItemMaterialTest" time="0"/>
  <testcase name="blankEqualities[Material[270]:SHEARS]" classname="org.bukkit.craftbukkit.inventory.FactoryItemMaterialTest" time="0"/>
  <testcase name="generalCase[Material[270]:SHEARS]" classname="org.bukkit.craftbukkit.inventory.FactoryItemMaterialTest" time="0"/>
  <testcase name="asMetaFor[Material[270]:SHEARS]" classname="org.bukkit.craftbukkit.inventory.FactoryItemMaterialTest" time="0.001"/>
  <testcase name="itemStack[Material[270]:SHEARS]" classname="org.bukkit.craftbukkit.inventory.FactoryItemMaterialTest" time="0"/>
  <testcase name="blankEqualities[Material[271]:MELON]" classname="org.bukkit.craftbukkit.inventory.FactoryItemMaterialTest" time="0.001"/>
  <testcase name="generalCase[Material[271]:MELON]" classname="org.bukkit.craftbukkit.inventory.FactoryItemMaterialTest" time="0"/>
  <testcase name="asMetaFor[Material[271]:MELON]" classname="org.bukkit.craftbukkit.inventory.FactoryItemMaterialTest" time="0"/>
  <testcase name="itemStack[Material[271]:MELON]" classname="org.bukkit.craftbukkit.inventory.FactoryItemMaterialTest" time="0"/>
  <testcase name="blankEqualities[Material[272]:PUMPKIN_SEEDS]" classname="org.bukkit.craftbukkit.inventory.FactoryItemMaterialTest" time="0.001"/>
  <testcase name="generalCase[Material[272]:PUMPKIN_SEEDS]" classname="org.bukkit.craftbukkit.inventory.FactoryItemMaterialTest" time="0"/>
  <testcase name="asMetaFor[Material[272]:PUMPKIN_SEEDS]" classname="org.bukkit.craftbukkit.inventory.FactoryItemMaterialTest" time="0.001"/>
  <testcase name="itemStack[Material[272]:PUMPKIN_SEEDS]" classname="org.bukkit.craftbukkit.inventory.FactoryItemMaterialTest" time="0"/>
  <testcase name="blankEqualities[Material[273]:MELON_SEEDS]" classname="org.bukkit.craftbukkit.inventory.FactoryItemMaterialTest" time="0"/>
  <testcase name="generalCase[Material[273]:MELON_SEEDS]" classname="org.bukkit.craftbukkit.inventory.FactoryItemMaterialTest" time="0"/>
  <testcase name="asMetaFor[Material[273]:MELON_SEEDS]" classname="org.bukkit.craftbukkit.inventory.FactoryItemMaterialTest" time="0"/>
  <testcase name="itemStack[Material[273]:MELON_SEEDS]" classname="org.bukkit.craftbukkit.inventory.FactoryItemMaterialTest" time="0"/>
  <testcase name="blankEqualities[Material[274]:RAW_BEEF]" classname="org.bukkit.craftbukkit.inventory.FactoryItemMaterialTest" time="0.001"/>
  <testcase name="generalCase[Material[274]:RAW_BEEF]" classname="org.bukkit.craftbukkit.inventory.FactoryItemMaterialTest" time="0"/>
  <testcase name="asMetaFor[Material[274]:RAW_BEEF]" classname="org.bukkit.craftbukkit.inventory.FactoryItemMaterialTest" time="0.001"/>
  <testcase name="itemStack[Material[274]:RAW_BEEF]" classname="org.bukkit.craftbukkit.inventory.FactoryItemMaterialTest" time="0"/>
  <testcase name="blankEqualities[Material[275]:COOKED_BEEF]" classname="org.bukkit.craftbukkit.inventory.FactoryItemMaterialTest" time="0.001"/>
  <testcase name="generalCase[Material[275]:COOKED_BEEF]" classname="org.bukkit.craftbukkit.inventory.FactoryItemMaterialTest" time="0"/>
  <testcase name="asMetaFor[Material[275]:COOKED_BEEF]" classname="org.bukkit.craftbukkit.inventory.FactoryItemMaterialTest" time="0"/>
  <testcase name="itemStack[Material[275]:COOKED_BEEF]" classname="org.bukkit.craftbukkit.inventory.FactoryItemMaterialTest" time="0"/>
  <testcase name="blankEqualities[Material[276]:RAW_CHICKEN]" classname="org.bukkit.craftbukkit.inventory.FactoryItemMaterialTest" time="0"/>
  <testcase name="generalCase[Material[276]:RAW_CHICKEN]" classname="org.bukkit.craftbukkit.inventory.FactoryItemMaterialTest" time="0"/>
  <testcase name="asMetaFor[Material[276]:RAW_CHICKEN]" classname="org.bukkit.craftbukkit.inventory.FactoryItemMaterialTest" time="0.001"/>
  <testcase name="itemStack[Material[276]:RAW_CHICKEN]" classname="org.bukkit.craftbukkit.inventory.FactoryItemMaterialTest" time="0"/>
  <testcase name="blankEqualities[Material[277]:COOKED_CHICKEN]" classname="org.bukkit.craftbukkit.inventory.FactoryItemMaterialTest" time="0.001"/>
  <testcase name="generalCase[Material[277]:COOKED_CHICKEN]" classname="org.bukkit.craftbukkit.inventory.FactoryItemMaterialTest" time="0"/>
  <testcase name="asMetaFor[Material[277]:COOKED_CHICKEN]" classname="org.bukkit.craftbukkit.inventory.FactoryItemMaterialTest" time="0"/>
  <testcase name="itemStack[Material[277]:COOKED_CHICKEN]" classname="org.bukkit.craftbukkit.inventory.FactoryItemMaterialTest" time="0"/>
  <testcase name="blankEqualities[Material[278]:ROTTEN_FLESH]" classname="org.bukkit.craftbukkit.inventory.FactoryItemMaterialTest" time="0.001"/>
  <testcase name="generalCase[Material[278]:ROTTEN_FLESH]" classname="org.bukkit.craftbukkit.inventory.FactoryItemMaterialTest" time="0.001"/>
  <testcase name="asMetaFor[Material[278]:ROTTEN_FLESH]" classname="org.bukkit.craftbukkit.inventory.FactoryItemMaterialTest" time="0"/>
  <testcase name="itemStack[Material[278]:ROTTEN_FLESH]" classname="org.bukkit.craftbukkit.inventory.FactoryItemMaterialTest" time="0.001"/>
  <testcase name="blankEqualities[Material[279]:ENDER_PEARL]" classname="org.bukkit.craftbukkit.inventory.FactoryItemMaterialTest" time="0"/>
  <testcase name="generalCase[Material[279]:ENDER_PEARL]" classname="org.bukkit.craftbukkit.inventory.FactoryItemMaterialTest" time="0.001"/>
  <testcase name="asMetaFor[Material[279]:ENDER_PEARL]" classname="org.bukkit.craftbukkit.inventory.FactoryItemMaterialTest" time="0"/>
  <testcase name="itemStack[Material[279]:ENDER_PEARL]" classname="org.bukkit.craftbukkit.inventory.FactoryItemMaterialTest" time="0"/>
  <testcase name="blankEqualities[Material[280]:BLAZE_ROD]" classname="org.bukkit.craftbukkit.inventory.FactoryItemMaterialTest" time="0.001"/>
  <testcase name="generalCase[Material[280]:BLAZE_ROD]" classname="org.bukkit.craftbukkit.inventory.FactoryItemMaterialTest" time="0"/>
  <testcase name="asMetaFor[Material[280]:BLAZE_ROD]" classname="org.bukkit.craftbukkit.inventory.FactoryItemMaterialTest" time="0.001"/>
  <testcase name="itemStack[Material[280]:BLAZE_ROD]" classname="org.bukkit.craftbukkit.inventory.FactoryItemMaterialTest" time="0"/>
  <testcase name="blankEqualities[Material[281]:GHAST_TEAR]" classname="org.bukkit.craftbukkit.inventory.FactoryItemMaterialTest" time="0.001"/>
  <testcase name="generalCase[Material[281]:GHAST_TEAR]" classname="org.bukkit.craftbukkit.inventory.FactoryItemMaterialTest" time="0"/>
  <testcase name="asMetaFor[Material[281]:GHAST_TEAR]" classname="org.bukkit.craftbukkit.inventory.FactoryItemMaterialTest" time="0"/>
  <testcase name="itemStack[Material[281]:GHAST_TEAR]" classname="org.bukkit.craftbukkit.inventory.FactoryItemMaterialTest" time="0"/>
  <testcase name="blankEqualities[Material[282]:GOLD_NUGGET]" classname="org.bukkit.craftbukkit.inventory.FactoryItemMaterialTest" time="0.001"/>
  <testcase name="generalCase[Material[282]:GOLD_NUGGET]" classname="org.bukkit.craftbukkit.inventory.FactoryItemMaterialTest" time="0"/>
  <testcase name="asMetaFor[Material[282]:GOLD_NUGGET]" classname="org.bukkit.craftbukkit.inventory.FactoryItemMaterialTest" time="0.001"/>
  <testcase name="itemStack[Material[282]:GOLD_NUGGET]" classname="org.bukkit.craftbukkit.inventory.FactoryItemMaterialTest" time="0"/>
  <testcase name="blankEqualities[Material[283]:NETHER_STALK]" classname="org.bukkit.craftbukkit.inventory.FactoryItemMaterialTest" time="0.001"/>
  <testcase name="generalCase[Material[283]:NETHER_STALK]" classname="org.bukkit.craftbukkit.inventory.FactoryItemMaterialTest" time="0"/>
  <testcase name="asMetaFor[Material[283]:NETHER_STALK]" classname="org.bukkit.craftbukkit.inventory.FactoryItemMaterialTest" time="0"/>
  <testcase name="itemStack[Material[283]:NETHER_STALK]" classname="org.bukkit.craftbukkit.inventory.FactoryItemMaterialTest" time="0"/>
  <testcase name="blankEqualities[Material[284]:POTION]" classname="org.bukkit.craftbukkit.inventory.FactoryItemMaterialTest" time="0.001"/>
  <testcase name="generalCase[Material[284]:POTION]" classname="org.bukkit.craftbukkit.inventory.FactoryItemMaterialTest" time="0"/>
  <testcase name="asMetaFor[Material[284]:POTION]" classname="org.bukkit.craftbukkit.inventory.FactoryItemMaterialTest" time="0"/>
  <testcase name="itemStack[Material[284]:POTION]" classname="org.bukkit.craftbukkit.inventory.FactoryItemMaterialTest" time="0"/>
  <testcase name="blankEqualities[Material[285]:GLASS_BOTTLE]" classname="org.bukkit.craftbukkit.inventory.FactoryItemMaterialTest" time="0"/>
  <testcase name="generalCase[Material[285]:GLASS_BOTTLE]" classname="org.bukkit.craftbukkit.inventory.FactoryItemMaterialTest" time="0.001"/>
  <testcase name="asMetaFor[Material[285]:GLASS_BOTTLE]" classname="org.bukkit.craftbukkit.inventory.FactoryItemMaterialTest" time="0"/>
  <testcase name="itemStack[Material[285]:GLASS_BOTTLE]" classname="org.bukkit.craftbukkit.inventory.FactoryItemMaterialTest" time="0"/>
  <testcase name="blankEqualities[Material[286]:SPIDER_EYE]" classname="org.bukkit.craftbukkit.inventory.FactoryItemMaterialTest" time="0.001"/>
  <testcase name="generalCase[Material[286]:SPIDER_EYE]" classname="org.bukkit.craftbukkit.inventory.FactoryItemMaterialTest" time="0"/>
  <testcase name="asMetaFor[Material[286]:SPIDER_EYE]" classname="org.bukkit.craftbukkit.inventory.FactoryItemMaterialTest" time="0.001"/>
  <testcase name="itemStack[Material[286]:SPIDER_EYE]" classname="org.bukkit.craftbukkit.inventory.FactoryItemMaterialTest" time="0"/>
  <testcase name="blankEqualities[Material[287]:FERMENTED_SPIDER_EYE]" classname="org.bukkit.craftbukkit.inventory.FactoryItemMaterialTest" time="0.001"/>
  <testcase name="generalCase[Material[287]:FERMENTED_SPIDER_EYE]" classname="org.bukkit.craftbukkit.inventory.FactoryItemMaterialTest" time="0"/>
  <testcase name="asMetaFor[Material[287]:FERMENTED_SPIDER_EYE]" classname="org.bukkit.craftbukkit.inventory.FactoryItemMaterialTest" time="0.001"/>
  <testcase name="itemStack[Material[287]:FERMENTED_SPIDER_EYE]" classname="org.bukkit.craftbukkit.inventory.FactoryItemMaterialTest" time="0"/>
  <testcase name="blankEqualities[Material[288]:BLAZE_POWDER]" classname="org.bukkit.craftbukkit.inventory.FactoryItemMaterialTest" time="0.001"/>
  <testcase name="generalCase[Material[288]:BLAZE_POWDER]" classname="org.bukkit.craftbukkit.inventory.FactoryItemMaterialTest" time="0"/>
  <testcase name="asMetaFor[Material[288]:BLAZE_POWDER]" classname="org.bukkit.craftbukkit.inventory.FactoryItemMaterialTest" time="0.001"/>
  <testcase name="itemStack[Material[288]:BLAZE_POWDER]" classname="org.bukkit.craftbukkit.inventory.FactoryItemMaterialTest" time="0"/>
  <testcase name="blankEqualities[Material[289]:MAGMA_CREAM]" classname="org.bukkit.craftbukkit.inventory.FactoryItemMaterialTest" time="0.001"/>
  <testcase name="generalCase[Material[289]:MAGMA_CREAM]" classname="org.bukkit.craftbukkit.inventory.FactoryItemMaterialTest" time="0"/>
  <testcase name="asMetaFor[Material[289]:MAGMA_CREAM]" classname="org.bukkit.craftbukkit.inventory.FactoryItemMaterialTest" time="0.001"/>
  <testcase name="itemStack[Material[289]:MAGMA_CREAM]" classname="org.bukkit.craftbukkit.inventory.FactoryItemMaterialTest" time="0.001"/>
  <testcase name="blankEqualities[Material[290]:BREWING_STAND_ITEM]" classname="org.bukkit.craftbukkit.inventory.FactoryItemMaterialTest" time="0.001"/>
  <testcase name="generalCase[Material[290]:BREWING_STAND_ITEM]" classname="org.bukkit.craftbukkit.inventory.FactoryItemMaterialTest" time="0"/>
  <testcase name="asMetaFor[Material[290]:BREWING_STAND_ITEM]" classname="org.bukkit.craftbukkit.inventory.FactoryItemMaterialTest" time="0.001"/>
  <testcase name="itemStack[Material[290]:BREWING_STAND_ITEM]" classname="org.bukkit.craftbukkit.inventory.FactoryItemMaterialTest" time="0"/>
  <testcase name="blankEqualities[Material[291]:CAULDRON_ITEM]" classname="org.bukkit.craftbukkit.inventory.FactoryItemMaterialTest" time="0.001"/>
  <testcase name="generalCase[Material[291]:CAULDRON_ITEM]" classname="org.bukkit.craftbukkit.inventory.FactoryItemMaterialTest" time="0"/>
  <testcase name="asMetaFor[Material[291]:CAULDRON_ITEM]" classname="org.bukkit.craftbukkit.inventory.FactoryItemMaterialTest" time="0"/>
  <testcase name="itemStack[Material[291]:CAULDRON_ITEM]" classname="org.bukkit.craftbukkit.inventory.FactoryItemMaterialTest" time="0"/>
  <testcase name="blankEqualities[Material[292]:EYE_OF_ENDER]" classname="org.bukkit.craftbukkit.inventory.FactoryItemMaterialTest" time="0"/>
  <testcase name="generalCase[Material[292]:EYE_OF_ENDER]" classname="org.bukkit.craftbukkit.inventory.FactoryItemMaterialTest" time="0"/>
  <testcase name="asMetaFor[Material[292]:EYE_OF_ENDER]" classname="org.bukkit.craftbukkit.inventory.FactoryItemMaterialTest" time="0"/>
  <testcase name="itemStack[Material[292]:EYE_OF_ENDER]" classname="org.bukkit.craftbukkit.inventory.FactoryItemMaterialTest" time="0"/>
  <testcase name="blankEqualities[Material[293]:SPECKLED_MELON]" classname="org.bukkit.craftbukkit.inventory.FactoryItemMaterialTest" time="0.001"/>
  <testcase name="generalCase[Material[293]:SPECKLED_MELON]" classname="org.bukkit.craftbukkit.inventory.FactoryItemMaterialTest" time="0"/>
  <testcase name="asMetaFor[Material[293]:SPECKLED_MELON]" classname="org.bukkit.craftbukkit.inventory.FactoryItemMaterialTest" time="0.001"/>
  <testcase name="itemStack[Material[293]:SPECKLED_MELON]" classname="org.bukkit.craftbukkit.inventory.FactoryItemMaterialTest" time="0"/>
  <testcase name="blankEqualities[Material[294]:MONSTER_EGG]" classname="org.bukkit.craftbukkit.inventory.FactoryItemMaterialTest" time="0.001"/>
  <testcase name="generalCase[Material[294]:MONSTER_EGG]" classname="org.bukkit.craftbukkit.inventory.FactoryItemMaterialTest" time="0"/>
  <testcase name="asMetaFor[Material[294]:MONSTER_EGG]" classname="org.bukkit.craftbukkit.inventory.FactoryItemMaterialTest" time="0"/>
  <testcase name="itemStack[Material[294]:MONSTER_EGG]" classname="org.bukkit.craftbukkit.inventory.FactoryItemMaterialTest" time="0"/>
  <testcase name="blankEqualities[Material[295]:EXP_BOTTLE]" classname="org.bukkit.craftbukkit.inventory.FactoryItemMaterialTest" time="0"/>
  <testcase name="generalCase[Material[295]:EXP_BOTTLE]" classname="org.bukkit.craftbukkit.inventory.FactoryItemMaterialTest" time="0"/>
  <testcase name="asMetaFor[Material[295]:EXP_BOTTLE]" classname="org.bukkit.craftbukkit.inventory.FactoryItemMaterialTest" time="0.001"/>
  <testcase name="itemStack[Material[295]:EXP_BOTTLE]" classname="org.bukkit.craftbukkit.inventory.FactoryItemMaterialTest" time="0"/>
  <testcase name="blankEqualities[Material[296]:FIREBALL]" classname="org.bukkit.craftbukkit.inventory.FactoryItemMaterialTest" time="0.001"/>
  <testcase name="generalCase[Material[296]:FIREBALL]" classname="org.bukkit.craftbukkit.inventory.FactoryItemMaterialTest" time="0"/>
  <testcase name="asMetaFor[Material[296]:FIREBALL]" classname="org.bukkit.craftbukkit.inventory.FactoryItemMaterialTest" time="0.002"/>
  <testcase name="itemStack[Material[296]:FIREBALL]" classname="org.bukkit.craftbukkit.inventory.FactoryItemMaterialTest" time="0"/>
  <testcase name="blankEqualities[Material[297]:BOOK_AND_QUILL]" classname="org.bukkit.craftbukkit.inventory.FactoryItemMaterialTest" time="0.003"/>
  <testcase name="generalCase[Material[297]:BOOK_AND_QUILL]" classname="org.bukkit.craftbukkit.inventory.FactoryItemMaterialTest" time="0"/>
  <testcase name="asMetaFor[Material[297]:BOOK_AND_QUILL]" classname="org.bukkit.craftbukkit.inventory.FactoryItemMaterialTest" time="0"/>
  <testcase name="itemStack[Material[297]:BOOK_AND_QUILL]" classname="org.bukkit.craftbukkit.inventory.FactoryItemMaterialTest" time="0"/>
  <testcase name="blankEqualities[Material[298]:WRITTEN_BOOK]" classname="org.bukkit.craftbukkit.inventory.FactoryItemMaterialTest" time="0.004"/>
  <testcase name="generalCase[Material[298]:WRITTEN_BOOK]" classname="org.bukkit.craftbukkit.inventory.FactoryItemMaterialTest" time="0"/>
  <testcase name="asMetaFor[Material[298]:WRITTEN_BOOK]" classname="org.bukkit.craftbukkit.inventory.FactoryItemMaterialTest" time="0"/>
  <testcase name="itemStack[Material[298]:WRITTEN_BOOK]" classname="org.bukkit.craftbukkit.inventory.FactoryItemMaterialTest" time="0"/>
  <testcase name="blankEqualities[Material[299]:EMERALD]" classname="org.bukkit.craftbukkit.inventory.FactoryItemMaterialTest" time="0"/>
  <testcase name="generalCase[Material[299]:EMERALD]" classname="org.bukkit.craftbukkit.inventory.FactoryItemMaterialTest" time="0"/>
  <testcase name="asMetaFor[Material[299]:EMERALD]" classname="org.bukkit.craftbukkit.inventory.FactoryItemMaterialTest" time="0.001"/>
  <testcase name="itemStack[Material[299]:EMERALD]" classname="org.bukkit.craftbukkit.inventory.FactoryItemMaterialTest" time="0"/>
  <testcase name="blankEqualities[Material[300]:ITEM_FRAME]" classname="org.bukkit.craftbukkit.inventory.FactoryItemMaterialTest" time="0.001"/>
  <testcase name="generalCase[Material[300]:ITEM_FRAME]" classname="org.bukkit.craftbukkit.inventory.FactoryItemMaterialTest" time="0"/>
  <testcase name="asMetaFor[Material[300]:ITEM_FRAME]" classname="org.bukkit.craftbukkit.inventory.FactoryItemMaterialTest" time="0"/>
  <testcase name="itemStack[Material[300]:ITEM_FRAME]" classname="org.bukkit.craftbukkit.inventory.FactoryItemMaterialTest" time="0"/>
  <testcase name="blankEqualities[Material[301]:FLOWER_POT_ITEM]" classname="org.bukkit.craftbukkit.inventory.FactoryItemMaterialTest" time="0.001"/>
  <testcase name="generalCase[Material[301]:FLOWER_POT_ITEM]" classname="org.bukkit.craftbukkit.inventory.FactoryItemMaterialTest" time="0"/>
  <testcase name="asMetaFor[Material[301]:FLOWER_POT_ITEM]" classname="org.bukkit.craftbukkit.inventory.FactoryItemMaterialTest" time="0.001"/>
  <testcase name="itemStack[Material[301]:FLOWER_POT_ITEM]" classname="org.bukkit.craftbukkit.inventory.FactoryItemMaterialTest" time="0"/>
  <testcase name="blankEqualities[Material[302]:CARROT_ITEM]" classname="org.bukkit.craftbukkit.inventory.FactoryItemMaterialTest" time="0"/>
  <testcase name="generalCase[Material[302]:CARROT_ITEM]" classname="org.bukkit.craftbukkit.inventory.FactoryItemMaterialTest" time="0"/>
  <testcase name="asMetaFor[Material[302]:CARROT_ITEM]" classname="org.bukkit.craftbukkit.inventory.FactoryItemMaterialTest" time="0"/>
  <testcase name="itemStack[Material[302]:CARROT_ITEM]" classname="org.bukkit.craftbukkit.inventory.FactoryItemMaterialTest" time="0"/>
  <testcase name="blankEqualities[Material[303]:POTATO_ITEM]" classname="org.bukkit.craftbukkit.inventory.FactoryItemMaterialTest" time="0"/>
  <testcase name="generalCase[Material[303]:POTATO_ITEM]" classname="org.bukkit.craftbukkit.inventory.FactoryItemMaterialTest" time="0"/>
  <testcase name="asMetaFor[Material[303]:POTATO_ITEM]" classname="org.bukkit.craftbukkit.inventory.FactoryItemMaterialTest" time="0.001"/>
  <testcase name="itemStack[Material[303]:POTATO_ITEM]" classname="org.bukkit.craftbukkit.inventory.FactoryItemMaterialTest" time="0"/>
  <testcase name="blankEqualities[Material[304]:BAKED_POTATO]" classname="org.bukkit.craftbukkit.inventory.FactoryItemMaterialTest" time="0.001"/>
  <testcase name="generalCase[Material[304]:BAKED_POTATO]" classname="org.bukkit.craftbukkit.inventory.FactoryItemMaterialTest" time="0"/>
  <testcase name="asMetaFor[Material[304]:BAKED_POTATO]" classname="org.bukkit.craftbukkit.inventory.FactoryItemMaterialTest" time="0"/>
  <testcase name="itemStack[Material[304]:BAKED_POTATO]" classname="org.bukkit.craftbukkit.inventory.FactoryItemMaterialTest" time="0"/>
  <testcase name="blankEqualities[Material[305]:POISONOUS_POTATO]" classname="org.bukkit.craftbukkit.inventory.FactoryItemMaterialTest" time="0"/>
  <testcase name="generalCase[Material[305]:POISONOUS_POTATO]" classname="org.bukkit.craftbukkit.inventory.FactoryItemMaterialTest" time="0"/>
  <testcase name="asMetaFor[Material[305]:POISONOUS_POTATO]" classname="org.bukkit.craftbukkit.inventory.FactoryItemMaterialTest" time="0"/>
  <testcase name="itemStack[Material[305]:POISONOUS_POTATO]" classname="org.bukkit.craftbukkit.inventory.FactoryItemMaterialTest" time="0"/>
  <testcase name="blankEqualities[Material[306]:EMPTY_MAP]" classname="org.bukkit.craftbukkit.inventory.FactoryItemMaterialTest" time="0.001"/>
  <testcase name="generalCase[Material[306]:EMPTY_MAP]" classname="org.bukkit.craftbukkit.inventory.FactoryItemMaterialTest" time="0"/>
  <testcase name="asMetaFor[Material[306]:EMPTY_MAP]" classname="org.bukkit.craftbukkit.inventory.FactoryItemMaterialTest" time="0.001"/>
  <testcase name="itemStack[Material[306]:EMPTY_MAP]" classname="org.bukkit.craftbukkit.inventory.FactoryItemMaterialTest" time="0"/>
  <testcase name="blankEqualities[Material[307]:GOLDEN_CARROT]" classname="org.bukkit.craftbukkit.inventory.FactoryItemMaterialTest" time="0.001"/>
  <testcase name="generalCase[Material[307]:GOLDEN_CARROT]" classname="org.bukkit.craftbukkit.inventory.FactoryItemMaterialTest" time="0"/>
  <testcase name="asMetaFor[Material[307]:GOLDEN_CARROT]" classname="org.bukkit.craftbukkit.inventory.FactoryItemMaterialTest" time="0.001"/>
  <testcase name="itemStack[Material[307]:GOLDEN_CARROT]" classname="org.bukkit.craftbukkit.inventory.FactoryItemMaterialTest" time="0"/>
  <testcase name="blankEqualities[Material[308]:SKULL_ITEM]" classname="org.bukkit.craftbukkit.inventory.FactoryItemMaterialTest" time="0.002"/>
  <testcase name="generalCase[Material[308]:SKULL_ITEM]" classname="org.bukkit.craftbukkit.inventory.FactoryItemMaterialTest" time="0"/>
  <testcase name="asMetaFor[Material[308]:SKULL_ITEM]" classname="org.bukkit.craftbukkit.inventory.FactoryItemMaterialTest" time="0"/>
  <testcase name="itemStack[Material[308]:SKULL_ITEM]" classname="org.bukkit.craftbukkit.inventory.FactoryItemMaterialTest" time="0"/>
  <testcase name="blankEqualities[Material[309]:CARROT_STICK]" classname="org.bukkit.craftbukkit.inventory.FactoryItemMaterialTest" time="0"/>
  <testcase name="generalCase[Material[309]:CARROT_STICK]" classname="org.bukkit.craftbukkit.inventory.FactoryItemMaterialTest" time="0"/>
  <testcase name="asMetaFor[Material[309]:CARROT_STICK]" classname="org.bukkit.craftbukkit.inventory.FactoryItemMaterialTest" time="0.002"/>
  <testcase name="itemStack[Material[309]:CARROT_STICK]" classname="org.bukkit.craftbukkit.inventory.FactoryItemMaterialTest" time="0"/>
  <testcase name="blankEqualities[Material[310]:NETHER_STAR]" classname="org.bukkit.craftbukkit.inventory.FactoryItemMaterialTest" time="0.001"/>
  <testcase name="generalCase[Material[310]:NETHER_STAR]" classname="org.bukkit.craftbukkit.inventory.FactoryItemMaterialTest" time="0"/>
  <testcase name="asMetaFor[Material[310]:NETHER_STAR]" classname="org.bukkit.craftbukkit.inventory.FactoryItemMaterialTest" time="0.001"/>
  <testcase name="itemStack[Material[310]:NETHER_STAR]" classname="org.bukkit.craftbukkit.inventory.FactoryItemMaterialTest" time="0"/>
  <testcase name="blankEqualities[Material[311]:PUMPKIN_PIE]" classname="org.bukkit.craftbukkit.inventory.FactoryItemMaterialTest" time="0"/>
  <testcase name="generalCase[Material[311]:PUMPKIN_PIE]" classname="org.bukkit.craftbukkit.inventory.FactoryItemMaterialTest" time="0"/>
  <testcase name="asMetaFor[Material[311]:PUMPKIN_PIE]" classname="org.bukkit.craftbukkit.inventory.FactoryItemMaterialTest" time="0.001"/>
  <testcase name="itemStack[Material[311]:PUMPKIN_PIE]" classname="org.bukkit.craftbukkit.inventory.FactoryItemMaterialTest" time="0"/>
  <testcase name="blankEqualities[Material[312]:FIREWORK]" classname="org.bukkit.craftbukkit.inventory.FactoryItemMaterialTest" time="0.002"/>
  <testcase name="generalCase[Material[312]:FIREWORK]" classname="org.bukkit.craftbukkit.inventory.FactoryItemMaterialTest" time="0"/>
  <testcase name="asMetaFor[Material[312]:FIREWORK]" classname="org.bukkit.craftbukkit.inventory.FactoryItemMaterialTest" time="0"/>
  <testcase name="itemStack[Material[312]:FIREWORK]" classname="org.bukkit.craftbukkit.inventory.FactoryItemMaterialTest" time="0"/>
  <testcase name="blankEqualities[Material[313]:FIREWORK_CHARGE]" classname="org.bukkit.craftbukkit.inventory.FactoryItemMaterialTest" time="0.002"/>
  <testcase name="generalCase[Material[313]:FIREWORK_CHARGE]" classname="org.bukkit.craftbukkit.inventory.FactoryItemMaterialTest" time="0"/>
  <testcase name="asMetaFor[Material[313]:FIREWORK_CHARGE]" classname="org.bukkit.craftbukkit.inventory.FactoryItemMaterialTest" time="0"/>
  <testcase name="itemStack[Material[313]:FIREWORK_CHARGE]" classname="org.bukkit.craftbukkit.inventory.FactoryItemMaterialTest" time="0"/>
  <testcase name="blankEqualities[Material[314]:ENCHANTED_BOOK]" classname="org.bukkit.craftbukkit.inventory.FactoryItemMaterialTest" time="0.002"/>
  <testcase name="generalCase[Material[314]:ENCHANTED_BOOK]" classname="org.bukkit.craftbukkit.inventory.FactoryItemMaterialTest" time="0"/>
  <testcase name="asMetaFor[Material[314]:ENCHANTED_BOOK]" classname="org.bukkit.craftbukkit.inventory.FactoryItemMaterialTest" time="0.001"/>
  <testcase name="itemStack[Material[314]:ENCHANTED_BOOK]" classname="org.bukkit.craftbukkit.inventory.FactoryItemMaterialTest" time="0"/>
  <testcase name="blankEqualities[Material[315]:REDSTONE_COMPARATOR]" classname="org.bukkit.craftbukkit.inventory.FactoryItemMaterialTest" time="0"/>
  <testcase name="generalCase[Material[315]:REDSTONE_COMPARATOR]" classname="org.bukkit.craftbukkit.inventory.FactoryItemMaterialTest" time="0"/>
  <testcase name="asMetaFor[Material[315]:REDSTONE_COMPARATOR]" classname="org.bukkit.craftbukkit.inventory.FactoryItemMaterialTest" time="0.001"/>
  <testcase name="itemStack[Material[315]:REDSTONE_COMPARATOR]" classname="org.bukkit.craftbukkit.inventory.FactoryItemMaterialTest" time="0"/>
  <testcase name="blankEqualities[Material[316]:NETHER_BRICK_ITEM]" classname="org.bukkit.craftbukkit.inventory.FactoryItemMaterialTest" time="0.001"/>
  <testcase name="generalCase[Material[316]:NETHER_BRICK_ITEM]" classname="org.bukkit.craftbukkit.inventory.FactoryItemMaterialTest" time="0"/>
  <testcase name="asMetaFor[Material[316]:NETHER_BRICK_ITEM]" classname="org.bukkit.craftbukkit.inventory.FactoryItemMaterialTest" time="0.002"/>
  <testcase name="itemStack[Material[316]:NETHER_BRICK_ITEM]" classname="org.bukkit.craftbukkit.inventory.FactoryItemMaterialTest" time="0"/>
  <testcase name="blankEqualities[Material[317]:QUARTZ]" classname="org.bukkit.craftbukkit.inventory.FactoryItemMaterialTest" time="0"/>
  <testcase name="generalCase[Material[317]:QUARTZ]" classname="org.bukkit.craftbukkit.inventory.FactoryItemMaterialTest" time="0"/>
  <testcase name="asMetaFor[Material[317]:QUARTZ]" classname="org.bukkit.craftbukkit.inventory.FactoryItemMaterialTest" time="0.001"/>
  <testcase name="itemStack[Material[317]:QUARTZ]" classname="org.bukkit.craftbukkit.inventory.FactoryItemMaterialTest" time="0"/>
  <testcase name="blankEqualities[Material[318]:EXPLOSIVE_MINECART]" classname="org.bukkit.craftbukkit.inventory.FactoryItemMaterialTest" time="0"/>
  <testcase name="generalCase[Material[318]:EXPLOSIVE_MINECART]" classname="org.bukkit.craftbukkit.inventory.FactoryItemMaterialTest" time="0"/>
  <testcase name="asMetaFor[Material[318]:EXPLOSIVE_MINECART]" classname="org.bukkit.craftbukkit.inventory.FactoryItemMaterialTest" time="0.003"/>
  <testcase name="itemStack[Material[318]:EXPLOSIVE_MINECART]" classname="org.bukkit.craftbukkit.inventory.FactoryItemMaterialTest" time="0"/>
  <testcase name="blankEqualities[Material[319]:HOPPER_MINECART]" classname="org.bukkit.craftbukkit.inventory.FactoryItemMaterialTest" time="0"/>
  <testcase name="generalCase[Material[319]:HOPPER_MINECART]" classname="org.bukkit.craftbukkit.inventory.FactoryItemMaterialTest" time="0"/>
  <testcase name="asMetaFor[Material[319]:HOPPER_MINECART]" classname="org.bukkit.craftbukkit.inventory.FactoryItemMaterialTest" time="0"/>
  <testcase name="itemStack[Material[319]:HOPPER_MINECART]" classname="org.bukkit.craftbukkit.inventory.FactoryItemMaterialTest" time="0"/>
  <testcase name="blankEqualities[Material[320]:PRISMARINE_SHARD]" classname="org.bukkit.craftbukkit.inventory.FactoryItemMaterialTest" time="0"/>
  <testcase name="generalCase[Material[320]:PRISMARINE_SHARD]" classname="org.bukkit.craftbukkit.inventory.FactoryItemMaterialTest" time="0"/>
  <testcase name="asMetaFor[Material[320]:PRISMARINE_SHARD]" classname="org.bukkit.craftbukkit.inventory.FactoryItemMaterialTest" time="0.001"/>
  <testcase name="itemStack[Material[320]:PRISMARINE_SHARD]" classname="org.bukkit.craftbukkit.inventory.FactoryItemMaterialTest" time="0"/>
  <testcase name="blankEqualities[Material[321]:PRISMARINE_CRYSTALS]" classname="org.bukkit.craftbukkit.inventory.FactoryItemMaterialTest" time="0.001"/>
  <testcase name="generalCase[Material[321]:PRISMARINE_CRYSTALS]" classname="org.bukkit.craftbukkit.inventory.FactoryItemMaterialTest" time="0"/>
  <testcase name="asMetaFor[Material[321]:PRISMARINE_CRYSTALS]" classname="org.bukkit.craftbukkit.inventory.FactoryItemMaterialTest" time="0.001"/>
  <testcase name="itemStack[Material[321]:PRISMARINE_CRYSTALS]" classname="org.bukkit.craftbukkit.inventory.FactoryItemMaterialTest" time="0"/>
  <testcase name="blankEqualities[Material[322]:RABBIT]" classname="org.bukkit.craftbukkit.inventory.FactoryItemMaterialTest" time="0"/>
  <testcase name="generalCase[Material[322]:RABBIT]" classname="org.bukkit.craftbukkit.inventory.FactoryItemMaterialTest" time="0"/>
  <testcase name="asMetaFor[Material[322]:RABBIT]" classname="org.bukkit.craftbukkit.inventory.FactoryItemMaterialTest" time="0"/>
  <testcase name="itemStack[Material[322]:RABBIT]" classname="org.bukkit.craftbukkit.inventory.FactoryItemMaterialTest" time="0"/>
  <testcase name="blankEqualities[Material[323]:COOKED_RABBIT]" classname="org.bukkit.craftbukkit.inventory.FactoryItemMaterialTest" time="0.001"/>
  <testcase name="generalCase[Material[323]:COOKED_RABBIT]" classname="org.bukkit.craftbukkit.inventory.FactoryItemMaterialTest" time="0"/>
  <testcase name="asMetaFor[Material[323]:COOKED_RABBIT]" classname="org.bukkit.craftbukkit.inventory.FactoryItemMaterialTest" time="0.001"/>
  <testcase name="itemStack[Material[323]:COOKED_RABBIT]" classname="org.bukkit.craftbukkit.inventory.FactoryItemMaterialTest" time="0.001"/>
  <testcase name="blankEqualities[Material[324]:RABBIT_STEW]" classname="org.bukkit.craftbukkit.inventory.FactoryItemMaterialTest" time="0"/>
  <testcase name="generalCase[Material[324]:RABBIT_STEW]" classname="org.bukkit.craftbukkit.inventory.FactoryItemMaterialTest" time="0"/>
  <testcase name="asMetaFor[Material[324]:RABBIT_STEW]" classname="org.bukkit.craftbukkit.inventory.FactoryItemMaterialTest" time="0"/>
  <testcase name="itemStack[Material[324]:RABBIT_STEW]" classname="org.bukkit.craftbukkit.inventory.FactoryItemMaterialTest" time="0"/>
  <testcase name="blankEqualities[Material[325]:RABBIT_FOOT]" classname="org.bukkit.craftbukkit.inventory.FactoryItemMaterialTest" time="0.002"/>
  <testcase name="generalCase[Material[325]:RABBIT_FOOT]" classname="org.bukkit.craftbukkit.inventory.FactoryItemMaterialTest" time="0"/>
  <testcase name="asMetaFor[Material[325]:RABBIT_FOOT]" classname="org.bukkit.craftbukkit.inventory.FactoryItemMaterialTest" time="0"/>
  <testcase name="itemStack[Material[325]:RABBIT_FOOT]" classname="org.bukkit.craftbukkit.inventory.FactoryItemMaterialTest" time="0"/>
  <testcase name="blankEqualities[Material[326]:RABBIT_HIDE]" classname="org.bukkit.craftbukkit.inventory.FactoryItemMaterialTest" time="0.001"/>
  <testcase name="generalCase[Material[326]:RABBIT_HIDE]" classname="org.bukkit.craftbukkit.inventory.FactoryItemMaterialTest" time="0"/>
  <testcase name="asMetaFor[Material[326]:RABBIT_HIDE]" classname="org.bukkit.craftbukkit.inventory.FactoryItemMaterialTest" time="0"/>
  <testcase name="itemStack[Material[326]:RABBIT_HIDE]" classname="org.bukkit.craftbukkit.inventory.FactoryItemMaterialTest" time="0"/>
  <testcase name="blankEqualities[Material[327]:ARMOR_STAND]" classname="org.bukkit.craftbukkit.inventory.FactoryItemMaterialTest" time="0.001"/>
  <testcase name="generalCase[Material[327]:ARMOR_STAND]" classname="org.bukkit.craftbukkit.inventory.FactoryItemMaterialTest" time="0"/>
  <testcase name="asMetaFor[Material[327]:ARMOR_STAND]" classname="org.bukkit.craftbukkit.inventory.FactoryItemMaterialTest" time="0.001"/>
  <testcase name="itemStack[Material[327]:ARMOR_STAND]" classname="org.bukkit.craftbukkit.inventory.FactoryItemMaterialTest" time="0"/>
  <testcase name="blankEqualities[Material[328]:IRON_BARDING]" classname="org.bukkit.craftbukkit.inventory.FactoryItemMaterialTest" time="0.001"/>
  <testcase name="generalCase[Material[328]:IRON_BARDING]" classname="org.bukkit.craftbukkit.inventory.FactoryItemMaterialTest" time="0"/>
  <testcase name="asMetaFor[Material[328]:IRON_BARDING]" classname="org.bukkit.craftbukkit.inventory.FactoryItemMaterialTest" time="0"/>
  <testcase name="itemStack[Material[328]:IRON_BARDING]" classname="org.bukkit.craftbukkit.inventory.FactoryItemMaterialTest" time="0"/>
  <testcase name="blankEqualities[Material[329]:GOLD_BARDING]" classname="org.bukkit.craftbukkit.inventory.FactoryItemMaterialTest" time="0.001"/>
  <testcase name="generalCase[Material[329]:GOLD_BARDING]" classname="org.bukkit.craftbukkit.inventory.FactoryItemMaterialTest" time="0"/>
  <testcase name="asMetaFor[Material[329]:GOLD_BARDING]" classname="org.bukkit.craftbukkit.inventory.FactoryItemMaterialTest" time="0.001"/>
  <testcase name="itemStack[Material[329]:GOLD_BARDING]" classname="org.bukkit.craftbukkit.inventory.FactoryItemMaterialTest" time="0"/>
  <testcase name="blankEqualities[Material[330]:DIAMOND_BARDING]" classname="org.bukkit.craftbukkit.inventory.FactoryItemMaterialTest" time="0"/>
  <testcase name="generalCase[Material[330]:DIAMOND_BARDING]" classname="org.bukkit.craftbukkit.inventory.FactoryItemMaterialTest" time="0"/>
  <testcase name="asMetaFor[Material[330]:DIAMOND_BARDING]" classname="org.bukkit.craftbukkit.inventory.FactoryItemMaterialTest" time="0.001"/>
  <testcase name="itemStack[Material[330]:DIAMOND_BARDING]" classname="org.bukkit.craftbukkit.inventory.FactoryItemMaterialTest" time="0"/>
  <testcase name="blankEqualities[Material[331]:LEASH]" classname="org.bukkit.craftbukkit.inventory.FactoryItemMaterialTest" time="0.002"/>
  <testcase name="generalCase[Material[331]:LEASH]" classname="org.bukkit.craftbukkit.inventory.FactoryItemMaterialTest" time="0"/>
  <testcase name="asMetaFor[Material[331]:LEASH]" classname="org.bukkit.craftbukkit.inventory.FactoryItemMaterialTest" time="0"/>
  <testcase name="itemStack[Material[331]:LEASH]" classname="org.bukkit.craftbukkit.inventory.FactoryItemMaterialTest" time="0"/>
  <testcase name="blankEqualities[Material[332]:NAME_TAG]" classname="org.bukkit.craftbukkit.inventory.FactoryItemMaterialTest" time="0"/>
  <testcase name="generalCase[Material[332]:NAME_TAG]" classname="org.bukkit.craftbukkit.inventory.FactoryItemMaterialTest" time="0"/>
  <testcase name="asMetaFor[Material[332]:NAME_TAG]" classname="org.bukkit.craftbukkit.inventory.FactoryItemMaterialTest" time="0.001"/>
  <testcase name="itemStack[Material[332]:NAME_TAG]" classname="org.bukkit.craftbukkit.inventory.FactoryItemMaterialTest" time="0"/>
  <testcase name="blankEqualities[Material[333]:COMMAND_MINECART]" classname="org.bukkit.craftbukkit.inventory.FactoryItemMaterialTest" time="0"/>
  <testcase name="generalCase[Material[333]:COMMAND_MINECART]" classname="org.bukkit.craftbukkit.inventory.FactoryItemMaterialTest" time="0"/>
  <testcase name="asMetaFor[Material[333]:COMMAND_MINECART]" classname="org.bukkit.craftbukkit.inventory.FactoryItemMaterialTest" time="0.001"/>
  <testcase name="itemStack[Material[333]:COMMAND_MINECART]" classname="org.bukkit.craftbukkit.inventory.FactoryItemMaterialTest" time="0"/>
  <testcase name="blankEqualities[Material[334]:MUTTON]" classname="org.bukkit.craftbukkit.inventory.FactoryItemMaterialTest" time="0"/>
  <testcase name="generalCase[Material[334]:MUTTON]" classname="org.bukkit.craftbukkit.inventory.FactoryItemMaterialTest" time="0"/>
  <testcase name="asMetaFor[Material[334]:MUTTON]" classname="org.bukkit.craftbukkit.inventory.FactoryItemMaterialTest" time="0.001"/>
  <testcase name="itemStack[Material[334]:MUTTON]" classname="org.bukkit.craftbukkit.inventory.FactoryItemMaterialTest" time="0"/>
  <testcase name="blankEqualities[Material[335]:COOKED_MUTTON]" classname="org.bukkit.craftbukkit.inventory.FactoryItemMaterialTest" time="0.001"/>
  <testcase name="generalCase[Material[335]:COOKED_MUTTON]" classname="org.bukkit.craftbukkit.inventory.FactoryItemMaterialTest" time="0"/>
  <testcase name="asMetaFor[Material[335]:COOKED_MUTTON]" classname="org.bukkit.craftbukkit.inventory.FactoryItemMaterialTest" time="0.001"/>
  <testcase name="itemStack[Material[335]:COOKED_MUTTON]" classname="org.bukkit.craftbukkit.inventory.FactoryItemMaterialTest" time="0"/>
  <testcase name="blankEqualities[Material[336]:BANNER]" classname="org.bukkit.craftbukkit.inventory.FactoryItemMaterialTest" time="0.003"/>
  <testcase name="generalCase[Material[336]:BANNER]" classname="org.bukkit.craftbukkit.inventory.FactoryItemMaterialTest" time="0"/>
  <testcase name="asMetaFor[Material[336]:BANNER]" classname="org.bukkit.craftbukkit.inventory.FactoryItemMaterialTest" time="0"/>
  <testcase name="itemStack[Material[336]:BANNER]" classname="org.bukkit.craftbukkit.inventory.FactoryItemMaterialTest" time="0"/>
  <testcase name="blankEqualities[Material[337]:END_CRYSTAL]" classname="org.bukkit.craftbukkit.inventory.FactoryItemMaterialTest" time="0"/>
  <testcase name="generalCase[Material[337]:END_CRYSTAL]" classname="org.bukkit.craftbukkit.inventory.FactoryItemMaterialTest" time="0"/>
  <testcase name="asMetaFor[Material[337]:END_CRYSTAL]" classname="org.bukkit.craftbukkit.inventory.FactoryItemMaterialTest" time="0.001"/>
  <testcase name="itemStack[Material[337]:END_CRYSTAL]" classname="org.bukkit.craftbukkit.inventory.FactoryItemMaterialTest" time="0"/>
  <testcase name="blankEqualities[Material[338]:SPRUCE_DOOR_ITEM]" classname="org.bukkit.craftbukkit.inventory.FactoryItemMaterialTest" time="0.001"/>
  <testcase name="generalCase[Material[338]:SPRUCE_DOOR_ITEM]" classname="org.bukkit.craftbukkit.inventory.FactoryItemMaterialTest" time="0"/>
  <testcase name="asMetaFor[Material[338]:SPRUCE_DOOR_ITEM]" classname="org.bukkit.craftbukkit.inventory.FactoryItemMaterialTest" time="0.001"/>
  <testcase name="itemStack[Material[338]:SPRUCE_DOOR_ITEM]" classname="org.bukkit.craftbukkit.inventory.FactoryItemMaterialTest" time="0"/>
  <testcase name="blankEqualities[Material[339]:BIRCH_DOOR_ITEM]" classname="org.bukkit.craftbukkit.inventory.FactoryItemMaterialTest" time="0.001"/>
  <testcase name="generalCase[Material[339]:BIRCH_DOOR_ITEM]" classname="org.bukkit.craftbukkit.inventory.FactoryItemMaterialTest" time="0"/>
  <testcase name="asMetaFor[Material[339]:BIRCH_DOOR_ITEM]" classname="org.bukkit.craftbukkit.inventory.FactoryItemMaterialTest" time="0"/>
  <testcase name="itemStack[Material[339]:BIRCH_DOOR_ITEM]" classname="org.bukkit.craftbukkit.inventory.FactoryItemMaterialTest" time="0"/>
  <testcase name="blankEqualities[Material[340]:JUNGLE_DOOR_ITEM]" classname="org.bukkit.craftbukkit.inventory.FactoryItemMaterialTest" time="0.001"/>
  <testcase name="generalCase[Material[340]:JUNGLE_DOOR_ITEM]" classname="org.bukkit.craftbukkit.inventory.FactoryItemMaterialTest" time="0"/>
  <testcase name="asMetaFor[Material[340]:JUNGLE_DOOR_ITEM]" classname="org.bukkit.craftbukkit.inventory.FactoryItemMaterialTest" time="0.001"/>
  <testcase name="itemStack[Material[340]:JUNGLE_DOOR_ITEM]" classname="org.bukkit.craftbukkit.inventory.FactoryItemMaterialTest" time="0"/>
  <testcase name="blankEqualities[Material[341]:ACACIA_DOOR_ITEM]" classname="org.bukkit.craftbukkit.inventory.FactoryItemMaterialTest" time="0"/>
  <testcase name="generalCase[Material[341]:ACACIA_DOOR_ITEM]" classname="org.bukkit.craftbukkit.inventory.FactoryItemMaterialTest" time="0.001"/>
  <testcase name="asMetaFor[Material[341]:ACACIA_DOOR_ITEM]" classname="org.bukkit.craftbukkit.inventory.FactoryItemMaterialTest" time="0"/>
  <testcase name="itemStack[Material[341]:ACACIA_DOOR_ITEM]" classname="org.bukkit.craftbukkit.inventory.FactoryItemMaterialTest" time="0"/>
  <testcase name="blankEqualities[Material[342]:DARK_OAK_DOOR_ITEM]" classname="org.bukkit.craftbukkit.inventory.FactoryItemMaterialTest" time="0.001"/>
  <testcase name="generalCase[Material[342]:DARK_OAK_DOOR_ITEM]" classname="org.bukkit.craftbukkit.inventory.FactoryItemMaterialTest" time="0"/>
  <testcase name="asMetaFor[Material[342]:DARK_OAK_DOOR_ITEM]" classname="org.bukkit.craftbukkit.inventory.FactoryItemMaterialTest" time="0"/>
  <testcase name="itemStack[Material[342]:DARK_OAK_DOOR_ITEM]" classname="org.bukkit.craftbukkit.inventory.FactoryItemMaterialTest" time="0"/>
  <testcase name="blankEqualities[Material[343]:CHORUS_FRUIT]" classname="org.bukkit.craftbukkit.inventory.FactoryItemMaterialTest" time="0.001"/>
  <testcase name="generalCase[Material[343]:CHORUS_FRUIT]" classname="org.bukkit.craftbukkit.inventory.FactoryItemMaterialTest" time="0"/>
  <testcase name="asMetaFor[Material[343]:CHORUS_FRUIT]" classname="org.bukkit.craftbukkit.inventory.FactoryItemMaterialTest" time="0"/>
  <testcase name="itemStack[Material[343]:CHORUS_FRUIT]" classname="org.bukkit.craftbukkit.inventory.FactoryItemMaterialTest" time="0"/>
  <testcase name="blankEqualities[Material[344]:CHORUS_FRUIT_POPPED]" classname="org.bukkit.craftbukkit.inventory.FactoryItemMaterialTest" time="0.001"/>
  <testcase name="generalCase[Material[344]:CHORUS_FRUIT_POPPED]" classname="org.bukkit.craftbukkit.inventory.FactoryItemMaterialTest" time="0"/>
  <testcase name="asMetaFor[Material[344]:CHORUS_FRUIT_POPPED]" classname="org.bukkit.craftbukkit.inventory.FactoryItemMaterialTest" time="0"/>
  <testcase name="itemStack[Material[344]:CHORUS_FRUIT_POPPED]" classname="org.bukkit.craftbukkit.inventory.FactoryItemMaterialTest" time="0"/>
  <testcase name="blankEqualities[Material[345]:BEETROOT]" classname="org.bukkit.craftbukkit.inventory.FactoryItemMaterialTest" time="0.001"/>
  <testcase name="generalCase[Material[345]:BEETROOT]" classname="org.bukkit.craftbukkit.inventory.FactoryItemMaterialTest" time="0"/>
  <testcase name="asMetaFor[Material[345]:BEETROOT]" classname="org.bukkit.craftbukkit.inventory.FactoryItemMaterialTest" time="0"/>
  <testcase name="itemStack[Material[345]:BEETROOT]" classname="org.bukkit.craftbukkit.inventory.FactoryItemMaterialTest" time="0"/>
  <testcase name="blankEqualities[Material[346]:BEETROOT_SEEDS]" classname="org.bukkit.craftbukkit.inventory.FactoryItemMaterialTest" time="0"/>
  <testcase name="generalCase[Material[346]:BEETROOT_SEEDS]" classname="org.bukkit.craftbukkit.inventory.FactoryItemMaterialTest" time="0"/>
  <testcase name="asMetaFor[Material[346]:BEETROOT_SEEDS]" classname="org.bukkit.craftbukkit.inventory.FactoryItemMaterialTest" time="0"/>
  <testcase name="itemStack[Material[346]:BEETROOT_SEEDS]" classname="org.bukkit.craftbukkit.inventory.FactoryItemMaterialTest" time="0"/>
  <testcase name="blankEqualities[Material[347]:BEETROOT_SOUP]" classname="org.bukkit.craftbukkit.inventory.FactoryItemMaterialTest" time="0.001"/>
  <testcase name="generalCase[Material[347]:BEETROOT_SOUP]" classname="org.bukkit.craftbukkit.inventory.FactoryItemMaterialTest" time="0"/>
  <testcase name="asMetaFor[Material[347]:BEETROOT_SOUP]" classname="org.bukkit.craftbukkit.inventory.FactoryItemMaterialTest" time="0"/>
  <testcase name="itemStack[Material[347]:BEETROOT_SOUP]" classname="org.bukkit.craftbukkit.inventory.FactoryItemMaterialTest" time="0"/>
  <testcase name="blankEqualities[Material[348]:DRAGONS_BREATH]" classname="org.bukkit.craftbukkit.inventory.FactoryItemMaterialTest" time="0.001"/>
  <testcase name="generalCase[Material[348]:DRAGONS_BREATH]" classname="org.bukkit.craftbukkit.inventory.FactoryItemMaterialTest" time="0"/>
  <testcase name="asMetaFor[Material[348]:DRAGONS_BREATH]" classname="org.bukkit.craftbukkit.inventory.FactoryItemMaterialTest" time="0.001"/>
  <testcase name="itemStack[Material[348]:DRAGONS_BREATH]" classname="org.bukkit.craftbukkit.inventory.FactoryItemMaterialTest" time="0"/>
  <testcase name="blankEqualities[Material[349]:SPLASH_POTION]" classname="org.bukkit.craftbukkit.inventory.FactoryItemMaterialTest" time="0.002"/>
  <testcase name="generalCase[Material[349]:SPLASH_POTION]" classname="org.bukkit.craftbukkit.inventory.FactoryItemMaterialTest" time="0"/>
  <testcase name="asMetaFor[Material[349]:SPLASH_POTION]" classname="org.bukkit.craftbukkit.inventory.FactoryItemMaterialTest" time="0"/>
  <testcase name="itemStack[Material[349]:SPLASH_POTION]" classname="org.bukkit.craftbukkit.inventory.FactoryItemMaterialTest" time="0"/>
  <testcase name="blankEqualities[Material[350]:SPECTRAL_ARROW]" classname="org.bukkit.craftbukkit.inventory.FactoryItemMaterialTest" time="0"/>
  <testcase name="generalCase[Material[350]:SPECTRAL_ARROW]" classname="org.bukkit.craftbukkit.inventory.FactoryItemMaterialTest" time="0"/>
  <testcase name="asMetaFor[Material[350]:SPECTRAL_ARROW]" classname="org.bukkit.craftbukkit.inventory.FactoryItemMaterialTest" time="0"/>
  <testcase name="itemStack[Material[350]:SPECTRAL_ARROW]" classname="org.bukkit.craftbukkit.inventory.FactoryItemMaterialTest" time="0"/>
  <testcase name="blankEqualities[Material[351]:TIPPED_ARROW]" classname="org.bukkit.craftbukkit.inventory.FactoryItemMaterialTest" time="0.001"/>
  <testcase name="generalCase[Material[351]:TIPPED_ARROW]" classname="org.bukkit.craftbukkit.inventory.FactoryItemMaterialTest" time="0"/>
  <testcase name="asMetaFor[Material[351]:TIPPED_ARROW]" classname="org.bukkit.craftbukkit.inventory.FactoryItemMaterialTest" time="0"/>
  <testcase name="itemStack[Material[351]:TIPPED_ARROW]" classname="org.bukkit.craftbukkit.inventory.FactoryItemMaterialTest" time="0"/>
  <testcase name="blankEqualities[Material[352]:LINGERING_POTION]" classname="org.bukkit.craftbukkit.inventory.FactoryItemMaterialTest" time="0.001"/>
  <testcase name="generalCase[Material[352]:LINGERING_POTION]" classname="org.bukkit.craftbukkit.inventory.FactoryItemMaterialTest" time="0"/>
  <testcase name="asMetaFor[Material[352]:LINGERING_POTION]" classname="org.bukkit.craftbukkit.inventory.FactoryItemMaterialTest" time="0.001"/>
  <testcase name="itemStack[Material[352]:LINGERING_POTION]" classname="org.bukkit.craftbukkit.inventory.FactoryItemMaterialTest" time="0"/>
  <testcase name="blankEqualities[Material[353]:SHIELD]" classname="org.bukkit.craftbukkit.inventory.FactoryItemMaterialTest" time="0"/>
  <testcase name="generalCase[Material[353]:SHIELD]" classname="org.bukkit.craftbukkit.inventory.FactoryItemMaterialTest" time="0"/>
  <testcase name="asMetaFor[Material[353]:SHIELD]" classname="org.bukkit.craftbukkit.inventory.FactoryItemMaterialTest" time="0"/>
  <testcase name="itemStack[Material[353]:SHIELD]" classname="org.bukkit.craftbukkit.inventory.FactoryItemMaterialTest" time="0"/>
  <testcase name="blankEqualities[Material[354]:ELYTRA]" classname="org.bukkit.craftbukkit.inventory.FactoryItemMaterialTest" time="0"/>
  <testcase name="generalCase[Material[354]:ELYTRA]" classname="org.bukkit.craftbukkit.inventory.FactoryItemMaterialTest" time="0"/>
  <testcase name="asMetaFor[Material[354]:ELYTRA]" classname="org.bukkit.craftbukkit.inventory.FactoryItemMaterialTest" time="0.001"/>
  <testcase name="itemStack[Material[354]:ELYTRA]" classname="org.bukkit.craftbukkit.inventory.FactoryItemMaterialTest" time="0"/>
  <testcase name="blankEqualities[Material[355]:BOAT_SPRUCE]" classname="org.bukkit.craftbukkit.inventory.FactoryItemMaterialTest" time="0"/>
  <testcase name="generalCase[Material[355]:BOAT_SPRUCE]" classname="org.bukkit.craftbukkit.inventory.FactoryItemMaterialTest" time="0"/>
  <testcase name="asMetaFor[Material[355]:BOAT_SPRUCE]" classname="org.bukkit.craftbukkit.inventory.FactoryItemMaterialTest" time="0"/>
  <testcase name="itemStack[Material[355]:BOAT_SPRUCE]" classname="org.bukkit.craftbukkit.inventory.FactoryItemMaterialTest" time="0"/>
  <testcase name="blankEqualities[Material[356]:BOAT_BIRCH]" classname="org.bukkit.craftbukkit.inventory.FactoryItemMaterialTest" time="0"/>
  <testcase name="generalCase[Material[356]:BOAT_BIRCH]" classname="org.bukkit.craftbukkit.inventory.FactoryItemMaterialTest" time="0"/>
  <testcase name="asMetaFor[Material[356]:BOAT_BIRCH]" classname="org.bukkit.craftbukkit.inventory.FactoryItemMaterialTest" time="0"/>
  <testcase name="itemStack[Material[356]:BOAT_BIRCH]" classname="org.bukkit.craftbukkit.inventory.FactoryItemMaterialTest" time="0"/>
  <testcase name="blankEqualities[Material[357]:BOAT_JUNGLE]" classname="org.bukkit.craftbukkit.inventory.FactoryItemMaterialTest" time="0"/>
  <testcase name="generalCase[Material[357]:BOAT_JUNGLE]" classname="org.bukkit.craftbukkit.inventory.FactoryItemMaterialTest" time="0"/>
  <testcase name="asMetaFor[Material[357]:BOAT_JUNGLE]" classname="org.bukkit.craftbukkit.inventory.FactoryItemMaterialTest" time="0.001"/>
  <testcase name="itemStack[Material[357]:BOAT_JUNGLE]" classname="org.bukkit.craftbukkit.inventory.FactoryItemMaterialTest" time="0"/>
  <testcase name="blankEqualities[Material[358]:BOAT_ACACIA]" classname="org.bukkit.craftbukkit.inventory.FactoryItemMaterialTest" time="0"/>
  <testcase name="generalCase[Material[358]:BOAT_ACACIA]" classname="org.bukkit.craftbukkit.inventory.FactoryItemMaterialTest" time="0"/>
  <testcase name="asMetaFor[Material[358]:BOAT_ACACIA]" classname="org.bukkit.craftbukkit.inventory.FactoryItemMaterialTest" time="0.001"/>
  <testcase name="itemStack[Material[358]:BOAT_ACACIA]" classname="org.bukkit.craftbukkit.inventory.FactoryItemMaterialTest" time="0"/>
  <testcase name="blankEqualities[Material[359]:BOAT_DARK_OAK]" classname="org.bukkit.craftbukkit.inventory.FactoryItemMaterialTest" time="0"/>
  <testcase name="generalCase[Material[359]:BOAT_DARK_OAK]" classname="org.bukkit.craftbukkit.inventory.FactoryItemMaterialTest" time="0"/>
  <testcase name="asMetaFor[Material[359]:BOAT_DARK_OAK]" classname="org.bukkit.craftbukkit.inventory.FactoryItemMaterialTest" time="0"/>
  <testcase name="itemStack[Material[359]:BOAT_DARK_OAK]" classname="org.bukkit.craftbukkit.inventory.FactoryItemMaterialTest" time="0"/>
  <testcase name="blankEqualities[Material[360]:GOLD_RECORD]" classname="org.bukkit.craftbukkit.inventory.FactoryItemMaterialTest" time="0.001"/>
  <testcase name="generalCase[Material[360]:GOLD_RECORD]" classname="org.bukkit.craftbukkit.inventory.FactoryItemMaterialTest" time="0"/>
  <testcase name="asMetaFor[Material[360]:GOLD_RECORD]" classname="org.bukkit.craftbukkit.inventory.FactoryItemMaterialTest" time="0"/>
  <testcase name="itemStack[Material[360]:GOLD_RECORD]" classname="org.bukkit.craftbukkit.inventory.FactoryItemMaterialTest" time="0"/>
  <testcase name="blankEqualities[Material[361]:GREEN_RECORD]" classname="org.bukkit.craftbukkit.inventory.FactoryItemMaterialTest" time="0.001"/>
  <testcase name="generalCase[Material[361]:GREEN_RECORD]" classname="org.bukkit.craftbukkit.inventory.FactoryItemMaterialTest" time="0"/>
  <testcase name="asMetaFor[Material[361]:GREEN_RECORD]" classname="org.bukkit.craftbukkit.inventory.FactoryItemMaterialTest" time="0"/>
  <testcase name="itemStack[Material[361]:GREEN_RECORD]" classname="org.bukkit.craftbukkit.inventory.FactoryItemMaterialTest" time="0"/>
  <testcase name="blankEqualities[Material[362]:RECORD_3]" classname="org.bukkit.craftbukkit.inventory.FactoryItemMaterialTest" time="0.001"/>
  <testcase name="generalCase[Material[362]:RECORD_3]" classname="org.bukkit.craftbukkit.inventory.FactoryItemMaterialTest" time="0"/>
  <testcase name="asMetaFor[Material[362]:RECORD_3]" classname="org.bukkit.craftbukkit.inventory.FactoryItemMaterialTest" time="0"/>
  <testcase name="itemStack[Material[362]:RECORD_3]" classname="org.bukkit.craftbukkit.inventory.FactoryItemMaterialTest" time="0"/>
  <testcase name="blankEqualities[Material[363]:RECORD_4]" classname="org.bukkit.craftbukkit.inventory.FactoryItemMaterialTest" time="0.001"/>
  <testcase name="generalCase[Material[363]:RECORD_4]" classname="org.bukkit.craftbukkit.inventory.FactoryItemMaterialTest" time="0"/>
  <testcase name="asMetaFor[Material[363]:RECORD_4]" classname="org.bukkit.craftbukkit.inventory.FactoryItemMaterialTest" time="0"/>
  <testcase name="itemStack[Material[363]:RECORD_4]" classname="org.bukkit.craftbukkit.inventory.FactoryItemMaterialTest" time="0"/>
  <testcase name="blankEqualities[Material[364]:RECORD_5]" classname="org.bukkit.craftbukkit.inventory.FactoryItemMaterialTest" time="0.001"/>
  <testcase name="generalCase[Material[364]:RECORD_5]" classname="org.bukkit.craftbukkit.inventory.FactoryItemMaterialTest" time="0"/>
  <testcase name="asMetaFor[Material[364]:RECORD_5]" classname="org.bukkit.craftbukkit.inventory.FactoryItemMaterialTest" time="0"/>
  <testcase name="itemStack[Material[364]:RECORD_5]" classname="org.bukkit.craftbukkit.inventory.FactoryItemMaterialTest" time="0"/>
  <testcase name="blankEqualities[Material[365]:RECORD_6]" classname="org.bukkit.craftbukkit.inventory.FactoryItemMaterialTest" time="0.001"/>
  <testcase name="generalCase[Material[365]:RECORD_6]" classname="org.bukkit.craftbukkit.inventory.FactoryItemMaterialTest" time="0"/>
  <testcase name="asMetaFor[Material[365]:RECORD_6]" classname="org.bukkit.craftbukkit.inventory.FactoryItemMaterialTest" time="0"/>
  <testcase name="itemStack[Material[365]:RECORD_6]" classname="org.bukkit.craftbukkit.inventory.FactoryItemMaterialTest" time="0"/>
  <testcase name="blankEqualities[Material[366]:RECORD_7]" classname="org.bukkit.craftbukkit.inventory.FactoryItemMaterialTest" time="0.001"/>
  <testcase name="generalCase[Material[366]:RECORD_7]" classname="org.bukkit.craftbukkit.inventory.FactoryItemMaterialTest" time="0"/>
  <testcase name="asMetaFor[Material[366]:RECORD_7]" classname="org.bukkit.craftbukkit.inventory.FactoryItemMaterialTest" time="0"/>
  <testcase name="itemStack[Material[366]:RECORD_7]" classname="org.bukkit.craftbukkit.inventory.FactoryItemMaterialTest" time="0"/>
  <testcase name="blankEqualities[Material[367]:RECORD_8]" classname="org.bukkit.craftbukkit.inventory.FactoryItemMaterialTest" time="0"/>
  <testcase name="generalCase[Material[367]:RECORD_8]" classname="org.bukkit.craftbukkit.inventory.FactoryItemMaterialTest" time="0"/>
  <testcase name="asMetaFor[Material[367]:RECORD_8]" classname="org.bukkit.craftbukkit.inventory.FactoryItemMaterialTest" time="0"/>
  <testcase name="itemStack[Material[367]:RECORD_8]" classname="org.bukkit.craftbukkit.inventory.FactoryItemMaterialTest" time="0"/>
  <testcase name="blankEqualities[Material[368]:RECORD_9]" classname="org.bukkit.craftbukkit.inventory.FactoryItemMaterialTest" time="0"/>
  <testcase name="generalCase[Material[368]:RECORD_9]" classname="org.bukkit.craftbukkit.inventory.FactoryItemMaterialTest" time="0"/>
  <testcase name="asMetaFor[Material[368]:RECORD_9]" classname="org.bukkit.craftbukkit.inventory.FactoryItemMaterialTest" time="0.001"/>
  <testcase name="itemStack[Material[368]:RECORD_9]" classname="org.bukkit.craftbukkit.inventory.FactoryItemMaterialTest" time="0"/>
  <testcase name="blankEqualities[Material[369]:RECORD_10]" classname="org.bukkit.craftbukkit.inventory.FactoryItemMaterialTest" time="0"/>
  <testcase name="generalCase[Material[369]:RECORD_10]" classname="org.bukkit.craftbukkit.inventory.FactoryItemMaterialTest" time="0"/>
  <testcase name="asMetaFor[Material[369]:RECORD_10]" classname="org.bukkit.craftbukkit.inventory.FactoryItemMaterialTest" time="0.001"/>
  <testcase name="itemStack[Material[369]:RECORD_10]" classname="org.bukkit.craftbukkit.inventory.FactoryItemMaterialTest" time="0"/>
  <testcase name="blankEqualities[Material[370]:RECORD_11]" classname="org.bukkit.craftbukkit.inventory.FactoryItemMaterialTest" time="0"/>
  <testcase name="generalCase[Material[370]:RECORD_11]" classname="org.bukkit.craftbukkit.inventory.FactoryItemMaterialTest" time="0"/>
  <testcase name="asMetaFor[Material[370]:RECORD_11]" classname="org.bukkit.craftbukkit.inventory.FactoryItemMaterialTest" time="0.001"/>
  <testcase name="itemStack[Material[370]:RECORD_11]" classname="org.bukkit.craftbukkit.inventory.FactoryItemMaterialTest" time="0"/>
  <testcase name="blankEqualities[Material[371]:RECORD_12]" classname="org.bukkit.craftbukkit.inventory.FactoryItemMaterialTest" time="0"/>
  <testcase name="generalCase[Material[371]:RECORD_12]" classname="org.bukkit.craftbukkit.inventory.FactoryItemMaterialTest" time="0"/>
  <testcase name="asMetaFor[Material[371]:RECORD_12]" classname="org.bukkit.craftbukkit.inventory.FactoryItemMaterialTest" time="0.001"/>
  <testcase name="itemStack[Material[371]:RECORD_12]" classname="org.bukkit.craftbukkit.inventory.FactoryItemMaterialTest" time="0"/>
</testsuite>